#
# There is insufficient memory for the Java Runtime Environment to continue.
# Native memory allocation (malloc) failed to allocate 32744 bytes. Error detail: Chunk::new
# Possible reasons:
#   The system is out of physical RAM or swap space
#   This process is running with CompressedOops enabled, and the Java Heap may be blocking the growth of the native heap
# Possible solutions:
#   Reduce memory load on the system
#   Increase physical memory or swap space
#   Check if swap backing store is full
#   Decrease Java heap size (-Xmx/-Xms)
#   Decrease number of Java threads
#   Decrease Java thread stack sizes (-Xss)
#   Set larger code cache with -XX:ReservedCodeCacheSize=
#   JVM is running with Unscaled Compressed Oops mode in which the Java heap is
#     placed in the first 4GB address space. The Java Heap base address is the
#     maximum limit for the native heap growth. Please use -XX:HeapBaseMinAddress
#     to set the Java Heap base and to place the Java Heap above 4GB virtual address.
# This output file may be truncated or incomplete.
#
#  Out of Memory Error (arena.cpp:150), pid=11796, tid=3948
#
# JRE version: Java(TM) SE Runtime Environment (22.0.1+8) (build 22.0.1+8-16)
# Java VM: Java HotSpot(TM) 64-Bit Server VM (22.0.1+8-16, mixed mode, sharing, tiered, compressed oops, compressed class ptrs, g1 gc, windows-amd64)
# No core dump will be written. Minidumps are not enabled by default on client versions of Windows
#

---------------  S U M M A R Y ------------

Command Line: -agentlib:jdwp=transport=dt_socket,address=127.0.0.1:53103,suspend=y,server=n -javaagent:C:\Users\match\AppData\Local\JetBrains\IntelliJIdea2024.1\captureAgent\debugger-agent.jar -Dfile.encoding=UTF-8 -Dsun.stdout.encoding=UTF-8 -Dsun.stderr.encoding=UTF-8 --module-path=C:\Users\match\OneDrive\Desktop\MovieTicketBookingManagement\target\classes;C:\Users\match\.m2\repository\org\openjfx\javafx-fxml\21\javafx-fxml-21-win.jar;C:\Users\match\.m2\repository\org\openjfx\javafx-controls\21\javafx-controls-21-win.jar;C:\Users\match\.m2\repository\org\openjfx\javafx-base\21\javafx-base-21-win.jar;C:\Users\match\.m2\repository\org\codehaus\woodstox\stax2-api\4.2.2\stax2-api-4.2.2.jar;C:\Users\match\.m2\repository\org\openjfx\javafx-graphics\21\javafx-graphics-21-win.jar;C:\Users\match\.m2\repository\net\sf\jasperreports\jasperreports\7.0.0\jasperreports-7.0.0.jar;C:\Users\match\.m2\repository\com\fasterxml\woodstox\woodstox-core\6.6.2\woodstox-core-6.6.2.jar -Djdk.module.main=com.mycompany.movieticketbookingmanagement com.mycompany.movieticketbookingmanagement/com.mycompany.movieticketbookingmanagement.App

Host: 11th Gen Intel(R) Core(TM) i5-1135G7 @ 2.40GHz, 8 cores, 7G,  Windows 11 , 64 bit Build 22621 (10.0.22621.3672)
Time: Sun Jul  7 15:51:51 2024 SE Asia Standard Time elapsed time: 6.480396 seconds (0d 0h 0m 6s)

---------------  T H R E A D  ---------------

Current thread (0x000001a3be0bc050):  JavaThread "C2 CompilerThread0" daemon [_thread_in_native, id=3948, stack(0x00000055fdc00000,0x00000055fdd00000) (1024K)]


Current CompileTask:
C2:6480 2251       4       java.lang.invoke.MethodType::makeImpl (109 bytes)

Stack: [0x00000055fdc00000,0x00000055fdd00000]
Native frames: (J=compiled Java code, j=interpreted, Vv=VM code, C=native code)
V  [jvm.dll+0x6e2279]  (no source info available)
V  [jvm.dll+0x874e33]  (no source info available)
V  [jvm.dll+0x87725e]  (no source info available)
V  [jvm.dll+0x877933]  (no source info available)
V  [jvm.dll+0x27fd76]  (no source info available)
V  [jvm.dll+0xc3d0f]  (no source info available)
V  [jvm.dll+0xc3f6b]  (no source info available)
V  [jvm.dll+0x3c03a5]  (no source info available)
V  [jvm.dll+0x5ed774]  (no source info available)
V  [jvm.dll+0x387b9a]  (no source info available)
V  [jvm.dll+0x386fda]  (no source info available)
V  [jvm.dll+0x247918]  (no source info available)
V  [jvm.dll+0x246fbf]  (no source info available)
V  [jvm.dll+0x1c4e90]  (no source info available)
V  [jvm.dll+0x2569fe]  (no source info available)
V  [jvm.dll+0x254cba]  (no source info available)
V  [jvm.dll+0x3f5336]  (no source info available)
V  [jvm.dll+0x81d44b]  (no source info available)
V  [jvm.dll+0x6e0915]  (no source info available)
C  [ucrtbase.dll+0x29333]  (no source info available)
C  [KERNEL32.DLL+0x1257d]  (no source info available)
C  [ntdll.dll+0x5af28]  (no source info available)


---------------  P R O C E S S  ---------------

Threads class SMR info:
_java_thread_list=0x000001a40e1553d0, length=21, elements={
0x000001a39f7ac500, 0x000001a3be0ae8a0, 0x000001a3be0af5c0, 0x000001a3be0b1780,
0x000001a3be0b2670, 0x000001a3be0b50e0, 0x000001a3be0b5c70, 0x000001a3be0bc050,
0x000001a3be0e6190, 0x000001a3be081540, 0x000001a3be62f170, 0x000001a3be62f800,
0x000001a3be649080, 0x000001a3be5d19f0, 0x000001a3be60e7f0, 0x000001a3bebf2860,
0x000001a3bec03590, 0x000001a4093de5b0, 0x000001a40945f450, 0x000001a4097edb50,
0x000001a409f6fe20
}

Java Threads: ( => current thread )
  0x000001a39f7ac500 JavaThread "main"                              [_thread_blocked, id=4932, stack(0x00000055fce00000,0x00000055fcf00000) (1024K)]
  0x000001a3be0ae8a0 JavaThread "Reference Handler"          daemon [_thread_blocked, id=8580, stack(0x00000055fd600000,0x00000055fd700000) (1024K)]
  0x000001a3be0af5c0 JavaThread "Finalizer"                  daemon [_thread_blocked, id=9076, stack(0x00000055fd700000,0x00000055fd800000) (1024K)]
  0x000001a3be0b1780 JavaThread "Signal Dispatcher"          daemon [_thread_blocked, id=13436, stack(0x00000055fd800000,0x00000055fd900000) (1024K)]
  0x000001a3be0b2670 JavaThread "Attach Listener"            daemon [_thread_blocked, id=3060, stack(0x00000055fd900000,0x00000055fda00000) (1024K)]
  0x000001a3be0b50e0 JavaThread "Service Thread"             daemon [_thread_blocked, id=5692, stack(0x00000055fda00000,0x00000055fdb00000) (1024K)]
  0x000001a3be0b5c70 JavaThread "Monitor Deflation Thread"   daemon [_thread_blocked, id=16280, stack(0x00000055fdb00000,0x00000055fdc00000) (1024K)]
=>0x000001a3be0bc050 JavaThread "C2 CompilerThread0"         daemon [_thread_in_native, id=3948, stack(0x00000055fdc00000,0x00000055fdd00000) (1024K)]
  0x000001a3be0e6190 JavaThread "C1 CompilerThread0"         daemon [_thread_blocked, id=8300, stack(0x00000055fdd00000,0x00000055fde00000) (1024K)]
  0x000001a3be081540 JavaThread "Common-Cleaner"             daemon [_thread_blocked, id=10072, stack(0x00000055fde00000,0x00000055fdf00000) (1024K)]
  0x000001a3be62f170 JavaThread "JDWP Transport Listener: dt_socket" daemon [_thread_blocked, id=13792, stack(0x00000055fdf00000,0x00000055fe000000) (1024K)]
  0x000001a3be62f800 JavaThread "JDWP Event Helper Thread"   daemon [_thread_blocked, id=4636, stack(0x00000055fe000000,0x00000055fe100000) (1024K)]
  0x000001a3be649080 JavaThread "JDWP Command Reader"        daemon [_thread_in_native, id=11252, stack(0x00000055fe100000,0x00000055fe200000) (1024K)]
  0x000001a3be5d19f0 JavaThread "Notification Thread"        daemon [_thread_blocked, id=15816, stack(0x00000055fe200000,0x00000055fe300000) (1024K)]
  0x000001a3be60e7f0 JavaThread "QuantumRenderer-0"          daemon [_thread_in_native, id=12168, stack(0x00000055fe300000,0x00000055fe400000) (1024K)]
  0x000001a3bebf2860 JavaThread "InvokeLaterDispatcher"      daemon [_thread_blocked, id=9796, stack(0x00000055fe500000,0x00000055fe600000) (1024K)]
  0x000001a3bec03590 JavaThread "JavaFX Application Thread"         [_thread_blocked, id=16060, stack(0x00000055fe600000,0x00000055fe700000) (1024K)]
  0x000001a4093de5b0 JavaThread "Thread-1"                   daemon [_thread_in_native, id=15840, stack(0x00000055ff000000,0x00000055ff100000) (1024K)]
  0x000001a40945f450 JavaThread "JavaFX-Launcher"                   [_thread_blocked, id=12984, stack(0x00000055ff100000,0x00000055ff200000) (1024K)]
  0x000001a4097edb50 JavaThread "Prism Font Disposer"        daemon [_thread_blocked, id=14840, stack(0x00000055ff200000,0x00000055ff300000) (1024K)]
  0x000001a409f6fe20 JavaThread "Cleaner-0"                  daemon [_thread_blocked, id=11076, stack(0x00000055ff600000,0x00000055ff700000) (1024K)]
Total: 21

Other Threads:
  0x000001a3be099660 VMThread "VM Thread"                           [id=8564, stack(0x00000055fd500000,0x00000055fd600000) (1024K)]
  0x000001a3be080b40 WatcherThread "VM Periodic Task Thread"        [id=11420, stack(0x00000055fd400000,0x00000055fd500000) (1024K)]
  0x000001a39fa14260 WorkerThread "GC Thread#0"                     [id=12568, stack(0x00000055fcf00000,0x00000055fd000000) (1024K)]
  0x000001a4093c08b0 WorkerThread "GC Thread#1"                     [id=14744, stack(0x00000055fe900000,0x00000055fea00000) (1024K)]
  0x000001a4093c0c60 WorkerThread "GC Thread#2"                     [id=13188, stack(0x00000055fea00000,0x00000055feb00000) (1024K)]
  0x000001a4093c1fb0 WorkerThread "GC Thread#3"                     [id=14680, stack(0x00000055feb00000,0x00000055fec00000) (1024K)]
  0x000001a40940a180 WorkerThread "GC Thread#4"                     [id=11924, stack(0x00000055fec00000,0x00000055fed00000) (1024K)]
  0x000001a409408f10 WorkerThread "GC Thread#5"                     [id=4648, stack(0x00000055fed00000,0x00000055fee00000) (1024K)]
  0x000001a4094092c0 WorkerThread "GC Thread#6"                     [id=11248, stack(0x00000055fee00000,0x00000055fef00000) (1024K)]
  0x000001a40940a530 WorkerThread "GC Thread#7"                     [id=1644, stack(0x00000055fef00000,0x00000055ff000000) (1024K)]
  0x000001a39fa24990 ConcurrentGCThread "G1 Main Marker"            [id=11444, stack(0x00000055fd000000,0x00000055fd100000) (1024K)]
  0x000001a39fa26360 WorkerThread "G1 Conc#0"                       [id=6400, stack(0x00000055fd100000,0x00000055fd200000) (1024K)]
  0x000001a39fa6e690 ConcurrentGCThread "G1 Refine#0"               [id=10976, stack(0x00000055fd200000,0x00000055fd300000) (1024K)]
  0x000001a3bdf512d0 ConcurrentGCThread "G1 Service"                [id=8404, stack(0x00000055fd300000,0x00000055fd400000) (1024K)]
Total: 14

Threads with active compile tasks:
C2 CompilerThread0  6779 2251       4       java.lang.invoke.MethodType::makeImpl (109 bytes)
Total: 1

VM state: not at safepoint (normal execution)

VM Mutex/Monitor currently owned by a thread: None

Heap address: 0x0000000084c00000, size: 1972 MB, Compressed Oops mode: 32-bit

CDS archive(s) mapped at: [0x000001a3bf000000-0x000001a3bfc60000-0x000001a3bfc60000), size 12976128, SharedBaseAddress: 0x000001a3bf000000, ArchiveRelocationMode: 1.
Compressed class space mapped at: 0x000001a3c0000000-0x000001a400000000, reserved size: 1073741824
Narrow klass base: 0x000001a3bf000000, Narrow klass shift: 0, Narrow klass range: 0x41000000

GC Precious Log:
 CardTable entry size: 512
 Card Set container configuration: InlinePtr #cards 5 size 8 Array Of Cards #cards 12 size 40 Howl #buckets 4 coarsen threshold 1843 Howl Bitmap #cards 512 size 80 coarsen threshold 460 Card regions per heap region 1 cards per card region 2048
 CPUs: 8 total, 8 available
 Memory: 7884M
 Large Page Support: Disabled
 NUMA Support: Disabled
 Compressed Oops: Enabled (32-bit)
 Heap Region Size: 1M
 Heap Min Capacity: 8M
 Heap Initial Capacity: 124M
 Heap Max Capacity: 1972M
 Pre-touch: Disabled
 Parallel Workers: 8
 Concurrent Workers: 2
 Concurrent Refinement Workers: 8
 Periodic GC: Disabled

Heap:
 garbage-first heap   total reserved 2019328K, committed 126976K, used 49732K [0x0000000084c00000, 0x0000000100000000)
  region size 1024K, 43 young (44032K), 6 survivors (6144K)
 Metaspace       used 16436K, committed 16832K, reserved 1114112K
  class space    used 2479K, committed 2624K, reserved 1048576K

Heap Regions: E=young(eden), S=young(survivor), O=old, HS=humongous(starts), HC=humongous(continues), CS=collection set, F=free, TAMS=top-at-mark-start, PB=parsable bottom
|   0|0x0000000084c00000, 0x0000000084d00000, 0x0000000084d00000|100%|HS|  |TAMS 0x0000000084c00000| PB 0x0000000084c00000| Complete |  0
|   1|0x0000000084d00000, 0x0000000084e00000, 0x0000000084e00000|100%|HC|  |TAMS 0x0000000084d00000| PB 0x0000000084d00000| Complete |  0
|   2|0x0000000084e00000, 0x0000000084f00000, 0x0000000084f00000|100%| O|  |TAMS 0x0000000084e00000| PB 0x0000000084e00000| Untracked |  0
|   3|0x0000000084f00000, 0x0000000085000000, 0x0000000085000000|100%| O|  |TAMS 0x0000000084f00000| PB 0x0000000084f00000| Untracked |  0
|   4|0x0000000085000000, 0x0000000085100000, 0x0000000085100000|100%| O|  |TAMS 0x0000000085000000| PB 0x0000000085000000| Untracked |  0
|   5|0x0000000085100000, 0x0000000085191200, 0x0000000085200000| 56%| O|  |TAMS 0x0000000085100000| PB 0x0000000085100000| Untracked |  0
|   6|0x0000000085200000, 0x0000000085300000, 0x0000000085300000|100%|HS|  |TAMS 0x0000000085200000| PB 0x0000000085200000| Complete |  0
|   7|0x0000000085300000, 0x0000000085400000, 0x0000000085400000|100%|HC|  |TAMS 0x0000000085300000| PB 0x0000000085300000| Complete |  0
|   8|0x0000000085400000, 0x0000000085400000, 0x0000000085500000|  0%| F|  |TAMS 0x0000000085400000| PB 0x0000000085400000| Untracked |  0
|   9|0x0000000085500000, 0x0000000085500000, 0x0000000085600000|  0%| F|  |TAMS 0x0000000085500000| PB 0x0000000085500000| Untracked |  0
|  10|0x0000000085600000, 0x0000000085600000, 0x0000000085700000|  0%| F|  |TAMS 0x0000000085600000| PB 0x0000000085600000| Untracked |  0
|  11|0x0000000085700000, 0x0000000085700000, 0x0000000085800000|  0%| F|  |TAMS 0x0000000085700000| PB 0x0000000085700000| Untracked |  0
|  12|0x0000000085800000, 0x0000000085800000, 0x0000000085900000|  0%| F|  |TAMS 0x0000000085800000| PB 0x0000000085800000| Untracked |  0
|  13|0x0000000085900000, 0x0000000085900000, 0x0000000085a00000|  0%| F|  |TAMS 0x0000000085900000| PB 0x0000000085900000| Untracked |  0
|  14|0x0000000085a00000, 0x0000000085a00000, 0x0000000085b00000|  0%| F|  |TAMS 0x0000000085a00000| PB 0x0000000085a00000| Untracked |  0
|  15|0x0000000085b00000, 0x0000000085b00000, 0x0000000085c00000|  0%| F|  |TAMS 0x0000000085b00000| PB 0x0000000085b00000| Untracked |  0
|  16|0x0000000085c00000, 0x0000000085c00000, 0x0000000085d00000|  0%| F|  |TAMS 0x0000000085c00000| PB 0x0000000085c00000| Untracked |  0
|  17|0x0000000085d00000, 0x0000000085d00000, 0x0000000085e00000|  0%| F|  |TAMS 0x0000000085d00000| PB 0x0000000085d00000| Untracked |  0
|  18|0x0000000085e00000, 0x0000000085e00000, 0x0000000085f00000|  0%| F|  |TAMS 0x0000000085e00000| PB 0x0000000085e00000| Untracked |  0
|  19|0x0000000085f00000, 0x0000000085f00000, 0x0000000086000000|  0%| F|  |TAMS 0x0000000085f00000| PB 0x0000000085f00000| Untracked |  0
|  20|0x0000000086000000, 0x0000000086000000, 0x0000000086100000|  0%| F|  |TAMS 0x0000000086000000| PB 0x0000000086000000| Untracked |  0
|  21|0x0000000086100000, 0x0000000086100000, 0x0000000086200000|  0%| F|  |TAMS 0x0000000086100000| PB 0x0000000086100000| Untracked |  0
|  22|0x0000000086200000, 0x0000000086200000, 0x0000000086300000|  0%| F|  |TAMS 0x0000000086200000| PB 0x0000000086200000| Untracked |  0
|  23|0x0000000086300000, 0x0000000086300000, 0x0000000086400000|  0%| F|  |TAMS 0x0000000086300000| PB 0x0000000086300000| Untracked |  0
|  24|0x0000000086400000, 0x0000000086400000, 0x0000000086500000|  0%| F|  |TAMS 0x0000000086400000| PB 0x0000000086400000| Untracked |  0
|  25|0x0000000086500000, 0x0000000086500000, 0x0000000086600000|  0%| F|  |TAMS 0x0000000086500000| PB 0x0000000086500000| Untracked |  0
|  26|0x0000000086600000, 0x0000000086600000, 0x0000000086700000|  0%| F|  |TAMS 0x0000000086600000| PB 0x0000000086600000| Untracked |  0
|  27|0x0000000086700000, 0x0000000086700000, 0x0000000086800000|  0%| F|  |TAMS 0x0000000086700000| PB 0x0000000086700000| Untracked |  0
|  28|0x0000000086800000, 0x0000000086800000, 0x0000000086900000|  0%| F|  |TAMS 0x0000000086800000| PB 0x0000000086800000| Untracked |  0
|  29|0x0000000086900000, 0x0000000086900000, 0x0000000086a00000|  0%| F|  |TAMS 0x0000000086900000| PB 0x0000000086900000| Untracked |  0
|  30|0x0000000086a00000, 0x0000000086a00000, 0x0000000086b00000|  0%| F|  |TAMS 0x0000000086a00000| PB 0x0000000086a00000| Untracked |  0
|  31|0x0000000086b00000, 0x0000000086b00000, 0x0000000086c00000|  0%| F|  |TAMS 0x0000000086b00000| PB 0x0000000086b00000| Untracked |  0
|  32|0x0000000086c00000, 0x0000000086c00000, 0x0000000086d00000|  0%| F|  |TAMS 0x0000000086c00000| PB 0x0000000086c00000| Untracked |  0
|  33|0x0000000086d00000, 0x0000000086d00000, 0x0000000086e00000|  0%| F|  |TAMS 0x0000000086d00000| PB 0x0000000086d00000| Untracked |  0
|  34|0x0000000086e00000, 0x0000000086e00000, 0x0000000086f00000|  0%| F|  |TAMS 0x0000000086e00000| PB 0x0000000086e00000| Untracked |  0
|  35|0x0000000086f00000, 0x0000000086f00000, 0x0000000087000000|  0%| F|  |TAMS 0x0000000086f00000| PB 0x0000000086f00000| Untracked |  0
|  36|0x0000000087000000, 0x0000000087000000, 0x0000000087100000|  0%| F|  |TAMS 0x0000000087000000| PB 0x0000000087000000| Untracked |  0
|  37|0x0000000087100000, 0x0000000087100000, 0x0000000087200000|  0%| F|  |TAMS 0x0000000087100000| PB 0x0000000087100000| Untracked |  0
|  38|0x0000000087200000, 0x0000000087200000, 0x0000000087300000|  0%| F|  |TAMS 0x0000000087200000| PB 0x0000000087200000| Untracked |  0
|  39|0x0000000087300000, 0x0000000087300000, 0x0000000087400000|  0%| F|  |TAMS 0x0000000087300000| PB 0x0000000087300000| Untracked |  0
|  40|0x0000000087400000, 0x0000000087400000, 0x0000000087500000|  0%| F|  |TAMS 0x0000000087400000| PB 0x0000000087400000| Untracked |  0
|  41|0x0000000087500000, 0x0000000087500000, 0x0000000087600000|  0%| F|  |TAMS 0x0000000087500000| PB 0x0000000087500000| Untracked |  0
|  42|0x0000000087600000, 0x0000000087600000, 0x0000000087700000|  0%| F|  |TAMS 0x0000000087600000| PB 0x0000000087600000| Untracked |  0
|  43|0x0000000087700000, 0x0000000087700000, 0x0000000087800000|  0%| F|  |TAMS 0x0000000087700000| PB 0x0000000087700000| Untracked |  0
|  44|0x0000000087800000, 0x0000000087800000, 0x0000000087900000|  0%| F|  |TAMS 0x0000000087800000| PB 0x0000000087800000| Untracked |  0
|  45|0x0000000087900000, 0x0000000087900000, 0x0000000087a00000|  0%| F|  |TAMS 0x0000000087900000| PB 0x0000000087900000| Untracked |  0
|  46|0x0000000087a00000, 0x0000000087a00000, 0x0000000087b00000|  0%| F|  |TAMS 0x0000000087a00000| PB 0x0000000087a00000| Untracked |  0
|  47|0x0000000087b00000, 0x0000000087b00000, 0x0000000087c00000|  0%| F|  |TAMS 0x0000000087b00000| PB 0x0000000087b00000| Untracked |  0
|  48|0x0000000087c00000, 0x0000000087c00000, 0x0000000087d00000|  0%| F|  |TAMS 0x0000000087c00000| PB 0x0000000087c00000| Untracked |  0
|  49|0x0000000087d00000, 0x0000000087d00000, 0x0000000087e00000|  0%| F|  |TAMS 0x0000000087d00000| PB 0x0000000087d00000| Untracked |  0
|  50|0x0000000087e00000, 0x0000000087e00000, 0x0000000087f00000|  0%| F|  |TAMS 0x0000000087e00000| PB 0x0000000087e00000| Untracked |  0
|  51|0x0000000087f00000, 0x0000000087f00000, 0x0000000088000000|  0%| F|  |TAMS 0x0000000087f00000| PB 0x0000000087f00000| Untracked |  0
|  52|0x0000000088000000, 0x0000000088000000, 0x0000000088100000|  0%| F|  |TAMS 0x0000000088000000| PB 0x0000000088000000| Untracked |  0
|  53|0x0000000088100000, 0x0000000088100000, 0x0000000088200000|  0%| F|  |TAMS 0x0000000088100000| PB 0x0000000088100000| Untracked |  0
|  54|0x0000000088200000, 0x0000000088200000, 0x0000000088300000|  0%| F|  |TAMS 0x0000000088200000| PB 0x0000000088200000| Untracked |  0
|  55|0x0000000088300000, 0x0000000088300000, 0x0000000088400000|  0%| F|  |TAMS 0x0000000088300000| PB 0x0000000088300000| Untracked |  0
|  56|0x0000000088400000, 0x0000000088400000, 0x0000000088500000|  0%| F|  |TAMS 0x0000000088400000| PB 0x0000000088400000| Untracked |  0
|  57|0x0000000088500000, 0x0000000088500000, 0x0000000088600000|  0%| F|  |TAMS 0x0000000088500000| PB 0x0000000088500000| Untracked |  0
|  58|0x0000000088600000, 0x0000000088600000, 0x0000000088700000|  0%| F|  |TAMS 0x0000000088600000| PB 0x0000000088600000| Untracked |  0
|  59|0x0000000088700000, 0x0000000088700000, 0x0000000088800000|  0%| F|  |TAMS 0x0000000088700000| PB 0x0000000088700000| Untracked |  0
|  60|0x0000000088800000, 0x0000000088800000, 0x0000000088900000|  0%| F|  |TAMS 0x0000000088800000| PB 0x0000000088800000| Untracked |  0
|  61|0x0000000088900000, 0x0000000088900000, 0x0000000088a00000|  0%| F|  |TAMS 0x0000000088900000| PB 0x0000000088900000| Untracked |  0
|  62|0x0000000088a00000, 0x0000000088a00000, 0x0000000088b00000|  0%| F|  |TAMS 0x0000000088a00000| PB 0x0000000088a00000| Untracked |  0
|  63|0x0000000088b00000, 0x0000000088b00000, 0x0000000088c00000|  0%| F|  |TAMS 0x0000000088b00000| PB 0x0000000088b00000| Untracked |  0
|  64|0x0000000088c00000, 0x0000000088c00000, 0x0000000088d00000|  0%| F|  |TAMS 0x0000000088c00000| PB 0x0000000088c00000| Untracked |  0
|  65|0x0000000088d00000, 0x0000000088d00000, 0x0000000088e00000|  0%| F|  |TAMS 0x0000000088d00000| PB 0x0000000088d00000| Untracked |  0
|  66|0x0000000088e00000, 0x0000000088e00000, 0x0000000088f00000|  0%| F|  |TAMS 0x0000000088e00000| PB 0x0000000088e00000| Untracked |  0
|  67|0x0000000088f00000, 0x0000000088f00000, 0x0000000089000000|  0%| F|  |TAMS 0x0000000088f00000| PB 0x0000000088f00000| Untracked |  0
|  68|0x0000000089000000, 0x0000000089000000, 0x0000000089100000|  0%| F|  |TAMS 0x0000000089000000| PB 0x0000000089000000| Untracked |  0
|  69|0x0000000089100000, 0x0000000089100000, 0x0000000089200000|  0%| F|  |TAMS 0x0000000089100000| PB 0x0000000089100000| Untracked |  0
|  70|0x0000000089200000, 0x0000000089200000, 0x0000000089300000|  0%| F|  |TAMS 0x0000000089200000| PB 0x0000000089200000| Untracked |  0
|  71|0x0000000089300000, 0x0000000089300000, 0x0000000089400000|  0%| F|  |TAMS 0x0000000089300000| PB 0x0000000089300000| Untracked |  0
|  72|0x0000000089400000, 0x0000000089400000, 0x0000000089500000|  0%| F|  |TAMS 0x0000000089400000| PB 0x0000000089400000| Untracked |  0
|  73|0x0000000089500000, 0x0000000089500000, 0x0000000089600000|  0%| F|  |TAMS 0x0000000089500000| PB 0x0000000089500000| Untracked |  0
|  74|0x0000000089600000, 0x0000000089600000, 0x0000000089700000|  0%| F|  |TAMS 0x0000000089600000| PB 0x0000000089600000| Untracked |  0
|  75|0x0000000089700000, 0x0000000089700000, 0x0000000089800000|  0%| F|  |TAMS 0x0000000089700000| PB 0x0000000089700000| Untracked |  0
|  76|0x0000000089800000, 0x0000000089800000, 0x0000000089900000|  0%| F|  |TAMS 0x0000000089800000| PB 0x0000000089800000| Untracked |  0
|  77|0x0000000089900000, 0x0000000089a00000, 0x0000000089a00000|100%| S|CS|TAMS 0x0000000089900000| PB 0x0000000089900000| Complete |  0
|  78|0x0000000089a00000, 0x0000000089b00000, 0x0000000089b00000|100%| S|CS|TAMS 0x0000000089a00000| PB 0x0000000089a00000| Complete |  0
|  79|0x0000000089b00000, 0x0000000089c00000, 0x0000000089c00000|100%| S|CS|TAMS 0x0000000089b00000| PB 0x0000000089b00000| Complete |  0
|  80|0x0000000089c00000, 0x0000000089d00000, 0x0000000089d00000|100%| S|CS|TAMS 0x0000000089c00000| PB 0x0000000089c00000| Complete |  0
|  81|0x0000000089d00000, 0x0000000089e00000, 0x0000000089e00000|100%| S|CS|TAMS 0x0000000089d00000| PB 0x0000000089d00000| Complete |  0
|  82|0x0000000089e00000, 0x0000000089f00000, 0x0000000089f00000|100%| S|CS|TAMS 0x0000000089e00000| PB 0x0000000089e00000| Complete |  0
|  83|0x0000000089f00000, 0x0000000089f00000, 0x000000008a000000|  0%| F|  |TAMS 0x0000000089f00000| PB 0x0000000089f00000| Untracked |  0
|  84|0x000000008a000000, 0x000000008a000000, 0x000000008a100000|  0%| F|  |TAMS 0x000000008a000000| PB 0x000000008a000000| Untracked |  0
|  85|0x000000008a100000, 0x000000008a100000, 0x000000008a200000|  0%| F|  |TAMS 0x000000008a100000| PB 0x000000008a100000| Untracked |  0
|  86|0x000000008a200000, 0x000000008a200000, 0x000000008a300000|  0%| F|  |TAMS 0x000000008a200000| PB 0x000000008a200000| Untracked |  0
|  87|0x000000008a300000, 0x000000008a3ef6c0, 0x000000008a400000| 93%| E|  |TAMS 0x000000008a300000| PB 0x000000008a300000| Complete |  0
|  88|0x000000008a400000, 0x000000008a500000, 0x000000008a500000|100%| E|CS|TAMS 0x000000008a400000| PB 0x000000008a400000| Complete |  0
|  89|0x000000008a500000, 0x000000008a600000, 0x000000008a600000|100%| E|CS|TAMS 0x000000008a500000| PB 0x000000008a500000| Complete |  0
|  90|0x000000008a600000, 0x000000008a700000, 0x000000008a700000|100%| E|CS|TAMS 0x000000008a600000| PB 0x000000008a600000| Complete |  0
|  91|0x000000008a700000, 0x000000008a800000, 0x000000008a800000|100%| E|CS|TAMS 0x000000008a700000| PB 0x000000008a700000| Complete |  0
|  92|0x000000008a800000, 0x000000008a900000, 0x000000008a900000|100%| E|CS|TAMS 0x000000008a800000| PB 0x000000008a800000| Complete |  0
|  93|0x000000008a900000, 0x000000008aa00000, 0x000000008aa00000|100%| E|CS|TAMS 0x000000008a900000| PB 0x000000008a900000| Complete |  0
|  94|0x000000008aa00000, 0x000000008ab00000, 0x000000008ab00000|100%| E|CS|TAMS 0x000000008aa00000| PB 0x000000008aa00000| Complete |  0
|  95|0x000000008ab00000, 0x000000008ac00000, 0x000000008ac00000|100%| E|CS|TAMS 0x000000008ab00000| PB 0x000000008ab00000| Complete |  0
|  96|0x000000008ac00000, 0x000000008ad00000, 0x000000008ad00000|100%| E|CS|TAMS 0x000000008ac00000| PB 0x000000008ac00000| Complete |  0
|  97|0x000000008ad00000, 0x000000008ae00000, 0x000000008ae00000|100%| E|CS|TAMS 0x000000008ad00000| PB 0x000000008ad00000| Complete |  0
|  98|0x000000008ae00000, 0x000000008af00000, 0x000000008af00000|100%| E|CS|TAMS 0x000000008ae00000| PB 0x000000008ae00000| Complete |  0
|  99|0x000000008af00000, 0x000000008b000000, 0x000000008b000000|100%| E|CS|TAMS 0x000000008af00000| PB 0x000000008af00000| Complete |  0
| 100|0x000000008b000000, 0x000000008b100000, 0x000000008b100000|100%| E|CS|TAMS 0x000000008b000000| PB 0x000000008b000000| Complete |  0
| 101|0x000000008b100000, 0x000000008b200000, 0x000000008b200000|100%| E|CS|TAMS 0x000000008b100000| PB 0x000000008b100000| Complete |  0
| 102|0x000000008b200000, 0x000000008b300000, 0x000000008b300000|100%| E|CS|TAMS 0x000000008b200000| PB 0x000000008b200000| Complete |  0
| 103|0x000000008b300000, 0x000000008b400000, 0x000000008b400000|100%| E|CS|TAMS 0x000000008b300000| PB 0x000000008b300000| Complete |  0
| 104|0x000000008b400000, 0x000000008b500000, 0x000000008b500000|100%| E|  |TAMS 0x000000008b400000| PB 0x000000008b400000| Complete |  0
| 105|0x000000008b500000, 0x000000008b600000, 0x000000008b600000|100%| E|CS|TAMS 0x000000008b500000| PB 0x000000008b500000| Complete |  0
| 106|0x000000008b600000, 0x000000008b700000, 0x000000008b700000|100%| E|CS|TAMS 0x000000008b600000| PB 0x000000008b600000| Complete |  0
| 107|0x000000008b700000, 0x000000008b800000, 0x000000008b800000|100%| E|CS|TAMS 0x000000008b700000| PB 0x000000008b700000| Complete |  0
| 108|0x000000008b800000, 0x000000008b900000, 0x000000008b900000|100%| E|CS|TAMS 0x000000008b800000| PB 0x000000008b800000| Complete |  0
| 109|0x000000008b900000, 0x000000008ba00000, 0x000000008ba00000|100%| E|CS|TAMS 0x000000008b900000| PB 0x000000008b900000| Complete |  0
| 110|0x000000008ba00000, 0x000000008bb00000, 0x000000008bb00000|100%| E|CS|TAMS 0x000000008ba00000| PB 0x000000008ba00000| Complete |  0
| 111|0x000000008bb00000, 0x000000008bc00000, 0x000000008bc00000|100%| E|CS|TAMS 0x000000008bb00000| PB 0x000000008bb00000| Complete |  0
| 112|0x000000008bc00000, 0x000000008bd00000, 0x000000008bd00000|100%| E|CS|TAMS 0x000000008bc00000| PB 0x000000008bc00000| Complete |  0
| 113|0x000000008bd00000, 0x000000008be00000, 0x000000008be00000|100%| E|CS|TAMS 0x000000008bd00000| PB 0x000000008bd00000| Complete |  0
| 114|0x000000008be00000, 0x000000008bf00000, 0x000000008bf00000|100%| E|CS|TAMS 0x000000008be00000| PB 0x000000008be00000| Complete |  0
| 115|0x000000008bf00000, 0x000000008c000000, 0x000000008c000000|100%| E|CS|TAMS 0x000000008bf00000| PB 0x000000008bf00000| Complete |  0
| 116|0x000000008c000000, 0x000000008c100000, 0x000000008c100000|100%| E|CS|TAMS 0x000000008c000000| PB 0x000000008c000000| Complete |  0
| 117|0x000000008c100000, 0x000000008c200000, 0x000000008c200000|100%| E|CS|TAMS 0x000000008c100000| PB 0x000000008c100000| Complete |  0
| 118|0x000000008c200000, 0x000000008c300000, 0x000000008c300000|100%| E|CS|TAMS 0x000000008c200000| PB 0x000000008c200000| Complete |  0
| 119|0x000000008c300000, 0x000000008c400000, 0x000000008c400000|100%| E|CS|TAMS 0x000000008c300000| PB 0x000000008c300000| Complete |  0
| 120|0x000000008c400000, 0x000000008c500000, 0x000000008c500000|100%| E|CS|TAMS 0x000000008c400000| PB 0x000000008c400000| Complete |  0
| 121|0x000000008c500000, 0x000000008c600000, 0x000000008c600000|100%| E|CS|TAMS 0x000000008c500000| PB 0x000000008c500000| Complete |  0
| 122|0x000000008c600000, 0x000000008c700000, 0x000000008c700000|100%| E|CS|TAMS 0x000000008c600000| PB 0x000000008c600000| Complete |  0
| 123|0x000000008c700000, 0x000000008c800000, 0x000000008c800000|100%| E|CS|TAMS 0x000000008c700000| PB 0x000000008c700000| Complete |  0

Card table byte_map: [0x000001a3b9330000,0x000001a3b9710000] _byte_map_base: 0x000001a3b8f0a000

Marking Bits: (CMBitMap*) 0x000001a39fa14880
 Bits: [0x000001a3b9710000, 0x000001a3bb5e0000)

Polling page: 0x000001a39fa70000

Metaspace:

Usage:
  Non-class:     13.63 MB used.
      Class:      2.42 MB used.
       Both:     16.05 MB used.

Virtual space:
  Non-class space:       64.00 MB reserved,      13.88 MB ( 22%) committed,  1 nodes.
      Class space:        1.00 GB reserved,       2.56 MB ( <1%) committed,  1 nodes.
             Both:        1.06 GB reserved,      16.44 MB (  2%) committed. 

Chunk freelists:
   Non-Class:  2.17 MB
       Class:  13.41 MB
        Both:  15.58 MB

MaxMetaspaceSize: unlimited
CompressedClassSpaceSize: 1.00 GB
Initial GC threshold: 21.00 MB
Current GC threshold: 21.00 MB
CDS: on
 - commit_granule_bytes: 65536.
 - commit_granule_words: 8192.
 - virtual_space_node_default_size: 8388608.
 - enlarge_chunks_in_place: 1.
 - use_allocation_guard: 0.


Internal statistics:

num_allocs_failed_limit: 0.
num_arena_births: 362.
num_arena_deaths: 0.
num_vsnodes_births: 2.
num_vsnodes_deaths: 0.
num_space_committed: 263.
num_space_uncommitted: 0.
num_chunks_returned_to_freelist: 0.
num_chunks_taken_from_freelist: 906.
num_chunk_merges: 0.
num_chunk_splits: 628.
num_chunks_enlarged: 463.
num_inconsistent_stats: 0.

CodeHeap 'non-profiled nmethods': size=120000Kb used=872Kb max_used=872Kb free=119127Kb
 bounds [0x000001a3b0fb0000, 0x000001a3b1220000, 0x000001a3b84e0000]
CodeHeap 'profiled nmethods': size=120000Kb used=4629Kb max_used=4629Kb free=115370Kb
 bounds [0x000001a3a94e0000, 0x000001a3a9970000, 0x000001a3b0a10000]
CodeHeap 'non-nmethods': size=5760Kb used=2112Kb max_used=2113Kb free=3647Kb
 bounds [0x000001a3b0a10000, 0x000001a3b0c80000, 0x000001a3b0fb0000]
 total_blobs=3331 nmethods=2512 adapters=723
 compilation: enabled
              stopped_count=0, restarted_count=0
 full_count=0

Compilation events (20 events):
Event: 6.256 Thread 0x000001a3be0e6190 2263       3       java.lang.invoke.BootstrapMethodInvoker::widenAndCast (47 bytes)
Event: 6.257 Thread 0x000001a3be0e6190 nmethod 2263 0x000001a3a98ed790 code [0x000001a3a98eda00, 0x000001a3a98ee340]
Event: 6.257 Thread 0x000001a3be0e6190 2260       1       javafx.collections.ListChangeListener$Change::getList (5 bytes)
Event: 6.257 Thread 0x000001a3be0e6190 nmethod 2260 0x000001a3b1080d90 code [0x000001a3b1080f20, 0x000001a3b1080fe8]
Event: 6.258 Thread 0x000001a3be0e6190 2264   !   3       com.sun.javafx.collections.ListListenerHelper$SingleChange::fireValueChangedEvent (30 bytes)
Event: 6.258 Thread 0x000001a3be0e6190 nmethod 2264 0x000001a3a98ee710 code [0x000001a3a98ee960, 0x000001a3a98ef600]
Event: 6.258 Thread 0x000001a3be0e6190 2265       3       java.util.AbstractList$Itr::hasNext (20 bytes)
Event: 6.259 Thread 0x000001a3be0e6190 nmethod 2265 0x000001a3a98ef990 code [0x000001a3a98efb40, 0x000001a3a98efd78]
Event: 6.259 Thread 0x000001a3be0e6190 2267       3       com.sun.javafx.scene.control.inputmap.InputMap$Mapping::equals (56 bytes)
Event: 6.259 Thread 0x000001a3be0e6190 nmethod 2267 0x000001a3a98efe90 code [0x000001a3a98f0060, 0x000001a3a98f0620]
Event: 6.259 Thread 0x000001a3be0e6190 2266       3       java.util.HashMap::computeIfAbsent (330 bytes)
Event: 6.260 Thread 0x000001a3be0e6190 nmethod 2266 0x000001a3a98f0790 code [0x000001a3a98f0ac0, 0x000001a3a98f20d8]
Event: 6.260 Thread 0x000001a3be0e6190 2272       3       javafx.collections.ListChangeBuilder$SingleChange::getTo (12 bytes)
Event: 6.260 Thread 0x000001a3be0e6190 nmethod 2272 0x000001a3a98f2890 code [0x000001a3a98f2a60, 0x000001a3a98f2cf8]
Event: 6.260 Thread 0x000001a3be0e6190 2270       3       com.sun.javafx.scene.control.inputmap.InputMap$KeyMapping::equals (43 bytes)
Event: 6.261 Thread 0x000001a3be0e6190 nmethod 2270 0x000001a3a98f2e90 code [0x000001a3a98f3080, 0x000001a3a98f3510]
Event: 6.261 Thread 0x000001a3be0e6190 2268       1       com.sun.javafx.scene.control.inputmap.InputMap::getMappings (5 bytes)
Event: 6.261 Thread 0x000001a3be0e6190 nmethod 2268 0x000001a3b1081090 code [0x000001a3b1081220, 0x000001a3b10812e8]
Event: 6.261 Thread 0x000001a3be0e6190 2274       3       javafx.beans.property.ObjectPropertyBase::<init> (25 bytes)
Event: 6.261 Thread 0x000001a3be0e6190 nmethod 2274 0x000001a3a98f3690 code [0x000001a3a98f3840, 0x000001a3a98f3b50]

GC Heap History (4 events):
Event: 1.498 GC heap before
{Heap before GC invocations=0 (full 0):
 garbage-first heap   total reserved 2019328K, committed 126976K, used 23552K [0x0000000084c00000, 0x0000000100000000)
  region size 1024K, 24 young (24576K), 0 survivors (0K)
 Metaspace       used 3819K, committed 4032K, reserved 1114112K
  class space    used 389K, committed 512K, reserved 1048576K
}
Event: 1.508 GC heap after
{Heap after GC invocations=1 (full 0):
 garbage-first heap   total reserved 2019328K, committed 126976K, used 2112K [0x0000000084c00000, 0x0000000100000000)
  region size 1024K, 3 young (3072K), 3 survivors (3072K)
 Metaspace       used 3819K, committed 4032K, reserved 1114112K
  class space    used 389K, committed 512K, reserved 1048576K
}
Event: 3.237 GC heap before
{Heap before GC invocations=1 (full 0):
 garbage-first heap   total reserved 2019328K, committed 126976K, used 42048K [0x0000000084c00000, 0x0000000100000000)
  region size 1024K, 41 young (41984K), 3 survivors (3072K)
 Metaspace       used 10310K, committed 10624K, reserved 1114112K
  class space    used 1314K, committed 1472K, reserved 1048576K
}
Event: 3.253 GC heap after
{Heap after GC invocations=2 (full 0):
 garbage-first heap   total reserved 2019328K, committed 126976K, used 11844K [0x0000000084c00000, 0x0000000100000000)
  region size 1024K, 6 young (6144K), 6 survivors (6144K)
 Metaspace       used 10310K, committed 10624K, reserved 1114112K
  class space    used 1314K, committed 1472K, reserved 1048576K
}

Dll operation events (20 events):
Event: 0.805 Loaded shared library C:\Users\match\.openjfx\cache\21+31\amd64\api-ms-win-crt-locale-l1-1-0.dll
Event: 0.808 Loaded shared library C:\Users\match\.openjfx\cache\21+31\amd64\api-ms-win-crt-math-l1-1-0.dll
Event: 0.812 Loaded shared library C:\Users\match\.openjfx\cache\21+31\amd64\api-ms-win-crt-multibyte-l1-1-0.dll
Event: 0.816 Loaded shared library C:\Users\match\.openjfx\cache\21+31\amd64\api-ms-win-crt-private-l1-1-0.dll
Event: 0.819 Loaded shared library C:\Users\match\.openjfx\cache\21+31\amd64\api-ms-win-crt-process-l1-1-0.dll
Event: 0.823 Loaded shared library C:\Users\match\.openjfx\cache\21+31\amd64\api-ms-win-crt-runtime-l1-1-0.dll
Event: 0.826 Loaded shared library C:\Users\match\.openjfx\cache\21+31\amd64\api-ms-win-crt-stdio-l1-1-0.dll
Event: 0.829 Loaded shared library C:\Users\match\.openjfx\cache\21+31\amd64\api-ms-win-crt-string-l1-1-0.dll
Event: 0.833 Loaded shared library C:\Users\match\.openjfx\cache\21+31\amd64\api-ms-win-crt-time-l1-1-0.dll
Event: 0.836 Loaded shared library C:\Users\match\.openjfx\cache\21+31\amd64\api-ms-win-crt-utility-l1-1-0.dll
Event: 0.854 Loaded shared library C:\Users\match\.openjfx\cache\21+31\amd64\ucrtbase.dll
Event: 0.859 Loaded shared library C:\Users\match\.openjfx\cache\21+31\amd64\vcruntime140.dll
Event: 0.862 Loaded shared library C:\Users\match\.openjfx\cache\21+31\amd64\vcruntime140_1.dll
Event: 0.873 Loaded shared library C:\Users\match\.openjfx\cache\21+31\amd64\msvcp140.dll
Event: 0.877 Loaded shared library C:\Users\match\.openjfx\cache\21+31\amd64\msvcp140_1.dll
Event: 0.883 Loaded shared library C:\Users\match\.openjfx\cache\21+31\amd64\msvcp140_2.dll
Event: 0.949 Loaded shared library C:\Users\match\.openjfx\cache\21+31\amd64\prism_d3d.dll
Event: 1.116 Loaded shared library C:\Users\match\.openjfx\cache\21+31\amd64\glass.dll
Event: 2.008 Loaded shared library C:\Program Files\Java\jdk-22\bin\jimage.dll
Event: 2.804 Loaded shared library C:\Users\match\.openjfx\cache\21+31\amd64\javafx_font.dll

Deoptimization events (20 events):
Event: 6.008 Thread 0x000001a3bec03590 DEOPT PACKING pc=0x000001a3a98978ec sp=0x00000055fe6fc100
Event: 6.008 Thread 0x000001a3bec03590 DEOPT UNPACKING pc=0x000001a3b0a688e2 sp=0x00000055fe6fb660 mode 1
Event: 6.008 Thread 0x000001a3bec03590 DEOPT PACKING pc=0x000001a3a989de44 sp=0x00000055fe6fc220
Event: 6.008 Thread 0x000001a3bec03590 DEOPT UNPACKING pc=0x000001a3b0a688e2 sp=0x00000055fe6fb718 mode 1
Event: 6.008 Thread 0x000001a3bec03590 DEOPT PACKING pc=0x000001a3a98978ec sp=0x00000055fe6fc360
Event: 6.008 Thread 0x000001a3bec03590 DEOPT UNPACKING pc=0x000001a3b0a688e2 sp=0x00000055fe6fb8c0 mode 1
Event: 6.008 Thread 0x000001a3bec03590 DEOPT PACKING pc=0x000001a3a989de44 sp=0x00000055fe6fc480
Event: 6.008 Thread 0x000001a3bec03590 DEOPT UNPACKING pc=0x000001a3b0a688e2 sp=0x00000055fe6fb978 mode 1
Event: 6.008 Thread 0x000001a3bec03590 DEOPT PACKING pc=0x000001a3a98978ec sp=0x00000055fe6fc2c0
Event: 6.008 Thread 0x000001a3bec03590 DEOPT UNPACKING pc=0x000001a3b0a688e2 sp=0x00000055fe6fb820 mode 1
Event: 6.008 Thread 0x000001a3bec03590 DEOPT PACKING pc=0x000001a3a989de44 sp=0x00000055fe6fc3e0
Event: 6.008 Thread 0x000001a3bec03590 DEOPT UNPACKING pc=0x000001a3b0a688e2 sp=0x00000055fe6fb8d8 mode 1
Event: 6.008 Thread 0x000001a3bec03590 DEOPT PACKING pc=0x000001a3a98978ec sp=0x00000055fe6fc220
Event: 6.008 Thread 0x000001a3bec03590 DEOPT UNPACKING pc=0x000001a3b0a688e2 sp=0x00000055fe6fb780 mode 1
Event: 6.008 Thread 0x000001a3bec03590 DEOPT PACKING pc=0x000001a3a989de44 sp=0x00000055fe6fc340
Event: 6.008 Thread 0x000001a3bec03590 DEOPT UNPACKING pc=0x000001a3b0a688e2 sp=0x00000055fe6fb838 mode 1
Event: 6.008 Thread 0x000001a3bec03590 DEOPT PACKING pc=0x000001a3a98978ec sp=0x00000055fe6fc180
Event: 6.008 Thread 0x000001a3bec03590 DEOPT UNPACKING pc=0x000001a3b0a688e2 sp=0x00000055fe6fb6e0 mode 1
Event: 6.008 Thread 0x000001a3bec03590 DEOPT PACKING pc=0x000001a3a989de44 sp=0x00000055fe6fc2a0
Event: 6.008 Thread 0x000001a3bec03590 DEOPT UNPACKING pc=0x000001a3b0a688e2 sp=0x00000055fe6fb798 mode 1

Classes loaded (20 events):
Event: 6.256 Loading class javafx/scene/control/TextInputControl
Event: 6.256 Loading class javafx/scene/control/TextInputControl done
Event: 6.256 Loading class javafx/scene/control/TextInputControl
Event: 6.256 Loading class javafx/scene/control/TextInputControl done
Event: 6.256 Loading class com/sun/javafx/scene/control/behavior/TextInputControlBehavior
Event: 6.256 Loading class com/sun/javafx/scene/control/behavior/TextInputControlBehavior done
Event: 6.256 Loading class javafx/scene/input/KeyEvent
Event: 6.256 Loading class javafx/scene/input/KeyEvent done
Event: 6.256 Loading class com/sun/javafx/scene/control/behavior/TextInputControlBehavior
Event: 6.256 Loading class com/sun/javafx/scene/control/behavior/TextInputControlBehavior done
Event: 6.256 Loading class javafx/scene/input/KeyEvent
Event: 6.256 Loading class javafx/scene/input/KeyEvent done
Event: 6.256 Loading class com/sun/javafx/scene/control/behavior/TextInputControlBehavior
Event: 6.256 Loading class com/sun/javafx/scene/control/behavior/TextInputControlBehavior done
Event: 6.256 Loading class javafx/scene/input/KeyEvent
Event: 6.256 Loading class javafx/scene/input/KeyEvent done
Event: 6.256 Loading class com/sun/javafx/scene/control/behavior/TextInputControlBehavior
Event: 6.256 Loading class com/sun/javafx/scene/control/behavior/TextInputControlBehavior done
Event: 6.256 Loading class javafx/scene/input/KeyEvent
Event: 6.256 Loading class javafx/scene/input/KeyEvent done

Classes unloaded (0 events):
No events

Classes redefined (0 events):
No events

Internal exceptions (20 events):
Event: 3.371 Thread 0x000001a3bec03590 Exception <a 'java/io/FileNotFoundException'{0x000000008c39d0a8}> (0x000000008c39d0a8) 
thrown [s\open\src\hotspot\share\prims\jni.cpp, line 520]
Event: 3.437 Thread 0x000001a3bec03590 Exception <a 'java/io/FileNotFoundException'{0x000000008c1d2728}> (0x000000008c1d2728) 
thrown [s\open\src\hotspot\share\prims\jni.cpp, line 520]
Event: 3.573 Thread 0x000001a3bec03590 Implicit null exception at 0x000001a3b1036be0 to 0x000001a3b10371b8
Event: 3.574 Thread 0x000001a3bec03590 Implicit null exception at 0x000001a3b102cc60 to 0x000001a3b102d240
Event: 3.574 Thread 0x000001a3bec03590 Implicit null exception at 0x000001a3b10351fa to 0x000001a3b10354e4
Event: 3.622 Thread 0x000001a3bec03590 Exception <a 'java/lang/IncompatibleClassChangeError'{0x000000008bcfa928}: Found class java.lang.Object, but interface was expected> (0x000000008bcfa928) 
thrown [s\open\src\hotspot\share\interpreter\linkResolver.cpp, line 841]
Event: 3.713 Thread 0x000001a3bec03590 Exception <a 'java/io/FileNotFoundException'{0x000000008bad6ca8}> (0x000000008bad6ca8) 
thrown [s\open\src\hotspot\share\prims\jni.cpp, line 520]
Event: 3.714 Thread 0x000001a3bec03590 Exception <a 'java/io/FileNotFoundException'{0x000000008bad8898}> (0x000000008bad8898) 
thrown [s\open\src\hotspot\share\prims\jni.cpp, line 520]
Event: 3.719 Thread 0x000001a3bec03590 Exception <a 'java/io/FileNotFoundException'{0x000000008bade9f8}> (0x000000008bade9f8) 
thrown [s\open\src\hotspot\share\prims\jni.cpp, line 520]
Event: 3.719 Thread 0x000001a3bec03590 Exception <a 'java/io/FileNotFoundException'{0x000000008bae0048}> (0x000000008bae0048) 
thrown [s\open\src\hotspot\share\prims\jni.cpp, line 520]
Event: 3.752 Thread 0x000001a3bec03590 Exception <a 'java/lang/NoSuchMethodError'{0x000000008b9e3bf0}: 'int java.lang.invoke.DirectMethodHandle$Holder.invokeSpecial(java.lang.Object, java.lang.Object, int)'> (0x000000008b9e3bf0) 
thrown [s\open\src\hotspot\share\interpreter\linkResolver.cpp, line 774]
Event: 3.822 Thread 0x000001a3bec03590 Exception <a 'java/lang/NoSuchMethodError'{0x000000008b8fbf30}: 'java.lang.Object java.lang.invoke.DirectMethodHandle$Holder.newInvokeSpecial(java.lang.Object, java.lang.Object, int)'> (0x000000008b8fbf30) 
thrown [s\open\src\hotspot\share\interpreter\linkResolver.cpp, line 774]
Event: 3.883 Thread 0x000001a3be60e7f0 Exception <a 'java/lang/NoSuchMethodError'{0x000000008b7e7ae0}: 'int java.lang.invoke.DirectMethodHandle$Holder.invokeStaticInit(java.lang.Object, java.lang.Object)'> (0x000000008b7e7ae0) 
thrown [s\open\src\hotspot\share\interpreter\linkResolver.cpp, line 774]
Event: 5.618 Thread 0x000001a3bec03590 Exception <a 'java/lang/NoSuchMethodError'{0x000000008b162b10}: 'long java.lang.invoke.DirectMethodHandle$Holder.invokeStatic(java.lang.Object, java.lang.Object, java.lang.Object)'> (0x000000008b162b10) 
thrown [s\open\src\hotspot\share\interpreter\linkResolver.cpp, line 774]
Event: 5.618 Thread 0x000001a3bec03590 Exception <a 'java/lang/NoSuchMethodError'{0x000000008b165f10}: 'long java.lang.invoke.DirectMethodHandle$Holder.invokeStaticInit(java.lang.Object, java.lang.Object, java.lang.Object)'> (0x000000008b165f10) 
thrown [s\open\src\hotspot\share\interpreter\linkResolver.cpp, line 774]
Event: 5.621 Thread 0x000001a3bec03590 Exception <a 'java/lang/NoSuchMethodError'{0x000000008b17ab88}: 'java.lang.Object java.lang.invoke.DirectMethodHandle$Holder.newInvokeSpecial(java.lang.Object, java.lang.Object, long)'> (0x000000008b17ab88) 
thrown [s\open\src\hotspot\share\interpreter\linkResolver.cpp, line 774]
Event: 5.621 Thread 0x000001a3bec03590 Exception <a 'java/lang/NoSuchMethodError'{0x000000008b17e730}: 'java.lang.Object java.lang.invoke.Invokers$Holder.linkToTargetMethod(java.lang.Object, long, java.lang.Object)'> (0x000000008b17e730) 
thrown [s\open\src\hotspot\share\interpreter\linkResolver.cpp, line 774]
Event: 6.209 Thread 0x000001a3bec03590 Exception <a 'java/lang/ClassNotFoundException'{0x000000008ab18b10}: com/sun/javafx/scene/control/skin/resources/controls> (0x000000008ab18b10) 
thrown [s\open\src\hotspot\share\prims\jni.cpp, line 539]
Event: 6.210 Thread 0x000001a3bec03590 Exception <a 'java/lang/ClassNotFoundException'{0x000000008ab274f8}: com/sun/javafx/scene/control/skin/resources/controls_id> (0x000000008ab274f8) 
thrown [s\open\src\hotspot\share\prims\jni.cpp, line 539]
Event: 6.210 Thread 0x000001a3bec03590 Exception <a 'java/lang/ClassNotFoundException'{0x000000008ab29f58}: com/sun/javafx/scene/control/skin/resources/controls_id_ID> (0x000000008ab29f58) 
thrown [s\open\src\hotspot\share\prims\jni.cpp, line 539]

ZGC Phase Switch (0 events):
No events

VM Operations (20 events):
Event: 2.681 Executing VM operation: HandshakeAllThreads (Deoptimize)
Event: 2.681 Executing VM operation: HandshakeAllThreads (Deoptimize) done
Event: 2.681 Executing VM operation: Cleanup
Event: 2.682 Executing VM operation: Cleanup done
Event: 2.814 Executing VM operation: HandshakeAllThreads (Deoptimize)
Event: 2.814 Executing VM operation: HandshakeAllThreads (Deoptimize) done
Event: 2.997 Executing VM operation: HandshakeAllThreads (Deoptimize)
Event: 2.998 Executing VM operation: HandshakeAllThreads (Deoptimize) done
Event: 3.113 Executing VM operation: HandshakeAllThreads (Deoptimize)
Event: 3.113 Executing VM operation: HandshakeAllThreads (Deoptimize) done
Event: 3.237 Executing VM operation: G1CollectForAllocation (G1 Evacuation Pause)
Event: 3.254 Executing VM operation: G1CollectForAllocation (G1 Evacuation Pause) done
Event: 3.758 Executing VM operation: HandshakeAllThreads (Deoptimize)
Event: 3.758 Executing VM operation: HandshakeAllThreads (Deoptimize) done
Event: 4.001 Executing VM operation: ICBufferFull
Event: 4.001 Executing VM operation: ICBufferFull done
Event: 5.002 Executing VM operation: Cleanup
Event: 5.002 Executing VM operation: Cleanup done
Event: 6.003 Executing VM operation: Cleanup
Event: 6.003 Executing VM operation: Cleanup done

Events (20 events):
Event: 0.078 Thread 0x000001a3be0ae8a0 Thread added: 0x000001a3be0ae8a0
Event: 0.079 Thread 0x000001a3be0af5c0 Thread added: 0x000001a3be0af5c0
Event: 0.079 Thread 0x000001a3be0b1780 Thread added: 0x000001a3be0b1780
Event: 0.079 Thread 0x000001a3be0b2670 Thread added: 0x000001a3be0b2670
Event: 0.079 Thread 0x000001a3be0b50e0 Thread added: 0x000001a3be0b50e0
Event: 0.079 Thread 0x000001a3be0b5c70 Thread added: 0x000001a3be0b5c70
Event: 0.079 Thread 0x000001a3be0bc050 Thread added: 0x000001a3be0bc050
Event: 0.079 Thread 0x000001a3be0e6190 Thread added: 0x000001a3be0e6190
Event: 0.168 Thread 0x000001a3be081540 Thread added: 0x000001a3be081540
Event: 0.456 Thread 0x000001a3be62f170 Thread added: 0x000001a3be62f170
Event: 0.456 Thread 0x000001a3be62f800 Thread added: 0x000001a3be62f800
Event: 0.465 Thread 0x000001a3be649080 Thread added: 0x000001a3be649080
Event: 0.504 Thread 0x000001a3be5d19f0 Thread added: 0x000001a3be5d19f0
Event: 0.933 Thread 0x000001a3be60e7f0 Thread added: 0x000001a3be60e7f0
Event: 1.120 Thread 0x000001a3bebf2860 Thread added: 0x000001a3bebf2860
Event: 1.125 Thread 0x000001a3bec03590 Thread added: 0x000001a3bec03590
Event: 1.673 Thread 0x000001a4093de5b0 Thread added: 0x000001a4093de5b0
Event: 1.771 Thread 0x000001a40945f450 Thread added: 0x000001a40945f450
Event: 3.157 Thread 0x000001a4097edb50 Thread added: 0x000001a4097edb50
Event: 3.999 Thread 0x000001a409f6fe20 Thread added: 0x000001a409f6fe20


Dynamic libraries:
0x00007ff694d20000 - 0x00007ff694d30000 	C:\Program Files\Java\jdk-22\bin\java.exe
0x00007fff08fb0000 - 0x00007fff091c7000 	C:\WINDOWS\SYSTEM32\ntdll.dll
0x00007fff07a00000 - 0x00007fff07ac4000 	C:\WINDOWS\System32\KERNEL32.DLL
0x00007fff06610000 - 0x00007fff069bd000 	C:\WINDOWS\System32\KERNELBASE.dll
0x00007fff06bd0000 - 0x00007fff06ce1000 	C:\WINDOWS\System32\ucrtbase.dll
0x00007ffef2ab0000 - 0x00007ffef2ac7000 	C:\Program Files\Java\jdk-22\bin\jli.dll
0x00007ffefd490000 - 0x00007ffefd4ab000 	C:\Program Files\Java\jdk-22\bin\VCRUNTIME140.dll
0x00007fff08cb0000 - 0x00007fff08d62000 	C:\WINDOWS\System32\ADVAPI32.dll
0x00007fff06e90000 - 0x00007fff06f37000 	C:\WINDOWS\System32\msvcrt.dll
0x00007fff07f80000 - 0x00007fff08029000 	C:\WINDOWS\System32\sechost.dll
0x00007fff065e0000 - 0x00007fff06608000 	C:\WINDOWS\System32\bcrypt.dll
0x00007fff07e60000 - 0x00007fff07f74000 	C:\WINDOWS\System32\RPCRT4.dll
0x00007fff073c0000 - 0x00007fff0756e000 	C:\WINDOWS\System32\USER32.dll
0x00007fff06ae0000 - 0x00007fff06b06000 	C:\WINDOWS\System32\win32u.dll
0x00007ffeefab0000 - 0x00007ffeefd43000 	C:\WINDOWS\WinSxS\amd64_microsoft.windows.common-controls_6595b64144ccf1df_6.0.22621.3672_none_2713b9d173822955\COMCTL32.dll
0x00007fff06cf0000 - 0x00007fff06d19000 	C:\WINDOWS\System32\GDI32.dll
0x00007fff062e0000 - 0x00007fff063f9000 	C:\WINDOWS\System32\gdi32full.dll
0x00007fff069c0000 - 0x00007fff06a5a000 	C:\WINDOWS\System32\msvcp_win.dll
0x00007ffefe050000 - 0x00007ffefe05a000 	C:\WINDOWS\SYSTEM32\VERSION.dll
0x00007fff08f20000 - 0x00007fff08f51000 	C:\WINDOWS\System32\IMM32.DLL
0x00007ffefef50000 - 0x00007ffefef5c000 	C:\Program Files\Java\jdk-22\bin\vcruntime140_1.dll
0x00007ffeeb450000 - 0x00007ffeeb4de000 	C:\Program Files\Java\jdk-22\bin\msvcp140.dll
0x00007ffe7d060000 - 0x00007ffe7dda7000 	C:\Program Files\Java\jdk-22\bin\server\jvm.dll
0x00007fff08d70000 - 0x00007fff08de1000 	C:\WINDOWS\System32\WS2_32.dll
0x00007fff05170000 - 0x00007fff051bd000 	C:\WINDOWS\SYSTEM32\POWRPROF.dll
0x00007ffefc7d0000 - 0x00007ffefc804000 	C:\WINDOWS\SYSTEM32\WINMM.dll
0x00007fff05150000 - 0x00007fff05163000 	C:\WINDOWS\SYSTEM32\UMPDC.dll
0x00007fff053a0000 - 0x00007fff053b8000 	C:\WINDOWS\SYSTEM32\kernel.appcore.dll
0x00007ffefdff0000 - 0x00007ffefdffa000 	C:\Program Files\Java\jdk-22\bin\jimage.dll
0x00007fff03db0000 - 0x00007fff03fe2000 	C:\WINDOWS\SYSTEM32\DBGHELP.DLL
0x00007fff07670000 - 0x00007fff079f8000 	C:\WINDOWS\System32\combase.dll
0x00007fff07cf0000 - 0x00007fff07dc7000 	C:\WINDOWS\System32\OLEAUT32.dll
0x00007ffed4800000 - 0x00007ffed4832000 	C:\WINDOWS\SYSTEM32\dbgcore.DLL
0x00007fff06a60000 - 0x00007fff06adb000 	C:\WINDOWS\System32\bcryptPrimitives.dll
0x00007ffed9630000 - 0x00007ffed966c000 	C:\Program Files\Java\jdk-22\bin\jdwp.dll
0x00007ffef2aa0000 - 0x00007ffef2aaf000 	C:\Program Files\Java\jdk-22\bin\instrument.dll
0x00007ffef0090000 - 0x00007ffef00ae000 	C:\Program Files\Java\jdk-22\bin\java.dll
0x00007fff08030000 - 0x00007fff0888f000 	C:\WINDOWS\System32\SHELL32.dll
0x00007fff07ae0000 - 0x00007fff07c85000 	C:\WINDOWS\System32\ole32.dll
0x00007ffef0050000 - 0x00007ffef0067000 	C:\Program Files\Java\jdk-22\bin\zip.dll
0x00007fff04230000 - 0x00007fff04b2c000 	C:\WINDOWS\SYSTEM32\windows.storage.dll
0x00007fff040f0000 - 0x00007fff0422f000 	C:\WINDOWS\SYSTEM32\wintypes.dll
0x00007fff08890000 - 0x00007fff08984000 	C:\WINDOWS\System32\SHCORE.dll
0x00007fff06d20000 - 0x00007fff06d7e000 	C:\WINDOWS\System32\shlwapi.dll
0x00007fff06210000 - 0x00007fff06231000 	C:\WINDOWS\SYSTEM32\profapi.dll
0x00007ffed3f10000 - 0x00007ffed3fe7000 	C:\Program Files\Java\jdk-22\bin\jsvml.dll
0x00007ffefd480000 - 0x00007ffefd490000 	C:\Program Files\Java\jdk-22\bin\net.dll
0x00007fff05870000 - 0x00007fff058d9000 	C:\WINDOWS\system32\mswsock.dll
0x00007ffef0070000 - 0x00007ffef0086000 	C:\Program Files\Java\jdk-22\bin\nio.dll
0x00007ffeedfb0000 - 0x00007ffeedfbc000 	C:\Program Files\Java\jdk-22\bin\dt_socket.dll
0x00007fff04e00000 - 0x00007fff04e2d000 	C:\WINDOWS\SYSTEM32\IPHLPAPI.DLL
0x000001a3bee10000 - 0x000001a3bee13000 	C:\Users\match\.openjfx\cache\21+31\amd64\api-ms-win-core-console-l1-1-0.dll
0x000001a3bee20000 - 0x000001a3bee23000 	C:\Users\match\.openjfx\cache\21+31\amd64\api-ms-win-core-console-l1-2-0.dll
0x000001a3bee30000 - 0x000001a3bee33000 	C:\Users\match\.openjfx\cache\21+31\amd64\api-ms-win-core-datetime-l1-1-0.dll
0x000001a3bee40000 - 0x000001a3bee43000 	C:\Users\match\.openjfx\cache\21+31\amd64\api-ms-win-core-debug-l1-1-0.dll
0x000001a3bee50000 - 0x000001a3bee53000 	C:\Users\match\.openjfx\cache\21+31\amd64\api-ms-win-core-errorhandling-l1-1-0.dll
0x000001a3bee60000 - 0x000001a3bee64000 	C:\Users\match\.openjfx\cache\21+31\amd64\api-ms-win-core-file-l1-1-0.dll
0x000001a3bee70000 - 0x000001a3bee73000 	C:\Users\match\.openjfx\cache\21+31\amd64\api-ms-win-core-file-l1-2-0.dll
0x000001a3bee80000 - 0x000001a3bee83000 	C:\Users\match\.openjfx\cache\21+31\amd64\api-ms-win-core-file-l2-1-0.dll
0x000001a3bee90000 - 0x000001a3bee93000 	C:\Users\match\.openjfx\cache\21+31\amd64\api-ms-win-core-handle-l1-1-0.dll
0x000001a3beea0000 - 0x000001a3beea3000 	C:\Users\match\.openjfx\cache\21+31\amd64\api-ms-win-core-heap-l1-1-0.dll
0x000001a3beeb0000 - 0x000001a3beeb3000 	C:\Users\match\.openjfx\cache\21+31\amd64\api-ms-win-core-interlocked-l1-1-0.dll
0x000001a3beec0000 - 0x000001a3beec3000 	C:\Users\match\.openjfx\cache\21+31\amd64\api-ms-win-core-libraryloader-l1-1-0.dll
0x000001a3beed0000 - 0x000001a3beed3000 	C:\Users\match\.openjfx\cache\21+31\amd64\api-ms-win-core-localization-l1-2-0.dll
0x000001a3beee0000 - 0x000001a3beee3000 	C:\Users\match\.openjfx\cache\21+31\amd64\api-ms-win-core-memory-l1-1-0.dll
0x000001a3beef0000 - 0x000001a3beef3000 	C:\Users\match\.openjfx\cache\21+31\amd64\api-ms-win-core-namedpipe-l1-1-0.dll
0x000001a3bef00000 - 0x000001a3bef03000 	C:\Users\match\.openjfx\cache\21+31\amd64\api-ms-win-core-processenvironment-l1-1-0.dll
0x000001a3bef10000 - 0x000001a3bef13000 	C:\Users\match\.openjfx\cache\21+31\amd64\api-ms-win-core-processthreads-l1-1-0.dll
0x000001a3bef20000 - 0x000001a3bef23000 	C:\Users\match\.openjfx\cache\21+31\amd64\api-ms-win-core-processthreads-l1-1-1.dll
0x000001a3bef30000 - 0x000001a3bef33000 	C:\Users\match\.openjfx\cache\21+31\amd64\api-ms-win-core-profile-l1-1-0.dll
0x000001a3bef40000 - 0x000001a3bef43000 	C:\Users\match\.openjfx\cache\21+31\amd64\api-ms-win-core-rtlsupport-l1-1-0.dll
0x000001a3bef50000 - 0x000001a3bef53000 	C:\Users\match\.openjfx\cache\21+31\amd64\api-ms-win-core-string-l1-1-0.dll
0x000001a3bef60000 - 0x000001a3bef63000 	C:\Users\match\.openjfx\cache\21+31\amd64\api-ms-win-core-synch-l1-1-0.dll
0x000001a3bef70000 - 0x000001a3bef73000 	C:\Users\match\.openjfx\cache\21+31\amd64\api-ms-win-core-synch-l1-2-0.dll
0x000001a3bef80000 - 0x000001a3bef83000 	C:\Users\match\.openjfx\cache\21+31\amd64\api-ms-win-core-sysinfo-l1-1-0.dll
0x000001a3bef90000 - 0x000001a3bef93000 	C:\Users\match\.openjfx\cache\21+31\amd64\api-ms-win-core-timezone-l1-1-0.dll
0x000001a3befa0000 - 0x000001a3befa3000 	C:\Users\match\.openjfx\cache\21+31\amd64\api-ms-win-core-util-l1-1-0.dll
0x000001a3befb0000 - 0x000001a3befb3000 	C:\Users\match\.openjfx\cache\21+31\amd64\api-ms-win-crt-conio-l1-1-0.dll
0x000001a3befc0000 - 0x000001a3befc4000 	C:\Users\match\.openjfx\cache\21+31\amd64\api-ms-win-crt-convert-l1-1-0.dll
0x000001a3befd0000 - 0x000001a3befd3000 	C:\Users\match\.openjfx\cache\21+31\amd64\api-ms-win-crt-environment-l1-1-0.dll
0x000001a3befe0000 - 0x000001a3befe3000 	C:\Users\match\.openjfx\cache\21+31\amd64\api-ms-win-crt-filesystem-l1-1-0.dll
0x000001a3beff0000 - 0x000001a3beff3000 	C:\Users\match\.openjfx\cache\21+31\amd64\api-ms-win-crt-heap-l1-1-0.dll
0x000001a404000000 - 0x000001a404003000 	C:\Users\match\.openjfx\cache\21+31\amd64\api-ms-win-crt-locale-l1-1-0.dll
0x000001a404010000 - 0x000001a404015000 	C:\Users\match\.openjfx\cache\21+31\amd64\api-ms-win-crt-math-l1-1-0.dll
0x000001a404020000 - 0x000001a404025000 	C:\Users\match\.openjfx\cache\21+31\amd64\api-ms-win-crt-multibyte-l1-1-0.dll
0x000001a404030000 - 0x000001a404040000 	C:\Users\match\.openjfx\cache\21+31\amd64\api-ms-win-crt-private-l1-1-0.dll
0x000001a404040000 - 0x000001a404043000 	C:\Users\match\.openjfx\cache\21+31\amd64\api-ms-win-crt-process-l1-1-0.dll
0x000001a404050000 - 0x000001a404054000 	C:\Users\match\.openjfx\cache\21+31\amd64\api-ms-win-crt-runtime-l1-1-0.dll
0x000001a404060000 - 0x000001a404064000 	C:\Users\match\.openjfx\cache\21+31\amd64\api-ms-win-crt-stdio-l1-1-0.dll
0x000001a404070000 - 0x000001a404074000 	C:\Users\match\.openjfx\cache\21+31\amd64\api-ms-win-crt-string-l1-1-0.dll
0x000001a404080000 - 0x000001a404083000 	C:\Users\match\.openjfx\cache\21+31\amd64\api-ms-win-crt-time-l1-1-0.dll
0x000001a404090000 - 0x000001a404093000 	C:\Users\match\.openjfx\cache\21+31\amd64\api-ms-win-crt-utility-l1-1-0.dll
0x00007ffea08e0000 - 0x00007ffea09dc000 	C:\Users\match\.openjfx\cache\21+31\amd64\ucrtbase.dll
0x00007ffeeb7c0000 - 0x00007ffeeb7db000 	C:\Users\match\.openjfx\cache\21+31\amd64\vcruntime140.dll
0x00007ffeeb7b0000 - 0x00007ffeeb7bc000 	C:\Users\match\.openjfx\cache\21+31\amd64\vcruntime140_1.dll
0x00007ffed3e00000 - 0x00007ffed3e8e000 	C:\Users\match\.openjfx\cache\21+31\amd64\msvcp140.dll
0x00007ffeeb440000 - 0x00007ffeeb449000 	C:\Users\match\.openjfx\cache\21+31\amd64\msvcp140_1.dll
0x00007ffecdae0000 - 0x00007ffecdb0f000 	C:\Users\match\.openjfx\cache\21+31\amd64\msvcp140_2.dll
0x00007ffeca130000 - 0x00007ffeca15f000 	C:\Users\match\.openjfx\cache\21+31\amd64\prism_d3d.dll
0x00007ffef1090000 - 0x00007ffef1238000 	C:\WINDOWS\system32\d3d9.dll
0x00007fff034a0000 - 0x00007fff034cb000 	C:\WINDOWS\SYSTEM32\dwmapi.dll
0x00007fff03320000 - 0x00007fff03359000 	C:\WINDOWS\SYSTEM32\dxcore.dll
0x00007fff03210000 - 0x00007fff032bf000 	C:\WINDOWS\system32\uxtheme.dll
0x00007ffefb010000 - 0x00007ffefb059000 	C:\WINDOWS\SYSTEM32\directxdatabasehelper.dll
0x00007fff05b30000 - 0x00007fff05b42000 	C:\WINDOWS\SYSTEM32\msasn1.dll
0x00007ffefb4e0000 - 0x00007ffefb512000 	C:\WINDOWS\SYSTEM32\cryptnet.dll
0x00007fff06470000 - 0x00007fff065d7000 	C:\WINDOWS\System32\CRYPT32.dll
0x00007fff05af0000 - 0x00007fff05afc000 	C:\WINDOWS\SYSTEM32\cryptbase.dll
0x00007fff06400000 - 0x00007fff0646b000 	C:\WINDOWS\System32\WINTRUST.DLL
0x00007fff08e50000 - 0x00007fff08e6f000 	C:\WINDOWS\System32\imagehlp.dll
0x00007fff05ad0000 - 0x00007fff05aeb000 	C:\WINDOWS\SYSTEM32\CRYPTSP.dll
0x00007fff05360000 - 0x00007fff05395000 	C:\WINDOWS\system32\rsaenh.dll
0x00007ffec5550000 - 0x00007ffec5592000 	C:\Users\match\.openjfx\cache\21+31\amd64\glass.dll
0x00007fff06d90000 - 0x00007fff06e88000 	C:\WINDOWS\System32\COMDLG32.dll
0x00007fff08b50000 - 0x00007fff08ca3000 	C:\WINDOWS\System32\MSCTF.dll
0x00007ffed49f0000 - 0x00007ffed4af7000 	C:\WINDOWS\System32\DriverStore\FileRepository\nvam.inf_amd64_73ddbc5a9852db46\nvldumdx.dll
0x00007ffef3a80000 - 0x00007ffef3bd8000 	C:\WINDOWS\SYSTEM32\drvstore.dll
0x00007fff05fe0000 - 0x00007fff0600c000 	C:\WINDOWS\SYSTEM32\devobj.dll
0x00007fff05f90000 - 0x00007fff05fde000 	C:\WINDOWS\SYSTEM32\cfgmgr32.dll
0x00007fff05ba0000 - 0x00007fff05be9000 	C:\WINDOWS\SYSTEM32\wldp.dll
0x00007ffe678e0000 - 0x00007ffe6906a000 	C:\WINDOWS\System32\DriverStore\FileRepository\nvam.inf_amd64_73ddbc5a9852db46\nvd3dumx.dll
0x00007fff05900000 - 0x00007fff05926000 	C:\WINDOWS\SYSTEM32\gpapi.dll
0x00007ffea0770000 - 0x00007ffea08d4000 	C:\WINDOWS\System32\DriverStore\FileRepository\iigd_dch.inf_amd64_044fd6f0c2ae28a8\igdumdim64.dll
0x00007ffe62fb0000 - 0x00007ffe678dc000 	C:\WINDOWS\System32\DriverStore\FileRepository\iigd_dch.inf_amd64_044fd6f0c2ae28a8\igd9dxva64.dll
0x00007fff06f40000 - 0x00007fff073b4000 	C:\WINDOWS\System32\SETUPAPI.dll
0x00007ffef73b0000 - 0x00007ffef7674000 	C:\WINDOWS\System32\DriverStore\FileRepository\iigd_dch.inf_amd64_044fd6f0c2ae28a8\igdgmm64.dll
0x00007ffef27c0000 - 0x00007ffef27e7000 	C:\WINDOWS\System32\DriverStore\FileRepository\iigd_dch.inf_amd64_044fd6f0c2ae28a8\igdinfo64.dll
0x00007ffef4580000 - 0x00007ffef7114000 	C:\WINDOWS\System32\DriverStore\FileRepository\iigd_dch.inf_amd64_044fd6f0c2ae28a8\igc64.dll

dbghelp: loaded successfully - version: 4.0.5 - missing functions: none
symbol engine: initialized successfully - sym options: 0x614 - pdb path: .;C:\Program Files\Java\jdk-22\bin;C:\WINDOWS\SYSTEM32;C:\WINDOWS\WinSxS\amd64_microsoft.windows.common-controls_6595b64144ccf1df_6.0.22621.3672_none_2713b9d173822955;C:\Program Files\Java\jdk-22\bin\server;C:\Users\match\.openjfx\cache\21+31\amd64;C:\WINDOWS\System32\DriverStore\FileRepository\nvam.inf_amd64_73ddbc5a9852db46;C:\WINDOWS\System32\DriverStore\FileRepository\iigd_dch.inf_amd64_044fd6f0c2ae28a8;C:\Program Files\Common Files\Microsoft Shared\Ink

VM Arguments:
jvm_args: -agentlib:jdwp=transport=dt_socket,address=127.0.0.1:53103,suspend=y,server=n -javaagent:C:\Users\match\AppData\Local\JetBrains\IntelliJIdea2024.1\captureAgent\debugger-agent.jar -Dfile.encoding=UTF-8 -Dsun.stdout.encoding=UTF-8 -Dsun.stderr.encoding=UTF-8 --module-path=C:\Users\match\OneDrive\Desktop\MovieTicketBookingManagement\target\classes;C:\Users\match\.m2\repository\org\openjfx\javafx-fxml\21\javafx-fxml-21-win.jar;C:\Users\match\.m2\repository\org\openjfx\javafx-controls\21\javafx-controls-21-win.jar;C:\Users\match\.m2\repository\org\openjfx\javafx-base\21\javafx-base-21-win.jar;C:\Users\match\.m2\repository\org\codehaus\woodstox\stax2-api\4.2.2\stax2-api-4.2.2.jar;C:\Users\match\.m2\repository\org\openjfx\javafx-graphics\21\javafx-graphics-21-win.jar;C:\Users\match\.m2\repository\net\sf\jasperreports\jasperreports\7.0.0\jasperreports-7.0.0.jar;C:\Users\match\.m2\repository\com\fasterxml\woodstox\woodstox-core\6.6.2\woodstox-core-6.6.2.jar -Djdk.module.main=com.mycompany.movieticketbookingmanagement 
java_command: com.mycompany.movieticketbookingmanagement/com.mycompany.movieticketbookingmanagement.App
java_class_path (initial): C:\Users\match\.m2\repository\org\apache\commons\commons-collections4\4.4\commons-collections4-4.4.jar;C:\Users\match\.m2\repository\com\fasterxml\jackson\core\jackson-core\2.17.1\jackson-core-2.17.1.jar;C:\Users\match\.m2\repository\com\fasterxml\jackson\core\jackson-annotations\2.17.1\jackson-annotations-2.17.1.jar;C:\Users\match\.m2\repository\com\fasterxml\jackson\core\jackson-databind\2.17.1\jackson-databind-2.17.1.jar;C:\Users\match\.m2\repository\com\fasterxml\jackson\dataformat\jackson-dataformat-xml\2.17.1\jackson-dataformat-xml-2.17.1.jar;C:\Users\match\.m2\repository\org\apache\xmlgraphics\batik-anim\1.17\batik-anim-1.17.jar;C:\Users\match\.m2\repository\org\apache\xmlgraphics\batik-ext\1.17\batik-ext-1.17.jar;C:\Users\match\.m2\repository\org\apache\xmlgraphics\batik-parser\1.17\batik-parser-1.17.jar;C:\Users\match\.m2\repository\org\apache\xmlgraphics\batik-shared-resources\1.17\batik-shared-resources-1.17.jar;C:\Users\match\.m2\repository\org\apache\xmlgraphics\batik-bridge\1.17\batik-bridge-1.17.jar;C:\Users\match\.m2\repository\org\apache\xmlgraphics\batik-script\1.17\batik-script-1.17.jar;C:\Users\match\.m2\repository\org\apache\xmlgraphics\batik-xml\1.17\batik-xml-1.17.jar;C:\Users\match\.m2\repository\org\apache\xmlgraphics\xmlgraphics-commons\2.9\xmlgraphics-commons-2.9.jar;C:\Users\match\.m2\repository\org\apache\xmlgraphics\batik-dom\1.17\batik-dom-1.17.jar;C:\Users\match\.m2\repository\org\apache\xmlgraphics\batik-svg-dom\1.17\batik-svg-dom-1.17.jar;C:\Users\match\.m2\repository\org\apache\xmlgraphics\batik-awt-util\1.17\batik-awt-util-1.17.jar;C:\Users\match\.m2\repository\org\apache\xmlgraphics\batik-gvt\1.17\batik-gvt-1.17.jar;C:\Users\match\.m2\repository\org\apache\xmlgraphics\batik-util\1.17\batik-util-1.17.jar;C:\Users\match\.m2\repository\org\apache\xmlgraphics\batik-i18n\1.17\batik-i18n-1.17.jar;C:\Users\match\.m2\repository\org\apache\xmlgraphics\batik-constants\1.17\batik-constants-1.17.jar;C:\Users\match\.m2\repository\org\apache\xmlgraphics\batik-css\1.17\batik-css-1.17.jar;C:\Users\match\.m2\repository\xml-apis\xml-apis-ext\1.3.04\xml-apis-ext-1.3.04.jar;C:\Users\match\.m2\repository\commons-beanutils\commons-beanutils\1.9.4\commons-beanutils-1.9.4.jar;C:\Users\match\.m2\repository\commons-collections\commons-collections\3.2.2\commons-collections-3.2.2.jar;C:\Users\match\.m2\repository\net\sf\jasperreports\jasperreports-fonts\7.0.0\jasperreports-fonts-7.0.0.jar;C:\Users\match\.m2\repository\net\sf\jasperreports\jasperreports-excel-poi\7.0.0\jasperreports-excel-poi-7.0.0.jar;C:\Users\match\.m2\repository\org\apache\poi\poi\5.2.2\poi-5.2.2.jar;C:\Users\match\.m2\repository\commons-codec\commons-codec\1.15\commons-codec-1.15.jar;C:\Users\match\.m2\repository\org\apache\commons\commons-math3\3.6.1\commons-math3-3.6.1.jar;C:\Users\match\.m2\repository\commons-io\commons-io\2.11.0\commons-io-2.11.0.jar;C:\Users\match\.m2\repository\com\zaxxer\SparseBitSet\1.2\SparseBitSet-1.2.jar;C:\Users\match\.m2\repository\org\apache\poi\poi-ooxml\5.2.2\poi-ooxml-5.2.2.jar;C:\Users\match\.m2\repository\org\apache\poi\poi-ooxml-lite\5.2.2\poi-ooxml-lite-5.2.2.jar;C:\Users\match\.m2\repository\org\apache\xmlbeans\xmlbeans\5.0.3\xmlbeans-5.0.3.jar;C:\Users\match\.m2\repository\org\apache\commons\commons-compress\1.21\commons-compress-1.21.jar;C:\Users\match\.m2\repository\com\github\virtuald\curvesapi\1.07\curvesapi-1.07.jar;C:\Users\match\.m2\repository\net\sf\jasperreports\jasperreports-data-adapters\7.0.0\jasperreports-data-adapters-7.0.0.jar;C:\Users\match\.m2\repository\net\sf\jasperreports\jasperreports-json\7.0.0\jasperreports-json-7.0.0.jar;C:\Users\match\.m2\repository\antlr\antlr\2.7.7\antlr-2.7.7.jar;C:\Users\match\.m2\repository\org\apache\pdfbox\pdfbox\2.0.24\pdfbox-2.0.24.jar;C:\Users\match\.m2\repository\org\apache\pdfbox\fontbox\2.0.24\fontbox-2.0.24.jar;C:\Users\match\.m2\repository\net\sf\jasperreports\jasperreports-pdf\7.0.0\jasperreports-pdf-7.0.0.jar;C:\Users\match\.m2\repository\com\github\librepdf\openpdf\1.3.32\openpdf-1.3.32.jar;C:\Users\match\.m2\repository\com\adobe\xmp\xmpcore\6.1.11\xmpcore-6.1.11.jar;C:\Users\match\.m2\repository\commons-logging\commons-logging\1.2\commons-logging-1.2.jar;C:\Users\match\.m2\repository\org\apache\logging\log4j\log4j-core\2.17.1\log4j-core-2.17.1.jar;C:\Users\match\.m2\repository\org\apache\logging\log4j\log4j-api\2.17.1\log4j-api-2.17.1.jar;C:\Users\match\.m2\repository\de\jensd\fontawesomefx-fontawesome\4.7.0-9.1.2\fontawesomefx-fontawesome-4.7.0-9.1.2.jar;C:\Users\match\.m2\repository\de\jensd\fontawesomefx-commons\9.1.2\fontawesomefx-commons-9.1.2.jar;C:\Users\match\.m2\repository\org\openjfx\javafx-controls\21\javafx-controls-21.jar;C:\Users\match\.m2\repository\org\openjfx\javafx-graphics\21\javafx-graphics-21.jar;C:\Users\match\.m2\repository\org\openjfx\javafx-base\21\javafx-base-21.jar;C:\Users\match\.m2\repository\org\openjfx\javafx-fxml\21\javafx-fxml-21.jar;C:\Users\match\.m2\repository\org\openjfx\javafx-web\21\javafx-web-21.jar;C:\Users\match\.m2\repository\org\openjfx\javafx-web\21\javafx-web-21-win.jar;C:\Users\match\.m2\repository\org\openjfx\javafx-swing\21\javafx-swing-21.jar;C:\Users\match\.m2\repository\org\openjfx\javafx-swing\21\javafx-swing-21-win.jar;C:\Users\match\.m2\repository\org\openjfx\javafx-media\21\javafx-media-21.jar;C:\Users\match\.m2\repository\org\openjfx\javafx-media\21\javafx-media-21-win.jar;C:\Users\match\.m2\repository\org\controlsfx\controlsfx\11.1.2\controlsfx-11.1.2.jar;C:\Users\match\.m2\repository\com\dlsc\formsfx\formsfx-core\11.6.0\formsfx-core-11.6.0.jar;C:\Users\match\.m2\repository\net\synedra\validatorfx\0.4.0\validatorfx-0.4.0.jar;C:\Users\match\.m2\repository\org\kordamp\ikonli\ikonli-javafx\12.3.1\ikonli-javafx-12.3.1.jar;C:\Users\match\.m2\repository\org\kordamp\ikonli\ikonli-core\12.3.1\ikonli-core-12.3.1.jar;C:\Users\match\.m2\repository\org\kordamp\bootstrapfx\bootstrapfx-core\0.4.0\bootstrapfx-core-0.4.0.jar;C:\Users\match\.m2\repository\eu\hansolo\tilesfx\11.48\tilesfx-11.48.jar;C:\Users\match\.m2\repository\com\github\almasb\fxgl\17.3\fxgl-17.3.jar;C:\Users\match\.m2\repository\com\github\almasb\fxgl-core\17.3\fxgl-core-17.3.jar;C:\Users\match\.m2\repository\com\gluonhq\attach\audio\4.0.17\audio-4.0.17.jar;C:\Users\match\.m2\repository\com\github\almasb\fxgl-io\17.3\fxgl-io-17.3.jar;C:\Users\match\.m2\repository\com\gluonhq\attach\storage\4.0.17\storage-4.0.17.jar;C:\Users\match\.m2\repository\com\gluonhq\attach\util\4.0.17\util-4.0.17.jar;C:\Users\match\.m2\repository\com\github\almasb\fxgl-entity\17.3\fxgl-entity-17.3.jar;C:\Users\match\.m2\repository\com\github\almasb\fxgl-scene\17.3\fxgl-scene-17.3.jar;C:\Users\match\.m2\repository\com\github\almasb\fxgl-gameplay\17.3\fxgl-gameplay-17.3.jar;C:\Users\match\.m2\repository\com\gluonhq\attach\lifecycle\4.0.17\lifecycle-4.0.17.jar;C:\Users\match\.m2\repository\org\jetbrains\kotlin\kotlin-stdlib\1.8.10\kotlin-stdlib-1.8.10.jar;C:\Users\match\.m2\repository\org\jetbrains\kotlin\kotlin-stdlib-common\1.8.10\kotlin-stdlib-common-1.8.10.jar;C:\Users\match\.m2\repository\org\jetbrains\annotations\13.0\annotations-13.0.jar;C:\Users\match\.m2\repository\mysql\mysql-connector-java\8.0.30\mysql-connector-java-8.0.30.jar;C:\Users\match\.m2\repository\com\google\protobuf\protobuf-java\3.19.4\protobuf-java-3.19.4.jar;C:\Users\match\.m2\repository\com\oracle\database\jdbc\ojdbc8\19.8.0.0\ojdbc8-19.8.0.0.jar;C:\Program Files\JetBrains\IntelliJ IDEA 2024.1.2\lib\idea_rt.jar
Launcher Type: SUN_STANDARD

[Global flags]
     intx CICompilerCount                          = 4                                         {product} {ergonomic}
     uint ConcGCThreads                            = 2                                         {product} {ergonomic}
     uint G1ConcRefinementThreads                  = 8                                         {product} {ergonomic}
   size_t G1HeapRegionSize                         = 1048576                                   {product} {ergonomic}
   size_t InitialHeapSize                          = 130023424                                 {product} {ergonomic}
   size_t MarkStackSize                            = 4194304                                   {product} {ergonomic}
   size_t MaxHeapSize                              = 2067791872                                {product} {ergonomic}
   size_t MaxNewSize                               = 1240465408                                {product} {ergonomic}
   size_t MinHeapDeltaBytes                        = 1048576                                   {product} {ergonomic}
   size_t MinHeapSize                              = 8388608                                   {product} {ergonomic}
    uintx NonNMethodCodeHeapSize                   = 5839372                                {pd product} {ergonomic}
    uintx NonProfiledCodeHeapSize                  = 122909434                              {pd product} {ergonomic}
    uintx ProfiledCodeHeapSize                     = 122909434                              {pd product} {ergonomic}
    uintx ReservedCodeCacheSize                    = 251658240                              {pd product} {ergonomic}
     bool SegmentedCodeCache                       = true                                      {product} {ergonomic}
   size_t SoftMaxHeapSize                          = 2067791872                             {manageable} {ergonomic}
     bool UseCompressedOops                        = true                           {product lp64_product} {ergonomic}
     bool UseG1GC                                  = true                                      {product} {ergonomic}
     bool UseLargePagesIndividualAllocation        = false                                  {pd product} {ergonomic}

Logging:
Log output configuration:
 #0: stdout all=warning uptime,level,tags foldmultilines=false
 #1: stderr all=off uptime,level,tags foldmultilines=false

Environment Variables:
JAVA_HOME=C:\Program Files\Java\jdk-22
PATH=C:\Program Files\Common Files\Oracle\Java\javapath;c:\Users\match\AppData\Local\Programs\cursor\resources\app\bin;C:\Program Files (x86)\Falcon\MinGW\bin;C:\Windows\system32;C:\Windows;C:\Windows\System32\Wbem;C:\Windows\System32\WindowsPowerShell\v1.0\;C:\Windows\System32\OpenSSH\;C:\WINDOWS\system32;C:\WINDOWS;C:\WINDOWS\System32\Wbem;C:\WINDOWS\System32\WindowsPowerShell\v1.0\;C:\WINDOWS\System32\OpenSSH\;C:\MinGW\bin;C:\Users\match\AppData\Local\Microsoft\WindowsApps;C:\Program Files (x86)\Nmap;C:\adb;C:\Users\match\AppData\Local\Programs\Python\Python37\;C:\Users\match\AppData\Local\Programs\Python\Python37\Scripts\;C:\Users\match\AppData\Local\Programs\Python\Python37\;C:\Users\match\AppData\Local\Microsoft\WindowsApps;C:\MinGW\bin;C:\Program;c:\Users\match\AppData\Local\Programs\cursor\resources\app\bin;C:\Program Files\Git\cmd;C:\Program Files\Maven\apache-maven-3.9.7\bin;C:\Program Files\Java\jdk-22\bin;C:\Program Files\Java\javafx-sdk-22.0.1\bin;C:\Users\match\AppData\Local\Programs\Python\Python37\Scripts\;C:\Users\match\AppData\Local\Programs\Python\Python37\;C:\Users\match\AppData\Local\Microsoft\WindowsApps;C:\MinGW\bin;C:\Program Files (x86)\Nmap;C:\Users\match\AppData\Local\spicetify;;C:\Program Files\JetBrains\IntelliJ IDEA 2024.1.2\bin;
USERNAME=match
OS=Windows_NT
PROCESSOR_IDENTIFIER=Intel64 Family 6 Model 140 Stepping 1, GenuineIntel
TMP=C:\Users\match\AppData\Local\Temp
TEMP=C:\Users\match\AppData\Local\Temp




Periodic native trim disabled

---------------  S Y S T E M  ---------------

OS:
 Windows 11 , 64 bit Build 22621 (10.0.22621.3672)
OS uptime: 6 days 0:15 hours

CPU: total 8 (initial active 8) (4 cores per cpu, 2 threads per core) family 6 model 140 stepping 1 microcode 0x86, cx8, cmov, fxsr, ht, mmx, 3dnowpref, sse, sse2, sse3, ssse3, sse4.1, sse4.2, popcnt, lzcnt, tsc, tscinvbit, avx, avx2, aes, erms, clmul, bmi1, bmi2, adx, avx512f, avx512dq, avx512cd, avx512bw, avx512vl, sha, fma, vzeroupper, avx512_vpopcntdq, avx512_vpclmulqdq, avx512_vaes, avx512_vnni, clflush, clflushopt, clwb, avx512_vbmi2, avx512_vbmi, rdtscp, rdpid, fsrm, gfni, avx512_bitalg, f16c, pku, cet_ibt, cet_ss, avx512_ifma
Processor Information for all 8 processors :
  Max Mhz: 2419, Current Mhz: 2419, Mhz Limit: 2419

Memory: 4k page, system-wide physical 7884M (327M free)
TotalPageFile size 16076M (AvailPageFile size 7M)
current process WorkingSet (physical memory assigned to process): 198M, peak: 198M
current process commit charge ("private bytes"): 327M, peak: 331M

vm_info: Java HotSpot(TM) 64-Bit Server VM (22.0.1+8-16) for windows-amd64 JRE (22.0.1+8-16), built on 2024-03-12T10:33:16Z by "mach5one" with MS VC++ 17.6 (VS2022)

END.
