#
# There is insufficient memory for the Java Runtime Environment to continue.
# Native memory allocation (malloc) failed to allocate 1257296 bytes. Error detail: Chunk::new
# Possible reasons:
#   The system is out of physical RAM or swap space
#   This process is running with CompressedOops enabled, and the Java Heap may be blocking the growth of the native heap
# Possible solutions:
#   Reduce memory load on the system
#   Increase physical memory or swap space
#   Check if swap backing store is full
#   Decrease Java heap size (-Xmx/-Xms)
#   Decrease number of Java threads
#   Decrease Java thread stack sizes (-Xss)
#   Set larger code cache with -XX:ReservedCodeCacheSize=
#   JVM is running with Unscaled Compressed Oops mode in which the Java heap is
#     placed in the first 4GB address space. The Java Heap base address is the
#     maximum limit for the native heap growth. Please use -XX:HeapBaseMinAddress
#     to set the Java Heap base and to place the Java Heap above 4GB virtual address.
# This output file may be truncated or incomplete.
#
#  Out of Memory Error (arena.cpp:150), pid=9600, tid=10084
#
# JRE version: Java(TM) SE Runtime Environment (22.0.1+8) (build 22.0.1+8-16)
# Java VM: Java HotSpot(TM) 64-Bit Server VM (22.0.1+8-16, mixed mode, sharing, tiered, compressed oops, compressed class ptrs, g1 gc, windows-amd64)
# No core dump will be written. Minidumps are not enabled by default on client versions of Windows
#

---------------  S U M M A R Y ------------

Command Line: -agentlib:jdwp=transport=dt_socket,address=127.0.0.1:53090,suspend=y,server=n -javaagent:C:\Users\match\AppData\Local\JetBrains\IntelliJIdea2024.1\captureAgent\debugger-agent.jar -Dfile.encoding=UTF-8 -Dsun.stdout.encoding=UTF-8 -Dsun.stderr.encoding=UTF-8 --module-path=C:\Users\match\OneDrive\Desktop\MovieTicketBookingManagement\target\classes;C:\Users\match\.m2\repository\org\openjfx\javafx-fxml\21\javafx-fxml-21-win.jar;C:\Users\match\.m2\repository\org\openjfx\javafx-controls\21\javafx-controls-21-win.jar;C:\Users\match\.m2\repository\org\openjfx\javafx-base\21\javafx-base-21-win.jar;C:\Users\match\.m2\repository\org\codehaus\woodstox\stax2-api\4.2.2\stax2-api-4.2.2.jar;C:\Users\match\.m2\repository\org\openjfx\javafx-graphics\21\javafx-graphics-21-win.jar;C:\Users\match\.m2\repository\net\sf\jasperreports\jasperreports\7.0.0\jasperreports-7.0.0.jar;C:\Users\match\.m2\repository\com\fasterxml\woodstox\woodstox-core\6.6.2\woodstox-core-6.6.2.jar -Djdk.module.main=com.mycompany.movieticketbookingmanagement com.mycompany.movieticketbookingmanagement/com.mycompany.movieticketbookingmanagement.App

Host: 11th Gen Intel(R) Core(TM) i5-1135G7 @ 2.40GHz, 8 cores, 7G,  Windows 11 , 64 bit Build 22621 (10.0.22621.3672)
Time: Sun Jul  7 15:51:34 2024 SE Asia Standard Time elapsed time: 6.333576 seconds (0d 0h 0m 6s)

---------------  T H R E A D  ---------------

Current thread (0x000002a4bba92670):  JavaThread "C2 CompilerThread0" daemon [_thread_in_native, id=10084, stack(0x000000cf30f00000,0x000000cf31000000) (1024K)]


Current CompileTask:
C2:6333 2280       4       java.lang.invoke.MethodType::makeImpl (109 bytes)

Stack: [0x000000cf30f00000,0x000000cf31000000]
Native frames: (J=compiled Java code, j=interpreted, Vv=VM code, C=native code)
V  [jvm.dll+0x6e2279]  (no source info available)
V  [jvm.dll+0x874e33]  (no source info available)
V  [jvm.dll+0x87725e]  (no source info available)
V  [jvm.dll+0x877933]  (no source info available)
V  [jvm.dll+0x27fd76]  (no source info available)
V  [jvm.dll+0xc3d0f]  (no source info available)
V  [jvm.dll+0xc3f6b]  (no source info available)
V  [jvm.dll+0x3bb0d2]  (no source info available)
V  [jvm.dll+0x1df51c]  (no source info available)
V  [jvm.dll+0x247a5c]  (no source info available)
V  [jvm.dll+0x246fbf]  (no source info available)
V  [jvm.dll+0x1c4e90]  (no source info available)
V  [jvm.dll+0x2569fe]  (no source info available)
V  [jvm.dll+0x254cba]  (no source info available)
V  [jvm.dll+0x3f5336]  (no source info available)
V  [jvm.dll+0x81d44b]  (no source info available)
V  [jvm.dll+0x6e0915]  (no source info available)
C  [ucrtbase.dll+0x29333]  (no source info available)
C  [KERNEL32.DLL+0x1257d]  (no source info available)
C  [ntdll.dll+0x5af28]  (no source info available)


---------------  P R O C E S S  ---------------

Threads class SMR info:
_java_thread_list=0x000002a4ff889770, length=21, elements={
0x000002a49f35b690, 0x000002a4bba7ad40, 0x000002a4bba7db60, 0x000002a4bba7ffd0,
0x000002a4bba83ea0, 0x000002a4bba8c060, 0x000002a4bba8b340, 0x000002a4bba92670,
0x000002a4bbaa1a40, 0x000002a4bba89270, 0x000002a4bbf72d60, 0x000002a4bbf733f0,
0x000002a4bbf73a80, 0x000002a4bba8c6f0, 0x000002a4bba89900, 0x000002a4bba89f90,
0x000002a4bba8a620, 0x000002a4bba8b9d0, 0x000002a4feead870, 0x000002a4feeb3ae0,
0x000002a4feeaf2b0
}

Java Threads: ( => current thread )
  0x000002a49f35b690 JavaThread "main"                              [_thread_blocked, id=13744, stack(0x000000cf30100000,0x000000cf30200000) (1024K)]
  0x000002a4bba7ad40 JavaThread "Reference Handler"          daemon [_thread_blocked, id=8416, stack(0x000000cf30900000,0x000000cf30a00000) (1024K)]
  0x000002a4bba7db60 JavaThread "Finalizer"                  daemon [_thread_blocked, id=4948, stack(0x000000cf30a00000,0x000000cf30b00000) (1024K)]
  0x000002a4bba7ffd0 JavaThread "Signal Dispatcher"          daemon [_thread_blocked, id=3848, stack(0x000000cf30b00000,0x000000cf30c00000) (1024K)]
  0x000002a4bba83ea0 JavaThread "Attach Listener"            daemon [_thread_blocked, id=13140, stack(0x000000cf30c00000,0x000000cf30d00000) (1024K)]
  0x000002a4bba8c060 JavaThread "Service Thread"             daemon [_thread_blocked, id=6876, stack(0x000000cf30d00000,0x000000cf30e00000) (1024K)]
  0x000002a4bba8b340 JavaThread "Monitor Deflation Thread"   daemon [_thread_blocked, id=14004, stack(0x000000cf30e00000,0x000000cf30f00000) (1024K)]
=>0x000002a4bba92670 JavaThread "C2 CompilerThread0"         daemon [_thread_in_native, id=10084, stack(0x000000cf30f00000,0x000000cf31000000) (1024K)]
  0x000002a4bbaa1a40 JavaThread "C1 CompilerThread0"         daemon [_thread_blocked, id=11432, stack(0x000000cf31000000,0x000000cf31100000) (1024K)]
  0x000002a4bba89270 JavaThread "Common-Cleaner"             daemon [_thread_blocked, id=7432, stack(0x000000cf31100000,0x000000cf31200000) (1024K)]
  0x000002a4bbf72d60 JavaThread "JDWP Transport Listener: dt_socket" daemon [_thread_blocked, id=11228, stack(0x000000cf31200000,0x000000cf31300000) (1024K)]
  0x000002a4bbf733f0 JavaThread "JDWP Event Helper Thread"   daemon [_thread_blocked, id=7144, stack(0x000000cf31300000,0x000000cf31400000) (1024K)]
  0x000002a4bbf73a80 JavaThread "JDWP Command Reader"        daemon [_thread_in_native, id=14288, stack(0x000000cf31400000,0x000000cf31500000) (1024K)]
  0x000002a4bba8c6f0 JavaThread "Notification Thread"        daemon [_thread_blocked, id=16052, stack(0x000000cf31500000,0x000000cf31600000) (1024K)]
  0x000002a4bba89900 JavaThread "QuantumRenderer-0"          daemon [_thread_blocked, id=2928, stack(0x000000cf31600000,0x000000cf31700000) (1024K)]
  0x000002a4bba89f90 JavaThread "InvokeLaterDispatcher"      daemon [_thread_blocked, id=13336, stack(0x000000cf31800000,0x000000cf31900000) (1024K)]
  0x000002a4bba8a620 JavaThread "JavaFX Application Thread"         [_thread_in_native, id=12600, stack(0x000000cf31900000,0x000000cf31a00000) (1024K)]
  0x000002a4bba8b9d0 JavaThread "Thread-1"                   daemon [_thread_in_native, id=11680, stack(0x000000cf32300000,0x000000cf32400000) (1024K)]
  0x000002a4feead870 JavaThread "JavaFX-Launcher"                   [_thread_blocked, id=14420, stack(0x000000cf32400000,0x000000cf32500000) (1024K)]
  0x000002a4feeb3ae0 JavaThread "Prism Font Disposer"        daemon [_thread_blocked, id=7460, stack(0x000000cf32500000,0x000000cf32600000) (1024K)]
  0x000002a4feeaf2b0 JavaThread "Cleaner-0"                  daemon [_thread_blocked, id=13340, stack(0x000000cf32900000,0x000000cf32a00000) (1024K)]
Total: 21

Other Threads:
  0x000002a4bba687c0 VMThread "VM Thread"                           [id=10920, stack(0x000000cf30800000,0x000000cf30900000) (1024K)]
  0x000002a4bba4dff0 WatcherThread "VM Periodic Task Thread"        [id=5940, stack(0x000000cf30700000,0x000000cf30800000) (1024K)]
  0x000002a49f3b1dd0 WorkerThread "GC Thread#0"                     [id=12076, stack(0x000000cf30200000,0x000000cf30300000) (1024K)]
  0x000002a4bba671a0 WorkerThread "GC Thread#1"                     [id=10700, stack(0x000000cf31c00000,0x000000cf31d00000) (1024K)]
  0x000002a4bba67900 WorkerThread "GC Thread#2"                     [id=16072, stack(0x000000cf31d00000,0x000000cf31e00000) (1024K)]
  0x000002a4bba66df0 WorkerThread "GC Thread#3"                     [id=2940, stack(0x000000cf31e00000,0x000000cf31f00000) (1024K)]
  0x000002a4bba67550 WorkerThread "GC Thread#4"                     [id=14500, stack(0x000000cf31f00000,0x000000cf32000000) (1024K)]
  0x000002a4bba68060 WorkerThread "GC Thread#5"                     [id=9632, stack(0x000000cf32000000,0x000000cf32100000) (1024K)]
  0x000002a4fee69e10 WorkerThread "GC Thread#6"                     [id=3924, stack(0x000000cf32100000,0x000000cf32200000) (1024K)]
  0x000002a4fee69300 WorkerThread "GC Thread#7"                     [id=16320, stack(0x000000cf32200000,0x000000cf32300000) (1024K)]
  0x000002a49f3c25f0 ConcurrentGCThread "G1 Main Marker"            [id=15428, stack(0x000000cf30300000,0x000000cf30400000) (1024K)]
  0x000002a49f3c38a0 WorkerThread "G1 Conc#0"                       [id=2688, stack(0x000000cf30400000,0x000000cf30500000) (1024K)]
  0x000002a49f40e9e0 ConcurrentGCThread "G1 Refine#0"               [id=2864, stack(0x000000cf30500000,0x000000cf30600000) (1024K)]
  0x000002a4bb921bc0 ConcurrentGCThread "G1 Service"                [id=15384, stack(0x000000cf30600000,0x000000cf30700000) (1024K)]
Total: 14

Threads with active compile tasks:
C2 CompilerThread0  6430 2280       4       java.lang.invoke.MethodType::makeImpl (109 bytes)
C1 CompilerThread0  6430 2732       2       java.lang.ref.ReferenceQueue::<init> (32 bytes)
Total: 2

VM state: not at safepoint (normal execution)

VM Mutex/Monitor currently owned by a thread: None

Heap address: 0x0000000084c00000, size: 1972 MB, Compressed Oops mode: 32-bit

CDS archive(s) mapped at: [0x000002a4bc000000-0x000002a4bcc60000-0x000002a4bcc60000), size 12976128, SharedBaseAddress: 0x000002a4bc000000, ArchiveRelocationMode: 1.
Compressed class space mapped at: 0x000002a4bd000000-0x000002a4fd000000, reserved size: 1073741824
Narrow klass base: 0x000002a4bc000000, Narrow klass shift: 0, Narrow klass range: 0x41000000

GC Precious Log:
 CardTable entry size: 512
 Card Set container configuration: InlinePtr #cards 5 size 8 Array Of Cards #cards 12 size 40 Howl #buckets 4 coarsen threshold 1843 Howl Bitmap #cards 512 size 80 coarsen threshold 460 Card regions per heap region 1 cards per card region 2048
 CPUs: 8 total, 8 available
 Memory: 7884M
 Large Page Support: Disabled
 NUMA Support: Disabled
 Compressed Oops: Enabled (32-bit)
 Heap Region Size: 1M
 Heap Min Capacity: 8M
 Heap Initial Capacity: 124M
 Heap Max Capacity: 1972M
 Pre-touch: Disabled
 Parallel Workers: 8
 Concurrent Workers: 2
 Concurrent Refinement Workers: 8
 Periodic GC: Disabled

Heap:
 garbage-first heap   total reserved 2019328K, committed 126976K, used 51651K [0x0000000084c00000, 0x0000000100000000)
  region size 1024K, 44 young (45056K), 6 survivors (6144K)
 Metaspace       used 16825K, committed 17152K, reserved 1114112K
  class space    used 2531K, committed 2688K, reserved 1048576K

Heap Regions: E=young(eden), S=young(survivor), O=old, HS=humongous(starts), HC=humongous(continues), CS=collection set, F=free, TAMS=top-at-mark-start, PB=parsable bottom
|   0|0x0000000084c00000, 0x0000000084d00000, 0x0000000084d00000|100%|HS|  |TAMS 0x0000000084c00000| PB 0x0000000084c00000| Complete |  0
|   1|0x0000000084d00000, 0x0000000084e00000, 0x0000000084e00000|100%|HC|  |TAMS 0x0000000084d00000| PB 0x0000000084d00000| Complete |  0
|   2|0x0000000084e00000, 0x0000000084f00000, 0x0000000084f00000|100%| O|  |TAMS 0x0000000084e00000| PB 0x0000000084e00000| Untracked |  0
|   3|0x0000000084f00000, 0x0000000085000000, 0x0000000085000000|100%| O|  |TAMS 0x0000000084f00000| PB 0x0000000084f00000| Untracked |  0
|   4|0x0000000085000000, 0x0000000085100000, 0x0000000085100000|100%| O|  |TAMS 0x0000000085000000| PB 0x0000000085000000| Untracked |  0
|   5|0x0000000085100000, 0x0000000085200000, 0x0000000085200000|100%| O|  |TAMS 0x0000000085100000| PB 0x0000000085100000| Untracked |  0
|   6|0x0000000085200000, 0x0000000085270e00, 0x0000000085300000| 44%| O|  |TAMS 0x0000000085200000| PB 0x0000000085200000| Untracked |  0
|   7|0x0000000085300000, 0x0000000085400000, 0x0000000085400000|100%|HS|  |TAMS 0x0000000085300000| PB 0x0000000085300000| Complete |  0
|   8|0x0000000085400000, 0x0000000085500000, 0x0000000085500000|100%|HC|  |TAMS 0x0000000085400000| PB 0x0000000085400000| Complete |  0
|   9|0x0000000085500000, 0x0000000085500000, 0x0000000085600000|  0%| F|  |TAMS 0x0000000085500000| PB 0x0000000085500000| Untracked |  0
|  10|0x0000000085600000, 0x0000000085600000, 0x0000000085700000|  0%| F|  |TAMS 0x0000000085600000| PB 0x0000000085600000| Untracked |  0
|  11|0x0000000085700000, 0x0000000085700000, 0x0000000085800000|  0%| F|  |TAMS 0x0000000085700000| PB 0x0000000085700000| Untracked |  0
|  12|0x0000000085800000, 0x0000000085800000, 0x0000000085900000|  0%| F|  |TAMS 0x0000000085800000| PB 0x0000000085800000| Untracked |  0
|  13|0x0000000085900000, 0x0000000085900000, 0x0000000085a00000|  0%| F|  |TAMS 0x0000000085900000| PB 0x0000000085900000| Untracked |  0
|  14|0x0000000085a00000, 0x0000000085a00000, 0x0000000085b00000|  0%| F|  |TAMS 0x0000000085a00000| PB 0x0000000085a00000| Untracked |  0
|  15|0x0000000085b00000, 0x0000000085b00000, 0x0000000085c00000|  0%| F|  |TAMS 0x0000000085b00000| PB 0x0000000085b00000| Untracked |  0
|  16|0x0000000085c00000, 0x0000000085c00000, 0x0000000085d00000|  0%| F|  |TAMS 0x0000000085c00000| PB 0x0000000085c00000| Untracked |  0
|  17|0x0000000085d00000, 0x0000000085d00000, 0x0000000085e00000|  0%| F|  |TAMS 0x0000000085d00000| PB 0x0000000085d00000| Untracked |  0
|  18|0x0000000085e00000, 0x0000000085e00000, 0x0000000085f00000|  0%| F|  |TAMS 0x0000000085e00000| PB 0x0000000085e00000| Untracked |  0
|  19|0x0000000085f00000, 0x0000000085f00000, 0x0000000086000000|  0%| F|  |TAMS 0x0000000085f00000| PB 0x0000000085f00000| Untracked |  0
|  20|0x0000000086000000, 0x0000000086000000, 0x0000000086100000|  0%| F|  |TAMS 0x0000000086000000| PB 0x0000000086000000| Untracked |  0
|  21|0x0000000086100000, 0x0000000086100000, 0x0000000086200000|  0%| F|  |TAMS 0x0000000086100000| PB 0x0000000086100000| Untracked |  0
|  22|0x0000000086200000, 0x0000000086200000, 0x0000000086300000|  0%| F|  |TAMS 0x0000000086200000| PB 0x0000000086200000| Untracked |  0
|  23|0x0000000086300000, 0x0000000086300000, 0x0000000086400000|  0%| F|  |TAMS 0x0000000086300000| PB 0x0000000086300000| Untracked |  0
|  24|0x0000000086400000, 0x0000000086400000, 0x0000000086500000|  0%| F|  |TAMS 0x0000000086400000| PB 0x0000000086400000| Untracked |  0
|  25|0x0000000086500000, 0x0000000086500000, 0x0000000086600000|  0%| F|  |TAMS 0x0000000086500000| PB 0x0000000086500000| Untracked |  0
|  26|0x0000000086600000, 0x0000000086600000, 0x0000000086700000|  0%| F|  |TAMS 0x0000000086600000| PB 0x0000000086600000| Untracked |  0
|  27|0x0000000086700000, 0x0000000086700000, 0x0000000086800000|  0%| F|  |TAMS 0x0000000086700000| PB 0x0000000086700000| Untracked |  0
|  28|0x0000000086800000, 0x0000000086800000, 0x0000000086900000|  0%| F|  |TAMS 0x0000000086800000| PB 0x0000000086800000| Untracked |  0
|  29|0x0000000086900000, 0x0000000086900000, 0x0000000086a00000|  0%| F|  |TAMS 0x0000000086900000| PB 0x0000000086900000| Untracked |  0
|  30|0x0000000086a00000, 0x0000000086a00000, 0x0000000086b00000|  0%| F|  |TAMS 0x0000000086a00000| PB 0x0000000086a00000| Untracked |  0
|  31|0x0000000086b00000, 0x0000000086b00000, 0x0000000086c00000|  0%| F|  |TAMS 0x0000000086b00000| PB 0x0000000086b00000| Untracked |  0
|  32|0x0000000086c00000, 0x0000000086c00000, 0x0000000086d00000|  0%| F|  |TAMS 0x0000000086c00000| PB 0x0000000086c00000| Untracked |  0
|  33|0x0000000086d00000, 0x0000000086d00000, 0x0000000086e00000|  0%| F|  |TAMS 0x0000000086d00000| PB 0x0000000086d00000| Untracked |  0
|  34|0x0000000086e00000, 0x0000000086e00000, 0x0000000086f00000|  0%| F|  |TAMS 0x0000000086e00000| PB 0x0000000086e00000| Untracked |  0
|  35|0x0000000086f00000, 0x0000000086f00000, 0x0000000087000000|  0%| F|  |TAMS 0x0000000086f00000| PB 0x0000000086f00000| Untracked |  0
|  36|0x0000000087000000, 0x0000000087000000, 0x0000000087100000|  0%| F|  |TAMS 0x0000000087000000| PB 0x0000000087000000| Untracked |  0
|  37|0x0000000087100000, 0x0000000087100000, 0x0000000087200000|  0%| F|  |TAMS 0x0000000087100000| PB 0x0000000087100000| Untracked |  0
|  38|0x0000000087200000, 0x0000000087200000, 0x0000000087300000|  0%| F|  |TAMS 0x0000000087200000| PB 0x0000000087200000| Untracked |  0
|  39|0x0000000087300000, 0x0000000087300000, 0x0000000087400000|  0%| F|  |TAMS 0x0000000087300000| PB 0x0000000087300000| Untracked |  0
|  40|0x0000000087400000, 0x0000000087400000, 0x0000000087500000|  0%| F|  |TAMS 0x0000000087400000| PB 0x0000000087400000| Untracked |  0
|  41|0x0000000087500000, 0x0000000087500000, 0x0000000087600000|  0%| F|  |TAMS 0x0000000087500000| PB 0x0000000087500000| Untracked |  0
|  42|0x0000000087600000, 0x0000000087600000, 0x0000000087700000|  0%| F|  |TAMS 0x0000000087600000| PB 0x0000000087600000| Untracked |  0
|  43|0x0000000087700000, 0x0000000087700000, 0x0000000087800000|  0%| F|  |TAMS 0x0000000087700000| PB 0x0000000087700000| Untracked |  0
|  44|0x0000000087800000, 0x0000000087800000, 0x0000000087900000|  0%| F|  |TAMS 0x0000000087800000| PB 0x0000000087800000| Untracked |  0
|  45|0x0000000087900000, 0x0000000087900000, 0x0000000087a00000|  0%| F|  |TAMS 0x0000000087900000| PB 0x0000000087900000| Untracked |  0
|  46|0x0000000087a00000, 0x0000000087a00000, 0x0000000087b00000|  0%| F|  |TAMS 0x0000000087a00000| PB 0x0000000087a00000| Untracked |  0
|  47|0x0000000087b00000, 0x0000000087b00000, 0x0000000087c00000|  0%| F|  |TAMS 0x0000000087b00000| PB 0x0000000087b00000| Untracked |  0
|  48|0x0000000087c00000, 0x0000000087c00000, 0x0000000087d00000|  0%| F|  |TAMS 0x0000000087c00000| PB 0x0000000087c00000| Untracked |  0
|  49|0x0000000087d00000, 0x0000000087d00000, 0x0000000087e00000|  0%| F|  |TAMS 0x0000000087d00000| PB 0x0000000087d00000| Untracked |  0
|  50|0x0000000087e00000, 0x0000000087e00000, 0x0000000087f00000|  0%| F|  |TAMS 0x0000000087e00000| PB 0x0000000087e00000| Untracked |  0
|  51|0x0000000087f00000, 0x0000000087f00000, 0x0000000088000000|  0%| F|  |TAMS 0x0000000087f00000| PB 0x0000000087f00000| Untracked |  0
|  52|0x0000000088000000, 0x0000000088000000, 0x0000000088100000|  0%| F|  |TAMS 0x0000000088000000| PB 0x0000000088000000| Untracked |  0
|  53|0x0000000088100000, 0x0000000088100000, 0x0000000088200000|  0%| F|  |TAMS 0x0000000088100000| PB 0x0000000088100000| Untracked |  0
|  54|0x0000000088200000, 0x0000000088200000, 0x0000000088300000|  0%| F|  |TAMS 0x0000000088200000| PB 0x0000000088200000| Untracked |  0
|  55|0x0000000088300000, 0x0000000088300000, 0x0000000088400000|  0%| F|  |TAMS 0x0000000088300000| PB 0x0000000088300000| Untracked |  0
|  56|0x0000000088400000, 0x0000000088400000, 0x0000000088500000|  0%| F|  |TAMS 0x0000000088400000| PB 0x0000000088400000| Untracked |  0
|  57|0x0000000088500000, 0x0000000088500000, 0x0000000088600000|  0%| F|  |TAMS 0x0000000088500000| PB 0x0000000088500000| Untracked |  0
|  58|0x0000000088600000, 0x0000000088600000, 0x0000000088700000|  0%| F|  |TAMS 0x0000000088600000| PB 0x0000000088600000| Untracked |  0
|  59|0x0000000088700000, 0x0000000088700000, 0x0000000088800000|  0%| F|  |TAMS 0x0000000088700000| PB 0x0000000088700000| Untracked |  0
|  60|0x0000000088800000, 0x0000000088800000, 0x0000000088900000|  0%| F|  |TAMS 0x0000000088800000| PB 0x0000000088800000| Untracked |  0
|  61|0x0000000088900000, 0x0000000088900000, 0x0000000088a00000|  0%| F|  |TAMS 0x0000000088900000| PB 0x0000000088900000| Untracked |  0
|  62|0x0000000088a00000, 0x0000000088a00000, 0x0000000088b00000|  0%| F|  |TAMS 0x0000000088a00000| PB 0x0000000088a00000| Untracked |  0
|  63|0x0000000088b00000, 0x0000000088b00000, 0x0000000088c00000|  0%| F|  |TAMS 0x0000000088b00000| PB 0x0000000088b00000| Untracked |  0
|  64|0x0000000088c00000, 0x0000000088c00000, 0x0000000088d00000|  0%| F|  |TAMS 0x0000000088c00000| PB 0x0000000088c00000| Untracked |  0
|  65|0x0000000088d00000, 0x0000000088d00000, 0x0000000088e00000|  0%| F|  |TAMS 0x0000000088d00000| PB 0x0000000088d00000| Untracked |  0
|  66|0x0000000088e00000, 0x0000000088e00000, 0x0000000088f00000|  0%| F|  |TAMS 0x0000000088e00000| PB 0x0000000088e00000| Untracked |  0
|  67|0x0000000088f00000, 0x0000000088f00000, 0x0000000089000000|  0%| F|  |TAMS 0x0000000088f00000| PB 0x0000000088f00000| Untracked |  0
|  68|0x0000000089000000, 0x0000000089000000, 0x0000000089100000|  0%| F|  |TAMS 0x0000000089000000| PB 0x0000000089000000| Untracked |  0
|  69|0x0000000089100000, 0x0000000089100000, 0x0000000089200000|  0%| F|  |TAMS 0x0000000089100000| PB 0x0000000089100000| Untracked |  0
|  70|0x0000000089200000, 0x0000000089200000, 0x0000000089300000|  0%| F|  |TAMS 0x0000000089200000| PB 0x0000000089200000| Untracked |  0
|  71|0x0000000089300000, 0x0000000089300000, 0x0000000089400000|  0%| F|  |TAMS 0x0000000089300000| PB 0x0000000089300000| Untracked |  0
|  72|0x0000000089400000, 0x0000000089400000, 0x0000000089500000|  0%| F|  |TAMS 0x0000000089400000| PB 0x0000000089400000| Untracked |  0
|  73|0x0000000089500000, 0x0000000089500000, 0x0000000089600000|  0%| F|  |TAMS 0x0000000089500000| PB 0x0000000089500000| Untracked |  0
|  74|0x0000000089600000, 0x0000000089600000, 0x0000000089700000|  0%| F|  |TAMS 0x0000000089600000| PB 0x0000000089600000| Untracked |  0
|  75|0x0000000089700000, 0x0000000089700000, 0x0000000089800000|  0%| F|  |TAMS 0x0000000089700000| PB 0x0000000089700000| Untracked |  0
|  76|0x0000000089800000, 0x0000000089900000, 0x0000000089900000|100%| S|CS|TAMS 0x0000000089800000| PB 0x0000000089800000| Complete |  0
|  77|0x0000000089900000, 0x0000000089a00000, 0x0000000089a00000|100%| S|CS|TAMS 0x0000000089900000| PB 0x0000000089900000| Complete |  0
|  78|0x0000000089a00000, 0x0000000089b00000, 0x0000000089b00000|100%| S|CS|TAMS 0x0000000089a00000| PB 0x0000000089a00000| Complete |  0
|  79|0x0000000089b00000, 0x0000000089c00000, 0x0000000089c00000|100%| S|CS|TAMS 0x0000000089b00000| PB 0x0000000089b00000| Complete |  0
|  80|0x0000000089c00000, 0x0000000089d00000, 0x0000000089d00000|100%| S|CS|TAMS 0x0000000089c00000| PB 0x0000000089c00000| Complete |  0
|  81|0x0000000089d00000, 0x0000000089e00000, 0x0000000089e00000|100%| S|CS|TAMS 0x0000000089d00000| PB 0x0000000089d00000| Complete |  0
|  82|0x0000000089e00000, 0x0000000089e00000, 0x0000000089f00000|  0%| F|  |TAMS 0x0000000089e00000| PB 0x0000000089e00000| Untracked |  0
|  83|0x0000000089f00000, 0x0000000089f00000, 0x000000008a000000|  0%| F|  |TAMS 0x0000000089f00000| PB 0x0000000089f00000| Untracked |  0
|  84|0x000000008a000000, 0x000000008a000000, 0x000000008a100000|  0%| F|  |TAMS 0x000000008a000000| PB 0x000000008a000000| Untracked |  0
|  85|0x000000008a100000, 0x000000008a100000, 0x000000008a200000|  0%| F|  |TAMS 0x000000008a100000| PB 0x000000008a100000| Untracked |  0
|  86|0x000000008a200000, 0x000000008a2ce058, 0x000000008a300000| 80%| E|  |TAMS 0x000000008a200000| PB 0x000000008a200000| Complete |  0
|  87|0x000000008a300000, 0x000000008a400000, 0x000000008a400000|100%| E|CS|TAMS 0x000000008a300000| PB 0x000000008a300000| Complete |  0
|  88|0x000000008a400000, 0x000000008a500000, 0x000000008a500000|100%| E|CS|TAMS 0x000000008a400000| PB 0x000000008a400000| Complete |  0
|  89|0x000000008a500000, 0x000000008a600000, 0x000000008a600000|100%| E|  |TAMS 0x000000008a500000| PB 0x000000008a500000| Complete |  0
|  90|0x000000008a600000, 0x000000008a700000, 0x000000008a700000|100%| E|CS|TAMS 0x000000008a600000| PB 0x000000008a600000| Complete |  0
|  91|0x000000008a700000, 0x000000008a800000, 0x000000008a800000|100%| E|CS|TAMS 0x000000008a700000| PB 0x000000008a700000| Complete |  0
|  92|0x000000008a800000, 0x000000008a900000, 0x000000008a900000|100%| E|CS|TAMS 0x000000008a800000| PB 0x000000008a800000| Complete |  0
|  93|0x000000008a900000, 0x000000008aa00000, 0x000000008aa00000|100%| E|CS|TAMS 0x000000008a900000| PB 0x000000008a900000| Complete |  0
|  94|0x000000008aa00000, 0x000000008ab00000, 0x000000008ab00000|100%| E|CS|TAMS 0x000000008aa00000| PB 0x000000008aa00000| Complete |  0
|  95|0x000000008ab00000, 0x000000008ac00000, 0x000000008ac00000|100%| E|CS|TAMS 0x000000008ab00000| PB 0x000000008ab00000| Complete |  0
|  96|0x000000008ac00000, 0x000000008ad00000, 0x000000008ad00000|100%| E|CS|TAMS 0x000000008ac00000| PB 0x000000008ac00000| Complete |  0
|  97|0x000000008ad00000, 0x000000008ae00000, 0x000000008ae00000|100%| E|CS|TAMS 0x000000008ad00000| PB 0x000000008ad00000| Complete |  0
|  98|0x000000008ae00000, 0x000000008af00000, 0x000000008af00000|100%| E|CS|TAMS 0x000000008ae00000| PB 0x000000008ae00000| Complete |  0
|  99|0x000000008af00000, 0x000000008b000000, 0x000000008b000000|100%| E|CS|TAMS 0x000000008af00000| PB 0x000000008af00000| Complete |  0
| 100|0x000000008b000000, 0x000000008b100000, 0x000000008b100000|100%| E|CS|TAMS 0x000000008b000000| PB 0x000000008b000000| Complete |  0
| 101|0x000000008b100000, 0x000000008b200000, 0x000000008b200000|100%| E|CS|TAMS 0x000000008b100000| PB 0x000000008b100000| Complete |  0
| 102|0x000000008b200000, 0x000000008b300000, 0x000000008b300000|100%| E|CS|TAMS 0x000000008b200000| PB 0x000000008b200000| Complete |  0
| 103|0x000000008b300000, 0x000000008b400000, 0x000000008b400000|100%| E|CS|TAMS 0x000000008b300000| PB 0x000000008b300000| Complete |  0
| 104|0x000000008b400000, 0x000000008b500000, 0x000000008b500000|100%| E|CS|TAMS 0x000000008b400000| PB 0x000000008b400000| Complete |  0
| 105|0x000000008b500000, 0x000000008b600000, 0x000000008b600000|100%| E|CS|TAMS 0x000000008b500000| PB 0x000000008b500000| Complete |  0
| 106|0x000000008b600000, 0x000000008b700000, 0x000000008b700000|100%| E|CS|TAMS 0x000000008b600000| PB 0x000000008b600000| Complete |  0
| 107|0x000000008b700000, 0x000000008b800000, 0x000000008b800000|100%| E|CS|TAMS 0x000000008b700000| PB 0x000000008b700000| Complete |  0
| 108|0x000000008b800000, 0x000000008b900000, 0x000000008b900000|100%| E|CS|TAMS 0x000000008b800000| PB 0x000000008b800000| Complete |  0
| 109|0x000000008b900000, 0x000000008ba00000, 0x000000008ba00000|100%| E|CS|TAMS 0x000000008b900000| PB 0x000000008b900000| Complete |  0
| 110|0x000000008ba00000, 0x000000008bb00000, 0x000000008bb00000|100%| E|CS|TAMS 0x000000008ba00000| PB 0x000000008ba00000| Complete |  0
| 111|0x000000008bb00000, 0x000000008bc00000, 0x000000008bc00000|100%| E|CS|TAMS 0x000000008bb00000| PB 0x000000008bb00000| Complete |  0
| 112|0x000000008bc00000, 0x000000008bd00000, 0x000000008bd00000|100%| E|CS|TAMS 0x000000008bc00000| PB 0x000000008bc00000| Complete |  0
| 113|0x000000008bd00000, 0x000000008be00000, 0x000000008be00000|100%| E|CS|TAMS 0x000000008bd00000| PB 0x000000008bd00000| Complete |  0
| 114|0x000000008be00000, 0x000000008bf00000, 0x000000008bf00000|100%| E|CS|TAMS 0x000000008be00000| PB 0x000000008be00000| Complete |  0
| 115|0x000000008bf00000, 0x000000008c000000, 0x000000008c000000|100%| E|CS|TAMS 0x000000008bf00000| PB 0x000000008bf00000| Complete |  0
| 116|0x000000008c000000, 0x000000008c100000, 0x000000008c100000|100%| E|CS|TAMS 0x000000008c000000| PB 0x000000008c000000| Complete |  0
| 117|0x000000008c100000, 0x000000008c200000, 0x000000008c200000|100%| E|CS|TAMS 0x000000008c100000| PB 0x000000008c100000| Complete |  0
| 118|0x000000008c200000, 0x000000008c300000, 0x000000008c300000|100%| E|CS|TAMS 0x000000008c200000| PB 0x000000008c200000| Complete |  0
| 119|0x000000008c300000, 0x000000008c400000, 0x000000008c400000|100%| E|CS|TAMS 0x000000008c300000| PB 0x000000008c300000| Complete |  0
| 120|0x000000008c400000, 0x000000008c500000, 0x000000008c500000|100%| E|CS|TAMS 0x000000008c400000| PB 0x000000008c400000| Complete |  0
| 121|0x000000008c500000, 0x000000008c600000, 0x000000008c600000|100%| E|CS|TAMS 0x000000008c500000| PB 0x000000008c500000| Complete |  0
| 122|0x000000008c600000, 0x000000008c700000, 0x000000008c700000|100%| E|CS|TAMS 0x000000008c600000| PB 0x000000008c600000| Complete |  0
| 123|0x000000008c700000, 0x000000008c800000, 0x000000008c800000|100%| E|CS|TAMS 0x000000008c700000| PB 0x000000008c700000| Complete |  0

Card table byte_map: [0x000002a4b6da0000,0x000002a4b7180000] _byte_map_base: 0x000002a4b697a000

Marking Bits: (CMBitMap*) 0x000002a49f3b24e0
 Bits: [0x000002a4b7180000, 0x000002a4b9050000)

Polling page: 0x000002a49d4d0000

Metaspace:

Usage:
  Non-class:     13.96 MB used.
      Class:      2.47 MB used.
       Both:     16.43 MB used.

Virtual space:
  Non-class space:       64.00 MB reserved,      14.12 MB ( 22%) committed,  1 nodes.
      Class space:        1.00 GB reserved,       2.62 MB ( <1%) committed,  1 nodes.
             Both:        1.06 GB reserved,      16.75 MB (  2%) committed. 

Chunk freelists:
   Non-Class:  1.88 MB
       Class:  13.42 MB
        Both:  15.29 MB

MaxMetaspaceSize: unlimited
CompressedClassSpaceSize: 1.00 GB
Initial GC threshold: 21.00 MB
Current GC threshold: 21.00 MB
CDS: on
 - commit_granule_bytes: 65536.
 - commit_granule_words: 8192.
 - virtual_space_node_default_size: 8388608.
 - enlarge_chunks_in_place: 1.
 - use_allocation_guard: 0.


Internal statistics:

num_allocs_failed_limit: 0.
num_arena_births: 376.
num_arena_deaths: 0.
num_vsnodes_births: 2.
num_vsnodes_deaths: 0.
num_space_committed: 268.
num_space_uncommitted: 0.
num_chunks_returned_to_freelist: 0.
num_chunks_taken_from_freelist: 948.
num_chunk_merges: 0.
num_chunk_splits: 648.
num_chunks_enlarged: 473.
num_inconsistent_stats: 0.

CodeHeap 'non-profiled nmethods': size=120000Kb used=923Kb max_used=923Kb free=119076Kb
 bounds [0x000002a4af160000, 0x000002a4af3d0000, 0x000002a4b6690000]
CodeHeap 'profiled nmethods': size=120000Kb used=4959Kb max_used=4959Kb free=115040Kb
 bounds [0x000002a4a7690000, 0x000002a4a7b70000, 0x000002a4aebc0000]
CodeHeap 'non-nmethods': size=5760Kb used=2122Kb max_used=2122Kb free=3637Kb
 bounds [0x000002a4aebc0000, 0x000002a4aee30000, 0x000002a4af160000]
 total_blobs=3541 nmethods=2713 adapters=732
 compilation: enabled
              stopped_count=0, restarted_count=0
 full_count=0

Compilation events (20 events):
Event: 6.312 Thread 0x000002a4bbaa1a40 nmethod 2658 0x000002a4af23d910 code [0x000002a4af23daa0, 0x000002a4af23db68]
Event: 6.312 Thread 0x000002a4bbaa1a40 2659       1       com.sun.javafx.geom.transform.Affine3D::getMzy (5 bytes)
Event: 6.312 Thread 0x000002a4bbaa1a40 nmethod 2659 0x000002a4af23dc10 code [0x000002a4af23dda0, 0x000002a4af23de68]
Event: 6.312 Thread 0x000002a4bbaa1a40 2660       1       com.sun.javafx.geom.transform.Affine3D::getMzz (5 bytes)
Event: 6.312 Thread 0x000002a4bbaa1a40 nmethod 2660 0x000002a4af23df10 code [0x000002a4af23e0a0, 0x000002a4af23e168]
Event: 6.312 Thread 0x000002a4bbaa1a40 2661       1       com.sun.javafx.geom.transform.Affine3D::getMzt (5 bytes)
Event: 6.312 Thread 0x000002a4bbaa1a40 nmethod 2661 0x000002a4af23e210 code [0x000002a4af23e3a0, 0x000002a4af23e468]
Event: 6.312 Thread 0x000002a4bbaa1a40 2662       1       com.sun.javafx.sg.prism.NGNode::getClipNode (5 bytes)
Event: 6.312 Thread 0x000002a4bbaa1a40 nmethod 2662 0x000002a4af23e510 code [0x000002a4af23e6a0, 0x000002a4af23e768]
Event: 6.312 Thread 0x000002a4bbaa1a40 2650       1       javafx.scene.control.Control::skinProperty (5 bytes)
Event: 6.312 Thread 0x000002a4bbaa1a40 nmethod 2650 0x000002a4af23e810 code [0x000002a4af23e9a0, 0x000002a4af23ea70]
Event: 6.313 Thread 0x000002a4bbaa1a40 2663       1       com.sun.prism.impl.BaseGraphics::getClipRectNoClone (5 bytes)
Event: 6.313 Thread 0x000002a4bbaa1a40 nmethod 2663 0x000002a4af23eb10 code [0x000002a4af23eca0, 0x000002a4af23ed68]
Event: 6.317 Thread 0x000002a4bbaa1a40 2664       2       com.sun.marlin.Renderer::tosubpixx (6 bytes)
Event: 6.317 Thread 0x000002a4bbaa1a40 nmethod 2664 0x000002a4a7b3d490 code [0x000002a4a7b3d640, 0x000002a4a7b3d730]
Event: 6.317 Thread 0x000002a4bbaa1a40 2665       2       com.sun.marlin.Renderer::tosubpixy (10 bytes)
Event: 6.317 Thread 0x000002a4bbaa1a40 nmethod 2665 0x000002a4a7b3d810 code [0x000002a4a7b3d9c0, 0x000002a4a7b3dab8]
Event: 6.317 Thread 0x000002a4bbaa1a40 2666       2       com.sun.marlin.Helpers::outcode (70 bytes)
Event: 6.318 Thread 0x000002a4bbaa1a40 nmethod 2666 0x000002a4a7b3db90 code [0x000002a4a7b3dd40, 0x000002a4a7b3dfa8]
Event: 6.318 Thread 0x000002a4bbaa1a40 2667 %     3       com.sun.marlin.Renderer::_endRendering @ 251 (2639 bytes)

GC Heap History (4 events):
Event: 2.573 GC heap before
{Heap before GC invocations=0 (full 0):
 garbage-first heap   total reserved 2019328K, committed 126976K, used 24576K [0x0000000084c00000, 0x0000000100000000)
  region size 1024K, 24 young (24576K), 0 survivors (0K)
 Metaspace       used 4051K, committed 4288K, reserved 1114112K
  class space    used 403K, committed 512K, reserved 1048576K
}
Event: 2.578 GC heap after
{Heap after GC invocations=1 (full 0):
 garbage-first heap   total reserved 2019328K, committed 126976K, used 2176K [0x0000000084c00000, 0x0000000100000000)
  region size 1024K, 3 young (3072K), 3 survivors (3072K)
 Metaspace       used 4051K, committed 4288K, reserved 1114112K
  class space    used 403K, committed 512K, reserved 1048576K
}
Event: 4.002 GC heap before
{Heap before GC invocations=1 (full 0):
 garbage-first heap   total reserved 2019328K, committed 126976K, used 43136K [0x0000000084c00000, 0x0000000100000000)
  region size 1024K, 42 young (43008K), 3 survivors (3072K)
 Metaspace       used 10574K, committed 10944K, reserved 1114112K
  class space    used 1365K, committed 1536K, reserved 1048576K
}
Event: 4.011 GC heap after
{Heap after GC invocations=2 (full 0):
 garbage-first heap   total reserved 2019328K, committed 126976K, used 12739K [0x0000000084c00000, 0x0000000100000000)
  region size 1024K, 6 young (6144K), 6 survivors (6144K)
 Metaspace       used 10574K, committed 10944K, reserved 1114112K
  class space    used 1365K, committed 1536K, reserved 1048576K
}

Dll operation events (20 events):
Event: 0.820 Loaded shared library C:\Users\match\.openjfx\cache\21+31\amd64\api-ms-win-crt-locale-l1-1-0.dll
Event: 0.823 Loaded shared library C:\Users\match\.openjfx\cache\21+31\amd64\api-ms-win-crt-math-l1-1-0.dll
Event: 0.828 Loaded shared library C:\Users\match\.openjfx\cache\21+31\amd64\api-ms-win-crt-multibyte-l1-1-0.dll
Event: 0.832 Loaded shared library C:\Users\match\.openjfx\cache\21+31\amd64\api-ms-win-crt-private-l1-1-0.dll
Event: 0.836 Loaded shared library C:\Users\match\.openjfx\cache\21+31\amd64\api-ms-win-crt-process-l1-1-0.dll
Event: 0.841 Loaded shared library C:\Users\match\.openjfx\cache\21+31\amd64\api-ms-win-crt-runtime-l1-1-0.dll
Event: 0.845 Loaded shared library C:\Users\match\.openjfx\cache\21+31\amd64\api-ms-win-crt-stdio-l1-1-0.dll
Event: 0.849 Loaded shared library C:\Users\match\.openjfx\cache\21+31\amd64\api-ms-win-crt-string-l1-1-0.dll
Event: 0.853 Loaded shared library C:\Users\match\.openjfx\cache\21+31\amd64\api-ms-win-crt-time-l1-1-0.dll
Event: 0.857 Loaded shared library C:\Users\match\.openjfx\cache\21+31\amd64\api-ms-win-crt-utility-l1-1-0.dll
Event: 0.879 Loaded shared library C:\Users\match\.openjfx\cache\21+31\amd64\ucrtbase.dll
Event: 0.886 Loaded shared library C:\Users\match\.openjfx\cache\21+31\amd64\vcruntime140.dll
Event: 0.891 Loaded shared library C:\Users\match\.openjfx\cache\21+31\amd64\vcruntime140_1.dll
Event: 1.203 Loaded shared library C:\Users\match\.openjfx\cache\21+31\amd64\msvcp140.dll
Event: 1.272 Loaded shared library C:\Users\match\.openjfx\cache\21+31\amd64\msvcp140_1.dll
Event: 1.493 Loaded shared library C:\Users\match\.openjfx\cache\21+31\amd64\msvcp140_2.dll
Event: 1.921 Loaded shared library C:\Users\match\.openjfx\cache\21+31\amd64\prism_d3d.dll
Event: 2.168 Loaded shared library C:\Users\match\.openjfx\cache\21+31\amd64\glass.dll
Event: 2.675 Loaded shared library C:\Program Files\Java\jdk-22\bin\jimage.dll
Event: 3.710 Loaded shared library C:\Users\match\.openjfx\cache\21+31\amd64\javafx_font.dll

Deoptimization events (20 events):
Event: 5.965 Thread 0x000002a4bba8a620 DEOPT PACKING pc=0x000002a4a7a461ec sp=0x000000cf319fb9a0
Event: 5.965 Thread 0x000002a4bba8a620 DEOPT UNPACKING pc=0x000002a4aec188e2 sp=0x000000cf319faf00 mode 1
Event: 5.965 Thread 0x000002a4bba8a620 DEOPT PACKING pc=0x000002a4a7a4c0c4 sp=0x000000cf319fbac0
Event: 5.965 Thread 0x000002a4bba8a620 DEOPT UNPACKING pc=0x000002a4aec188e2 sp=0x000000cf319fafb8 mode 1
Event: 5.965 Thread 0x000002a4bba8a620 DEOPT PACKING pc=0x000002a4a7a461ec sp=0x000000cf319fbc00
Event: 5.965 Thread 0x000002a4bba8a620 DEOPT UNPACKING pc=0x000002a4aec188e2 sp=0x000000cf319fb160 mode 1
Event: 5.965 Thread 0x000002a4bba8a620 DEOPT PACKING pc=0x000002a4a7a4c0c4 sp=0x000000cf319fbd20
Event: 5.965 Thread 0x000002a4bba8a620 DEOPT UNPACKING pc=0x000002a4aec188e2 sp=0x000000cf319fb218 mode 1
Event: 5.965 Thread 0x000002a4bba8a620 DEOPT PACKING pc=0x000002a4a7a461ec sp=0x000000cf319fbb60
Event: 5.965 Thread 0x000002a4bba8a620 DEOPT UNPACKING pc=0x000002a4aec188e2 sp=0x000000cf319fb0c0 mode 1
Event: 5.965 Thread 0x000002a4bba8a620 DEOPT PACKING pc=0x000002a4a7a4c0c4 sp=0x000000cf319fbc80
Event: 5.965 Thread 0x000002a4bba8a620 DEOPT UNPACKING pc=0x000002a4aec188e2 sp=0x000000cf319fb178 mode 1
Event: 5.965 Thread 0x000002a4bba8a620 DEOPT PACKING pc=0x000002a4a7a461ec sp=0x000000cf319fbac0
Event: 5.965 Thread 0x000002a4bba8a620 DEOPT UNPACKING pc=0x000002a4aec188e2 sp=0x000000cf319fb020 mode 1
Event: 5.965 Thread 0x000002a4bba8a620 DEOPT PACKING pc=0x000002a4a7a4c0c4 sp=0x000000cf319fbbe0
Event: 5.965 Thread 0x000002a4bba8a620 DEOPT UNPACKING pc=0x000002a4aec188e2 sp=0x000000cf319fb0d8 mode 1
Event: 5.965 Thread 0x000002a4bba8a620 DEOPT PACKING pc=0x000002a4a7a461ec sp=0x000000cf319fba20
Event: 5.965 Thread 0x000002a4bba8a620 DEOPT UNPACKING pc=0x000002a4aec188e2 sp=0x000000cf319faf80 mode 1
Event: 5.965 Thread 0x000002a4bba8a620 DEOPT PACKING pc=0x000002a4a7a4c0c4 sp=0x000000cf319fbb40
Event: 5.965 Thread 0x000002a4bba8a620 DEOPT UNPACKING pc=0x000002a4aec188e2 sp=0x000000cf319fb038 mode 1

Classes loaded (20 events):
Event: 6.197 Loading class com/sun/javafx/tk/quantum/QuantumToolkit
Event: 6.197 Loading class com/sun/javafx/tk/quantum/QuantumToolkit done
Event: 6.197 Loading class com/sun/javafx/tk/quantum/QuantumToolkit
Event: 6.197 Loading class com/sun/javafx/tk/quantum/QuantumToolkit done
Event: 6.197 Loading class com/sun/javafx/tk/RenderJob
Event: 6.197 Loading class com/sun/javafx/tk/RenderJob done
Event: 6.211 Loading class java/lang/FdLibm$Atan2
Event: 6.211 Loading class java/lang/FdLibm$Atan2 done
Event: 6.226 Loading class com/sun/scenario/effect/FilterContext
Event: 6.226 Loading class com/sun/scenario/effect/FilterContext done
Event: 6.226 Loading class com/sun/scenario/effect/FilterContext
Event: 6.226 Loading class com/sun/scenario/effect/FilterContext done
Event: 6.226 Loading class com/sun/scenario/effect/impl/Renderer
Event: 6.226 Loading class com/sun/scenario/effect/impl/Renderer done
Event: 6.235 Loading class java/lang/FdLibm$Cbrt
Event: 6.235 Loading class java/lang/FdLibm$Cbrt done
Event: 6.315 Loading class com/sun/prism/impl/ps/CachingShapeRepState$CacheEntry
Event: 6.315 Loading class com/sun/prism/impl/ps/CachingShapeRepState$CacheEntry done
Event: 6.315 Loading class com/sun/prism/impl/ps/CachingShapeRepState$CacheEntry
Event: 6.315 Loading class com/sun/prism/impl/ps/CachingShapeRepState$CacheEntry done

Classes unloaded (0 events):
No events

Classes redefined (0 events):
No events

Internal exceptions (20 events):
Event: 4.158 Thread 0x000002a4bba8a620 Implicit null exception at 0x000002a4af1e1c9e to 0x000002a4af1e1f8c
Event: 4.158 Thread 0x000002a4bba8a620 Implicit null exception at 0x000002a4af1d9b9e to 0x000002a4af1d9ec8
Event: 4.159 Thread 0x000002a4bba8a620 Implicit null exception at 0x000002a4af19fffa to 0x000002a4af1a02e4
Event: 4.178 Thread 0x000002a4bba8a620 Exception <a 'java/lang/IncompatibleClassChangeError'{0x000000008bd2afb8}: Found class java.lang.Object, but interface was expected> (0x000000008bd2afb8) 
thrown [s\open\src\hotspot\share\interpreter\linkResolver.cpp, line 841]
Event: 4.221 Thread 0x000002a4bba8a620 Exception <a 'java/io/FileNotFoundException'{0x000000008bcfe580}> (0x000000008bcfe580) 
thrown [s\open\src\hotspot\share\prims\jni.cpp, line 520]
Event: 4.221 Thread 0x000002a4bba8a620 Exception <a 'java/io/FileNotFoundException'{0x000000008bb097b8}> (0x000000008bb097b8) 
thrown [s\open\src\hotspot\share\prims\jni.cpp, line 520]
Event: 4.225 Thread 0x000002a4bba8a620 Exception <a 'java/io/FileNotFoundException'{0x000000008bb0f918}> (0x000000008bb0f918) 
thrown [s\open\src\hotspot\share\prims\jni.cpp, line 520]
Event: 4.225 Thread 0x000002a4bba8a620 Exception <a 'java/io/FileNotFoundException'{0x000000008bb10f68}> (0x000000008bb10f68) 
thrown [s\open\src\hotspot\share\prims\jni.cpp, line 520]
Event: 4.245 Thread 0x000002a4bba8a620 Exception <a 'java/lang/NoSuchMethodError'{0x000000008ba13318}: 'int java.lang.invoke.DirectMethodHandle$Holder.invokeSpecial(java.lang.Object, java.lang.Object, int)'> (0x000000008ba13318) 
thrown [s\open\src\hotspot\share\interpreter\linkResolver.cpp, line 774]
Event: 4.274 Thread 0x000002a4bba8a620 Exception <a 'java/lang/NoSuchMethodError'{0x000000008b92dcb0}: 'java.lang.Object java.lang.invoke.DirectMethodHandle$Holder.newInvokeSpecial(java.lang.Object, java.lang.Object, int)'> (0x000000008b92dcb0) 
thrown [s\open\src\hotspot\share\interpreter\linkResolver.cpp, line 774]
Event: 4.322 Thread 0x000002a4bba89900 Exception <a 'java/lang/NoSuchMethodError'{0x000000008b9f2c98}: 'int java.lang.invoke.DirectMethodHandle$Holder.invokeStaticInit(java.lang.Object, java.lang.Object)'> (0x000000008b9f2c98) 
thrown [s\open\src\hotspot\share\interpreter\linkResolver.cpp, line 774]
Event: 5.521 Thread 0x000002a4bba8a620 Exception <a 'java/lang/NoSuchMethodError'{0x000000008b398b00}: 'long java.lang.invoke.DirectMethodHandle$Holder.invokeStatic(java.lang.Object, java.lang.Object, java.lang.Object)'> (0x000000008b398b00) 
thrown [s\open\src\hotspot\share\interpreter\linkResolver.cpp, line 774]
Event: 5.521 Thread 0x000002a4bba8a620 Exception <a 'java/lang/NoSuchMethodError'{0x000000008b39bf00}: 'long java.lang.invoke.DirectMethodHandle$Holder.invokeStaticInit(java.lang.Object, java.lang.Object, java.lang.Object)'> (0x000000008b39bf00) 
thrown [s\open\src\hotspot\share\interpreter\linkResolver.cpp, line 774]
Event: 5.523 Thread 0x000002a4bba8a620 Exception <a 'java/lang/NoSuchMethodError'{0x000000008b3b0b78}: 'java.lang.Object java.lang.invoke.DirectMethodHandle$Holder.newInvokeSpecial(java.lang.Object, java.lang.Object, long)'> (0x000000008b3b0b78) 
thrown [s\open\src\hotspot\share\interpreter\linkResolver.cpp, line 774]
Event: 5.523 Thread 0x000002a4bba8a620 Exception <a 'java/lang/NoSuchMethodError'{0x000000008b3b44c0}: 'java.lang.Object java.lang.invoke.Invokers$Holder.linkToTargetMethod(java.lang.Object, long, java.lang.Object)'> (0x000000008b3b44c0) 
thrown [s\open\src\hotspot\share\interpreter\linkResolver.cpp, line 774]
Event: 6.021 Thread 0x000002a4bba8a620 Exception <a 'java/lang/ClassNotFoundException'{0x000000008ad5a2a8}: com/sun/javafx/scene/control/skin/resources/controls> (0x000000008ad5a2a8) 
thrown [s\open\src\hotspot\share\prims\jni.cpp, line 539]
Event: 6.022 Thread 0x000002a4bba8a620 Exception <a 'java/lang/ClassNotFoundException'{0x000000008ad68c90}: com/sun/javafx/scene/control/skin/resources/controls_id> (0x000000008ad68c90) 
thrown [s\open\src\hotspot\share\prims\jni.cpp, line 539]
Event: 6.022 Thread 0x000002a4bba8a620 Exception <a 'java/lang/ClassNotFoundException'{0x000000008ad6b6f0}: com/sun/javafx/scene/control/skin/resources/controls_id_ID> (0x000000008ad6b6f0) 
thrown [s\open\src\hotspot\share\prims\jni.cpp, line 539]
Event: 6.062 Thread 0x000002a4bba8a620 Exception <a 'java/lang/NoSuchMethodError'{0x000000008ab8b110}: 'void java.lang.invoke.DirectMethodHandle$Holder.invokeSpecial(java.lang.Object, java.lang.Object, java.lang.Object, java.lang.Object, java.lang.Object, java.lang.Object)'> (0x000000008ab8b110) 
thrown [s\open\src\hotspot\share\interpreter\linkResolver.cpp, line 774]
Event: 6.222 Thread 0x000002a4bba89900 Exception <a 'java/lang/NoSuchMethodError'{0x000000008a4574a0}: 'java.lang.Object java.lang.invoke.DirectMethodHandle$Holder.invokeStaticInit(java.lang.Object, int)'> (0x000000008a4574a0) 
thrown [s\open\src\hotspot\share\interpreter\linkResolver.cpp, line 774]

ZGC Phase Switch (0 events):
No events

VM Operations (20 events):
Event: 2.833 Executing VM operation: HandshakeAllThreads (Deoptimize)
Event: 2.833 Executing VM operation: HandshakeAllThreads (Deoptimize) done
Event: 3.643 Executing VM operation: HandshakeAllThreads (Deoptimize)
Event: 3.643 Executing VM operation: HandshakeAllThreads (Deoptimize) done
Event: 3.643 Executing VM operation: Cleanup
Event: 3.643 Executing VM operation: Cleanup done
Event: 3.716 Executing VM operation: HandshakeAllThreads (Deoptimize)
Event: 3.716 Executing VM operation: HandshakeAllThreads (Deoptimize) done
Event: 3.884 Executing VM operation: HandshakeAllThreads (Deoptimize)
Event: 3.884 Executing VM operation: HandshakeAllThreads (Deoptimize) done
Event: 4.002 Executing VM operation: G1CollectForAllocation (G1 Evacuation Pause)
Event: 4.011 Executing VM operation: G1CollectForAllocation (G1 Evacuation Pause) done
Event: 4.248 Executing VM operation: HandshakeAllThreads (Deoptimize)
Event: 4.248 Executing VM operation: HandshakeAllThreads (Deoptimize) done
Event: 5.248 Executing VM operation: Cleanup
Event: 5.249 Executing VM operation: Cleanup done
Event: 6.060 Executing VM operation: HandshakeAllThreads (Deoptimize)
Event: 6.060 Executing VM operation: HandshakeAllThreads (Deoptimize) done
Event: 6.127 Executing VM operation: ICBufferFull
Event: 6.127 Executing VM operation: ICBufferFull done

Events (20 events):
Event: 0.096 Thread 0x000002a4bba7ad40 Thread added: 0x000002a4bba7ad40
Event: 0.096 Thread 0x000002a4bba7db60 Thread added: 0x000002a4bba7db60
Event: 0.097 Thread 0x000002a4bba7ffd0 Thread added: 0x000002a4bba7ffd0
Event: 0.097 Thread 0x000002a4bba83ea0 Thread added: 0x000002a4bba83ea0
Event: 0.097 Thread 0x000002a4bba8c060 Thread added: 0x000002a4bba8c060
Event: 0.097 Thread 0x000002a4bba8b340 Thread added: 0x000002a4bba8b340
Event: 0.097 Thread 0x000002a4bba92670 Thread added: 0x000002a4bba92670
Event: 0.097 Thread 0x000002a4bbaa1a40 Thread added: 0x000002a4bbaa1a40
Event: 0.195 Thread 0x000002a4bba89270 Thread added: 0x000002a4bba89270
Event: 0.451 Thread 0x000002a4bbf72d60 Thread added: 0x000002a4bbf72d60
Event: 0.451 Thread 0x000002a4bbf733f0 Thread added: 0x000002a4bbf733f0
Event: 0.451 Thread 0x000002a4bbf73a80 Thread added: 0x000002a4bbf73a80
Event: 0.530 Thread 0x000002a4bba8c6f0 Thread added: 0x000002a4bba8c6f0
Event: 1.902 Thread 0x000002a4bba89900 Thread added: 0x000002a4bba89900
Event: 2.173 Thread 0x000002a4bba89f90 Thread added: 0x000002a4bba89f90
Event: 2.178 Thread 0x000002a4bba8a620 Thread added: 0x000002a4bba8a620
Event: 2.622 Thread 0x000002a4bba8b9d0 Thread added: 0x000002a4bba8b9d0
Event: 2.631 Thread 0x000002a4feead870 Thread added: 0x000002a4feead870
Event: 3.913 Thread 0x000002a4feeb3ae0 Thread added: 0x000002a4feeb3ae0
Event: 4.375 Thread 0x000002a4feeaf2b0 Thread added: 0x000002a4feeaf2b0


Dynamic libraries:
0x00007ff694d20000 - 0x00007ff694d30000 	C:\Program Files\Java\jdk-22\bin\java.exe
0x00007fff08fb0000 - 0x00007fff091c7000 	C:\WINDOWS\SYSTEM32\ntdll.dll
0x00007fff07a00000 - 0x00007fff07ac4000 	C:\WINDOWS\System32\KERNEL32.DLL
0x00007fff06610000 - 0x00007fff069bd000 	C:\WINDOWS\System32\KERNELBASE.dll
0x00007fff06bd0000 - 0x00007fff06ce1000 	C:\WINDOWS\System32\ucrtbase.dll
0x00007ffefd490000 - 0x00007ffefd4ab000 	C:\Program Files\Java\jdk-22\bin\VCRUNTIME140.dll
0x00007ffef2ab0000 - 0x00007ffef2ac7000 	C:\Program Files\Java\jdk-22\bin\jli.dll
0x00007fff08cb0000 - 0x00007fff08d62000 	C:\WINDOWS\System32\ADVAPI32.dll
0x00007fff06e90000 - 0x00007fff06f37000 	C:\WINDOWS\System32\msvcrt.dll
0x00007fff07f80000 - 0x00007fff08029000 	C:\WINDOWS\System32\sechost.dll
0x00007fff065e0000 - 0x00007fff06608000 	C:\WINDOWS\System32\bcrypt.dll
0x00007fff07e60000 - 0x00007fff07f74000 	C:\WINDOWS\System32\RPCRT4.dll
0x00007fff073c0000 - 0x00007fff0756e000 	C:\WINDOWS\System32\USER32.dll
0x00007fff06ae0000 - 0x00007fff06b06000 	C:\WINDOWS\System32\win32u.dll
0x00007ffeefab0000 - 0x00007ffeefd43000 	C:\WINDOWS\WinSxS\amd64_microsoft.windows.common-controls_6595b64144ccf1df_6.0.22621.3672_none_2713b9d173822955\COMCTL32.dll
0x00007fff06cf0000 - 0x00007fff06d19000 	C:\WINDOWS\System32\GDI32.dll
0x00007fff062e0000 - 0x00007fff063f9000 	C:\WINDOWS\System32\gdi32full.dll
0x00007fff069c0000 - 0x00007fff06a5a000 	C:\WINDOWS\System32\msvcp_win.dll
0x00007ffefe050000 - 0x00007ffefe05a000 	C:\WINDOWS\SYSTEM32\VERSION.dll
0x00007fff08f20000 - 0x00007fff08f51000 	C:\WINDOWS\System32\IMM32.DLL
0x00007ffefef50000 - 0x00007ffefef5c000 	C:\Program Files\Java\jdk-22\bin\vcruntime140_1.dll
0x00007ffeeb450000 - 0x00007ffeeb4de000 	C:\Program Files\Java\jdk-22\bin\msvcp140.dll
0x00007ffe7d060000 - 0x00007ffe7dda7000 	C:\Program Files\Java\jdk-22\bin\server\jvm.dll
0x00007fff08d70000 - 0x00007fff08de1000 	C:\WINDOWS\System32\WS2_32.dll
0x00007fff05170000 - 0x00007fff051bd000 	C:\WINDOWS\SYSTEM32\POWRPROF.dll
0x00007ffefc7d0000 - 0x00007ffefc804000 	C:\WINDOWS\SYSTEM32\WINMM.dll
0x00007fff05150000 - 0x00007fff05163000 	C:\WINDOWS\SYSTEM32\UMPDC.dll
0x00007fff053a0000 - 0x00007fff053b8000 	C:\WINDOWS\SYSTEM32\kernel.appcore.dll
0x00007ffefdff0000 - 0x00007ffefdffa000 	C:\Program Files\Java\jdk-22\bin\jimage.dll
0x00007fff03db0000 - 0x00007fff03fe2000 	C:\WINDOWS\SYSTEM32\DBGHELP.DLL
0x00007fff07670000 - 0x00007fff079f8000 	C:\WINDOWS\System32\combase.dll
0x00007fff07cf0000 - 0x00007fff07dc7000 	C:\WINDOWS\System32\OLEAUT32.dll
0x00007ffed4800000 - 0x00007ffed4832000 	C:\WINDOWS\SYSTEM32\dbgcore.DLL
0x00007fff06a60000 - 0x00007fff06adb000 	C:\WINDOWS\System32\bcryptPrimitives.dll
0x00007ffed9630000 - 0x00007ffed966c000 	C:\Program Files\Java\jdk-22\bin\jdwp.dll
0x00007ffef2aa0000 - 0x00007ffef2aaf000 	C:\Program Files\Java\jdk-22\bin\instrument.dll
0x00007ffef0090000 - 0x00007ffef00ae000 	C:\Program Files\Java\jdk-22\bin\java.dll
0x00007fff08030000 - 0x00007fff0888f000 	C:\WINDOWS\System32\SHELL32.dll
0x00007fff07ae0000 - 0x00007fff07c85000 	C:\WINDOWS\System32\ole32.dll
0x00007ffef0050000 - 0x00007ffef0067000 	C:\Program Files\Java\jdk-22\bin\zip.dll
0x00007fff04230000 - 0x00007fff04b2c000 	C:\WINDOWS\SYSTEM32\windows.storage.dll
0x00007fff040f0000 - 0x00007fff0422f000 	C:\WINDOWS\SYSTEM32\wintypes.dll
0x00007fff08890000 - 0x00007fff08984000 	C:\WINDOWS\System32\SHCORE.dll
0x00007fff06d20000 - 0x00007fff06d7e000 	C:\WINDOWS\System32\shlwapi.dll
0x00007fff06210000 - 0x00007fff06231000 	C:\WINDOWS\SYSTEM32\profapi.dll
0x00007ffed3f10000 - 0x00007ffed3fe7000 	C:\Program Files\Java\jdk-22\bin\jsvml.dll
0x00007ffefd480000 - 0x00007ffefd490000 	C:\Program Files\Java\jdk-22\bin\net.dll
0x00007fff05870000 - 0x00007fff058d9000 	C:\WINDOWS\system32\mswsock.dll
0x00007ffef0070000 - 0x00007ffef0086000 	C:\Program Files\Java\jdk-22\bin\nio.dll
0x00007ffeedfb0000 - 0x00007ffeedfbc000 	C:\Program Files\Java\jdk-22\bin\dt_socket.dll
0x00007fff04e00000 - 0x00007fff04e2d000 	C:\WINDOWS\SYSTEM32\IPHLPAPI.DLL
0x000002a4bbfe0000 - 0x000002a4bbfe3000 	C:\Users\match\.openjfx\cache\21+31\amd64\api-ms-win-core-console-l1-1-0.dll
0x000002a4bbff0000 - 0x000002a4bbff3000 	C:\Users\match\.openjfx\cache\21+31\amd64\api-ms-win-core-console-l1-2-0.dll
0x000002a4fd800000 - 0x000002a4fd803000 	C:\Users\match\.openjfx\cache\21+31\amd64\api-ms-win-core-datetime-l1-1-0.dll
0x000002a4fd810000 - 0x000002a4fd813000 	C:\Users\match\.openjfx\cache\21+31\amd64\api-ms-win-core-debug-l1-1-0.dll
0x000002a4fd820000 - 0x000002a4fd823000 	C:\Users\match\.openjfx\cache\21+31\amd64\api-ms-win-core-errorhandling-l1-1-0.dll
0x000002a4fd830000 - 0x000002a4fd834000 	C:\Users\match\.openjfx\cache\21+31\amd64\api-ms-win-core-file-l1-1-0.dll
0x000002a4fd840000 - 0x000002a4fd843000 	C:\Users\match\.openjfx\cache\21+31\amd64\api-ms-win-core-file-l1-2-0.dll
0x000002a4fd850000 - 0x000002a4fd853000 	C:\Users\match\.openjfx\cache\21+31\amd64\api-ms-win-core-file-l2-1-0.dll
0x000002a4fd860000 - 0x000002a4fd863000 	C:\Users\match\.openjfx\cache\21+31\amd64\api-ms-win-core-handle-l1-1-0.dll
0x000002a4fd870000 - 0x000002a4fd873000 	C:\Users\match\.openjfx\cache\21+31\amd64\api-ms-win-core-heap-l1-1-0.dll
0x000002a4fd880000 - 0x000002a4fd883000 	C:\Users\match\.openjfx\cache\21+31\amd64\api-ms-win-core-interlocked-l1-1-0.dll
0x000002a4fd890000 - 0x000002a4fd893000 	C:\Users\match\.openjfx\cache\21+31\amd64\api-ms-win-core-libraryloader-l1-1-0.dll
0x000002a4fd8a0000 - 0x000002a4fd8a3000 	C:\Users\match\.openjfx\cache\21+31\amd64\api-ms-win-core-localization-l1-2-0.dll
0x000002a4fd8b0000 - 0x000002a4fd8b3000 	C:\Users\match\.openjfx\cache\21+31\amd64\api-ms-win-core-memory-l1-1-0.dll
0x000002a4fd8c0000 - 0x000002a4fd8c3000 	C:\Users\match\.openjfx\cache\21+31\amd64\api-ms-win-core-namedpipe-l1-1-0.dll
0x000002a4fd8d0000 - 0x000002a4fd8d3000 	C:\Users\match\.openjfx\cache\21+31\amd64\api-ms-win-core-processenvironment-l1-1-0.dll
0x000002a4fd8e0000 - 0x000002a4fd8e3000 	C:\Users\match\.openjfx\cache\21+31\amd64\api-ms-win-core-processthreads-l1-1-0.dll
0x000002a4fd8f0000 - 0x000002a4fd8f3000 	C:\Users\match\.openjfx\cache\21+31\amd64\api-ms-win-core-processthreads-l1-1-1.dll
0x000002a4fd900000 - 0x000002a4fd903000 	C:\Users\match\.openjfx\cache\21+31\amd64\api-ms-win-core-profile-l1-1-0.dll
0x000002a4fd910000 - 0x000002a4fd913000 	C:\Users\match\.openjfx\cache\21+31\amd64\api-ms-win-core-rtlsupport-l1-1-0.dll
0x000002a4fd920000 - 0x000002a4fd923000 	C:\Users\match\.openjfx\cache\21+31\amd64\api-ms-win-core-string-l1-1-0.dll
0x000002a4fd930000 - 0x000002a4fd933000 	C:\Users\match\.openjfx\cache\21+31\amd64\api-ms-win-core-synch-l1-1-0.dll
0x000002a4fd940000 - 0x000002a4fd943000 	C:\Users\match\.openjfx\cache\21+31\amd64\api-ms-win-core-synch-l1-2-0.dll
0x000002a4fd950000 - 0x000002a4fd953000 	C:\Users\match\.openjfx\cache\21+31\amd64\api-ms-win-core-sysinfo-l1-1-0.dll
0x000002a4fd960000 - 0x000002a4fd963000 	C:\Users\match\.openjfx\cache\21+31\amd64\api-ms-win-core-timezone-l1-1-0.dll
0x000002a4fd970000 - 0x000002a4fd973000 	C:\Users\match\.openjfx\cache\21+31\amd64\api-ms-win-core-util-l1-1-0.dll
0x000002a4fd980000 - 0x000002a4fd983000 	C:\Users\match\.openjfx\cache\21+31\amd64\api-ms-win-crt-conio-l1-1-0.dll
0x000002a4fd990000 - 0x000002a4fd994000 	C:\Users\match\.openjfx\cache\21+31\amd64\api-ms-win-crt-convert-l1-1-0.dll
0x000002a4fd9a0000 - 0x000002a4fd9a3000 	C:\Users\match\.openjfx\cache\21+31\amd64\api-ms-win-crt-environment-l1-1-0.dll
0x000002a4fd9b0000 - 0x000002a4fd9b3000 	C:\Users\match\.openjfx\cache\21+31\amd64\api-ms-win-crt-filesystem-l1-1-0.dll
0x000002a4fd9c0000 - 0x000002a4fd9c3000 	C:\Users\match\.openjfx\cache\21+31\amd64\api-ms-win-crt-heap-l1-1-0.dll
0x000002a4fd9d0000 - 0x000002a4fd9d3000 	C:\Users\match\.openjfx\cache\21+31\amd64\api-ms-win-crt-locale-l1-1-0.dll
0x000002a4fd9e0000 - 0x000002a4fd9e5000 	C:\Users\match\.openjfx\cache\21+31\amd64\api-ms-win-crt-math-l1-1-0.dll
0x000002a4fd9f0000 - 0x000002a4fd9f5000 	C:\Users\match\.openjfx\cache\21+31\amd64\api-ms-win-crt-multibyte-l1-1-0.dll
0x000002a4fda00000 - 0x000002a4fda10000 	C:\Users\match\.openjfx\cache\21+31\amd64\api-ms-win-crt-private-l1-1-0.dll
0x000002a4fda10000 - 0x000002a4fda13000 	C:\Users\match\.openjfx\cache\21+31\amd64\api-ms-win-crt-process-l1-1-0.dll
0x000002a4fda20000 - 0x000002a4fda24000 	C:\Users\match\.openjfx\cache\21+31\amd64\api-ms-win-crt-runtime-l1-1-0.dll
0x000002a4fda30000 - 0x000002a4fda34000 	C:\Users\match\.openjfx\cache\21+31\amd64\api-ms-win-crt-stdio-l1-1-0.dll
0x000002a4fda40000 - 0x000002a4fda44000 	C:\Users\match\.openjfx\cache\21+31\amd64\api-ms-win-crt-string-l1-1-0.dll
0x000002a4fda50000 - 0x000002a4fda53000 	C:\Users\match\.openjfx\cache\21+31\amd64\api-ms-win-crt-time-l1-1-0.dll
0x000002a4fda60000 - 0x000002a4fda63000 	C:\Users\match\.openjfx\cache\21+31\amd64\api-ms-win-crt-utility-l1-1-0.dll
0x00007ffea08e0000 - 0x00007ffea09dc000 	C:\Users\match\.openjfx\cache\21+31\amd64\ucrtbase.dll
0x00007ffeeb7c0000 - 0x00007ffeeb7db000 	C:\Users\match\.openjfx\cache\21+31\amd64\vcruntime140.dll
0x00007ffeeb7b0000 - 0x00007ffeeb7bc000 	C:\Users\match\.openjfx\cache\21+31\amd64\vcruntime140_1.dll
0x00007ffed3e00000 - 0x00007ffed3e8e000 	C:\Users\match\.openjfx\cache\21+31\amd64\msvcp140.dll
0x00007ffeeb440000 - 0x00007ffeeb449000 	C:\Users\match\.openjfx\cache\21+31\amd64\msvcp140_1.dll
0x00007ffecdae0000 - 0x00007ffecdb0f000 	C:\Users\match\.openjfx\cache\21+31\amd64\msvcp140_2.dll
0x00007ffeca130000 - 0x00007ffeca15f000 	C:\Users\match\.openjfx\cache\21+31\amd64\prism_d3d.dll
0x00007ffef1090000 - 0x00007ffef1238000 	C:\WINDOWS\system32\d3d9.dll
0x00007fff034a0000 - 0x00007fff034cb000 	C:\WINDOWS\SYSTEM32\dwmapi.dll
0x00007fff03320000 - 0x00007fff03359000 	C:\WINDOWS\SYSTEM32\dxcore.dll
0x00007fff03210000 - 0x00007fff032bf000 	C:\WINDOWS\system32\uxtheme.dll
0x00007ffefb010000 - 0x00007ffefb059000 	C:\WINDOWS\SYSTEM32\directxdatabasehelper.dll
0x00007fff05b30000 - 0x00007fff05b42000 	C:\WINDOWS\SYSTEM32\msasn1.dll
0x00007ffefb4e0000 - 0x00007ffefb512000 	C:\WINDOWS\SYSTEM32\cryptnet.dll
0x00007fff06470000 - 0x00007fff065d7000 	C:\WINDOWS\System32\CRYPT32.dll
0x00007fff05af0000 - 0x00007fff05afc000 	C:\WINDOWS\SYSTEM32\cryptbase.dll
0x00007fff06400000 - 0x00007fff0646b000 	C:\WINDOWS\System32\WINTRUST.DLL
0x00007fff08e50000 - 0x00007fff08e6f000 	C:\WINDOWS\System32\imagehlp.dll
0x00007fff05ad0000 - 0x00007fff05aeb000 	C:\WINDOWS\SYSTEM32\CRYPTSP.dll
0x00007fff05360000 - 0x00007fff05395000 	C:\WINDOWS\system32\rsaenh.dll
0x00007ffec5550000 - 0x00007ffec5592000 	C:\Users\match\.openjfx\cache\21+31\amd64\glass.dll
0x00007fff06d90000 - 0x00007fff06e88000 	C:\WINDOWS\System32\COMDLG32.dll
0x00007fff08b50000 - 0x00007fff08ca3000 	C:\WINDOWS\System32\MSCTF.dll
0x00007ffed49f0000 - 0x00007ffed4af7000 	C:\WINDOWS\System32\DriverStore\FileRepository\nvam.inf_amd64_73ddbc5a9852db46\nvldumdx.dll
0x00007ffef3a80000 - 0x00007ffef3bd8000 	C:\WINDOWS\SYSTEM32\drvstore.dll
0x00007fff05fe0000 - 0x00007fff0600c000 	C:\WINDOWS\SYSTEM32\devobj.dll
0x00007fff05f90000 - 0x00007fff05fde000 	C:\WINDOWS\SYSTEM32\cfgmgr32.dll
0x00007fff05ba0000 - 0x00007fff05be9000 	C:\WINDOWS\SYSTEM32\wldp.dll
0x00007ffe678e0000 - 0x00007ffe6906a000 	C:\WINDOWS\System32\DriverStore\FileRepository\nvam.inf_amd64_73ddbc5a9852db46\nvd3dumx.dll
0x00007fff05900000 - 0x00007fff05926000 	C:\WINDOWS\SYSTEM32\gpapi.dll
0x00007ffea0770000 - 0x00007ffea08d4000 	C:\WINDOWS\System32\DriverStore\FileRepository\iigd_dch.inf_amd64_044fd6f0c2ae28a8\igdumdim64.dll
0x00007ffe62fb0000 - 0x00007ffe678dc000 	C:\WINDOWS\System32\DriverStore\FileRepository\iigd_dch.inf_amd64_044fd6f0c2ae28a8\igd9dxva64.dll
0x00007fff06f40000 - 0x00007fff073b4000 	C:\WINDOWS\System32\SETUPAPI.dll
0x00007ffef73b0000 - 0x00007ffef7674000 	C:\WINDOWS\System32\DriverStore\FileRepository\iigd_dch.inf_amd64_044fd6f0c2ae28a8\igdgmm64.dll
0x00007ffef27c0000 - 0x00007ffef27e7000 	C:\WINDOWS\System32\DriverStore\FileRepository\iigd_dch.inf_amd64_044fd6f0c2ae28a8\igdinfo64.dll
0x00007ffef4580000 - 0x00007ffef7114000 	C:\WINDOWS\System32\DriverStore\FileRepository\iigd_dch.inf_amd64_044fd6f0c2ae28a8\igc64.dll

dbghelp: loaded successfully - version: 4.0.5 - missing functions: none
symbol engine: initialized successfully - sym options: 0x614 - pdb path: .;C:\Program Files\Java\jdk-22\bin;C:\WINDOWS\SYSTEM32;C:\WINDOWS\WinSxS\amd64_microsoft.windows.common-controls_6595b64144ccf1df_6.0.22621.3672_none_2713b9d173822955;C:\Program Files\Java\jdk-22\bin\server;C:\Users\match\.openjfx\cache\21+31\amd64;C:\WINDOWS\System32\DriverStore\FileRepository\nvam.inf_amd64_73ddbc5a9852db46;C:\WINDOWS\System32\DriverStore\FileRepository\iigd_dch.inf_amd64_044fd6f0c2ae28a8;C:\Program Files\Common Files\Microsoft Shared\Ink

VM Arguments:
jvm_args: -agentlib:jdwp=transport=dt_socket,address=127.0.0.1:53090,suspend=y,server=n -javaagent:C:\Users\match\AppData\Local\JetBrains\IntelliJIdea2024.1\captureAgent\debugger-agent.jar -Dfile.encoding=UTF-8 -Dsun.stdout.encoding=UTF-8 -Dsun.stderr.encoding=UTF-8 --module-path=C:\Users\match\OneDrive\Desktop\MovieTicketBookingManagement\target\classes;C:\Users\match\.m2\repository\org\openjfx\javafx-fxml\21\javafx-fxml-21-win.jar;C:\Users\match\.m2\repository\org\openjfx\javafx-controls\21\javafx-controls-21-win.jar;C:\Users\match\.m2\repository\org\openjfx\javafx-base\21\javafx-base-21-win.jar;C:\Users\match\.m2\repository\org\codehaus\woodstox\stax2-api\4.2.2\stax2-api-4.2.2.jar;C:\Users\match\.m2\repository\org\openjfx\javafx-graphics\21\javafx-graphics-21-win.jar;C:\Users\match\.m2\repository\net\sf\jasperreports\jasperreports\7.0.0\jasperreports-7.0.0.jar;C:\Users\match\.m2\repository\com\fasterxml\woodstox\woodstox-core\6.6.2\woodstox-core-6.6.2.jar -Djdk.module.main=com.mycompany.movieticketbookingmanagement 
java_command: com.mycompany.movieticketbookingmanagement/com.mycompany.movieticketbookingmanagement.App
java_class_path (initial): C:\Users\match\.m2\repository\org\apache\commons\commons-collections4\4.4\commons-collections4-4.4.jar;C:\Users\match\.m2\repository\com\fasterxml\jackson\core\jackson-core\2.17.1\jackson-core-2.17.1.jar;C:\Users\match\.m2\repository\com\fasterxml\jackson\core\jackson-annotations\2.17.1\jackson-annotations-2.17.1.jar;C:\Users\match\.m2\repository\com\fasterxml\jackson\core\jackson-databind\2.17.1\jackson-databind-2.17.1.jar;C:\Users\match\.m2\repository\com\fasterxml\jackson\dataformat\jackson-dataformat-xml\2.17.1\jackson-dataformat-xml-2.17.1.jar;C:\Users\match\.m2\repository\org\apache\xmlgraphics\batik-anim\1.17\batik-anim-1.17.jar;C:\Users\match\.m2\repository\org\apache\xmlgraphics\batik-ext\1.17\batik-ext-1.17.jar;C:\Users\match\.m2\repository\org\apache\xmlgraphics\batik-parser\1.17\batik-parser-1.17.jar;C:\Users\match\.m2\repository\org\apache\xmlgraphics\batik-shared-resources\1.17\batik-shared-resources-1.17.jar;C:\Users\match\.m2\repository\org\apache\xmlgraphics\batik-bridge\1.17\batik-bridge-1.17.jar;C:\Users\match\.m2\repository\org\apache\xmlgraphics\batik-script\1.17\batik-script-1.17.jar;C:\Users\match\.m2\repository\org\apache\xmlgraphics\batik-xml\1.17\batik-xml-1.17.jar;C:\Users\match\.m2\repository\org\apache\xmlgraphics\xmlgraphics-commons\2.9\xmlgraphics-commons-2.9.jar;C:\Users\match\.m2\repository\org\apache\xmlgraphics\batik-dom\1.17\batik-dom-1.17.jar;C:\Users\match\.m2\repository\org\apache\xmlgraphics\batik-svg-dom\1.17\batik-svg-dom-1.17.jar;C:\Users\match\.m2\repository\org\apache\xmlgraphics\batik-awt-util\1.17\batik-awt-util-1.17.jar;C:\Users\match\.m2\repository\org\apache\xmlgraphics\batik-gvt\1.17\batik-gvt-1.17.jar;C:\Users\match\.m2\repository\org\apache\xmlgraphics\batik-util\1.17\batik-util-1.17.jar;C:\Users\match\.m2\repository\org\apache\xmlgraphics\batik-i18n\1.17\batik-i18n-1.17.jar;C:\Users\match\.m2\repository\org\apache\xmlgraphics\batik-constants\1.17\batik-constants-1.17.jar;C:\Users\match\.m2\repository\org\apache\xmlgraphics\batik-css\1.17\batik-css-1.17.jar;C:\Users\match\.m2\repository\xml-apis\xml-apis-ext\1.3.04\xml-apis-ext-1.3.04.jar;C:\Users\match\.m2\repository\commons-beanutils\commons-beanutils\1.9.4\commons-beanutils-1.9.4.jar;C:\Users\match\.m2\repository\commons-collections\commons-collections\3.2.2\commons-collections-3.2.2.jar;C:\Users\match\.m2\repository\net\sf\jasperreports\jasperreports-fonts\7.0.0\jasperreports-fonts-7.0.0.jar;C:\Users\match\.m2\repository\net\sf\jasperreports\jasperreports-excel-poi\7.0.0\jasperreports-excel-poi-7.0.0.jar;C:\Users\match\.m2\repository\org\apache\poi\poi\5.2.2\poi-5.2.2.jar;C:\Users\match\.m2\repository\commons-codec\commons-codec\1.15\commons-codec-1.15.jar;C:\Users\match\.m2\repository\org\apache\commons\commons-math3\3.6.1\commons-math3-3.6.1.jar;C:\Users\match\.m2\repository\commons-io\commons-io\2.11.0\commons-io-2.11.0.jar;C:\Users\match\.m2\repository\com\zaxxer\SparseBitSet\1.2\SparseBitSet-1.2.jar;C:\Users\match\.m2\repository\org\apache\poi\poi-ooxml\5.2.2\poi-ooxml-5.2.2.jar;C:\Users\match\.m2\repository\org\apache\poi\poi-ooxml-lite\5.2.2\poi-ooxml-lite-5.2.2.jar;C:\Users\match\.m2\repository\org\apache\xmlbeans\xmlbeans\5.0.3\xmlbeans-5.0.3.jar;C:\Users\match\.m2\repository\org\apache\commons\commons-compress\1.21\commons-compress-1.21.jar;C:\Users\match\.m2\repository\com\github\virtuald\curvesapi\1.07\curvesapi-1.07.jar;C:\Users\match\.m2\repository\net\sf\jasperreports\jasperreports-data-adapters\7.0.0\jasperreports-data-adapters-7.0.0.jar;C:\Users\match\.m2\repository\net\sf\jasperreports\jasperreports-json\7.0.0\jasperreports-json-7.0.0.jar;C:\Users\match\.m2\repository\antlr\antlr\2.7.7\antlr-2.7.7.jar;C:\Users\match\.m2\repository\org\apache\pdfbox\pdfbox\2.0.24\pdfbox-2.0.24.jar;C:\Users\match\.m2\repository\org\apache\pdfbox\fontbox\2.0.24\fontbox-2.0.24.jar;C:\Users\match\.m2\repository\net\sf\jasperreports\jasperreports-pdf\7.0.0\jasperreports-pdf-7.0.0.jar;C:\Users\match\.m2\repository\com\github\librepdf\openpdf\1.3.32\openpdf-1.3.32.jar;C:\Users\match\.m2\repository\com\adobe\xmp\xmpcore\6.1.11\xmpcore-6.1.11.jar;C:\Users\match\.m2\repository\commons-logging\commons-logging\1.2\commons-logging-1.2.jar;C:\Users\match\.m2\repository\org\apache\logging\log4j\log4j-core\2.17.1\log4j-core-2.17.1.jar;C:\Users\match\.m2\repository\org\apache\logging\log4j\log4j-api\2.17.1\log4j-api-2.17.1.jar;C:\Users\match\.m2\repository\de\jensd\fontawesomefx-fontawesome\4.7.0-9.1.2\fontawesomefx-fontawesome-4.7.0-9.1.2.jar;C:\Users\match\.m2\repository\de\jensd\fontawesomefx-commons\9.1.2\fontawesomefx-commons-9.1.2.jar;C:\Users\match\.m2\repository\org\openjfx\javafx-controls\21\javafx-controls-21.jar;C:\Users\match\.m2\repository\org\openjfx\javafx-graphics\21\javafx-graphics-21.jar;C:\Users\match\.m2\repository\org\openjfx\javafx-base\21\javafx-base-21.jar;C:\Users\match\.m2\repository\org\openjfx\javafx-fxml\21\javafx-fxml-21.jar;C:\Users\match\.m2\repository\org\openjfx\javafx-web\21\javafx-web-21.jar;C:\Users\match\.m2\repository\org\openjfx\javafx-web\21\javafx-web-21-win.jar;C:\Users\match\.m2\repository\org\openjfx\javafx-swing\21\javafx-swing-21.jar;C:\Users\match\.m2\repository\org\openjfx\javafx-swing\21\javafx-swing-21-win.jar;C:\Users\match\.m2\repository\org\openjfx\javafx-media\21\javafx-media-21.jar;C:\Users\match\.m2\repository\org\openjfx\javafx-media\21\javafx-media-21-win.jar;C:\Users\match\.m2\repository\org\controlsfx\controlsfx\11.1.2\controlsfx-11.1.2.jar;C:\Users\match\.m2\repository\com\dlsc\formsfx\formsfx-core\11.6.0\formsfx-core-11.6.0.jar;C:\Users\match\.m2\repository\net\synedra\validatorfx\0.4.0\validatorfx-0.4.0.jar;C:\Users\match\.m2\repository\org\kordamp\ikonli\ikonli-javafx\12.3.1\ikonli-javafx-12.3.1.jar;C:\Users\match\.m2\repository\org\kordamp\ikonli\ikonli-core\12.3.1\ikonli-core-12.3.1.jar;C:\Users\match\.m2\repository\org\kordamp\bootstrapfx\bootstrapfx-core\0.4.0\bootstrapfx-core-0.4.0.jar;C:\Users\match\.m2\repository\eu\hansolo\tilesfx\11.48\tilesfx-11.48.jar;C:\Users\match\.m2\repository\com\github\almasb\fxgl\17.3\fxgl-17.3.jar;C:\Users\match\.m2\repository\com\github\almasb\fxgl-core\17.3\fxgl-core-17.3.jar;C:\Users\match\.m2\repository\com\gluonhq\attach\audio\4.0.17\audio-4.0.17.jar;C:\Users\match\.m2\repository\com\github\almasb\fxgl-io\17.3\fxgl-io-17.3.jar;C:\Users\match\.m2\repository\com\gluonhq\attach\storage\4.0.17\storage-4.0.17.jar;C:\Users\match\.m2\repository\com\gluonhq\attach\util\4.0.17\util-4.0.17.jar;C:\Users\match\.m2\repository\com\github\almasb\fxgl-entity\17.3\fxgl-entity-17.3.jar;C:\Users\match\.m2\repository\com\github\almasb\fxgl-scene\17.3\fxgl-scene-17.3.jar;C:\Users\match\.m2\repository\com\github\almasb\fxgl-gameplay\17.3\fxgl-gameplay-17.3.jar;C:\Users\match\.m2\repository\com\gluonhq\attach\lifecycle\4.0.17\lifecycle-4.0.17.jar;C:\Users\match\.m2\repository\org\jetbrains\kotlin\kotlin-stdlib\1.8.10\kotlin-stdlib-1.8.10.jar;C:\Users\match\.m2\repository\org\jetbrains\kotlin\kotlin-stdlib-common\1.8.10\kotlin-stdlib-common-1.8.10.jar;C:\Users\match\.m2\repository\org\jetbrains\annotations\13.0\annotations-13.0.jar;C:\Users\match\.m2\repository\mysql\mysql-connector-java\8.0.30\mysql-connector-java-8.0.30.jar;C:\Users\match\.m2\repository\com\google\protobuf\protobuf-java\3.19.4\protobuf-java-3.19.4.jar;C:\Users\match\.m2\repository\com\oracle\database\jdbc\ojdbc8\19.8.0.0\ojdbc8-19.8.0.0.jar;C:\Program Files\JetBrains\IntelliJ IDEA 2024.1.2\lib\idea_rt.jar
Launcher Type: SUN_STANDARD

[Global flags]
     intx CICompilerCount                          = 4                                         {product} {ergonomic}
     uint ConcGCThreads                            = 2                                         {product} {ergonomic}
     uint G1ConcRefinementThreads                  = 8                                         {product} {ergonomic}
   size_t G1HeapRegionSize                         = 1048576                                   {product} {ergonomic}
   size_t InitialHeapSize                          = 130023424                                 {product} {ergonomic}
   size_t MarkStackSize                            = 4194304                                   {product} {ergonomic}
   size_t MaxHeapSize                              = 2067791872                                {product} {ergonomic}
   size_t MaxNewSize                               = 1240465408                                {product} {ergonomic}
   size_t MinHeapDeltaBytes                        = 1048576                                   {product} {ergonomic}
   size_t MinHeapSize                              = 8388608                                   {product} {ergonomic}
    uintx NonNMethodCodeHeapSize                   = 5839372                                {pd product} {ergonomic}
    uintx NonProfiledCodeHeapSize                  = 122909434                              {pd product} {ergonomic}
    uintx ProfiledCodeHeapSize                     = 122909434                              {pd product} {ergonomic}
    uintx ReservedCodeCacheSize                    = 251658240                              {pd product} {ergonomic}
     bool SegmentedCodeCache                       = true                                      {product} {ergonomic}
   size_t SoftMaxHeapSize                          = 2067791872                             {manageable} {ergonomic}
     bool UseCompressedOops                        = true                           {product lp64_product} {ergonomic}
     bool UseG1GC                                  = true                                      {product} {ergonomic}
     bool UseLargePagesIndividualAllocation        = false                                  {pd product} {ergonomic}

Logging:
Log output configuration:
 #0: stdout all=warning uptime,level,tags foldmultilines=false
 #1: stderr all=off uptime,level,tags foldmultilines=false

Environment Variables:
JAVA_HOME=C:\Program Files\Java\jdk-22
PATH=C:\Program Files\Common Files\Oracle\Java\javapath;c:\Users\match\AppData\Local\Programs\cursor\resources\app\bin;C:\Program Files (x86)\Falcon\MinGW\bin;C:\Windows\system32;C:\Windows;C:\Windows\System32\Wbem;C:\Windows\System32\WindowsPowerShell\v1.0\;C:\Windows\System32\OpenSSH\;C:\WINDOWS\system32;C:\WINDOWS;C:\WINDOWS\System32\Wbem;C:\WINDOWS\System32\WindowsPowerShell\v1.0\;C:\WINDOWS\System32\OpenSSH\;C:\MinGW\bin;C:\Users\match\AppData\Local\Microsoft\WindowsApps;C:\Program Files (x86)\Nmap;C:\adb;C:\Users\match\AppData\Local\Programs\Python\Python37\;C:\Users\match\AppData\Local\Programs\Python\Python37\Scripts\;C:\Users\match\AppData\Local\Programs\Python\Python37\;C:\Users\match\AppData\Local\Microsoft\WindowsApps;C:\MinGW\bin;C:\Program;c:\Users\match\AppData\Local\Programs\cursor\resources\app\bin;C:\Program Files\Git\cmd;C:\Program Files\Maven\apache-maven-3.9.7\bin;C:\Program Files\Java\jdk-22\bin;C:\Program Files\Java\javafx-sdk-22.0.1\bin;C:\Users\match\AppData\Local\Programs\Python\Python37\Scripts\;C:\Users\match\AppData\Local\Programs\Python\Python37\;C:\Users\match\AppData\Local\Microsoft\WindowsApps;C:\MinGW\bin;C:\Program Files (x86)\Nmap;C:\Users\match\AppData\Local\spicetify;;C:\Program Files\JetBrains\IntelliJ IDEA 2024.1.2\bin;
USERNAME=match
OS=Windows_NT
PROCESSOR_IDENTIFIER=Intel64 Family 6 Model 140 Stepping 1, GenuineIntel
TMP=C:\Users\match\AppData\Local\Temp
TEMP=C:\Users\match\AppData\Local\Temp




Periodic native trim disabled

---------------  S Y S T E M  ---------------

OS:
 Windows 11 , 64 bit Build 22621 (10.0.22621.3672)
OS uptime: 6 days 0:15 hours

CPU: total 8 (initial active 8) (4 cores per cpu, 2 threads per core) family 6 model 140 stepping 1 microcode 0x86, cx8, cmov, fxsr, ht, mmx, 3dnowpref, sse, sse2, sse3, ssse3, sse4.1, sse4.2, popcnt, lzcnt, tsc, tscinvbit, avx, avx2, aes, erms, clmul, bmi1, bmi2, adx, avx512f, avx512dq, avx512cd, avx512bw, avx512vl, sha, fma, vzeroupper, avx512_vpopcntdq, avx512_vpclmulqdq, avx512_vaes, avx512_vnni, clflush, clflushopt, clwb, avx512_vbmi2, avx512_vbmi, rdtscp, rdpid, fsrm, gfni, avx512_bitalg, f16c, pku, cet_ibt, cet_ss, avx512_ifma
Processor Information for all 8 processors :
  Max Mhz: 2419, Current Mhz: 2419, Mhz Limit: 2419

Memory: 4k page, system-wide physical 7884M (200M free)
TotalPageFile size 16076M (AvailPageFile size 5M)
current process WorkingSet (physical memory assigned to process): 201M, peak: 202M
current process commit charge ("private bytes"): 342M, peak: 346M

vm_info: Java HotSpot(TM) 64-Bit Server VM (22.0.1+8-16) for windows-amd64 JRE (22.0.1+8-16), built on 2024-03-12T10:33:16Z by "mach5one" with MS VC++ 17.6 (VS2022)

END.
