#
# There is insufficient memory for the Java Runtime Environment to continue.
# Native memory allocation (malloc) failed to allocate 783744 bytes. Error detail: Chunk::new
# Possible reasons:
#   The system is out of physical RAM or swap space
#   This process is running with CompressedOops enabled, and the Java Heap may be blocking the growth of the native heap
# Possible solutions:
#   Reduce memory load on the system
#   Increase physical memory or swap space
#   Check if swap backing store is full
#   Decrease Java heap size (-Xmx/-Xms)
#   Decrease number of Java threads
#   Decrease Java thread stack sizes (-Xss)
#   Set larger code cache with -XX:ReservedCodeCacheSize=
#   JVM is running with Unscaled Compressed Oops mode in which the Java heap is
#     placed in the first 4GB address space. The Java Heap base address is the
#     maximum limit for the native heap growth. Please use -XX:HeapBaseMinAddress
#     to set the Java Heap base and to place the Java Heap above 4GB virtual address.
# This output file may be truncated or incomplete.
#
#  Out of Memory Error (arena.cpp:150), pid=15136, tid=10152
#
# JRE version: OpenJDK Runtime Environment (22.0.1+8) (build 22.0.1+8-16)
# Java VM: OpenJDK 64-Bit Server VM (22.0.1+8-16, mixed mode, sharing, tiered, compressed oops, compressed class ptrs, g1 gc, windows-amd64)
# No core dump will be written. Minidumps are not enabled by default on client versions of Windows
#

---------------  S U M M A R Y ------------

Command Line: -javaagent:C:\Program Files\JetBrains\IntelliJ IDEA 2024.1.2\lib\idea_rt.jar=55135:C:\Program Files\JetBrains\IntelliJ IDEA 2024.1.2\bin -Dfile.encoding=UTF-8 -Dsun.stdout.encoding=UTF-8 -Dsun.stderr.encoding=UTF-8 --module-path=C:\Users\match\.m2\repository\org\openjfx\javafx-graphics\21\javafx-graphics-21-win.jar;C:\Users\match\.m2\repository\org\openjfx\javafx-controls\21\javafx-controls-21-win.jar;C:\Users\match\OneDrive\Desktop\MovieTicketBookingManagement\target\classes;C:\Users\match\.m2\repository\org\openjfx\javafx-fxml\21\javafx-fxml-21-win.jar;C:\Users\match\.m2\repository\org\openjfx\javafx-base\21\javafx-base-21-win.jar -Djdk.module.main=com.mycompany.movieticketbookingmanagement com.mycompany.movieticketbookingmanagement/com.mycompany.movieticketbookingmanagement.App

Host: 11th Gen Intel(R) Core(TM) i5-1135G7 @ 2.40GHz, 8 cores, 7G,  Windows 11 , 64 bit Build 22621 (10.0.22621.3672)
Time: Sun Jun 30 17:35:03 2024 SE Asia Standard Time elapsed time: 1.882867 seconds (0d 0h 0m 1s)

---------------  T H R E A D  ---------------

Current thread (0x00000277d21a5330):  JavaThread "C2 CompilerThread2" daemon [_thread_in_native, id=10152, stack(0x000000bc64e00000,0x000000bc64f00000) (1024K)]


Current CompileTask:
C2:1882 1704   !   4       java.util.zip.InflaterInputStream::read (129 bytes)

Stack: [0x000000bc64e00000,0x000000bc64f00000]
Native frames: (J=compiled Java code, j=interpreted, Vv=VM code, C=native code)
V  [jvm.dll+0x6e2279]  (no source info available)
V  [jvm.dll+0x874e33]  (no source info available)
V  [jvm.dll+0x87725e]  (no source info available)
V  [jvm.dll+0x877933]  (no source info available)
V  [jvm.dll+0x27fd76]  (no source info available)
V  [jvm.dll+0xc3d0f]  (no source info available)
V  [jvm.dll+0xc3f6b]  (no source info available)
V  [jvm.dll+0x3bb10c]  (no source info available)
V  [jvm.dll+0x1df87e]  (no source info available)
V  [jvm.dll+0x247a5c]  (no source info available)
V  [jvm.dll+0x246fbf]  (no source info available)
V  [jvm.dll+0x1c4e90]  (no source info available)
V  [jvm.dll+0x2569fe]  (no source info available)
V  [jvm.dll+0x254cba]  (no source info available)
V  [jvm.dll+0x3f5336]  (no source info available)
V  [jvm.dll+0x81d44b]  (no source info available)
V  [jvm.dll+0x6e0915]  (no source info available)
C  [ucrtbase.dll+0x29333]  (no source info available)
C  [KERNEL32.DLL+0x1257d]  (no source info available)
C  [ntdll.dll+0x5af28]  (no source info available)


---------------  P R O C E S S  ---------------

Threads class SMR info:
_java_thread_list=0x00000277d2687340, length=20, elements={
0x00000277e49f6930, 0x00000277ff3c9e40, 0x00000277ff3ccc60, 0x00000277ff3cf0d0,
0x00000277ff3d0f90, 0x00000277ff3d2280, 0x00000277ff3d5cc0, 0x00000277ff3dda60,
0x00000277ff3e0590, 0x00000277c90ec060, 0x00000277c90e9f90, 0x00000277c90eb340,
0x00000277c90ec6f0, 0x00000277c90eb9d0, 0x00000277c90e9270, 0x00000277c90ea620,
0x00000277c90eacb0, 0x00000277d21a4c60, 0x00000277d21a5330, 0x00000277d239c380
}

Java Threads: ( => current thread )
  0x00000277e49f6930 JavaThread "main"                              [_thread_blocked, id=17972, stack(0x000000bc62d00000,0x000000bc62e00000) (1024K)]
  0x00000277ff3c9e40 JavaThread "Reference Handler"          daemon [_thread_blocked, id=2952, stack(0x000000bc63500000,0x000000bc63600000) (1024K)]
  0x00000277ff3ccc60 JavaThread "Finalizer"                  daemon [_thread_blocked, id=4524, stack(0x000000bc63600000,0x000000bc63700000) (1024K)]
  0x00000277ff3cf0d0 JavaThread "Signal Dispatcher"          daemon [_thread_blocked, id=13636, stack(0x000000bc63700000,0x000000bc63800000) (1024K)]
  0x00000277ff3d0f90 JavaThread "Attach Listener"            daemon [_thread_blocked, id=18208, stack(0x000000bc63800000,0x000000bc63900000) (1024K)]
  0x00000277ff3d2280 JavaThread "Service Thread"             daemon [_thread_blocked, id=16016, stack(0x000000bc63900000,0x000000bc63a00000) (1024K)]
  0x00000277ff3d5cc0 JavaThread "Monitor Deflation Thread"   daemon [_thread_blocked, id=15080, stack(0x000000bc63a00000,0x000000bc63b00000) (1024K)]
  0x00000277ff3dda60 JavaThread "C2 CompilerThread0"         daemon [_thread_blocked, id=17824, stack(0x000000bc63b00000,0x000000bc63c00000) (1024K)]
  0x00000277ff3e0590 JavaThread "C1 CompilerThread0"         daemon [_thread_blocked, id=2092, stack(0x000000bc63c00000,0x000000bc63d00000) (1024K)]
  0x00000277c90ec060 JavaThread "Common-Cleaner"             daemon [_thread_blocked, id=17868, stack(0x000000bc63d00000,0x000000bc63e00000) (1024K)]
  0x00000277c90e9f90 JavaThread "Monitor Ctrl-Break"         daemon [_thread_in_native, id=4872, stack(0x000000bc64000000,0x000000bc64100000) (1024K)]
  0x00000277c90eb340 JavaThread "Notification Thread"        daemon [_thread_blocked, id=11276, stack(0x000000bc64100000,0x000000bc64200000) (1024K)]
  0x00000277c90ec6f0 JavaThread "QuantumRenderer-0"          daemon [_thread_blocked, id=18076, stack(0x000000bc63e00000,0x000000bc63f00000) (1024K)]
  0x00000277c90eb9d0 JavaThread "InvokeLaterDispatcher"      daemon [_thread_blocked, id=13396, stack(0x000000bc64300000,0x000000bc64400000) (1024K)]
  0x00000277c90e9270 JavaThread "JavaFX Application Thread"         [_thread_in_vm, id=6484, stack(0x000000bc64200000,0x000000bc64300000) (1024K)]
  0x00000277c90ea620 JavaThread "Thread-1"                   daemon [_thread_in_native, id=18268, stack(0x000000bc64600000,0x000000bc64700000) (1024K)]
  0x00000277c90eacb0 JavaThread "JavaFX-Launcher"                   [_thread_blocked, id=17600, stack(0x000000bc64700000,0x000000bc64800000) (1024K)]
  0x00000277d21a4c60 JavaThread "C2 CompilerThread1"         daemon [_thread_blocked, id=10016, stack(0x000000bc64d00000,0x000000bc64e00000) (1024K)]
=>0x00000277d21a5330 JavaThread "C2 CompilerThread2"         daemon [_thread_in_native, id=10152, stack(0x000000bc64e00000,0x000000bc64f00000) (1024K)]
  0x00000277d239c380 JavaThread "Prism Font Disposer"        daemon [_thread_blocked, id=11756, stack(0x000000bc64f00000,0x000000bc65000000) (1024K)]
Total: 20

Other Threads:
  0x00000277ff3b64c0 VMThread "VM Thread"                           [id=11696, stack(0x000000bc63400000,0x000000bc63500000) (1024K)]
  0x00000277ff39e3a0 WatcherThread "VM Periodic Task Thread"        [id=2160, stack(0x000000bc63300000,0x000000bc63400000) (1024K)]
  0x00000277e6ba4090 WorkerThread "GC Thread#0"                     [id=5108, stack(0x000000bc62e00000,0x000000bc62f00000) (1024K)]
  0x00000277ca60b280 WorkerThread "GC Thread#1"                     [id=17616, stack(0x000000bc64800000,0x000000bc64900000) (1024K)]
  0x00000277ca619bd0 WorkerThread "GC Thread#2"                     [id=4980, stack(0x000000bc64900000,0x000000bc64a00000) (1024K)]
  0x00000277ca613b60 WorkerThread "GC Thread#3"                     [id=1428, stack(0x000000bc64a00000,0x000000bc64b00000) (1024K)]
  0x00000277ca613f10 WorkerThread "GC Thread#4"                     [id=15124, stack(0x000000bc64b00000,0x000000bc64c00000) (1024K)]
  0x00000277ca6142c0 WorkerThread "GC Thread#5"                     [id=10132, stack(0x000000bc64c00000,0x000000bc64d00000) (1024K)]
  0x00000277e6bb48b0 ConcurrentGCThread "G1 Main Marker"            [id=16544, stack(0x000000bc62f00000,0x000000bc63000000) (1024K)]
  0x00000277e6bb53c0 WorkerThread "G1 Conc#0"                       [id=12728, stack(0x000000bc63000000,0x000000bc63100000) (1024K)]
  0x00000277ff270f90 ConcurrentGCThread "G1 Refine#0"               [id=6360, stack(0x000000bc63100000,0x000000bc63200000) (1024K)]
  0x00000277ff271b10 ConcurrentGCThread "G1 Service"                [id=10452, stack(0x000000bc63200000,0x000000bc63300000) (1024K)]
Total: 12

Threads with active compile tasks:
C2 CompilerThread2  1898 1704   !   4       java.util.zip.InflaterInputStream::read (129 bytes)
Total: 1

VM state: not at safepoint (normal execution)

VM Mutex/Monitor currently owned by a thread: None

Heap address: 0x0000000084c00000, size: 1972 MB, Compressed Oops mode: 32-bit

CDS archive(s) mapped at: [0x0000027784000000-0x0000027784c50000-0x0000027784c50000), size 12910592, SharedBaseAddress: 0x0000027784000000, ArchiveRelocationMode: 1.
Compressed class space mapped at: 0x0000027785000000-0x00000277c5000000, reserved size: 1073741824
Narrow klass base: 0x0000027784000000, Narrow klass shift: 0, Narrow klass range: 0x41000000

GC Precious Log:
 CardTable entry size: 512
 Card Set container configuration: InlinePtr #cards 5 size 8 Array Of Cards #cards 12 size 40 Howl #buckets 4 coarsen threshold 1843 Howl Bitmap #cards 512 size 80 coarsen threshold 460 Card regions per heap region 1 cards per card region 2048
 CPUs: 8 total, 8 available
 Memory: 7884M
 Large Page Support: Disabled
 NUMA Support: Disabled
 Compressed Oops: Enabled (32-bit)
 Heap Region Size: 1M
 Heap Min Capacity: 8M
 Heap Initial Capacity: 124M
 Heap Max Capacity: 1972M
 Pre-touch: Disabled
 Parallel Workers: 8
 Concurrent Workers: 2
 Concurrent Refinement Workers: 8
 Periodic GC: Disabled

Heap:
 garbage-first heap   total reserved 2019328K, committed 126976K, used 36787K [0x0000000084c00000, 0x0000000100000000)
  region size 1024K, 35 young (35840K), 3 survivors (3072K)
 Metaspace       used 12437K, committed 12736K, reserved 1114112K
  class space    used 1670K, committed 1792K, reserved 1048576K

Heap Regions: E=young(eden), S=young(survivor), O=old, HS=humongous(starts), HC=humongous(continues), CS=collection set, F=free, TAMS=top-at-mark-start, PB=parsable bottom
|   0|0x0000000084c00000, 0x0000000084cece80, 0x0000000084d00000| 92%| O|  |TAMS 0x0000000084c00000| PB 0x0000000084c00000| Untracked |  0
|   1|0x0000000084d00000, 0x0000000084e00000, 0x0000000084e00000|100%|HS|  |TAMS 0x0000000084d00000| PB 0x0000000084d00000| Complete |  0
|   2|0x0000000084e00000, 0x0000000084f00000, 0x0000000084f00000|100%|HC|  |TAMS 0x0000000084e00000| PB 0x0000000084e00000| Complete |  0
|   3|0x0000000084f00000, 0x0000000084f00000, 0x0000000085000000|  0%| F|  |TAMS 0x0000000084f00000| PB 0x0000000084f00000| Untracked |  0
|   4|0x0000000085000000, 0x0000000085000000, 0x0000000085100000|  0%| F|  |TAMS 0x0000000085000000| PB 0x0000000085000000| Untracked |  0
|   5|0x0000000085100000, 0x0000000085100000, 0x0000000085200000|  0%| F|  |TAMS 0x0000000085100000| PB 0x0000000085100000| Untracked |  0
|   6|0x0000000085200000, 0x0000000085200000, 0x0000000085300000|  0%| F|  |TAMS 0x0000000085200000| PB 0x0000000085200000| Untracked |  0
|   7|0x0000000085300000, 0x0000000085300000, 0x0000000085400000|  0%| F|  |TAMS 0x0000000085300000| PB 0x0000000085300000| Untracked |  0
|   8|0x0000000085400000, 0x0000000085400000, 0x0000000085500000|  0%| F|  |TAMS 0x0000000085400000| PB 0x0000000085400000| Untracked |  0
|   9|0x0000000085500000, 0x0000000085500000, 0x0000000085600000|  0%| F|  |TAMS 0x0000000085500000| PB 0x0000000085500000| Untracked |  0
|  10|0x0000000085600000, 0x0000000085600000, 0x0000000085700000|  0%| F|  |TAMS 0x0000000085600000| PB 0x0000000085600000| Untracked |  0
|  11|0x0000000085700000, 0x0000000085700000, 0x0000000085800000|  0%| F|  |TAMS 0x0000000085700000| PB 0x0000000085700000| Untracked |  0
|  12|0x0000000085800000, 0x0000000085800000, 0x0000000085900000|  0%| F|  |TAMS 0x0000000085800000| PB 0x0000000085800000| Untracked |  0
|  13|0x0000000085900000, 0x0000000085900000, 0x0000000085a00000|  0%| F|  |TAMS 0x0000000085900000| PB 0x0000000085900000| Untracked |  0
|  14|0x0000000085a00000, 0x0000000085a00000, 0x0000000085b00000|  0%| F|  |TAMS 0x0000000085a00000| PB 0x0000000085a00000| Untracked |  0
|  15|0x0000000085b00000, 0x0000000085b00000, 0x0000000085c00000|  0%| F|  |TAMS 0x0000000085b00000| PB 0x0000000085b00000| Untracked |  0
|  16|0x0000000085c00000, 0x0000000085c00000, 0x0000000085d00000|  0%| F|  |TAMS 0x0000000085c00000| PB 0x0000000085c00000| Untracked |  0
|  17|0x0000000085d00000, 0x0000000085d00000, 0x0000000085e00000|  0%| F|  |TAMS 0x0000000085d00000| PB 0x0000000085d00000| Untracked |  0
|  18|0x0000000085e00000, 0x0000000085e00000, 0x0000000085f00000|  0%| F|  |TAMS 0x0000000085e00000| PB 0x0000000085e00000| Untracked |  0
|  19|0x0000000085f00000, 0x0000000085f00000, 0x0000000086000000|  0%| F|  |TAMS 0x0000000085f00000| PB 0x0000000085f00000| Untracked |  0
|  20|0x0000000086000000, 0x0000000086000000, 0x0000000086100000|  0%| F|  |TAMS 0x0000000086000000| PB 0x0000000086000000| Untracked |  0
|  21|0x0000000086100000, 0x0000000086100000, 0x0000000086200000|  0%| F|  |TAMS 0x0000000086100000| PB 0x0000000086100000| Untracked |  0
|  22|0x0000000086200000, 0x0000000086200000, 0x0000000086300000|  0%| F|  |TAMS 0x0000000086200000| PB 0x0000000086200000| Untracked |  0
|  23|0x0000000086300000, 0x0000000086300000, 0x0000000086400000|  0%| F|  |TAMS 0x0000000086300000| PB 0x0000000086300000| Untracked |  0
|  24|0x0000000086400000, 0x0000000086400000, 0x0000000086500000|  0%| F|  |TAMS 0x0000000086400000| PB 0x0000000086400000| Untracked |  0
|  25|0x0000000086500000, 0x0000000086500000, 0x0000000086600000|  0%| F|  |TAMS 0x0000000086500000| PB 0x0000000086500000| Untracked |  0
|  26|0x0000000086600000, 0x0000000086600000, 0x0000000086700000|  0%| F|  |TAMS 0x0000000086600000| PB 0x0000000086600000| Untracked |  0
|  27|0x0000000086700000, 0x0000000086700000, 0x0000000086800000|  0%| F|  |TAMS 0x0000000086700000| PB 0x0000000086700000| Untracked |  0
|  28|0x0000000086800000, 0x0000000086800000, 0x0000000086900000|  0%| F|  |TAMS 0x0000000086800000| PB 0x0000000086800000| Untracked |  0
|  29|0x0000000086900000, 0x0000000086900000, 0x0000000086a00000|  0%| F|  |TAMS 0x0000000086900000| PB 0x0000000086900000| Untracked |  0
|  30|0x0000000086a00000, 0x0000000086a00000, 0x0000000086b00000|  0%| F|  |TAMS 0x0000000086a00000| PB 0x0000000086a00000| Untracked |  0
|  31|0x0000000086b00000, 0x0000000086b00000, 0x0000000086c00000|  0%| F|  |TAMS 0x0000000086b00000| PB 0x0000000086b00000| Untracked |  0
|  32|0x0000000086c00000, 0x0000000086c00000, 0x0000000086d00000|  0%| F|  |TAMS 0x0000000086c00000| PB 0x0000000086c00000| Untracked |  0
|  33|0x0000000086d00000, 0x0000000086d00000, 0x0000000086e00000|  0%| F|  |TAMS 0x0000000086d00000| PB 0x0000000086d00000| Untracked |  0
|  34|0x0000000086e00000, 0x0000000086e00000, 0x0000000086f00000|  0%| F|  |TAMS 0x0000000086e00000| PB 0x0000000086e00000| Untracked |  0
|  35|0x0000000086f00000, 0x0000000086f00000, 0x0000000087000000|  0%| F|  |TAMS 0x0000000086f00000| PB 0x0000000086f00000| Untracked |  0
|  36|0x0000000087000000, 0x0000000087000000, 0x0000000087100000|  0%| F|  |TAMS 0x0000000087000000| PB 0x0000000087000000| Untracked |  0
|  37|0x0000000087100000, 0x0000000087100000, 0x0000000087200000|  0%| F|  |TAMS 0x0000000087100000| PB 0x0000000087100000| Untracked |  0
|  38|0x0000000087200000, 0x0000000087200000, 0x0000000087300000|  0%| F|  |TAMS 0x0000000087200000| PB 0x0000000087200000| Untracked |  0
|  39|0x0000000087300000, 0x0000000087300000, 0x0000000087400000|  0%| F|  |TAMS 0x0000000087300000| PB 0x0000000087300000| Untracked |  0
|  40|0x0000000087400000, 0x0000000087400000, 0x0000000087500000|  0%| F|  |TAMS 0x0000000087400000| PB 0x0000000087400000| Untracked |  0
|  41|0x0000000087500000, 0x0000000087500000, 0x0000000087600000|  0%| F|  |TAMS 0x0000000087500000| PB 0x0000000087500000| Untracked |  0
|  42|0x0000000087600000, 0x0000000087600000, 0x0000000087700000|  0%| F|  |TAMS 0x0000000087600000| PB 0x0000000087600000| Untracked |  0
|  43|0x0000000087700000, 0x0000000087700000, 0x0000000087800000|  0%| F|  |TAMS 0x0000000087700000| PB 0x0000000087700000| Untracked |  0
|  44|0x0000000087800000, 0x0000000087800000, 0x0000000087900000|  0%| F|  |TAMS 0x0000000087800000| PB 0x0000000087800000| Untracked |  0
|  45|0x0000000087900000, 0x0000000087900000, 0x0000000087a00000|  0%| F|  |TAMS 0x0000000087900000| PB 0x0000000087900000| Untracked |  0
|  46|0x0000000087a00000, 0x0000000087a00000, 0x0000000087b00000|  0%| F|  |TAMS 0x0000000087a00000| PB 0x0000000087a00000| Untracked |  0
|  47|0x0000000087b00000, 0x0000000087b00000, 0x0000000087c00000|  0%| F|  |TAMS 0x0000000087b00000| PB 0x0000000087b00000| Untracked |  0
|  48|0x0000000087c00000, 0x0000000087c00000, 0x0000000087d00000|  0%| F|  |TAMS 0x0000000087c00000| PB 0x0000000087c00000| Untracked |  0
|  49|0x0000000087d00000, 0x0000000087d00000, 0x0000000087e00000|  0%| F|  |TAMS 0x0000000087d00000| PB 0x0000000087d00000| Untracked |  0
|  50|0x0000000087e00000, 0x0000000087e00000, 0x0000000087f00000|  0%| F|  |TAMS 0x0000000087e00000| PB 0x0000000087e00000| Untracked |  0
|  51|0x0000000087f00000, 0x0000000087f00000, 0x0000000088000000|  0%| F|  |TAMS 0x0000000087f00000| PB 0x0000000087f00000| Untracked |  0
|  52|0x0000000088000000, 0x0000000088000000, 0x0000000088100000|  0%| F|  |TAMS 0x0000000088000000| PB 0x0000000088000000| Untracked |  0
|  53|0x0000000088100000, 0x0000000088100000, 0x0000000088200000|  0%| F|  |TAMS 0x0000000088100000| PB 0x0000000088100000| Untracked |  0
|  54|0x0000000088200000, 0x0000000088200000, 0x0000000088300000|  0%| F|  |TAMS 0x0000000088200000| PB 0x0000000088200000| Untracked |  0
|  55|0x0000000088300000, 0x0000000088300000, 0x0000000088400000|  0%| F|  |TAMS 0x0000000088300000| PB 0x0000000088300000| Untracked |  0
|  56|0x0000000088400000, 0x0000000088400000, 0x0000000088500000|  0%| F|  |TAMS 0x0000000088400000| PB 0x0000000088400000| Untracked |  0
|  57|0x0000000088500000, 0x0000000088500000, 0x0000000088600000|  0%| F|  |TAMS 0x0000000088500000| PB 0x0000000088500000| Untracked |  0
|  58|0x0000000088600000, 0x0000000088600000, 0x0000000088700000|  0%| F|  |TAMS 0x0000000088600000| PB 0x0000000088600000| Untracked |  0
|  59|0x0000000088700000, 0x0000000088700000, 0x0000000088800000|  0%| F|  |TAMS 0x0000000088700000| PB 0x0000000088700000| Untracked |  0
|  60|0x0000000088800000, 0x0000000088800000, 0x0000000088900000|  0%| F|  |TAMS 0x0000000088800000| PB 0x0000000088800000| Untracked |  0
|  61|0x0000000088900000, 0x0000000088900000, 0x0000000088a00000|  0%| F|  |TAMS 0x0000000088900000| PB 0x0000000088900000| Untracked |  0
|  62|0x0000000088a00000, 0x0000000088a00000, 0x0000000088b00000|  0%| F|  |TAMS 0x0000000088a00000| PB 0x0000000088a00000| Untracked |  0
|  63|0x0000000088b00000, 0x0000000088b00000, 0x0000000088c00000|  0%| F|  |TAMS 0x0000000088b00000| PB 0x0000000088b00000| Untracked |  0
|  64|0x0000000088c00000, 0x0000000088c00000, 0x0000000088d00000|  0%| F|  |TAMS 0x0000000088c00000| PB 0x0000000088c00000| Untracked |  0
|  65|0x0000000088d00000, 0x0000000088d00000, 0x0000000088e00000|  0%| F|  |TAMS 0x0000000088d00000| PB 0x0000000088d00000| Untracked |  0
|  66|0x0000000088e00000, 0x0000000088e00000, 0x0000000088f00000|  0%| F|  |TAMS 0x0000000088e00000| PB 0x0000000088e00000| Untracked |  0
|  67|0x0000000088f00000, 0x0000000088f00000, 0x0000000089000000|  0%| F|  |TAMS 0x0000000088f00000| PB 0x0000000088f00000| Untracked |  0
|  68|0x0000000089000000, 0x0000000089000000, 0x0000000089100000|  0%| F|  |TAMS 0x0000000089000000| PB 0x0000000089000000| Untracked |  0
|  69|0x0000000089100000, 0x0000000089100000, 0x0000000089200000|  0%| F|  |TAMS 0x0000000089100000| PB 0x0000000089100000| Untracked |  0
|  70|0x0000000089200000, 0x0000000089200000, 0x0000000089300000|  0%| F|  |TAMS 0x0000000089200000| PB 0x0000000089200000| Untracked |  0
|  71|0x0000000089300000, 0x0000000089300000, 0x0000000089400000|  0%| F|  |TAMS 0x0000000089300000| PB 0x0000000089300000| Untracked |  0
|  72|0x0000000089400000, 0x0000000089400000, 0x0000000089500000|  0%| F|  |TAMS 0x0000000089400000| PB 0x0000000089400000| Untracked |  0
|  73|0x0000000089500000, 0x0000000089500000, 0x0000000089600000|  0%| F|  |TAMS 0x0000000089500000| PB 0x0000000089500000| Untracked |  0
|  74|0x0000000089600000, 0x0000000089600000, 0x0000000089700000|  0%| F|  |TAMS 0x0000000089600000| PB 0x0000000089600000| Untracked |  0
|  75|0x0000000089700000, 0x0000000089700000, 0x0000000089800000|  0%| F|  |TAMS 0x0000000089700000| PB 0x0000000089700000| Untracked |  0
|  76|0x0000000089800000, 0x0000000089800000, 0x0000000089900000|  0%| F|  |TAMS 0x0000000089800000| PB 0x0000000089800000| Untracked |  0
|  77|0x0000000089900000, 0x0000000089900000, 0x0000000089a00000|  0%| F|  |TAMS 0x0000000089900000| PB 0x0000000089900000| Untracked |  0
|  78|0x0000000089a00000, 0x0000000089a00000, 0x0000000089b00000|  0%| F|  |TAMS 0x0000000089a00000| PB 0x0000000089a00000| Untracked |  0
|  79|0x0000000089b00000, 0x0000000089b00000, 0x0000000089c00000|  0%| F|  |TAMS 0x0000000089b00000| PB 0x0000000089b00000| Untracked |  0
|  80|0x0000000089c00000, 0x0000000089c00000, 0x0000000089d00000|  0%| F|  |TAMS 0x0000000089c00000| PB 0x0000000089c00000| Untracked |  0
|  81|0x0000000089d00000, 0x0000000089d00000, 0x0000000089e00000|  0%| F|  |TAMS 0x0000000089d00000| PB 0x0000000089d00000| Untracked |  0
|  82|0x0000000089e00000, 0x0000000089e00000, 0x0000000089f00000|  0%| F|  |TAMS 0x0000000089e00000| PB 0x0000000089e00000| Untracked |  0
|  83|0x0000000089f00000, 0x0000000089f00000, 0x000000008a000000|  0%| F|  |TAMS 0x0000000089f00000| PB 0x0000000089f00000| Untracked |  0
|  84|0x000000008a000000, 0x000000008a000000, 0x000000008a100000|  0%| F|  |TAMS 0x000000008a000000| PB 0x000000008a000000| Untracked |  0
|  85|0x000000008a100000, 0x000000008a100000, 0x000000008a200000|  0%| F|  |TAMS 0x000000008a100000| PB 0x000000008a100000| Untracked |  0
|  86|0x000000008a200000, 0x000000008a200000, 0x000000008a300000|  0%| F|  |TAMS 0x000000008a200000| PB 0x000000008a200000| Untracked |  0
|  87|0x000000008a300000, 0x000000008a300000, 0x000000008a400000|  0%| F|  |TAMS 0x000000008a300000| PB 0x000000008a300000| Untracked |  0
|  88|0x000000008a400000, 0x000000008a400000, 0x000000008a500000|  0%| F|  |TAMS 0x000000008a400000| PB 0x000000008a400000| Untracked |  0
|  89|0x000000008a500000, 0x000000008a5b65d8, 0x000000008a600000| 71%| E|  |TAMS 0x000000008a500000| PB 0x000000008a500000| Complete |  0
|  90|0x000000008a600000, 0x000000008a700000, 0x000000008a700000|100%| E|CS|TAMS 0x000000008a600000| PB 0x000000008a600000| Complete |  0
|  91|0x000000008a700000, 0x000000008a800000, 0x000000008a800000|100%| E|CS|TAMS 0x000000008a700000| PB 0x000000008a700000| Complete |  0
|  92|0x000000008a800000, 0x000000008a900000, 0x000000008a900000|100%| E|CS|TAMS 0x000000008a800000| PB 0x000000008a800000| Complete |  0
|  93|0x000000008a900000, 0x000000008aa00000, 0x000000008aa00000|100%| E|CS|TAMS 0x000000008a900000| PB 0x000000008a900000| Complete |  0
|  94|0x000000008aa00000, 0x000000008ab00000, 0x000000008ab00000|100%| E|  |TAMS 0x000000008aa00000| PB 0x000000008aa00000| Complete |  0
|  95|0x000000008ab00000, 0x000000008ac00000, 0x000000008ac00000|100%| E|CS|TAMS 0x000000008ab00000| PB 0x000000008ab00000| Complete |  0
|  96|0x000000008ac00000, 0x000000008ad00000, 0x000000008ad00000|100%| E|CS|TAMS 0x000000008ac00000| PB 0x000000008ac00000| Complete |  0
|  97|0x000000008ad00000, 0x000000008ae00000, 0x000000008ae00000|100%| S|CS|TAMS 0x000000008ad00000| PB 0x000000008ad00000| Complete |  0
|  98|0x000000008ae00000, 0x000000008af00000, 0x000000008af00000|100%| S|CS|TAMS 0x000000008ae00000| PB 0x000000008ae00000| Complete |  0
|  99|0x000000008af00000, 0x000000008b000000, 0x000000008b000000|100%| S|CS|TAMS 0x000000008af00000| PB 0x000000008af00000| Complete |  0
| 100|0x000000008b000000, 0x000000008b100000, 0x000000008b100000|100%| E|CS|TAMS 0x000000008b000000| PB 0x000000008b000000| Complete |  0
| 101|0x000000008b100000, 0x000000008b200000, 0x000000008b200000|100%| E|CS|TAMS 0x000000008b100000| PB 0x000000008b100000| Complete |  0
| 102|0x000000008b200000, 0x000000008b300000, 0x000000008b300000|100%| E|CS|TAMS 0x000000008b200000| PB 0x000000008b200000| Complete |  0
| 103|0x000000008b300000, 0x000000008b400000, 0x000000008b400000|100%| E|CS|TAMS 0x000000008b300000| PB 0x000000008b300000| Complete |  0
| 104|0x000000008b400000, 0x000000008b500000, 0x000000008b500000|100%| E|CS|TAMS 0x000000008b400000| PB 0x000000008b400000| Complete |  0
| 105|0x000000008b500000, 0x000000008b600000, 0x000000008b600000|100%| E|CS|TAMS 0x000000008b500000| PB 0x000000008b500000| Complete |  0
| 106|0x000000008b600000, 0x000000008b700000, 0x000000008b700000|100%| E|CS|TAMS 0x000000008b600000| PB 0x000000008b600000| Complete |  0
| 107|0x000000008b700000, 0x000000008b800000, 0x000000008b800000|100%| E|CS|TAMS 0x000000008b700000| PB 0x000000008b700000| Complete |  0
| 108|0x000000008b800000, 0x000000008b900000, 0x000000008b900000|100%| E|CS|TAMS 0x000000008b800000| PB 0x000000008b800000| Complete |  0
| 109|0x000000008b900000, 0x000000008ba00000, 0x000000008ba00000|100%| E|CS|TAMS 0x000000008b900000| PB 0x000000008b900000| Complete |  0
| 110|0x000000008ba00000, 0x000000008bb00000, 0x000000008bb00000|100%| E|CS|TAMS 0x000000008ba00000| PB 0x000000008ba00000| Complete |  0
| 111|0x000000008bb00000, 0x000000008bc00000, 0x000000008bc00000|100%| E|CS|TAMS 0x000000008bb00000| PB 0x000000008bb00000| Complete |  0
| 112|0x000000008bc00000, 0x000000008bd00000, 0x000000008bd00000|100%| E|CS|TAMS 0x000000008bc00000| PB 0x000000008bc00000| Complete |  0
| 113|0x000000008bd00000, 0x000000008be00000, 0x000000008be00000|100%| E|CS|TAMS 0x000000008bd00000| PB 0x000000008bd00000| Complete |  0
| 114|0x000000008be00000, 0x000000008bf00000, 0x000000008bf00000|100%| E|CS|TAMS 0x000000008be00000| PB 0x000000008be00000| Complete |  0
| 115|0x000000008bf00000, 0x000000008c000000, 0x000000008c000000|100%| E|CS|TAMS 0x000000008bf00000| PB 0x000000008bf00000| Complete |  0
| 116|0x000000008c000000, 0x000000008c100000, 0x000000008c100000|100%| E|CS|TAMS 0x000000008c000000| PB 0x000000008c000000| Complete |  0
| 117|0x000000008c100000, 0x000000008c200000, 0x000000008c200000|100%| E|CS|TAMS 0x000000008c100000| PB 0x000000008c100000| Complete |  0
| 118|0x000000008c200000, 0x000000008c300000, 0x000000008c300000|100%| E|CS|TAMS 0x000000008c200000| PB 0x000000008c200000| Complete |  0
| 119|0x000000008c300000, 0x000000008c400000, 0x000000008c400000|100%| E|CS|TAMS 0x000000008c300000| PB 0x000000008c300000| Complete |  0
| 120|0x000000008c400000, 0x000000008c500000, 0x000000008c500000|100%| E|CS|TAMS 0x000000008c400000| PB 0x000000008c400000| Complete |  0
| 121|0x000000008c500000, 0x000000008c600000, 0x000000008c600000|100%| E|CS|TAMS 0x000000008c500000| PB 0x000000008c500000| Complete |  0
| 122|0x000000008c600000, 0x000000008c700000, 0x000000008c700000|100%| E|CS|TAMS 0x000000008c600000| PB 0x000000008c600000| Complete |  0
| 123|0x000000008c700000, 0x000000008c800000, 0x000000008c800000|100%| E|CS|TAMS 0x000000008c700000| PB 0x000000008c700000| Complete |  0

Card table byte_map: [0x00000277fe5a0000,0x00000277fe980000] _byte_map_base: 0x00000277fe17a000

Marking Bits: (CMBitMap*) 0x00000277e6ba47a0
 Bits: [0x0000027780000000, 0x0000027781ed0000)

Polling page: 0x00000277e4af0000

Metaspace:

Usage:
  Non-class:     10.55 MB used.
      Class:      1.65 MB used.
       Both:     12.20 MB used.

Virtual space:
  Non-class space:       64.00 MB reserved,      10.69 MB ( 17%) committed,  1 nodes.
      Class space:        1.00 GB reserved,       1.75 MB ( <1%) committed,  1 nodes.
             Both:        1.06 GB reserved,      12.44 MB (  1%) committed. 

Chunk freelists:
   Non-Class:  4.80 MB
       Class:  14.25 MB
        Both:  19.05 MB

MaxMetaspaceSize: unlimited
CompressedClassSpaceSize: 1.00 GB
Initial GC threshold: 21.00 MB
Current GC threshold: 21.00 MB
CDS: on
 - commit_granule_bytes: 65536.
 - commit_granule_words: 8192.
 - virtual_space_node_default_size: 8388608.
 - enlarge_chunks_in_place: 1.
 - use_allocation_guard: 0.


Internal statistics:

num_allocs_failed_limit: 0.
num_arena_births: 312.
num_arena_deaths: 0.
num_vsnodes_births: 2.
num_vsnodes_deaths: 0.
num_space_committed: 200.
num_space_uncommitted: 0.
num_chunks_returned_to_freelist: 0.
num_chunks_taken_from_freelist: 649.
num_chunk_merges: 0.
num_chunk_splits: 442.
num_chunks_enlarged: 313.
num_inconsistent_stats: 0.

CodeHeap 'non-profiled nmethods': size=120000Kb used=682Kb max_used=682Kb free=119318Kb
 bounds [0x00000277f6960000, 0x00000277f6bd0000, 0x00000277fde90000]
CodeHeap 'profiled nmethods': size=120000Kb used=2867Kb max_used=2867Kb free=117133Kb
 bounds [0x00000277eee90000, 0x00000277ef160000, 0x00000277f63c0000]
CodeHeap 'non-nmethods': size=5760Kb used=1921Kb max_used=1921Kb free=3839Kb
 bounds [0x00000277f63c0000, 0x00000277f6630000, 0x00000277f6960000]
 total_blobs=2464 nmethods=1725 adapters=644
 compilation: enabled
              stopped_count=0, restarted_count=0
 full_count=0

Compilation events (20 events):
Event: 1.837 Thread 0x00000277ff3e0590 1714       1       javafx.css.Selector::getOrdinal (5 bytes)
Event: 1.837 Thread 0x00000277ff3e0590 nmethod 1714 0x00000277f6a0a210 code [0x00000277f6a0a3a0, 0x00000277f6a0a468]
Event: 1.837 Thread 0x00000277ff3e0590 1712       3       com.sun.javafx.css.parser.Token::<init> (26 bytes)
Event: 1.837 Thread 0x00000277ff3e0590 nmethod 1712 0x00000277ef157c90 code [0x00000277ef157e20, 0x00000277ef157fe8]
Event: 1.837 Thread 0x00000277ff3e0590 1716       3       java.lang.invoke.DirectMethodHandle$Constructor::viewAsType (49 bytes)
Event: 1.837 Thread 0x00000277ff3e0590 nmethod 1716 0x00000277ef158090 code [0x00000277ef158240, 0x00000277ef158418]
Event: 1.838 Thread 0x00000277ff3e0590 1717       3       jdk.internal.org.objectweb.asm.FieldWriter::visitEnd (1 bytes)
Event: 1.838 Thread 0x00000277ff3e0590 nmethod 1717 0x00000277ef158510 code [0x00000277ef1586a0, 0x00000277ef1587a8]
Event: 1.844 Thread 0x00000277ff3e0590 1718       3       java.lang.Module::implIsExportedOrOpen (92 bytes)
Event: 1.844 Thread 0x00000277ff3e0590 nmethod 1718 0x00000277ef158810 code [0x00000277ef158a40, 0x00000277ef159128]
Event: 1.844 Thread 0x00000277ff3e0590 1719   !   3       jdk.internal.loader.URLClassPath$JarLoader::getResource (40 bytes)
Event: 1.845 Thread 0x00000277ff3e0590 nmethod 1719 0x00000277ef159310 code [0x00000277ef159500, 0x00000277ef159a60]
Event: 1.845 Thread 0x00000277ff3e0590 1720       3       java.lang.StringBuilder::append (8 bytes)
Event: 1.845 Thread 0x00000277ff3e0590 nmethod 1720 0x00000277ef159c10 code [0x00000277ef159dc0, 0x00000277ef159f10]
Event: 1.845 Thread 0x00000277ff3e0590 1721       3       java.lang.AbstractStringBuilder::append (55 bytes)
Event: 1.845 Thread 0x00000277ff3e0590 nmethod 1721 0x00000277ef159f90 code [0x00000277ef15a180, 0x00000277ef15a4c8]
Event: 1.845 Thread 0x00000277ff3e0590 1722       3       java.lang.invoke.MethodHandles$Lookup::getDirectMethodNoSecurityManager (18 bytes)
Event: 1.845 Thread 0x00000277ff3e0590 nmethod 1722 0x00000277ef15a610 code [0x00000277ef15a7c0, 0x00000277ef15a910]
Event: 1.845 Thread 0x00000277ff3e0590 1723       3       java.lang.invoke.TypeConvertingMethodAdapter::cast (42 bytes)
Event: 1.846 Thread 0x00000277ff3e0590 nmethod 1723 0x00000277ef15aa10 code [0x00000277ef15ac00, 0x00000277ef15b058]

GC Heap History (2 events):
Event: 1.070 GC heap before
{Heap before GC invocations=0 (full 0):
 garbage-first heap   total reserved 2019328K, committed 126976K, used 23552K [0x0000000084c00000, 0x0000000100000000)
  region size 1024K, 24 young (24576K), 0 survivors (0K)
 Metaspace       used 4822K, committed 5056K, reserved 1114112K
  class space    used 526K, committed 640K, reserved 1048576K
}
Event: 1.076 GC heap after
{Heap after GC invocations=1 (full 0):
 garbage-first heap   total reserved 2019328K, committed 126976K, used 4019K [0x0000000084c00000, 0x0000000100000000)
  region size 1024K, 3 young (3072K), 3 survivors (3072K)
 Metaspace       used 4822K, committed 5056K, reserved 1114112K
  class space    used 526K, committed 640K, reserved 1048576K
}

Dll operation events (20 events):
Event: 0.584 Loaded shared library C:\Users\match\.openjfx\cache\21+31\amd64\api-ms-win-crt-locale-l1-1-0.dll
Event: 0.586 Loaded shared library C:\Users\match\.openjfx\cache\21+31\amd64\api-ms-win-crt-math-l1-1-0.dll
Event: 0.589 Loaded shared library C:\Users\match\.openjfx\cache\21+31\amd64\api-ms-win-crt-multibyte-l1-1-0.dll
Event: 0.593 Loaded shared library C:\Users\match\.openjfx\cache\21+31\amd64\api-ms-win-crt-private-l1-1-0.dll
Event: 0.610 Loaded shared library C:\Users\match\.openjfx\cache\21+31\amd64\api-ms-win-crt-process-l1-1-0.dll
Event: 0.613 Loaded shared library C:\Users\match\.openjfx\cache\21+31\amd64\api-ms-win-crt-runtime-l1-1-0.dll
Event: 0.615 Loaded shared library C:\Users\match\.openjfx\cache\21+31\amd64\api-ms-win-crt-stdio-l1-1-0.dll
Event: 0.618 Loaded shared library C:\Users\match\.openjfx\cache\21+31\amd64\api-ms-win-crt-string-l1-1-0.dll
Event: 0.621 Loaded shared library C:\Users\match\.openjfx\cache\21+31\amd64\api-ms-win-crt-time-l1-1-0.dll
Event: 0.623 Loaded shared library C:\Users\match\.openjfx\cache\21+31\amd64\api-ms-win-crt-utility-l1-1-0.dll
Event: 0.640 Loaded shared library C:\Users\match\.openjfx\cache\21+31\amd64\ucrtbase.dll
Event: 0.643 Loaded shared library C:\Users\match\.openjfx\cache\21+31\amd64\vcruntime140.dll
Event: 0.646 Loaded shared library C:\Users\match\.openjfx\cache\21+31\amd64\vcruntime140_1.dll
Event: 0.659 Loaded shared library C:\Users\match\.openjfx\cache\21+31\amd64\msvcp140.dll
Event: 0.662 Loaded shared library C:\Users\match\.openjfx\cache\21+31\amd64\msvcp140_1.dll
Event: 0.669 Loaded shared library C:\Users\match\.openjfx\cache\21+31\amd64\msvcp140_2.dll
Event: 0.722 Loaded shared library C:\Users\match\.openjfx\cache\21+31\amd64\prism_d3d.dll
Event: 0.807 Loaded shared library C:\Users\match\.openjfx\cache\21+31\amd64\glass.dll
Event: 1.091 Loaded shared library C:\Users\match\.jdks\openjdk-22.0.1\bin\jimage.dll
Event: 1.452 Loaded shared library C:\Users\match\.openjfx\cache\21+31\amd64\javafx_font.dll

Deoptimization events (20 events):
Event: 1.834 Thread 0x00000277c90e9270 DEOPT PACKING pc=0x00000277ef14f798 sp=0x000000bc642fd720
Event: 1.834 Thread 0x00000277c90e9270 DEOPT UNPACKING pc=0x00000277f64188e2 sp=0x000000bc642fcba0 mode 0
Event: 1.834 Thread 0x00000277c90e9270 DEOPT PACKING pc=0x00000277ef14f798 sp=0x000000bc642fd720
Event: 1.834 Thread 0x00000277c90e9270 DEOPT UNPACKING pc=0x00000277f64188e2 sp=0x000000bc642fcba0 mode 0
Event: 1.834 Thread 0x00000277c90e9270 DEOPT PACKING pc=0x00000277ef14f798 sp=0x000000bc642fd720
Event: 1.834 Thread 0x00000277c90e9270 DEOPT UNPACKING pc=0x00000277f64188e2 sp=0x000000bc642fcba0 mode 0
Event: 1.835 Thread 0x00000277c90e9270 DEOPT PACKING pc=0x00000277ef14f798 sp=0x000000bc642fd790
Event: 1.835 Thread 0x00000277c90e9270 DEOPT UNPACKING pc=0x00000277f64188e2 sp=0x000000bc642fcc10 mode 0
Event: 1.835 Thread 0x00000277c90e9270 DEOPT PACKING pc=0x00000277ef14f798 sp=0x000000bc642fd720
Event: 1.835 Thread 0x00000277c90e9270 DEOPT UNPACKING pc=0x00000277f64188e2 sp=0x000000bc642fcba0 mode 0
Event: 1.835 Thread 0x00000277c90e9270 DEOPT PACKING pc=0x00000277ef14f798 sp=0x000000bc642fd720
Event: 1.835 Thread 0x00000277c90e9270 DEOPT UNPACKING pc=0x00000277f64188e2 sp=0x000000bc642fcba0 mode 0
Event: 1.835 Thread 0x00000277c90e9270 DEOPT PACKING pc=0x00000277ef14f798 sp=0x000000bc642fd720
Event: 1.835 Thread 0x00000277c90e9270 DEOPT UNPACKING pc=0x00000277f64188e2 sp=0x000000bc642fcba0 mode 0
Event: 1.835 Thread 0x00000277c90e9270 DEOPT PACKING pc=0x00000277ef14f798 sp=0x000000bc642fd720
Event: 1.835 Thread 0x00000277c90e9270 DEOPT UNPACKING pc=0x00000277f64188e2 sp=0x000000bc642fcba0 mode 0
Event: 1.835 Thread 0x00000277c90e9270 DEOPT PACKING pc=0x00000277ef14f798 sp=0x000000bc642fd720
Event: 1.835 Thread 0x00000277c90e9270 DEOPT UNPACKING pc=0x00000277f64188e2 sp=0x000000bc642fcba0 mode 0
Event: 1.835 Thread 0x00000277c90e9270 DEOPT PACKING pc=0x00000277ef14f798 sp=0x000000bc642fd5b0
Event: 1.835 Thread 0x00000277c90e9270 DEOPT UNPACKING pc=0x00000277f64188e2 sp=0x000000bc642fca30 mode 0

Classes loaded (20 events):
Event: 1.793 Loading class jdk/internal/logger/LazyLoggers$LazyLoggerFactories
Event: 1.793 Loading class jdk/internal/logger/LazyLoggers$LazyLoggerFactories done
Event: 1.794 Loading class jdk/internal/logger/LoggerFinderLoader
Event: 1.794 Loading class jdk/internal/logger/LoggerFinderLoader done
Event: 1.794 Loading class java/io/FilePermission$1
Event: 1.794 Loading class jdk/internal/access/JavaIOFilePermissionAccess
Event: 1.794 Loading class jdk/internal/access/JavaIOFilePermissionAccess done
Event: 1.794 Loading class java/io/FilePermission$1 done
Event: 1.795 Loading class jdk/internal/logger/LoggerFinderLoader$TemporaryLoggerFinder
Event: 1.795 Loading class jdk/internal/logger/LoggerFinderLoader$TemporaryLoggerFinder done
Event: 1.797 Loading class sun/util/logging/internal/LoggingProviderImpl$JULWrapper
Event: 1.798 Loading class sun/util/logging/PlatformLogger$ConfigurableBridge$LoggerConfiguration
Event: 1.798 Loading class sun/util/logging/PlatformLogger$ConfigurableBridge$LoggerConfiguration done
Event: 1.798 Loading class sun/util/logging/internal/LoggingProviderImpl$JULWrapper done
Event: 1.803 Loading class java/io/CharArrayReader
Event: 1.809 Loading class java/io/CharArrayReader done
Event: 1.820 Loading class java/lang/System$Logger$Level
Event: 1.820 Loading class java/lang/System$Logger$Level done
Event: 1.844 Loading class java/util/ResourceBundle$3
Event: 1.844 Loading class java/util/ResourceBundle$3 done

Classes unloaded (0 events):
No events

Classes redefined (0 events):
No events

Internal exceptions (20 events):
Event: 1.392 Thread 0x00000277c90e9270 Exception <a 'java/lang/NoSuchMethodError'{0x000000008bcda3b8}: 'void java.lang.invoke.DirectMethodHandle$Holder.invokeSpecial(java.lang.Object, java.lang.Object, double)'> (0x000000008bcda3b8) 
thrown [s\open\src\hotspot\share\interpreter\linkResolver.cpp, line 774]
Event: 1.394 Thread 0x00000277c90e9270 Exception <a 'java/lang/NoSuchMethodError'{0x000000008bce51c0}: 'double java.lang.invoke.DelegatingMethodHandle$Holder.reinvoke_L(java.lang.Object, java.lang.Object, int)'> (0x000000008bce51c0) 
thrown [s\open\src\hotspot\share\interpreter\linkResolver.cpp, line 774]
Event: 1.396 Thread 0x00000277c90e9270 Exception <a 'java/lang/NoSuchMethodError'{0x000000008bcf71e8}: 'java.lang.Object java.lang.invoke.DirectMethodHandle$Holder.invokeStatic(java.lang.Object, java.lang.Object, java.lang.Object, java.lang.Object, int)'> (0x000000008bcf71e8) 
thrown [s\open\src\hotspot\share\interpreter\linkResolver.cpp, line 774]
Event: 1.397 Thread 0x00000277c90e9270 Exception <a 'java/lang/NoSuchMethodError'{0x000000008bb02828}: 'void java.lang.invoke.DelegatingMethodHandle$Holder.reinvoke_L(java.lang.Object, java.lang.Object, double)'> (0x000000008bb02828) 
thrown [s\open\src\hotspot\share\interpreter\linkResolver.cpp, line 774]
Event: 1.399 Thread 0x00000277c90e9270 Exception <a 'java/lang/NoSuchMethodError'{0x000000008bb143a8}: 'void java.lang.invoke.DirectMethodHandle$Holder.invokeSpecial(java.lang.Object, java.lang.Object, int)'> (0x000000008bb143a8) 
thrown [s\open\src\hotspot\share\interpreter\linkResolver.cpp, line 774]
Event: 1.400 Thread 0x00000277c90e9270 Exception <a 'java/lang/NoSuchMethodError'{0x000000008bb18730}: 'int java.lang.invoke.DirectMethodHandle$Holder.invokeSpecial(java.lang.Object, java.lang.Object, java.lang.Object, int)'> (0x000000008bb18730) 
thrown [s\open\src\hotspot\share\interpreter\linkResolver.cpp, line 774]
Event: 1.401 Thread 0x00000277c90e9270 Exception <a 'java/lang/NoSuchMethodError'{0x000000008bb22718}: 'void java.lang.invoke.DelegatingMethodHandle$Holder.reinvoke_L(java.lang.Object, java.lang.Object, int)'> (0x000000008bb22718) 
thrown [s\open\src\hotspot\share\interpreter\linkResolver.cpp, line 774]
Event: 1.402 Thread 0x00000277c90e9270 Exception <a 'java/lang/NoSuchMethodError'{0x000000008bb261f0}: 'int java.lang.invoke.DirectMethodHandle$Holder.invokeSpecial(java.lang.Object, java.lang.Object, java.lang.Object)'> (0x000000008bb261f0) 
thrown [s\open\src\hotspot\share\interpreter\linkResolver.cpp, line 774]
Event: 1.427 Thread 0x00000277c90e9270 Exception <a 'java/lang/ClassNotFoundException'{0x000000008bbfad90}: com/sun/glass/ui/win/themes> (0x000000008bbfad90) 
thrown [s\open\src\hotspot\share\prims\jni.cpp, line 539]
Event: 1.428 Thread 0x00000277c90e9270 Exception <a 'java/lang/ClassNotFoundException'{0x000000008ba073a8}: com/sun/glass/ui/win/themes_id> (0x000000008ba073a8) 
thrown [s\open\src\hotspot\share\prims\jni.cpp, line 539]
Event: 1.429 Thread 0x00000277c90e9270 Exception <a 'java/lang/ClassNotFoundException'{0x000000008ba08558}: com/sun/glass/ui/win/themes_id_ID> (0x000000008ba08558) 
thrown [s\open\src\hotspot\share\prims\jni.cpp, line 539]
Event: 1.529 Thread 0x00000277c90e9270 Exception <a 'java/lang/NoSuchMethodError'{0x000000008b416308}: 'void java.lang.invoke.DirectMethodHandle$Holder.invokeStaticInit(java.lang.Object, java.lang.Object)'> (0x000000008b416308) 
thrown [s\open\src\hotspot\share\interpreter\linkResolver.cpp, line 774]
Event: 1.548 Thread 0x00000277c90e9270 Exception <a 'java/lang/NoSuchMethodError'{0x000000008b4d2598}: 'void java.lang.invoke.Invokers$Holder.invokeExact_MT(java.lang.Object, java.lang.Object, java.lang.Object, java.lang.Object)'> (0x000000008b4d2598) 
thrown [s\open\src\hotspot\share\interpreter\linkResolver.cpp, line 774]
Event: 1.562 Thread 0x00000277c90e9270 Exception <a 'sun/nio/fs/WindowsException'{0x000000008b365b08}> (0x000000008b365b08) 
thrown [s\open\src\hotspot\share\prims\jni.cpp, line 520]
Event: 1.625 Thread 0x00000277c90e9270 Exception <a 'sun/nio/fs/WindowsException'{0x000000008b2dc8a0}> (0x000000008b2dc8a0) 
thrown [s\open\src\hotspot\share\prims\jni.cpp, line 520]
Event: 1.630 Thread 0x00000277c90e9270 Exception <a 'java/lang/NoSuchMethodError'{0x000000008b2f21f8}: 'java.lang.Object java.lang.invoke.DirectMethodHandle$Holder.invokeStaticInit(java.lang.Object, int, int, int, int)'> (0x000000008b2f21f8) 
thrown [s\open\src\hotspot\share\interpreter\linkResolver.cpp, line 774]
Event: 1.652 Thread 0x00000277c90e9270 Exception <a 'java/lang/NoSuchMethodError'{0x000000008b1b0150}: 'java.lang.Object java.lang.invoke.DirectMethodHandle$Holder.invokeStaticInit(java.lang.Object, java.lang.Object, int, int, int, int)'> (0x000000008b1b0150) 
thrown [s\open\src\hotspot\share\interpreter\linkResolver.cpp, line 774]
Event: 1.794 Thread 0x00000277c90e9270 Exception <a 'sun/nio/fs/WindowsException'{0x000000008a909398}> (0x000000008a909398) 
thrown [s\open\src\hotspot\share\prims\jni.cpp, line 520]
Event: 1.802 Thread 0x00000277c90e9270 Exception <a 'java/io/FileNotFoundException'{0x000000008a9591c8}> (0x000000008a9591c8) 
thrown [s\open\src\hotspot\share\prims\jni.cpp, line 520]
Event: 1.832 Thread 0x00000277c90e9270 Exception <a 'java/io/FileNotFoundException'{0x000000008a74f340}> (0x000000008a74f340) 
thrown [s\open\src\hotspot\share\prims\jni.cpp, line 520]

ZGC Phase Switch (0 events):
No events

VM Operations (14 events):
Event: 0.215 Executing VM operation: HandshakeAllThreads (Deoptimize)
Event: 0.215 Executing VM operation: HandshakeAllThreads (Deoptimize) done
Event: 0.215 Executing VM operation: HandshakeAllThreads (Deoptimize)
Event: 0.215 Executing VM operation: HandshakeAllThreads (Deoptimize) done
Event: 0.798 Executing VM operation: HandshakeAllThreads (Deoptimize)
Event: 0.798 Executing VM operation: HandshakeAllThreads (Deoptimize) done
Event: 1.070 Executing VM operation: G1CollectForAllocation (G1 Evacuation Pause)
Event: 1.076 Executing VM operation: G1CollectForAllocation (G1 Evacuation Pause) done
Event: 1.457 Executing VM operation: HandshakeAllThreads (Deoptimize)
Event: 1.457 Executing VM operation: HandshakeAllThreads (Deoptimize) done
Event: 1.542 Executing VM operation: ICBufferFull
Event: 1.543 Executing VM operation: ICBufferFull done
Event: 1.633 Executing VM operation: HandshakeAllThreads (Deoptimize)
Event: 1.633 Executing VM operation: HandshakeAllThreads (Deoptimize) done

Events (20 events):
Event: 0.045 Thread 0x00000277ff3d0f90 Thread added: 0x00000277ff3d0f90
Event: 0.046 Thread 0x00000277ff3d2280 Thread added: 0x00000277ff3d2280
Event: 0.046 Thread 0x00000277ff3d5cc0 Thread added: 0x00000277ff3d5cc0
Event: 0.046 Thread 0x00000277ff3dda60 Thread added: 0x00000277ff3dda60
Event: 0.046 Thread 0x00000277ff3e0590 Thread added: 0x00000277ff3e0590
Event: 0.090 Thread 0x00000277c90ec060 Thread added: 0x00000277c90ec060
Event: 0.129 Thread 0x00000277c92198c0 Thread added: 0x00000277c92198c0
Event: 0.133 Thread 0x00000277c921cfb0 Thread added: 0x00000277c921cfb0
Event: 0.299 Thread 0x00000277c90e9f90 Thread added: 0x00000277c90e9f90
Event: 0.299 Thread 0x00000277c90eb340 Thread added: 0x00000277c90eb340
Event: 0.592 Thread 0x00000277c921cfb0 Thread exited: 0x00000277c921cfb0
Event: 0.610 Thread 0x00000277c92198c0 Thread exited: 0x00000277c92198c0
Event: 0.711 Thread 0x00000277c90ec6f0 Thread added: 0x00000277c90ec6f0
Event: 0.809 Thread 0x00000277c90eb9d0 Thread added: 0x00000277c90eb9d0
Event: 0.813 Thread 0x00000277c90e9270 Thread added: 0x00000277c90e9270
Event: 1.033 Thread 0x00000277c90ea620 Thread added: 0x00000277c90ea620
Event: 1.053 Thread 0x00000277c90eacb0 Thread added: 0x00000277c90eacb0
Event: 1.109 Thread 0x00000277d21a4c60 Thread added: 0x00000277d21a4c60
Event: 1.510 Thread 0x00000277d21a5330 Thread added: 0x00000277d21a5330
Event: 1.677 Thread 0x00000277d239c380 Thread added: 0x00000277d239c380


Dynamic libraries:
0x00007ff7ea2f0000 - 0x00007ff7ea2fe000 	C:\Users\match\.jdks\openjdk-22.0.1\bin\java.exe
0x00007fffe3330000 - 0x00007fffe3547000 	C:\WINDOWS\SYSTEM32\ntdll.dll
0x00007fffe2540000 - 0x00007fffe2604000 	C:\WINDOWS\System32\KERNEL32.DLL
0x00007fffe0b10000 - 0x00007fffe0ebd000 	C:\WINDOWS\System32\KERNELBASE.dll
0x00007fffe0660000 - 0x00007fffe0771000 	C:\WINDOWS\System32\ucrtbase.dll
0x00007fffc11f0000 - 0x00007fffc1207000 	C:\Users\match\.jdks\openjdk-22.0.1\bin\jli.dll
0x00007fffc2c60000 - 0x00007fffc2c7b000 	C:\Users\match\.jdks\openjdk-22.0.1\bin\VCRUNTIME140.dll
0x00007fffe1150000 - 0x00007fffe12fe000 	C:\WINDOWS\System32\USER32.dll
0x00007fffc9790000 - 0x00007fffc9a23000 	C:\WINDOWS\WinSxS\amd64_microsoft.windows.common-controls_6595b64144ccf1df_6.0.22621.3672_none_2713b9d173822955\COMCTL32.dll
0x00007fffe0920000 - 0x00007fffe0946000 	C:\WINDOWS\System32\win32u.dll
0x00007fffe2310000 - 0x00007fffe23b7000 	C:\WINDOWS\System32\msvcrt.dll
0x00007fffe2c00000 - 0x00007fffe2c29000 	C:\WINDOWS\System32\GDI32.dll
0x00007fffe09f0000 - 0x00007fffe0b09000 	C:\WINDOWS\System32\gdi32full.dll
0x00007fffe0950000 - 0x00007fffe09ea000 	C:\WINDOWS\System32\msvcp_win.dll
0x00007fffe28b0000 - 0x00007fffe28e1000 	C:\WINDOWS\System32\IMM32.DLL
0x00007fffc4f10000 - 0x00007fffc4f1c000 	C:\Users\match\.jdks\openjdk-22.0.1\bin\vcruntime140_1.dll
0x00007fffa6dd0000 - 0x00007fffa6e5e000 	C:\Users\match\.jdks\openjdk-22.0.1\bin\msvcp140.dll
0x00007fff541a0000 - 0x00007fff54ee7000 	C:\Users\match\.jdks\openjdk-22.0.1\bin\server\jvm.dll
0x00007fffe1830000 - 0x00007fffe18e2000 	C:\WINDOWS\System32\ADVAPI32.dll
0x00007fffe2c30000 - 0x00007fffe2cd9000 	C:\WINDOWS\System32\sechost.dll
0x00007fffe08f0000 - 0x00007fffe0918000 	C:\WINDOWS\System32\bcrypt.dll
0x00007fffe21f0000 - 0x00007fffe2304000 	C:\WINDOWS\System32\RPCRT4.dll
0x00007fffe2cf0000 - 0x00007fffe2d61000 	C:\WINDOWS\System32\WS2_32.dll
0x00007fffdf4f0000 - 0x00007fffdf53d000 	C:\WINDOWS\SYSTEM32\POWRPROF.dll
0x00007fffd85f0000 - 0x00007fffd8624000 	C:\WINDOWS\SYSTEM32\WINMM.dll
0x00007fffd85a0000 - 0x00007fffd85aa000 	C:\WINDOWS\SYSTEM32\VERSION.dll
0x00007fffdf4d0000 - 0x00007fffdf4e3000 	C:\WINDOWS\SYSTEM32\UMPDC.dll
0x00007fffdf720000 - 0x00007fffdf738000 	C:\WINDOWS\SYSTEM32\kernel.appcore.dll
0x00007fffc33f0000 - 0x00007fffc33fa000 	C:\Users\match\.jdks\openjdk-22.0.1\bin\jimage.dll
0x00007fffddfd0000 - 0x00007fffde202000 	C:\WINDOWS\SYSTEM32\DBGHELP.DLL
0x00007fffe1300000 - 0x00007fffe1688000 	C:\WINDOWS\System32\combase.dll
0x00007fffe1070000 - 0x00007fffe1147000 	C:\WINDOWS\System32\OLEAUT32.dll
0x00007fffaed20000 - 0x00007fffaed52000 	C:\WINDOWS\SYSTEM32\dbgcore.DLL
0x00007fffe0ff0000 - 0x00007fffe106b000 	C:\WINDOWS\System32\bcryptPrimitives.dll
0x00007fffc2ca0000 - 0x00007fffc2caf000 	C:\Users\match\.jdks\openjdk-22.0.1\bin\instrument.dll
0x00007fffaea10000 - 0x00007fffaea2e000 	C:\Users\match\.jdks\openjdk-22.0.1\bin\java.dll
0x00007fffe18f0000 - 0x00007fffe214f000 	C:\WINDOWS\System32\SHELL32.dll
0x00007fffe2640000 - 0x00007fffe27e5000 	C:\WINDOWS\System32\ole32.dll
0x00007fffde5b0000 - 0x00007fffdeeac000 	C:\WINDOWS\SYSTEM32\windows.storage.dll
0x00007fffde470000 - 0x00007fffde5af000 	C:\WINDOWS\SYSTEM32\wintypes.dll
0x00007fffe28f0000 - 0x00007fffe29e4000 	C:\WINDOWS\System32\SHCORE.dll
0x00007fffe2850000 - 0x00007fffe28ae000 	C:\WINDOWS\System32\shlwapi.dll
0x00007fffe0590000 - 0x00007fffe05b1000 	C:\WINDOWS\SYSTEM32\profapi.dll
0x00007fff7e830000 - 0x00007fff7e907000 	C:\Users\match\.jdks\openjdk-22.0.1\bin\jsvml.dll
0x00007fffc2030000 - 0x00007fffc2040000 	C:\Users\match\.jdks\openjdk-22.0.1\bin\net.dll
0x00007fffdfbf0000 - 0x00007fffdfc59000 	C:\WINDOWS\system32\mswsock.dll
0x00007fffae9f0000 - 0x00007fffaea06000 	C:\Users\match\.jdks\openjdk-22.0.1\bin\nio.dll
0x00007fffae7c0000 - 0x00007fffae7d7000 	C:\Users\match\.jdks\openjdk-22.0.1\bin\zip.dll
0x00007fffac740000 - 0x00007fffac75a000 	C:\Program Files\JetBrains\IntelliJ IDEA 2024.1.2\bin\breakgen64.dll
0x00000277cabe0000 - 0x00000277cabe3000 	C:\Users\match\.openjfx\cache\21+31\amd64\api-ms-win-core-console-l1-1-0.dll
0x00000277cae40000 - 0x00000277cae43000 	C:\Users\match\.openjfx\cache\21+31\amd64\api-ms-win-core-console-l1-2-0.dll
0x00000277cae50000 - 0x00000277cae53000 	C:\Users\match\.openjfx\cache\21+31\amd64\api-ms-win-core-datetime-l1-1-0.dll
0x00000277cad20000 - 0x00000277cad23000 	C:\Users\match\.openjfx\cache\21+31\amd64\api-ms-win-core-debug-l1-1-0.dll
0x00000277cad30000 - 0x00000277cad33000 	C:\Users\match\.openjfx\cache\21+31\amd64\api-ms-win-core-errorhandling-l1-1-0.dll
0x00000277cad40000 - 0x00000277cad44000 	C:\Users\match\.openjfx\cache\21+31\amd64\api-ms-win-core-file-l1-1-0.dll
0x00000277cad50000 - 0x00000277cad53000 	C:\Users\match\.openjfx\cache\21+31\amd64\api-ms-win-core-file-l1-2-0.dll
0x00000277cad60000 - 0x00000277cad63000 	C:\Users\match\.openjfx\cache\21+31\amd64\api-ms-win-core-file-l2-1-0.dll
0x00000277cad70000 - 0x00000277cad73000 	C:\Users\match\.openjfx\cache\21+31\amd64\api-ms-win-core-handle-l1-1-0.dll
0x00000277cad80000 - 0x00000277cad83000 	C:\Users\match\.openjfx\cache\21+31\amd64\api-ms-win-core-heap-l1-1-0.dll
0x00000277cad90000 - 0x00000277cad93000 	C:\Users\match\.openjfx\cache\21+31\amd64\api-ms-win-core-interlocked-l1-1-0.dll
0x00000277cada0000 - 0x00000277cada3000 	C:\Users\match\.openjfx\cache\21+31\amd64\api-ms-win-core-libraryloader-l1-1-0.dll
0x00000277cadb0000 - 0x00000277cadb3000 	C:\Users\match\.openjfx\cache\21+31\amd64\api-ms-win-core-localization-l1-2-0.dll
0x00000277cabf0000 - 0x00000277cabf3000 	C:\Users\match\.openjfx\cache\21+31\amd64\api-ms-win-core-memory-l1-1-0.dll
0x00000277cac00000 - 0x00000277cac03000 	C:\Users\match\.openjfx\cache\21+31\amd64\api-ms-win-core-namedpipe-l1-1-0.dll
0x00000277cac10000 - 0x00000277cac13000 	C:\Users\match\.openjfx\cache\21+31\amd64\api-ms-win-core-processenvironment-l1-1-0.dll
0x00000277cac20000 - 0x00000277cac23000 	C:\Users\match\.openjfx\cache\21+31\amd64\api-ms-win-core-processthreads-l1-1-0.dll
0x00000277cac30000 - 0x00000277cac33000 	C:\Users\match\.openjfx\cache\21+31\amd64\api-ms-win-core-processthreads-l1-1-1.dll
0x00000277cac40000 - 0x00000277cac43000 	C:\Users\match\.openjfx\cache\21+31\amd64\api-ms-win-core-profile-l1-1-0.dll
0x00000277cac50000 - 0x00000277cac53000 	C:\Users\match\.openjfx\cache\21+31\amd64\api-ms-win-core-rtlsupport-l1-1-0.dll
0x00000277cac60000 - 0x00000277cac63000 	C:\Users\match\.openjfx\cache\21+31\amd64\api-ms-win-core-string-l1-1-0.dll
0x00000277cac70000 - 0x00000277cac73000 	C:\Users\match\.openjfx\cache\21+31\amd64\api-ms-win-core-synch-l1-1-0.dll
0x00000277cac80000 - 0x00000277cac83000 	C:\Users\match\.openjfx\cache\21+31\amd64\api-ms-win-core-synch-l1-2-0.dll
0x00000277cac90000 - 0x00000277cac93000 	C:\Users\match\.openjfx\cache\21+31\amd64\api-ms-win-core-sysinfo-l1-1-0.dll
0x00000277caca0000 - 0x00000277caca3000 	C:\Users\match\.openjfx\cache\21+31\amd64\api-ms-win-core-timezone-l1-1-0.dll
0x00000277cacb0000 - 0x00000277cacb3000 	C:\Users\match\.openjfx\cache\21+31\amd64\api-ms-win-core-util-l1-1-0.dll
0x00000277cacc0000 - 0x00000277cacc3000 	C:\Users\match\.openjfx\cache\21+31\amd64\api-ms-win-crt-conio-l1-1-0.dll
0x00000277cacd0000 - 0x00000277cacd4000 	C:\Users\match\.openjfx\cache\21+31\amd64\api-ms-win-crt-convert-l1-1-0.dll
0x00000277cace0000 - 0x00000277cace3000 	C:\Users\match\.openjfx\cache\21+31\amd64\api-ms-win-crt-environment-l1-1-0.dll
0x00000277cacf0000 - 0x00000277cacf3000 	C:\Users\match\.openjfx\cache\21+31\amd64\api-ms-win-crt-filesystem-l1-1-0.dll
0x00000277cad00000 - 0x00000277cad03000 	C:\Users\match\.openjfx\cache\21+31\amd64\api-ms-win-crt-heap-l1-1-0.dll
0x00000277cad10000 - 0x00000277cad13000 	C:\Users\match\.openjfx\cache\21+31\amd64\api-ms-win-crt-locale-l1-1-0.dll
0x00000277cadc0000 - 0x00000277cadc5000 	C:\Users\match\.openjfx\cache\21+31\amd64\api-ms-win-crt-math-l1-1-0.dll
0x00000277cadd0000 - 0x00000277cadd5000 	C:\Users\match\.openjfx\cache\21+31\amd64\api-ms-win-crt-multibyte-l1-1-0.dll
0x00000277cade0000 - 0x00000277cadf0000 	C:\Users\match\.openjfx\cache\21+31\amd64\api-ms-win-crt-private-l1-1-0.dll
0x00000277cadf0000 - 0x00000277cadf3000 	C:\Users\match\.openjfx\cache\21+31\amd64\api-ms-win-crt-process-l1-1-0.dll
0x00000277cae00000 - 0x00000277cae04000 	C:\Users\match\.openjfx\cache\21+31\amd64\api-ms-win-crt-runtime-l1-1-0.dll
0x00000277cae10000 - 0x00000277cae14000 	C:\Users\match\.openjfx\cache\21+31\amd64\api-ms-win-crt-stdio-l1-1-0.dll
0x00000277cae20000 - 0x00000277cae24000 	C:\Users\match\.openjfx\cache\21+31\amd64\api-ms-win-crt-string-l1-1-0.dll
0x00000277cae30000 - 0x00000277cae33000 	C:\Users\match\.openjfx\cache\21+31\amd64\api-ms-win-crt-time-l1-1-0.dll
0x00000277cae60000 - 0x00000277cae63000 	C:\Users\match\.openjfx\cache\21+31\amd64\api-ms-win-crt-utility-l1-1-0.dll
0x00007fff6aa40000 - 0x00007fff6ab3c000 	C:\Users\match\.openjfx\cache\21+31\amd64\ucrtbase.dll
0x00007fffac180000 - 0x00007fffac19b000 	C:\Users\match\.openjfx\cache\21+31\amd64\vcruntime140.dll
0x00007fffb43e0000 - 0x00007fffb43ec000 	C:\Users\match\.openjfx\cache\21+31\amd64\vcruntime140_1.dll
0x00007fff92730000 - 0x00007fff927be000 	C:\Users\match\.openjfx\cache\21+31\amd64\msvcp140.dll
0x00007fffae400000 - 0x00007fffae409000 	C:\Users\match\.openjfx\cache\21+31\amd64\msvcp140_1.dll
0x00007fffac030000 - 0x00007fffac05f000 	C:\Users\match\.openjfx\cache\21+31\amd64\msvcp140_2.dll
0x00007fffabf40000 - 0x00007fffabf6f000 	C:\Users\match\.openjfx\cache\21+31\amd64\prism_d3d.dll
0x00007fffccdf0000 - 0x00007fffccf98000 	C:\WINDOWS\system32\d3d9.dll
0x00007fffdd910000 - 0x00007fffdd93b000 	C:\WINDOWS\SYSTEM32\dwmapi.dll
0x00007fffdd6a0000 - 0x00007fffdd6d9000 	C:\WINDOWS\SYSTEM32\dxcore.dll
0x00007fffdd590000 - 0x00007fffdd63f000 	C:\WINDOWS\system32\uxtheme.dll
0x00007fffd55a0000 - 0x00007fffd55e9000 	C:\WINDOWS\SYSTEM32\directxdatabasehelper.dll
0x00007fffdfeb0000 - 0x00007fffdfec2000 	C:\WINDOWS\SYSTEM32\msasn1.dll
0x00007fffd5be0000 - 0x00007fffd5c12000 	C:\WINDOWS\SYSTEM32\cryptnet.dll
0x00007fffe0780000 - 0x00007fffe08e7000 	C:\WINDOWS\System32\CRYPT32.dll
0x00007fffdfe70000 - 0x00007fffdfe7c000 	C:\WINDOWS\SYSTEM32\cryptbase.dll
0x00007fffe0ec0000 - 0x00007fffe0f2b000 	C:\WINDOWS\System32\WINTRUST.DLL
0x00007fffe23c0000 - 0x00007fffe23df000 	C:\WINDOWS\System32\imagehlp.dll
0x00007fffdfe50000 - 0x00007fffdfe6b000 	C:\WINDOWS\SYSTEM32\CRYPTSP.dll
0x00007fffdf6e0000 - 0x00007fffdf715000 	C:\WINDOWS\system32\rsaenh.dll
0x00007fffaad50000 - 0x00007fffaad92000 	C:\Users\match\.openjfx\cache\21+31\amd64\glass.dll
0x00007fffe31f0000 - 0x00007fffe32e8000 	C:\WINDOWS\System32\COMDLG32.dll
0x00007fffe23e0000 - 0x00007fffe2533000 	C:\WINDOWS\System32\MSCTF.dll
0x00007fffb3680000 - 0x00007fffb3787000 	C:\WINDOWS\System32\DriverStore\FileRepository\nvam.inf_amd64_73ddbc5a9852db46\nvldumdx.dll
0x00007fffce940000 - 0x00007fffcea98000 	C:\WINDOWS\SYSTEM32\drvstore.dll
0x00007fffe0360000 - 0x00007fffe038c000 	C:\WINDOWS\SYSTEM32\devobj.dll
0x00007fffe0310000 - 0x00007fffe035e000 	C:\WINDOWS\SYSTEM32\cfgmgr32.dll
0x00007fffdff20000 - 0x00007fffdff69000 	C:\WINDOWS\SYSTEM32\wldp.dll
0x00007fff31420000 - 0x00007fff32baa000 	C:\WINDOWS\System32\DriverStore\FileRepository\nvam.inf_amd64_73ddbc5a9852db46\nvd3dumx.dll
0x00007fffdfc80000 - 0x00007fffdfca6000 	C:\WINDOWS\SYSTEM32\gpapi.dll
0x00007fff6e0a0000 - 0x00007fff6e204000 	C:\WINDOWS\System32\DriverStore\FileRepository\iigd_dch.inf_amd64_044fd6f0c2ae28a8\igdumdim64.dll
0x00007fff27fa0000 - 0x00007fff2c8cc000 	C:\WINDOWS\System32\DriverStore\FileRepository\iigd_dch.inf_amd64_044fd6f0c2ae28a8\igd9dxva64.dll
0x00007fffe2d70000 - 0x00007fffe31e4000 	C:\WINDOWS\System32\SETUPAPI.dll
0x00007fffd18d0000 - 0x00007fffd1b94000 	C:\WINDOWS\System32\DriverStore\FileRepository\iigd_dch.inf_amd64_044fd6f0c2ae28a8\igdgmm64.dll
0x00007fffc6b10000 - 0x00007fffc6b37000 	C:\WINDOWS\System32\DriverStore\FileRepository\iigd_dch.inf_amd64_044fd6f0c2ae28a8\igdinfo64.dll
0x00007fffced30000 - 0x00007fffd18c4000 	C:\WINDOWS\System32\DriverStore\FileRepository\iigd_dch.inf_amd64_044fd6f0c2ae28a8\igc64.dll
0x00007fffac160000 - 0x00007fffac174000 	C:\Users\match\.openjfx\cache\21+31\amd64\javafx_font.dll
0x00007fffd6820000 - 0x00007fffd6a93000 	C:\WINDOWS\SYSTEM32\dwrite.dll

dbghelp: loaded successfully - version: 4.0.5 - missing functions: none
symbol engine: initialized successfully - sym options: 0x614 - pdb path: .;C:\Users\match\.jdks\openjdk-22.0.1\bin;C:\WINDOWS\SYSTEM32;C:\WINDOWS\WinSxS\amd64_microsoft.windows.common-controls_6595b64144ccf1df_6.0.22621.3672_none_2713b9d173822955;C:\Users\match\.jdks\openjdk-22.0.1\bin\server;C:\Program Files\JetBrains\IntelliJ IDEA 2024.1.2\bin;C:\Users\match\.openjfx\cache\21+31\amd64;C:\WINDOWS\System32\DriverStore\FileRepository\nvam.inf_amd64_73ddbc5a9852db46;C:\WINDOWS\System32\DriverStore\FileRepository\iigd_dch.inf_amd64_044fd6f0c2ae28a8;C:\Program Files\Common Files\Microsoft Shared\Ink

VM Arguments:
jvm_args: -javaagent:C:\Program Files\JetBrains\IntelliJ IDEA 2024.1.2\lib\idea_rt.jar=55135:C:\Program Files\JetBrains\IntelliJ IDEA 2024.1.2\bin -Dfile.encoding=UTF-8 -Dsun.stdout.encoding=UTF-8 -Dsun.stderr.encoding=UTF-8 --module-path=C:\Users\match\.m2\repository\org\openjfx\javafx-graphics\21\javafx-graphics-21-win.jar;C:\Users\match\.m2\repository\org\openjfx\javafx-controls\21\javafx-controls-21-win.jar;C:\Users\match\OneDrive\Desktop\MovieTicketBookingManagement\target\classes;C:\Users\match\.m2\repository\org\openjfx\javafx-fxml\21\javafx-fxml-21-win.jar;C:\Users\match\.m2\repository\org\openjfx\javafx-base\21\javafx-base-21-win.jar -Djdk.module.main=com.mycompany.movieticketbookingmanagement 
java_command: com.mycompany.movieticketbookingmanagement/com.mycompany.movieticketbookingmanagement.App
java_class_path (initial): C:\Users\match\.m2\repository\de\jensd\fontawesomefx-fontawesome\4.7.0-9.1.2\fontawesomefx-fontawesome-4.7.0-9.1.2.jar;C:\Users\match\.m2\repository\de\jensd\fontawesomefx-commons\9.1.2\fontawesomefx-commons-9.1.2.jar;C:\Users\match\.m2\repository\org\openjfx\javafx-controls\21\javafx-controls-21.jar;C:\Users\match\.m2\repository\org\openjfx\javafx-graphics\21\javafx-graphics-21.jar;C:\Users\match\.m2\repository\org\openjfx\javafx-base\21\javafx-base-21.jar;C:\Users\match\.m2\repository\org\openjfx\javafx-fxml\21\javafx-fxml-21.jar;C:\Users\match\.m2\repository\mysql\mysql-connector-java\8.0.30\mysql-connector-java-8.0.30.jar;C:\Users\match\.m2\repository\com\google\protobuf\protobuf-java\3.19.4\protobuf-java-3.19.4.jar;C:\Users\match\.m2\repository\org\openjfx\javafx-web\21\javafx-web-21.jar;C:\Users\match\.m2\repository\org\openjfx\javafx-web\21\javafx-web-21-win.jar;C:\Users\match\.m2\repository\org\openjfx\javafx-swing\21\javafx-swing-21.jar;C:\Users\match\.m2\repository\org\openjfx\javafx-swing\21\javafx-swing-21-win.jar;C:\Users\match\.m2\repository\org\openjfx\javafx-media\21\javafx-media-21.jar;C:\Users\match\.m2\repository\org\openjfx\javafx-media\21\javafx-media-21-win.jar;C:\Users\match\.m2\repository\org\controlsfx\controlsfx\11.1.2\controlsfx-11.1.2.jar;C:\Users\match\.m2\repository\com\dlsc\formsfx\formsfx-core\11.6.0\formsfx-core-11.6.0.jar;C:\Users\match\.m2\repository\net\synedra\validatorfx\0.4.0\validatorfx-0.4.0.jar;C:\Users\match\.m2\repository\org\kordamp\ikonli\ikonli-javafx\12.3.1\ikonli-javafx-12.3.1.jar;C:\Users\match\.m2\repository\org\kordamp\ikonli\ikonli-core\12.3.1\ikonli-core-12.3.1.jar;C:\Users\match\.m2\repository\org\kordamp\bootstrapfx\bootstrapfx-core\0.4.0\bootstrapfx-core-0.4.0.jar;C:\Users\match\.m2\repository\eu\hansolo\tilesfx\11.48\tilesfx-11.48.jar;C:\Users\match\.m2\repository\com\github\almasb\fxgl\17.3\fxgl-17.3.jar;C:\Users\match\.m2\repository\com\github\almasb\fxgl-core\17.3\fxgl-core-17.3.jar;C:\Users\match\.m2\repository\com\gluonhq\attach\audio\4.0.17\audio-4.0.17.jar;C:\Users\match\.m2\repository\com\github\almasb\fxgl-io\17.3\fxgl-io-17.3.jar;C:\Users\match\.m2\repository\com\gluonhq\attach\storage\4.0.17\storage-4.0.17.jar;C:\Users\match\.m2\repository\com\gluonhq\attach\util\4.0.17\util-4.0.17.jar;C:\Users\match\.m2\repository\com\github\almasb\fxgl-entity\17.3\fxgl-entity-17.3.jar;C:\Users\match\.m2\repository\com\github\almasb\fxgl-scene\17.3\fxgl-scene-17.3.jar;C:\Users\match\.m2\repository\com\github\almasb\fxgl-gameplay\17.3\fxgl-gameplay-17.3.jar;C:\Users\match\.m2\repository\com\fasterxml\jackson\core\jackson-annotations\2.14.2\jackson-annotations-2.14.2.jar;C:\Users\match\.m2\repository\com\fasterxml\jackson\core\jackson-databind\2.14.2\jackson-databind-2.14.2.jar;C:\Users\match\.m2\repository\com\fasterxml\jackson\core\jackson-core\2.14.2\jackson-core-2.14.2.jar;C:\Users\match\.m2\repository\com\gluonhq\attach\lifecycle\4.0.17\lifecycle-4.0.17.jar;C:\Users\match\.m2\repository\org\jetbrains\kotlin\kotlin-stdlib\1.8.10\kotlin-stdlib-1.8.10.jar;C:\Users\match\.m2\repository\org\jetbrains\kotlin\kotlin-stdlib-common\1.8.10\kotlin-stdlib-common-1.8.10.jar;C:\Users\match\.m2\repository\org\jetbrains\annotations\13.0\annotations-13.0.jar;C:\Users\match\.m2\repository\com\oracle\database\jdbc\ojdbc8\19.8.0.0\ojdbc8-19.8.0.0.jar
Launcher Type: SUN_STANDARD

[Global flags]
     intx CICompilerCount                          = 4                                         {product} {ergonomic}
     uint ConcGCThreads                            = 2                                         {product} {ergonomic}
     uint G1ConcRefinementThreads                  = 8                                         {product} {ergonomic}
   size_t G1HeapRegionSize                         = 1048576                                   {product} {ergonomic}
   size_t InitialHeapSize                          = 130023424                                 {product} {ergonomic}
   size_t MarkStackSize                            = 4194304                                   {product} {ergonomic}
   size_t MaxHeapSize                              = 2067791872                                {product} {ergonomic}
   size_t MaxNewSize                               = 1240465408                                {product} {ergonomic}
   size_t MinHeapDeltaBytes                        = 1048576                                   {product} {ergonomic}
   size_t MinHeapSize                              = 8388608                                   {product} {ergonomic}
    uintx NonNMethodCodeHeapSize                   = 5839372                                {pd product} {ergonomic}
    uintx NonProfiledCodeHeapSize                  = 122909434                              {pd product} {ergonomic}
    uintx ProfiledCodeHeapSize                     = 122909434                              {pd product} {ergonomic}
    uintx ReservedCodeCacheSize                    = 251658240                              {pd product} {ergonomic}
     bool SegmentedCodeCache                       = true                                      {product} {ergonomic}
   size_t SoftMaxHeapSize                          = 2067791872                             {manageable} {ergonomic}
     bool UseCompressedOops                        = true                           {product lp64_product} {ergonomic}
     bool UseG1GC                                  = true                                      {product} {ergonomic}
     bool UseLargePagesIndividualAllocation        = false                                  {pd product} {ergonomic}

Logging:
Log output configuration:
 #0: stdout all=warning uptime,level,tags foldmultilines=false
 #1: stderr all=off uptime,level,tags foldmultilines=false

Environment Variables:
JAVA_HOME=C:\Program Files\Java\jdk-22
PATH=C:\Program Files\Common Files\Oracle\Java\javapath;c:\Users\match\AppData\Local\Programs\cursor\resources\app\bin;C:\Program Files (x86)\Falcon\MinGW\bin;C:\Windows\system32;C:\Windows;C:\Windows\System32\Wbem;C:\Windows\System32\WindowsPowerShell\v1.0\;C:\Windows\System32\OpenSSH\;C:\WINDOWS\system32;C:\WINDOWS;C:\WINDOWS\System32\Wbem;C:\WINDOWS\System32\WindowsPowerShell\v1.0\;C:\WINDOWS\System32\OpenSSH\;C:\MinGW\bin;C:\Users\match\AppData\Local\Microsoft\WindowsApps;C:\Program Files (x86)\Nmap;C:\adb;C:\Users\match\AppData\Local\Programs\Python\Python37\;C:\Users\match\AppData\Local\Programs\Python\Python37\Scripts\;C:\Users\match\AppData\Local\Programs\Python\Python37\;C:\Users\match\AppData\Local\Microsoft\WindowsApps;C:\MinGW\bin;C:\Program;c:\Users\match\AppData\Local\Programs\cursor\resources\app\bin;C:\Program Files\Git\cmd;C:\Program Files\Maven\apache-maven-3.9.7\bin;C:\Program Files\Java\jdk-22\bin;C:\Program Files\Java\javafx-sdk-22.0.1\bin;C:\Users\match\AppData\Local\Programs\Python\Python37\Scripts\;C:\Users\match\AppData\Local\Programs\Python\Python37\;C:\Users\match\AppData\Local\Microsoft\WindowsApps;C:\MinGW\bin;C:\Program Files (x86)\Nmap;C:\Users\match\AppData\Local\spicetify;;C:\Program Files\JetBrains\IntelliJ IDEA 2024.1.2\bin;
USERNAME=match
OS=Windows_NT
PROCESSOR_IDENTIFIER=Intel64 Family 6 Model 140 Stepping 1, GenuineIntel
TMP=C:\Users\match\AppData\Local\Temp
TEMP=C:\Users\match\AppData\Local\Temp




Periodic native trim disabled

---------------  S Y S T E M  ---------------

OS:
 Windows 11 , 64 bit Build 22621 (10.0.22621.3672)
OS uptime: 0 days 7:11 hours

CPU: total 8 (initial active 8) (4 cores per cpu, 2 threads per core) family 6 model 140 stepping 1 microcode 0x86, cx8, cmov, fxsr, ht, mmx, 3dnowpref, sse, sse2, sse3, ssse3, sse4.1, sse4.2, popcnt, lzcnt, tsc, tscinvbit, avx, avx2, aes, erms, clmul, bmi1, bmi2, adx, avx512f, avx512dq, avx512cd, avx512bw, avx512vl, sha, fma, vzeroupper, avx512_vpopcntdq, avx512_vpclmulqdq, avx512_vaes, avx512_vnni, clflush, clflushopt, clwb, avx512_vbmi2, avx512_vbmi, rdtscp, rdpid, fsrm, gfni, avx512_bitalg, f16c, pku, cet_ibt, cet_ss, avx512_ifma
Processor Information for all 8 processors :
  Max Mhz: 2419, Current Mhz: 2419, Mhz Limit: 2419

Memory: 4k page, system-wide physical 7884M (3011M free)
TotalPageFile size 16076M (AvailPageFile size 3M)
current process WorkingSet (physical memory assigned to process): 149M, peak: 149M
current process commit charge ("private bytes"): 283M, peak: 283M

vm_info: OpenJDK 64-Bit Server VM (22.0.1+8-16) for windows-amd64 JRE (22.0.1+8-16), built on 2024-03-12T10:33:16Z by "mach5one" with MS VC++ 17.6 (VS2022)

END.
