#
# There is insufficient memory for the Java Runtime Environment to continue.
# Native memory allocation (mmap) failed to map 65536 bytes. Error detail: Failed to commit metaspace.
# Possible reasons:
#   The system is out of physical RAM or swap space
#   This process is running with CompressedOops enabled, and the Java Heap may be blocking the growth of the native heap
# Possible solutions:
#   Reduce memory load on the system
#   Increase physical memory or swap space
#   Check if swap backing store is full
#   Decrease Java heap size (-Xmx/-Xms)
#   Decrease number of Java threads
#   Decrease Java thread stack sizes (-Xss)
#   Set larger code cache with -XX:ReservedCodeCacheSize=
#   JVM is running with Unscaled Compressed Oops mode in which the Java heap is
#     placed in the first 4GB address space. The Java Heap base address is the
#     maximum limit for the native heap growth. Please use -XX:HeapBaseMinAddress
#     to set the Java Heap base and to place the Java Heap above 4GB virtual address.
# This output file may be truncated or incomplete.
#
#  Out of Memory Error (virtualSpaceNode.cpp:112), pid=7728, tid=12804
#
# JRE version: Java(TM) SE Runtime Environment (22.0.1+8) (build 22.0.1+8-16)
# Java VM: Java HotSpot(TM) 64-Bit Server VM (22.0.1+8-16, mixed mode, sharing, tiered, compressed oops, compressed class ptrs, g1 gc, windows-amd64)
# No core dump will be written. Minidumps are not enabled by default on client versions of Windows
#

---------------  S U M M A R Y ------------

Command Line: -Dclassworlds.conf=C:\Program Files\Maven\apache-maven-3.9.7\bin\m2.conf -Dmaven.home=C:\Program Files\Maven\apache-maven-3.9.7 -Dlibrary.jansi.path=C:\Program Files\Maven\apache-maven-3.9.7\lib\jansi-native -Dmaven.multiModuleProjectDirectory=C:\Users\match\OneDrive\Desktop\MovieTicketBookingManagement org.codehaus.plexus.classworlds.launcher.Launcher clean install -U

Host: 11th Gen Intel(R) Core(TM) i5-1135G7 @ 2.40GHz, 8 cores, 7G,  Windows 11 , 64 bit Build 22621 (10.0.22621.3672)
Time: Mon Jul  1 10:56:55 2024 SE Asia Standard Time elapsed time: 1.326544 seconds (0d 0h 0m 1s)

---------------  T H R E A D  ---------------

Current thread (0x0000022b3787f850):  JavaThread "main"             [_thread_in_vm, id=12804, stack(0x0000007827000000,0x0000007827100000) (1024K)]

Stack: [0x0000007827000000,0x0000007827100000]
Native frames: (J=compiled Java code, j=interpreted, Vv=VM code, C=native code)
V  [jvm.dll+0x6e2279]  (no source info available)
V  [jvm.dll+0x874e33]  (no source info available)
V  [jvm.dll+0x87725e]  (no source info available)
V  [jvm.dll+0x877933]  (no source info available)
V  [jvm.dll+0x27fd76]  (no source info available)
V  [jvm.dll+0x870a7e]  (no source info available)
V  [jvm.dll+0x6852e5]  (no source info available)
V  [jvm.dll+0x1e3eac]  (no source info available)
V  [jvm.dll+0x1e3c7e]  (no source info available)
V  [jvm.dll+0x687c38]  (no source info available)
V  [jvm.dll+0x2250ac]  (no source info available)
V  [jvm.dll+0x685cfe]  (no source info available)
V  [jvm.dll+0x26b190]  (no source info available)
V  [jvm.dll+0x215cf7]  (no source info available)
V  [jvm.dll+0x20b4ee]  (no source info available)
V  [jvm.dll+0x5c462f]  (no source info available)
V  [jvm.dll+0x7ec076]  (no source info available)
V  [jvm.dll+0x47ca36]  (no source info available)
V  [jvm.dll+0x4828e8]  (no source info available)
C  [java.dll+0x17e4]  (no source info available)
C  0x0000022b470fd0c7  (no source info available)

The last pc belongs to native method entry point (kind = native) (printed below).
Java frames: (J=compiled Java code, j=interpreted, Vv=VM code)
j  java.lang.ClassLoader.defineClass1(Ljava/lang/ClassLoader;Ljava/lang/String;[BIILjava/security/ProtectionDomain;Ljava/lang/String;)Ljava/lang/Class;+0 java.base@22.0.1
J 870 c1 java.lang.ClassLoader.defineClass(Ljava/lang/String;[BIILjava/security/ProtectionDomain;)Ljava/lang/Class; java.base@22.0.1 (43 bytes) @ 0x0000022b3fd4d774 [0x0000022b3fd4d420+0x0000000000000354]
J 955 c1 java.security.SecureClassLoader.defineClass(Ljava/lang/String;[BIILjava/security/CodeSource;)Ljava/lang/Class; java.base@22.0.1 (16 bytes) @ 0x0000022b3fd80d9c [0x0000022b3fd80cc0+0x00000000000000dc]
J 888 c1 java.net.URLClassLoader.defineClass(Ljava/lang/String;Ljdk/internal/loader/Resource;)Ljava/lang/Class; java.base@22.0.1 (224 bytes) @ 0x0000022b3fd58544 [0x0000022b3fd572a0+0x00000000000012a4]
J 887 c1 java.net.URLClassLoader$1.run()Ljava/lang/Class; java.base@22.0.1 (81 bytes) @ 0x0000022b3fd5595c [0x0000022b3fd54d40+0x0000000000000c1c]
J 886 c1 java.net.URLClassLoader$1.run()Ljava/lang/Object; java.base@22.0.1 (5 bytes) @ 0x0000022b3fd547d4 [0x0000022b3fd54740+0x0000000000000094]
J 573 c1 java.security.AccessController.doPrivileged(Ljava/security/PrivilegedExceptionAction;Ljava/security/AccessControlContext;)Ljava/lang/Object; java.base@22.0.1 (26 bytes) @ 0x0000022b3fc98814 [0x0000022b3fc98620+0x00000000000001f4]
J 884 c1 java.net.URLClassLoader.findClass(Ljava/lang/String;)Ljava/lang/Class; java.base@22.0.1 (47 bytes) @ 0x0000022b3fd53aa4 [0x0000022b3fd53900+0x00000000000001a4]
J 890 c1 org.codehaus.plexus.classworlds.realm.ClassRealm.loadClassFromSelf(Ljava/lang/String;)Ljava/lang/Class; (40 bytes) @ 0x0000022b3fd59dac [0x0000022b3fd59a20+0x000000000000038c]
J 819 c1 org.codehaus.plexus.classworlds.strategy.SelfFirstStrategy.loadClass(Ljava/lang/String;)Ljava/lang/Class; (50 bytes) @ 0x0000022b3fd2b31c [0x0000022b3fd2af40+0x00000000000003dc]
J 571 c1 org.codehaus.plexus.classworlds.realm.ClassRealm.loadClass(Ljava/lang/String;Z)Ljava/lang/Class; (33 bytes) @ 0x0000022b3fc97ce4 [0x0000022b3fc97b60+0x0000000000000184]
J 570 c1 org.codehaus.plexus.classworlds.realm.ClassRealm.loadClass(Ljava/lang/String;)Ljava/lang/Class; (7 bytes) @ 0x0000022b3fc977c4 [0x0000022b3fc976c0+0x0000000000000104]
v  ~StubRoutines::call_stub 0x0000022b470f100d
j  org.eclipse.sisu.plexus.PlexusTypeBinder.<init>(Lcom/google/inject/Binder;)V+10
j  org.eclipse.sisu.plexus.PlexusXmlBeanModule.configure(Lcom/google/inject/Binder;)Lorg/eclipse/sisu/plexus/PlexusBeanSource;+22
j  org.eclipse.sisu.plexus.PlexusBindingModule.configure(Lcom/google/inject/Binder;)V+41
j  com.google.inject.spi.Elements$RecordingBinder.install(Lcom/google/inject/Module;)V+209
j  com.google.inject.spi.Elements.getElements(Lcom/google/inject/Stage;Ljava/lang/Iterable;)Ljava/util/List;+40
j  com.google.inject.spi.Elements.getElements(Ljava/lang/Iterable;)Ljava/util/List;+4
j  org.eclipse.sisu.wire.WireModule.configure(Lcom/google/inject/Binder;)V+13
j  com.google.inject.spi.Elements$RecordingBinder.install(Lcom/google/inject/Module;)V+209
j  com.google.inject.spi.Elements.getElements(Lcom/google/inject/Stage;Ljava/lang/Iterable;)Ljava/util/List;+40
j  com.google.inject.internal.InjectorShell$Builder.build(Lcom/google/inject/internal/Initializer;Lcom/google/inject/internal/ProcessedBindingData;Lcom/google/inject/internal/util/ContinuousStopwatch;Lcom/google/inject/internal/Errors;)Ljava/util/List;+163
j  com.google.inject.internal.InternalInjectorCreator.build()Lcom/google/inject/Injector;+48
j  com.google.inject.Guice.createInjector(Lcom/google/inject/Stage;Ljava/lang/Iterable;)Lcom/google/inject/Injector;+15
j  com.google.inject.Guice.createInjector(Ljava/lang/Iterable;)Lcom/google/inject/Injector;+4
j  com.google.inject.Guice.createInjector([Lcom/google/inject/Module;)Lcom/google/inject/Injector;+4
j  org.codehaus.plexus.DefaultPlexusContainer.addPlexusInjector(Ljava/util/List;[Lcom/google/inject/Module;)Lcom/google/inject/Injector;+88
j  org.codehaus.plexus.DefaultPlexusContainer.<init>(Lorg/codehaus/plexus/ContainerConfiguration;[Lcom/google/inject/Module;)V+400
j  org.apache.maven.cli.MavenCli.container(Lorg/apache/maven/cli/CliRequest;)Lorg/codehaus/plexus/PlexusContainer;+279
j  org.apache.maven.cli.MavenCli.doMain(Lorg/apache/maven/cli/CliRequest;)I+34
j  org.apache.maven.cli.MavenCli.main([Ljava/lang/String;Lorg/codehaus/plexus/classworlds/ClassWorld;)I+24
j  java.lang.invoke.DirectMethodHandle$Holder.invokeStatic(Ljava/lang/Object;Ljava/lang/Object;Ljava/lang/Object;)I+11 java.base@22.0.1
j  java.lang.invoke.LambdaForm$MH+0x0000022b56009400.invoke(Ljava/lang/Object;Ljava/lang/Object;Ljava/lang/Object;Ljava/lang/Object;)Ljava/lang/Object;+54 java.base@22.0.1
j  java.lang.invoke.LambdaForm$MH+0x0000022b56009800.invokeExact_MT(Ljava/lang/Object;Ljava/lang/Object;Ljava/lang/Object;Ljava/lang/Object;Ljava/lang/Object;)Ljava/lang/Object;+22 java.base@22.0.1
j  jdk.internal.reflect.DirectMethodHandleAccessor.invokeImpl(Ljava/lang/Object;[Ljava/lang/Object;)Ljava/lang/Object;+72 java.base@22.0.1
j  jdk.internal.reflect.DirectMethodHandleAccessor.invoke(Ljava/lang/Object;[Ljava/lang/Object;)Ljava/lang/Object;+23 java.base@22.0.1
j  java.lang.reflect.Method.invoke(Ljava/lang/Object;[Ljava/lang/Object;)Ljava/lang/Object;+102 java.base@22.0.1
j  org.codehaus.plexus.classworlds.launcher.Launcher.launchEnhanced([Ljava/lang/String;)V+45
j  org.codehaus.plexus.classworlds.launcher.Launcher.launch([Ljava/lang/String;)V+2
j  org.codehaus.plexus.classworlds.launcher.Launcher.mainWithExitCode([Ljava/lang/String;)I+108
j  org.codehaus.plexus.classworlds.launcher.Launcher.main([Ljava/lang/String;)V+1
v  ~StubRoutines::call_stub 0x0000022b470f100d
native method entry point (kind = native)  [0x0000022b470fcca0, 0x0000022b470fd8c0]  3104 bytes
[MachCode]
  0x0000022b470fcca0: 488b 4b08 | 0fb7 492e | 584c 8d74 | ccf8 6800 | 0000 0068 | 0000 0000 | 5055 488b | ec41 5568 
  0x0000022b470fccc0: 0000 0000 | 4c8b 6b08 | 4d8d 6d38 | 5348 8b53 | 0848 8b52 | 0848 8b52 | 1848 8b52 | 7048 8b12 
  0x0000022b470fcce0: 5248 8b53 | 1048 85d2 | 0f84 0700 | 0000 4881 | c210 0100 | 0052 488b | 5308 488b | 5208 488b 
  0x0000022b470fcd00: 5210 5249 | 8bc6 482b | c548 c1e8 | 0350 6800 | 0000 0068 | f7ff ffff | 41c6 8781 | 0400 0001 
  0x0000022b470fcd20: 488b 4310 | 4885 c074 | 208b 88cc | 0000 0083 | c102 8988 | cc00 0000 | 2388 e000 | 0000 0f84 
  0x0000022b470fcd40: cb0a 0000 | e9cf 0000 | 0048 8b43 | 1848 85c0 | 0f85 b000 | 0000 e805 | 0000 00e9 | 9900 0000 
  0x0000022b470fcd60: 488b d348 | 8d44 2408 | 4c89 6dc0 | 498b cfc5 | f877 4989 | afb0 0300 | 0049 8987 | a003 0000 
  0x0000022b470fcd80: 4883 ec20 | 40f6 c40f | 0f84 1900 | 0000 4883 | ec08 48b8 | a0a3 c66a | fe7f 0000 | ffd0 4883 
  0x0000022b470fcda0: c408 e90c | 0000 0048 | b8a0 a3c6 | 6afe 7f00 | 00ff d048 | 83c4 2049 | c787 a003 | 0000 0000 
  0x0000022b470fcdc0: 0000 49c7 | 87b0 0300 | 0000 0000 | 0049 c787 | a803 0000 | 0000 0000 | c5f8 7749 | 837f 0800 
  0x0000022b470fcde0: 0f84 0500 | 0000 e915 | 41ff ff4c | 8b6d c04c | 8b75 c84e | 8d74 f500 | c348 8b43 | 1848 85c0 
  0x0000022b470fce00: 0f84 1200 | 0000 8b48 | 0883 c102 | 8948 0823 | 481c 0f84 | f709 0000 | 493b a7f0 | 0400 000f 
  0x0000022b470fce20: 8748 0000 | 0089 8424 | 00f0 ffff | 8984 2400 | e0ff ff89 | 8424 00d0 | ffff 8984 | 2400 c0ff 
  0x0000022b470fce40: ff89 8424 | 00b0 ffff | 8984 2400 | a0ff ff89 | 8424 0090 | ffff 8984 | 2400 80ff | ff49 3ba7 
  0x0000022b470fce60: e804 0000 | 7607 4989 | a7f0 0400 | 0041 c687 | 8104 0000 | 0049 ba9c | 304d 6bfe | 7f00 0041 
  0x0000022b470fce80: 803a 000f | 843e 0000 | 0048 8b55 | e849 8bcf | 4883 ec20 | 40f6 c40f | 0f84 1900 | 0000 4883 
  0x0000022b470fcea0: ec08 48b8 | 40b5 fd6a | fe7f 0000 | ffd0 4883 | c408 e90c | 0000 0048 | b840 b5fd | 6afe 7f00 
  0x0000022b470fcec0: 00ff d048 | 83c4 2048 | 8b5d e84c | 8b5b 0845 | 0fb7 5b2e | 41c1 e303 | 492b e348 | 83ec 2048 
  0x0000022b470fcee0: 83e4 f04c | 8b5b 604d | 85db 0f85 | ab00 0000 | e805 0000 | 00e9 9900 | 0000 488b | d348 8d44 
  0x0000022b470fcf00: 2408 4c89 | 6dc0 498b | cfc5 f877 | 4989 afb0 | 0300 0049 | 8987 a003 | 0000 4883 | ec20 40f6 
  0x0000022b470fcf20: c40f 0f84 | 1900 0000 | 4883 ec08 | 48b8 c0ca | c66a fe7f | 0000 ffd0 | 4883 c408 | e90c 0000 
  0x0000022b470fcf40: 0048 b8c0 | cac6 6afe | 7f00 00ff | d048 83c4 | 2049 c787 | a003 0000 | 0000 0000 | 49c7 87b0 
  0x0000022b470fcf60: 0300 0000 | 0000 0049 | c787 a803 | 0000 0000 | 0000 c5f8 | 7749 837f | 0800 0f84 | 0500 0000 
  0x0000022b470fcf80: e97b 3fff | ff4c 8b6d | c04c 8b75 | c84e 8d74 | f500 c348 | 8b5d e84c | 8b5b 6041 | ffd3 488b 
  0x0000022b470fcfa0: 5de8 4889 | 4518 448b | 5b28 41f6 | c308 0f84 | 1b00 0000 | 4c8b 5b08 | 4d8b 5b08 | 4d8b 5b18 
  0x0000022b470fcfc0: 4d8b 5b70 | 4d8b 1b4c | 895d 1048 | 8d55 1048 | 8b43 5849 | ba40 0cfe | 6afe 7f00 | 0049 3bc2 
  0x0000022b470fcfe0: 0f85 ab00 | 0000 e805 | 0000 00e9 | 9900 0000 | 488b d348 | 8d44 2408 | 4c89 6dc0 | 498b cfc5 
  0x0000022b470fd000: f877 4989 | afb0 0300 | 0049 8987 | a003 0000 | 4883 ec20 | 40f6 c40f | 0f84 1900 | 0000 4883 
  0x0000022b470fd020: ec08 48b8 | c0ca c66a | fe7f 0000 | ffd0 4883 | c408 e90c | 0000 0048 | b8c0 cac6 | 6afe 7f00 
  0x0000022b470fd040: 00ff d048 | 83c4 2049 | c787 a003 | 0000 0000 | 0000 49c7 | 87b0 0300 | 0000 0000 | 0049 c787 
  0x0000022b470fd060: a803 0000 | 0000 0000 | c5f8 7749 | 837f 0800 | 0f84 0500 | 0000 e985 | 3eff ff4c | 8b6d c04c 
  0x0000022b470fd080: 8b75 c84e | 8d74 f500 | c348 8b5d | e848 8b43 | 5849 8d8f | c003 0000 | c5f8 7749 | 89af b003 
  0x0000022b470fd0a0: 0000 49ba | 98d0 0f47 | 2b02 0000 | 4d89 97a8 | 0300 0049 | 89a7 a003 | 0000 41c7 | 8754 0400 
  0x0000022b470fd0c0: 0004 0000 | 00ff d0c5 | f877 4883 | ec10 c5fb | 1104 2448 | 83ec 1048 | 8904 2448 | c744 2408 
  0x0000022b470fd0e0: 0000 0000 | 41c7 8754 | 0400 0005 | 0000 00f0 | 8344 24c0 | 0049 3baf | 5804 0000 | 0f87 0e00 
  0x0000022b470fd100: 0000 4183 | bf50 0400 | 0000 0f84 | 2000 0000 | 498b cf4c | 8be4 4883 | ec20 4883 | e4f0 48b8 
  0x0000022b470fd120: d01e c86a | fe7f 0000 | ffd0 498b | e44d 33e4 | 41c7 8754 | 0400 0008 | 0000 0049 | c787 a003 
  0x0000022b470fd140: 0000 0000 | 0000 49c7 | 87b0 0300 | 0000 0000 | 0049 c787 | a803 0000 | 0000 0000 | c5f8 774d 
  0x0000022b470fd160: 8b9f 3004 | 0000 41c7 | 8300 0100 | 0000 0000 | 0049 bb1a | a50f 472b | 0200 004c | 3b5d 180f 
  0x0000022b470fd180: 8524 0300 | 0048 8b04 | 2448 83c4 | 1048 85c0 | 0f84 fe02 | 0000 a803 | 0f85 0800 | 0000 488b 
  0x0000022b470fd1a0: 00e9 ee02 | 0000 a801 | 0f85 0900 | 0000 488b | 40fe e9dd | 0200 0048 | 8b40 ff41 | 807f 3800 
  0x0000022b470fd1c0: 0f84 ce02 | 0000 4883 | f800 0f84 | c402 0000 | 4d8b 5f28 | 4983 fb00 | 0f84 1400 | 0000 4983 
  0x0000022b470fd1e0: eb08 4d89 | 5f28 4d03 | 5f30 4989 | 03e9 a202 | 0000 4881 | ec50 0100 | 0048 8904 | 2448 894c 
  0x0000022b470fd200: 2408 4889 | 5424 1048 | 8974 2418 | 4889 7c24 | 204c 8944 | 2428 4c89 | 4c24 304c | 8954 2438 
  0x0000022b470fd220: 4c89 5c24 | 40c5 fb11 | 4424 50c5 | fb11 4c24 | 58c5 fb11 | 5424 60c5 | fb11 5c24 | 68c5 fb11 
  0x0000022b470fd240: 6424 70c5 | fb11 6c24 | 78c5 fb11 | b424 8000 | 0000 c5fb | 11bc 2488 | 0000 00c5 | 7b11 8424 
  0x0000022b470fd260: 9000 0000 | c57b 118c | 2498 0000 | 00c5 7b11 | 9424 a000 | 0000 c57b | 119c 24a8 | 0000 00c5 
  0x0000022b470fd280: 7b11 a424 | b000 0000 | c57b 11ac | 24b8 0000 | 00c5 7b11 | b424 c000 | 0000 c57b | 11bc 24c8 
  0x0000022b470fd2a0: 0000 0062 | e1ff 0811 | 4424 1a62 | e1ff 0811 | 4c24 1b62 | e1ff 0811 | 5424 1c62 | e1ff 0811 
  0x0000022b470fd2c0: 5c24 1d62 | e1ff 0811 | 6424 1e62 | e1ff 0811 | 6c24 1f62 | e1ff 0811 | 7424 2062 | e1ff 0811 
  0x0000022b470fd2e0: 7c24 2162 | 61ff 0811 | 4424 2262 | 61ff 0811 | 4c24 2362 | 61ff 0811 | 5424 2462 | 61ff 0811 
  0x0000022b470fd300: 5c24 2562 | 61ff 0811 | 6424 2662 | 61ff 0811 | 6c24 2762 | 61ff 0811 | 7424 2862 | 61ff 0811 
  0x0000022b470fd320: 7c24 2949 | 8bd7 488b | c848 83ec | 2040 f6c4 | 0f0f 8419 | 0000 0048 | 83ec 0848 | b8e0 3ebb 
  0x0000022b470fd340: 6afe 7f00 | 00ff d048 | 83c4 08e9 | 0c00 0000 | 48b8 e03e | bb6a fe7f | 0000 ffd0 | 4883 c420 
  0x0000022b470fd360: 6261 ff08 | 107c 2429 | 6261 ff08 | 1074 2428 | 6261 ff08 | 106c 2427 | 6261 ff08 | 1064 2426 
  0x0000022b470fd380: 6261 ff08 | 105c 2425 | 6261 ff08 | 1054 2424 | 6261 ff08 | 104c 2423 | 6261 ff08 | 1044 2422 
  0x0000022b470fd3a0: 62e1 ff08 | 107c 2421 | 62e1 ff08 | 1074 2420 | 62e1 ff08 | 106c 241f | 62e1 ff08 | 1064 241e 
  0x0000022b470fd3c0: 62e1 ff08 | 105c 241d | 62e1 ff08 | 1054 241c | 62e1 ff08 | 104c 241b | 62e1 ff08 | 1044 241a 
  0x0000022b470fd3e0: c57b 10bc | 24c8 0000 | 00c5 7b10 | b424 c000 | 0000 c57b | 10ac 24b8 | 0000 00c5 | 7b10 a424 
  0x0000022b470fd400: b000 0000 | c57b 109c | 24a8 0000 | 00c5 7b10 | 9424 a000 | 0000 c57b | 108c 2498 | 0000 00c5 
  0x0000022b470fd420: 7b10 8424 | 9000 0000 | c5fb 10bc | 2488 0000 | 00c5 fb10 | b424 8000 | 0000 c5fb | 106c 2478 
  0x0000022b470fd440: c5fb 1064 | 2470 c5fb | 105c 2468 | c5fb 1054 | 2460 c5fb | 104c 2458 | c5fb 1044 | 2450 4c8b 
  0x0000022b470fd460: 5c24 404c | 8b54 2438 | 4c8b 4c24 | 304c 8b44 | 2428 488b | 7c24 2048 | 8b74 2418 | 488b 5424 
  0x0000022b470fd480: 1048 8b4c | 2408 488b | 0424 4881 | c450 0100 | 00c5 f877 | 4889 4510 | 4883 ec10 | 4889 0424 
  0x0000022b470fd4a0: 48c7 4424 | 0800 0000 | 0041 83bf | d004 0000 | 020f 85bf | 0000 0048 | 81ec 8000 | 0000 4889 
  0x0000022b470fd4c0: 4424 7848 | 894c 2470 | 4889 5424 | 6848 895c | 2460 4889 | 6c24 5048 | 8974 2448 | 4889 7c24 
  0x0000022b470fd4e0: 404c 8944 | 2438 4c89 | 4c24 304c | 8954 2428 | 4c89 5c24 | 204c 8964 | 2418 4c89 | 6c24 104c 
  0x0000022b470fd500: 8974 2408 | 4c89 3c24 | 4c8b e448 | 83ec 2048 | 83e4 f048 | b890 edfd | 6afe 7f00 | 00ff d049 
  0x0000022b470fd520: 8be4 4c8b | 3c24 4c8b | 7424 084c | 8b6c 2410 | 4c8b 6424 | 184c 8b5c | 2420 4c8b | 5424 284c 
  0x0000022b470fd540: 8b4c 2430 | 4c8b 4424 | 3848 8b7c | 2440 488b | 7424 4848 | 8b6c 2450 | 488b 5c24 | 6048 8b54 
  0x0000022b470fd560: 2468 488b | 4c24 7048 | 8b44 2478 | 4881 c480 | 0000 004d | 33e4 488b | 5de8 4c8b | 6b08 4d8d 
  0x0000022b470fd580: 6d38 4983 | 7f08 000f | 84bb 0000 | 00e8 0500 | 0000 e996 | 0000 0048 | 8d44 2408 | 4c89 6dc0 
  0x0000022b470fd5a0: 498b cfc5 | f877 4989 | afb0 0300 | 0049 8987 | a003 0000 | 4883 ec20 | 40f6 c40f | 0f84 1900 
  0x0000022b470fd5c0: 0000 4883 | ec08 48b8 | 00e9 c66a | fe7f 0000 | ffd0 4883 | c408 e90c | 0000 0048 | b800 e9c6 
  0x0000022b470fd5e0: 6afe 7f00 | 00ff d048 | 83c4 2049 | c787 a003 | 0000 0000 | 0000 49c7 | 87b0 0300 | 0000 0000 
  0x0000022b470fd600: 0049 c787 | a803 0000 | 0000 0000 | c5f8 7749 | 837f 0800 | 0f84 0500 | 0000 e9e1 | 38ff ff4c 
  0x0000022b470fd620: 8b6d c04c | 8b75 c84e | 8d74 f500 | c348 b9c0 | 1825 6bfe | 7f00 0048 | 83e4 f048 | b8c0 94ec 
  0x0000022b470fd640: 6afe 7f00 | 00ff d0f4 | 448b 5b28 | 41f6 c320 | 0f84 4401 | 0000 488d | 55a8 4c8b | 5a08 4d85 
  0x0000022b470fd660: db0f 85bb | 0000 00e8 | 0500 0000 | e996 0000 | 0048 8d44 | 2408 4c89 | 6dc0 498b | cfc5 f877 
  0x0000022b470fd680: 4989 afb0 | 0300 0049 | 8987 a003 | 0000 4883 | ec20 40f6 | c40f 0f84 | 1900 0000 | 4883 ec08 
  0x0000022b470fd6a0: 48b8 30e8 | c66a fe7f | 0000 ffd0 | 4883 c408 | e90c 0000 | 0048 b830 | e8c6 6afe | 7f00 00ff 
  0x0000022b470fd6c0: d048 83c4 | 2049 c787 | a003 0000 | 0000 0000 | 49c7 87b0 | 0300 0000 | 0000 0049 | c787 a803 
  0x0000022b470fd6e0: 0000 0000 | 0000 c5f8 | 7749 837f | 0800 0f84 | 0500 0000 | e907 38ff | ff4c 8b6d | c04c 8b75 
  0x0000022b470fd700: c84e 8d74 | f500 c348 | b9c0 1825 | 6bfe 7f00 | 0048 83e4 | f048 b8c0 | 94ec 6afe | 7f00 00ff 
  0x0000022b470fd720: d0f4 4c89 | 6dc0 488d | 024c 8b4a | 0848 c742 | 0800 0000 | 004c 8b00 | 4d85 c00f | 840b 0000 
  0x0000022b470fd740: 00f0 4d0f | b101 0f85 | 0c00 0000 | 49ff 8f58 | 0500 00e9 | 3e00 0000 | 4c89 4a08 | 488b ca48 
  0x0000022b470fd760: 83ec 2040 | f6c4 0f0f | 8419 0000 | 0048 83ec | 0848 b8c0 | bac6 6afe | 7f00 00ff | d048 83c4 
  0x0000022b470fd780: 08e9 0c00 | 0000 48b8 | c0ba c66a | fe7f 0000 | ffd0 4883 | c420 4c8b | 6dc0 49ba | 9c30 4d6b 
  0x0000022b470fd7a0: fe7f 0000 | 4180 3a00 | 0f84 3e00 | 0000 488b | 55e8 498b | cf48 83ec | 2040 f6c4 | 0f0f 8419 
  0x0000022b470fd7c0: 0000 0048 | 83ec 0848 | b840 b5fd | 6afe 7f00 | 00ff d048 | 83c4 08e9 | 0c00 0000 | 48b8 40b5 
  0x0000022b470fd7e0: fd6a fe7f | 0000 ffd0 | 4883 c420 | 488b 0424 | 4883 c410 | c5fb 1004 | 2448 83c4 | 104c 8b5d 
  0x0000022b470fd800: 1841 ffd3 | 4c8b 5df8 | c95f 498b | e3ff e7ba | 0000 0000 | e805 0000 | 00e9 9600 | 0000 488d 
  0x0000022b470fd820: 4424 084c | 896d c049 | 8bcf c5f8 | 7749 89af | b003 0000 | 4989 87a0 | 0300 0048 | 83ec 2040 
  0x0000022b470fd840: f6c4 0f0f | 8419 0000 | 0048 83ec | 0848 b880 | aec6 6afe | 7f00 00ff | d048 83c4 | 08e9 0c00 
  0x0000022b470fd860: 0000 48b8 | 80ae c66a | fe7f 0000 | ffd0 4883 | c420 49c7 | 87a0 0300 | 0000 0000 | 0049 c787 
  0x0000022b470fd880: b003 0000 | 0000 0000 | 49c7 87a8 | 0300 0000 | 0000 00c5 | f877 4983 | 7f08 000f | 8405 0000 
  0x0000022b470fd8a0: 00e9 5a36 | ffff 4c8b | 6dc0 4c8b | 75c8 4e8d | 74f5 00c3 | 488b 5de8 | e95b f5ff | ff66 6690 
[/MachCode]

Compiled method (c1) 1457  870       3       java.lang.ClassLoader::defineClass (43 bytes)
 total in heap  [0x0000022b3fd4d210,0x0000022b3fd4db60] = 2384
 relocation     [0x0000022b3fd4d368,0x0000022b3fd4d408] = 160
 main code      [0x0000022b3fd4d420,0x0000022b3fd4d8b8] = 1176
 stub code      [0x0000022b3fd4d8b8,0x0000022b3fd4d930] = 120
 metadata       [0x0000022b3fd4d930,0x0000022b3fd4d960] = 48
 scopes data    [0x0000022b3fd4d960,0x0000022b3fd4da50] = 240
 scopes pcs     [0x0000022b3fd4da50,0x0000022b3fd4db30] = 224
 dependencies   [0x0000022b3fd4db30,0x0000022b3fd4db38] = 8
 nul chk table  [0x0000022b3fd4db38,0x0000022b3fd4db60] = 40

[Constant Pool (empty)]

[MachCode]
[Entry Point]
  # {method} {0x0000022b553fefd8} 'defineClass' '(Ljava/lang/String;[BIILjava/security/ProtectionDomain;)Ljava/lang/Class;' in 'java/lang/ClassLoader'
  # this:     rdx:rdx   = 'java/lang/ClassLoader'
  # parm0:    r8:r8     = 'java/lang/String'
  # parm1:    r9:r9     = '[B'
  # parm2:    rdi       = int
  # parm3:    rsi       = int
  # parm4:    rcx:rcx   = 'java/security/ProtectionDomain'
  #           [sp+0xc0]  (sp of caller)
  0x0000022b3fd4d420: 448b 5208 | 49bb 0000 | 0055 2b02 | 0000 4d03 | d34c 3bd0 

  0x0000022b3fd4d434: ;   {runtime_call ic_miss_stub}
  0x0000022b3fd4d434: 0f85 4615 | 3f07 660f | 1f44 0000 
[Verified Entry Point]
  0x0000022b3fd4d440: 8984 2400 | 80ff ff55 | 4881 ecb0 | 0000 0090 | 4181 7f20 | 0100 0000 

  0x0000022b3fd4d458: ;   {runtime_call StubRoutines (final stubs)}
  0x0000022b3fd4d458: 7405 e821 | 963d 0748 | 8954 2478 

  0x0000022b3fd4d464: ;   {metadata(method data for {method} {0x0000022b553fefd8} 'defineClass' '(Ljava/lang/String;[BIILjava/security/ProtectionDomain;)Ljava/lang/Class;' in 'java/lang/ClassLoader')}
  0x0000022b3fd4d464: 48bb 68d1 | 1896 2b02 | 0000 8b83 | cc00 0000 | 83c0 0289 | 83cc 0000 | 0025 fe07 | 0000 85c0 
  0x0000022b3fd4d484: 0f84 5003 | 0000 89b4 | 2494 0000 | 0089 bc24 | 9000 0000 | 4c89 8c24 | 8800 0000 

  0x0000022b3fd4d4a0: ;   {metadata(method data for {method} {0x0000022b553fefd8} 'defineClass' '(Ljava/lang/String;[BIILjava/security/ProtectionDomain;)Ljava/lang/Class;' in 'java/lang/ClassLoader')}
  0x0000022b3fd4d4a0: 488b da48 | b868 d118 | 962b 0200 | 0048 8380 | 1801 0000 | 0149 8bd8 | 4c8b c34c | 8bc9 488b 
  0x0000022b3fd4d4c0: ca48 8bd1 | 4889 9c24 | 8000 0000 

  0x0000022b3fd4d4cc: ;   {optimized virtual_call}
  0x0000022b3fd4d4cc: 6666 90e8 

  0x0000022b3fd4d4d0: ; ImmutableOopMap {[120]=Oop [128]=Oop [136]=Oop }
                      ;*invokevirtual preDefineClass {reexecute=0 rethrow=0 return_oop=0}
                      ; - java.lang.ClassLoader::defineClass@4 (line 1021)
  0x0000022b3fd4d4d0: ccc4 ffff 

  0x0000022b3fd4d4d4: ;   {other}
  0x0000022b3fd4d4d4: 0f1f 8400 | c402 0000 | 4889 8424 | 9800 0000 | 488b 5424 

  0x0000022b3fd4d4e8: ;   {metadata(method data for {method} {0x0000022b553fefd8} 'defineClass' '(Ljava/lang/String;[BIILjava/security/ProtectionDomain;)Ljava/lang/Class;' in 'java/lang/ClassLoader')}
  0x0000022b3fd4d4e8: 7849 b868 | d118 962b | 0200 0049 | 8380 4801 

  0x0000022b3fd4d4f8: ;   {metadata(method data for {method} {0x0000022b553fecc0} 'defineClassSourceLocation' '(Ljava/security/ProtectionDomain;)Ljava/lang/String;' in 'java/lang/ClassLoader')}
  0x0000022b3fd4d4f8: 0000 0149 | b888 d318 | 962b 0200 | 0041 8b90 | cc00 0000 | 83c2 0241 | 8990 cc00 | 0000 81e2 
  0x0000022b3fd4d518: feff 1f00 | 85d2 0f84 | d702 0000 

  0x0000022b3fd4d524: ; implicit exception: dispatches to 0x0000022b3fd4d81c
  0x0000022b3fd4d524: 483b 004c 

  0x0000022b3fd4d528: ;   {metadata(method data for {method} {0x0000022b553fecc0} 'defineClassSourceLocation' '(Ljava/security/ProtectionDomain;)Ljava/lang/String;' in 'java/lang/ClassLoader')}
  0x0000022b3fd4d528: 8bc0 48ba | 88d3 1896 | 2b02 0000 | 4883 8218 | 0100 0001 | 448b 4010 

  0x0000022b3fd4d540: ;   {metadata(method data for {method} {0x0000022b553fecc0} 'defineClassSourceLocation' '(Ljava/security/ProtectionDomain;)Ljava/lang/String;' in 'java/lang/ClassLoader')}
  0x0000022b3fd4d540: 4d85 c048 | ba88 d318 | 962b 0200 | 0048 c7c6 | 5801 0000 | 7507 48c7 | c648 0100 | 0048 8b3c 
  0x0000022b3fd4d560: 3248 8d7f | 0148 893c | 320f 850f 

  0x0000022b3fd4d56c: ;   {oop(nullptr)}
  0x0000022b3fd4d56c: 0000 0048 | bb00 0000 | 0000 0000 | 00e9 a101 | 0000 493b | 0049 8bd0 

  0x0000022b3fd4d584: ;   {metadata(method data for {method} {0x0000022b553fecc0} 'defineClassSourceLocation' '(Ljava/security/ProtectionDomain;)Ljava/lang/String;' in 'java/lang/ClassLoader')}
  0x0000022b3fd4d584: 48be 88d3 | 1896 2b02 | 0000 4883 | 8668 0100 | 0001 418b | 500c 4885 

  0x0000022b3fd4d59c: ;   {metadata(method data for {method} {0x0000022b553fecc0} 'defineClassSourceLocation' '(Ljava/security/ProtectionDomain;)Ljava/lang/String;' in 'java/lang/ClassLoader')}
  0x0000022b3fd4d59c: d248 be88 | d318 962b | 0200 0048 | c7c7 a801 | 0000 7507 | 48c7 c798 | 0100 0048 | 8b1c 3e48 
  0x0000022b3fd4d5bc: 8d5b 0148 | 891c 3e0f | 850f 0000 

  0x0000022b3fd4d5c8: ;   {oop(nullptr)}
  0x0000022b3fd4d5c8: 0048 bb00 | 0000 0000 | 0000 00e9 | 4701 0000 

  0x0000022b3fd4d5d8: ;   {metadata(method data for {method} {0x0000022b553fecc0} 'defineClassSourceLocation' '(Ljava/security/ProtectionDomain;)Ljava/lang/String;' in 'java/lang/ClassLoader')}
  0x0000022b3fd4d5d8: 48be 88d3 | 1896 2b02 | 0000 4883 | 86b8 0100 | 0001 483b | 024c 8bc2 

  0x0000022b3fd4d5f0: ;   {metadata(method data for {method} {0x0000022b553fecc0} 'defineClassSourceLocation' '(Ljava/security/ProtectionDomain;)Ljava/lang/String;' in 'java/lang/ClassLoader')}
  0x0000022b3fd4d5f0: 48be 88d3 | 1896 2b02 | 0000 4883 | 86e8 0100 

  0x0000022b3fd4d600: ;   {metadata(method data for {method} {0x0000022b5501a690} 'toString' '()Ljava/lang/String;' in 'java/net/URL')}
  0x0000022b3fd4d600: 0001 49b8 | 5035 1796 | 2b02 0000 | 418b b0cc | 0000 0083 | c602 4189 | b0cc 0000 | 0081 e6fe 
  0x0000022b3fd4d620: ff1f 0085 | f60f 8400 | 0200 004c 

  0x0000022b3fd4d62c: ;   {metadata(method data for {method} {0x0000022b5501a690} 'toString' '()Ljava/lang/String;' in 'java/net/URL')}
  0x0000022b3fd4d62c: 8bc2 48be | 5035 1796 | 2b02 0000 | 4883 8618 | 0100 0001 

  0x0000022b3fd4d640: ;   {metadata(method data for {method} {0x0000022b553f38b8} 'toExternalForm' '()Ljava/lang/String;' in 'java/net/URL')}
  0x0000022b3fd4d640: 49b8 f00a | 1396 2b02 | 0000 418b | b0cc 0000 | 0083 c602 | 4189 b0cc | 0000 0081 | e6fe ff1f 
  0x0000022b3fd4d660: 0085 f60f | 84e3 0100 | 008b 7238 

  0x0000022b3fd4d66c: ; implicit exception: dispatches to 0x0000022b3fd4d86d
  0x0000022b3fd4d66c: 483b 064c 

  0x0000022b3fd4d670: ;   {metadata(method data for {method} {0x0000022b553f38b8} 'toExternalForm' '()Ljava/lang/String;' in 'java/net/URL')}
  0x0000022b3fd4d670: 8bc6 48bf | f00a 1396 | 2b02 0000 | 458b 4008 | 49ba 0000 | 0055 2b02 | 0000 4d03 | c24c 3b87 
  0x0000022b3fd4d690: 2001 0000 | 750d 4883 | 8728 0100 | 0001 e960 | 0000 004c | 3b87 3001 | 0000 750d | 4883 8738 
  0x0000022b3fd4d6b0: 0100 0001 | e94a 0000 | 0048 83bf | 2001 0000 | 0075 174c | 8987 2001 | 0000 48c7 | 8728 0100 
  0x0000022b3fd4d6d0: 0001 0000 | 00e9 2900 | 0000 4883 | bf30 0100 | 0000 7517 | 4c89 8730 | 0100 0048 | c787 3801 
  0x0000022b3fd4d6f0: 0000 0100 | 0000 e908 | 0000 0048 | 8387 1801 | 0000 014c | 8bc2 488b | d666 0f1f 

  0x0000022b3fd4d70c: ;   {optimized virtual_call}
  0x0000022b3fd4d70c: 4400 00e8 

  0x0000022b3fd4d710: ; ImmutableOopMap {[120]=Oop [128]=Oop [136]=Oop [152]=Oop }
                      ;*invokevirtual toExternalForm {reexecute=0 rethrow=0 return_oop=0}
                      ; - java.net.URL::toExternalForm@5 (line 1203)
                      ; - java.net.URL::toString@1 (line 1189)
                      ; - java.lang.ClassLoader::defineClassSourceLocation@22 (line 925)
                      ; - java.lang.ClassLoader::defineClass@12 (line 1022)
  0x0000022b3fd4d710: ecc3 f4ff 

  0x0000022b3fd4d714: ;   {other}
  0x0000022b3fd4d714: 0f1f 8400 | 0405 0001 | 488b d848 | 8b84 2498 | 0000 008b | b424 9400 | 0000 8bbc | 2490 0000 
  0x0000022b3fd4d734: 004c 8b8c | 2488 0000 | 004c 8b84 | 2480 0000 | 0048 8b54 

  0x0000022b3fd4d748: ;   {metadata(method data for {method} {0x0000022b553fefd8} 'defineClass' '(Ljava/lang/String;[BIILjava/security/ProtectionDomain;)Ljava/lang/Class;' in 'java/lang/ClassLoader')}
  0x0000022b3fd4d748: 2478 48b9 | 68d1 1896 | 2b02 0000 | 4883 8178 | 0100 0001 | 4c8b da49 | 8bd3 488b | c848 891c 
  0x0000022b3fd4d768: 2466 0f1f 

  0x0000022b3fd4d76c: ;   {static_call}
  0x0000022b3fd4d76c: 4400 00e8 

  0x0000022b3fd4d770: ; ImmutableOopMap {[120]=Oop [152]=Oop }
                      ;*invokestatic defineClass1 {reexecute=0 rethrow=0 return_oop=0}
                      ; - java.lang.ClassLoader::defineClass@27 (line 1023)
  0x0000022b3fd4d770: 6701 0000 

  0x0000022b3fd4d774: ;   {other}
  0x0000022b3fd4d774: 0f1f 8400 | 6405 0002 | 488b 5424 

  0x0000022b3fd4d780: ;   {metadata(method data for {method} {0x0000022b553fefd8} 'defineClass' '(Ljava/lang/String;[BIILjava/security/ProtectionDomain;)Ljava/lang/Class;' in 'java/lang/ClassLoader')}
  0x0000022b3fd4d780: 7849 b868 | d118 962b | 0200 0049 | 8380 8801 | 0000 014c | 8bc0 4c8b | 8c24 9800 | 0000 488b 
  0x0000022b3fd4d7a0: 5424 7848 | 8984 24a0 | 0000 000f 

  0x0000022b3fd4d7ac: ;   {optimized virtual_call}
  0x0000022b3fd4d7ac: 1f40 00e8 

  0x0000022b3fd4d7b0: ; ImmutableOopMap {[160]=Oop }
                      ;*invokevirtual postDefineClass {reexecute=0 rethrow=0 return_oop=0}
                      ; - java.lang.ClassLoader::defineClass@37 (line 1024)
  0x0000022b3fd4d7b0: ece7 0200 

  0x0000022b3fd4d7b4: ;   {other}
  0x0000022b3fd4d7b4: 0f1f 8400 | a405 0003 | 488b 8424 | a000 0000 | 4881 c4b0 | 0000 005d 

  0x0000022b3fd4d7cc: ;   {poll_return}
  0x0000022b3fd4d7cc: 493b a758 | 0400 000f | 8799 0000 

  0x0000022b3fd4d7d8: ;   {metadata({method} {0x0000022b553fefd8} 'defineClass' '(Ljava/lang/String;[BIILjava/security/ProtectionDomain;)Ljava/lang/Class;' in 'java/lang/ClassLoader')}
  0x0000022b3fd4d7d8: 00c3 49ba | d0ef 3f55 | 2b02 0000 | 4c89 5424 | 0848 c704 | 24ff ffff 

  0x0000022b3fd4d7f0: ;   {runtime_call counter_overflow Runtime1 stub}
  0x0000022b3fd4d7f0: ffe8 8aec 

  0x0000022b3fd4d7f4: ; ImmutableOopMap {rdx=Oop r8=Oop r9=Oop rcx=Oop [120]=Oop }
                      ;*synchronization entry
                      ; - java.lang.ClassLoader::defineClass@-1 (line 1021)
  0x0000022b3fd4d7f4: 4c07 e98f 

  0x0000022b3fd4d7f8: ;   {metadata({method} {0x0000022b553fecc0} 'defineClassSourceLocation' '(Ljava/security/ProtectionDomain;)Ljava/lang/String;' in 'java/lang/ClassLoader')}
  0x0000022b3fd4d7f8: fcff ff49 | bab8 ec3f | 552b 0200 | 004c 8954 | 2408 48c7 | 0424 ffff 

  0x0000022b3fd4d810: ;   {runtime_call counter_overflow Runtime1 stub}
  0x0000022b3fd4d810: ffff e869 

  0x0000022b3fd4d814: ; ImmutableOopMap {rax=Oop [120]=Oop [128]=Oop [136]=Oop [152]=Oop }
                      ;*synchronization entry
                      ; - java.lang.ClassLoader::defineClassSourceLocation@-1 (line 922)
                      ; - java.lang.ClassLoader::defineClass@12 (line 1022)
  0x0000022b3fd4d814: ec4c 07e9 | 08fd ffff 

  0x0000022b3fd4d81c: ;   {runtime_call throw_null_pointer_exception Runtime1 stub}
  0x0000022b3fd4d81c: e8ff 464c 

  0x0000022b3fd4d820: ; ImmutableOopMap {rax=Oop [120]=Oop [128]=Oop [136]=Oop [152]=Oop }
                      ;*invokevirtual getCodeSource {reexecute=0 rethrow=0 return_oop=0}
                      ; - java.lang.ClassLoader::defineClassSourceLocation@1 (line 922)
                      ; - java.lang.ClassLoader::defineClass@12 (line 1022)
                      ;   {runtime_call throw_null_pointer_exception Runtime1 stub}
  0x0000022b3fd4d820: 07e8 fa46 

  0x0000022b3fd4d824: ; ImmutableOopMap {rax=Oop r8=Oop [120]=Oop [128]=Oop [136]=Oop [152]=Oop }
                      ;*invokevirtual getLocation {reexecute=0 rethrow=0 return_oop=0}
                      ; - java.lang.ClassLoader::defineClassSourceLocation@12 (line 924)
                      ; - java.lang.ClassLoader::defineClass@12 (line 1022)
                      ;   {runtime_call throw_null_pointer_exception Runtime1 stub}
  0x0000022b3fd4d824: 4c07 e8f5 

  0x0000022b3fd4d828: ; ImmutableOopMap {rdx=Oop [120]=Oop [128]=Oop [136]=Oop [152]=Oop }
                      ;*invokevirtual toString {reexecute=0 rethrow=0 return_oop=0}
                      ; - java.lang.ClassLoader::defineClassSourceLocation@22 (line 925)
                      ; - java.lang.ClassLoader::defineClass@12 (line 1022)
                      ;   {metadata({method} {0x0000022b5501a690} 'toString' '()Ljava/lang/String;' in 'java/net/URL')}
  0x0000022b3fd4d828: 464c 0749 | ba88 a601 | 552b 0200 | 004c 8954 | 2408 48c7 | 0424 ffff 

  0x0000022b3fd4d840: ;   {runtime_call counter_overflow Runtime1 stub}
  0x0000022b3fd4d840: ffff e839 

  0x0000022b3fd4d844: ; ImmutableOopMap {rdx=Oop [120]=Oop [128]=Oop [136]=Oop [152]=Oop }
                      ;*synchronization entry
                      ; - java.net.URL::toString@-1 (line 1189)
                      ; - java.lang.ClassLoader::defineClassSourceLocation@22 (line 925)
                      ; - java.lang.ClassLoader::defineClass@12 (line 1022)
  0x0000022b3fd4d844: ec4c 07e9 | dffd ffff 

  0x0000022b3fd4d84c: ;   {metadata({method} {0x0000022b553f38b8} 'toExternalForm' '()Ljava/lang/String;' in 'java/net/URL')}
  0x0000022b3fd4d84c: 49ba b038 | 3f55 2b02 | 0000 4c89 | 5424 0848 | c704 24ff 

  0x0000022b3fd4d860: ;   {runtime_call counter_overflow Runtime1 stub}
  0x0000022b3fd4d860: ffff ffe8 

  0x0000022b3fd4d864: ; ImmutableOopMap {rdx=Oop [120]=Oop [128]=Oop [136]=Oop [152]=Oop }
                      ;*synchronization entry
                      ; - java.net.URL::toExternalForm@-1 (line 1203)
                      ; - java.net.URL::toString@1 (line 1189)
                      ; - java.lang.ClassLoader::defineClassSourceLocation@22 (line 925)
                      ; - java.lang.ClassLoader::defineClass@12 (line 1022)
  0x0000022b3fd4d864: 18ec 4c07 | e9fc fdff 

  0x0000022b3fd4d86c: ;   {runtime_call throw_null_pointer_exception Runtime1 stub}
  0x0000022b3fd4d86c: ffe8 ae46 

  0x0000022b3fd4d870: ; ImmutableOopMap {rdx=Oop rsi=Oop [120]=Oop [128]=Oop [136]=Oop [152]=Oop }
                      ;*invokevirtual toExternalForm {reexecute=0 rethrow=0 return_oop=0}
                      ; - java.net.URL::toExternalForm@5 (line 1203)
                      ; - java.net.URL::toString@1 (line 1189)
                      ; - java.lang.ClassLoader::defineClassSourceLocation@22 (line 925)
                      ; - java.lang.ClassLoader::defineClass@12 (line 1022)
                      ;   {internal_word}
  0x0000022b3fd4d870: 4c07 49ba | ccd7 d43f | 2b02 0000 | 4d89 9770 

  0x0000022b3fd4d880: ;   {runtime_call SafepointBlob}
  0x0000022b3fd4d880: 0400 00e9 | f892 3f07 | 498b 8708 | 0500 0049 | c787 0805 | 0000 0000 | 0000 49c7 | 8710 0500 
  0x0000022b3fd4d8a0: 0000 0000 | 0048 81c4 | b000 0000 

  0x0000022b3fd4d8ac: ;   {runtime_call unwind_exception Runtime1 stub}
  0x0000022b3fd4d8ac: 5de9 ce51 | 4b07 f4f4 | f4f4 f4f4 
[Stub Code]
  0x0000022b3fd4d8b8: ;   {no_reloc}
  0x0000022b3fd4d8b8: 0f1f 4400 

  0x0000022b3fd4d8bc: ;   {static_stub}
  0x0000022b3fd4d8bc: 0048 bb00 | 0000 0000 

  0x0000022b3fd4d8c4: ;   {runtime_call}
  0x0000022b3fd4d8c4: 0000 00e9 | fbff ffff 

  0x0000022b3fd4d8cc: ;   {static_stub}
  0x0000022b3fd4d8cc: 48bb 0000 | 0000 0000 

  0x0000022b3fd4d8d4: ;   {runtime_call}
  0x0000022b3fd4d8d4: 0000 e9fb 

  0x0000022b3fd4d8d8: ;   {static_stub}
  0x0000022b3fd4d8d8: ffff ff48 | bb50 ec3f | 552b 0200 

  0x0000022b3fd4d8e4: ;   {runtime_call I2C/C2I adapters}
  0x0000022b3fd4d8e4: 00e9 b83c 

  0x0000022b3fd4d8e8: ;   {static_stub}
  0x0000022b3fd4d8e8: 3e07 48bb | f8eb 3f55 | 2b02 0000 

  0x0000022b3fd4d8f4: ;   {runtime_call I2C/C2I adapters}
  0x0000022b3fd4d8f4: e992 d73e 

  0x0000022b3fd4d8f8: ;   {runtime_call handle_exception_from_callee Runtime1 stub}
  0x0000022b3fd4d8f8: 07e8 028a 

  0x0000022b3fd4d8fc: ;   {external_word}
  0x0000022b3fd4d8fc: 4c07 48b9 | c018 256b | fe7f 0000 | 4883 e4f0 

  0x0000022b3fd4d90c: ;   {runtime_call}
  0x0000022b3fd4d90c: 48b8 c094 | ec6a fe7f | 0000 ffd0 

  0x0000022b3fd4d918: ;   {section_word}
  0x0000022b3fd4d918: f449 ba19 | d9d4 3f2b | 0200 0041 

  0x0000022b3fd4d924: ;   {runtime_call DeoptimizationBlob}
  0x0000022b3fd4d924: 52e9 f6a6 | 3f07 f4f4 | f4f4 f4f4 
[/MachCode]


Compiled method (c1) 1472  955       3       java.security.SecureClassLoader::defineClass (16 bytes)
 total in heap  [0x0000022b3fd80b10,0x0000022b3fd80f10] = 1024
 relocation     [0x0000022b3fd80c68,0x0000022b3fd80cb8] = 80
 main code      [0x0000022b3fd80cc0,0x0000022b3fd80e18] = 344
 stub code      [0x0000022b3fd80e18,0x0000022b3fd80e68] = 80
 metadata       [0x0000022b3fd80e68,0x0000022b3fd80e70] = 8
 scopes data    [0x0000022b3fd80e70,0x0000022b3fd80eb8] = 72
 scopes pcs     [0x0000022b3fd80eb8,0x0000022b3fd80f08] = 80
 dependencies   [0x0000022b3fd80f08,0x0000022b3fd80f10] = 8

[Constant Pool (empty)]

[MachCode]
[Entry Point]
  # {method} {0x0000022b550438c0} 'defineClass' '(Ljava/lang/String;[BIILjava/security/CodeSource;)Ljava/lang/Class;' in 'java/security/SecureClassLoader'
  # this:     rdx:rdx   = 'java/security/SecureClassLoader'
  # parm0:    r8:r8     = 'java/lang/String'
  # parm1:    r9:r9     = '[B'
  # parm2:    rdi       = int
  # parm3:    rsi       = int
  # parm4:    rcx:rcx   = 'java/security/CodeSource'
  #           [sp+0x80]  (sp of caller)
  0x0000022b3fd80cc0: 448b 5208 | 49bb 0000 | 0055 2b02 | 0000 4d03 | d34c 3bd0 

  0x0000022b3fd80cd4: ;   {runtime_call ic_miss_stub}
  0x0000022b3fd80cd4: 0f85 a6dc | 3b07 660f | 1f44 0000 
[Verified Entry Point]
  0x0000022b3fd80ce0: 8984 2400 | 80ff ff55 | 4883 ec70 | 4181 7f20 | 0100 0000 

  0x0000022b3fd80cf4: ;   {runtime_call StubRoutines (final stubs)}
  0x0000022b3fd80cf4: 7405 e885 

  0x0000022b3fd80cf8: ;   {metadata(method data for {method} {0x0000022b550438c0} 'defineClass' '(Ljava/lang/String;[BIILjava/security/CodeSource;)Ljava/lang/Class;' in 'java/security/SecureClassLoader')}
  0x0000022b3fd80cf8: 5d3a 0748 | bb38 5919 | 962b 0200 | 008b 83cc | 0000 0083 | c002 8983 | cc00 0000 | 25fe 0700 
  0x0000022b3fd80d18: 0085 c00f | 8496 0000 | 0089 7424 | 5c89 7c24 | 584c 894c | 2450 4c89 | 4424 4848 

  0x0000022b3fd80d34: ;   {metadata(method data for {method} {0x0000022b550438c0} 'defineClass' '(Ljava/lang/String;[BIILjava/security/CodeSource;)Ljava/lang/Class;' in 'java/security/SecureClassLoader')}
  0x0000022b3fd80d34: 8bda 48b8 | 3859 1996 | 2b02 0000 | 4883 8018 | 0100 0001 | 4c8b c148 | 8bc2 488b | d048 8944 
  0x0000022b3fd80d54: ;   {optimized virtual_call}
  0x0000022b3fd80d54: 2440 90e8 

  0x0000022b3fd80d58: ; ImmutableOopMap {[64]=Oop [72]=Oop [80]=Oop }
                      ;*invokevirtual getProtectionDomain {reexecute=0 rethrow=0 return_oop=0}
                      ; - java.security.SecureClassLoader::defineClass@9 (line 150)
  0x0000022b3fd80d58: c472 fcff 

  0x0000022b3fd80d5c: ;   {other}
  0x0000022b3fd80d5c: 0f1f 8400 | 4c02 0000 | 488b 5424 

  0x0000022b3fd80d68: ;   {metadata(method data for {method} {0x0000022b550438c0} 'defineClass' '(Ljava/lang/String;[BIILjava/security/CodeSource;)Ljava/lang/Class;' in 'java/security/SecureClassLoader')}
  0x0000022b3fd80d68: 4049 b838 | 5919 962b | 0200 0049 | 8380 4801 | 0000 014c | 8b44 2448 | 4c8b 4c24 | 508b 7c24 
  0x0000022b3fd80d88: 588b 7424 | 5c48 8bc8 | 488b 5424 

  0x0000022b3fd80d94: ;   {optimized virtual_call}
  0x0000022b3fd80d94: 4066 90e8 

  0x0000022b3fd80d98: ; ImmutableOopMap {}
                      ;*invokevirtual defineClass {reexecute=0 rethrow=0 return_oop=0}
                      ; - java.security.SecureClassLoader::defineClass@12 (line 150)
  0x0000022b3fd80d98: a4c6 fcff 

  0x0000022b3fd80d9c: ;   {other}
  0x0000022b3fd80d9c: 0f1f 8400 | 8c02 0001 | 4883 c470 

  0x0000022b3fd80da8: ;   {poll_return}
  0x0000022b3fd80da8: 5d49 3ba7 | 5804 0000 | 0f87 2200 

  0x0000022b3fd80db4: ;   {metadata({method} {0x0000022b550438c0} 'defineClass' '(Ljava/lang/String;[BIILjava/security/CodeSource;)Ljava/lang/Class;' in 'java/security/SecureClassLoader')}
  0x0000022b3fd80db4: 0000 c349 | bab8 3804 | 552b 0200 | 004c 8954 | 2408 48c7 | 0424 ffff 

  0x0000022b3fd80dcc: ;   {runtime_call counter_overflow Runtime1 stub}
  0x0000022b3fd80dcc: ffff e8ad 

  0x0000022b3fd80dd0: ; ImmutableOopMap {rdx=Oop r8=Oop r9=Oop rcx=Oop }
                      ;*synchronization entry
                      ; - java.security.SecureClassLoader::defineClass@-1 (line 150)
  0x0000022b3fd80dd0: b649 07e9 | 49ff ffff 

  0x0000022b3fd80dd8: ;   {internal_word}
  0x0000022b3fd80dd8: 49ba a90d | d83f 2b02 | 0000 4d89 | 9770 0400 

  0x0000022b3fd80de8: ;   {runtime_call SafepointBlob}
  0x0000022b3fd80de8: 00e9 925d | 3c07 498b | 8708 0500 | 0049 c787 | 0805 0000 | 0000 0000 | 49c7 8710 | 0500 0000 
  0x0000022b3fd80e08: 0000 0048 | 83c4 705d 

  0x0000022b3fd80e10: ;   {runtime_call unwind_exception Runtime1 stub}
  0x0000022b3fd80e10: e96b 1c48 | 07f4 f4f4 
[Stub Code]
  0x0000022b3fd80e18: ;   {no_reloc}
  0x0000022b3fd80e18: 48bb 0000 | 0000 0000 

  0x0000022b3fd80e20: ;   {runtime_call}
  0x0000022b3fd80e20: 0000 e9fb 

  0x0000022b3fd80e24: ;   {static_stub}
  0x0000022b3fd80e24: ffff ff48 | bb00 0000 | 0000 0000 

  0x0000022b3fd80e30: ;   {runtime_call}
  0x0000022b3fd80e30: 00e9 fbff 

  0x0000022b3fd80e34: ;   {runtime_call handle_exception_from_callee Runtime1 stub}
  0x0000022b3fd80e34: ffff e8c5 

  0x0000022b3fd80e38: ;   {external_word}
  0x0000022b3fd80e38: 5449 0748 | b9c0 1825 | 6bfe 7f00 | 0048 83e4 

  0x0000022b3fd80e48: ;   {runtime_call}
  0x0000022b3fd80e48: f048 b8c0 | 94ec 6afe | 7f00 00ff 

  0x0000022b3fd80e54: ;   {section_word}
  0x0000022b3fd80e54: d0f4 49ba | 560e d83f | 2b02 0000 

  0x0000022b3fd80e60: ;   {runtime_call DeoptimizationBlob}
  0x0000022b3fd80e60: 4152 e9b9 | 713c 07f4 
[/MachCode]


---------------  P R O C E S S  ---------------

Threads class SMR info:
_java_thread_list=0x0000022b54202c60, length=12, elements={
0x0000022b3787f850, 0x0000022b53fae090, 0x0000022b53fafda0, 0x0000022b53fb1930,
0x0000022b53fb2480, 0x0000022b53fb3180, 0x0000022b53fb3fb0, 0x0000022b53fcc120,
0x0000022b53fd49f0, 0x0000022b54248e20, 0x0000022b5424f3d0, 0x0000022b54bfe800
}

Java Threads: ( => current thread )
=>0x0000022b3787f850 JavaThread "main"                              [_thread_in_vm, id=12804, stack(0x0000007827000000,0x0000007827100000) (1024K)]
  0x0000022b53fae090 JavaThread "Reference Handler"          daemon [_thread_blocked, id=14664, stack(0x0000007827800000,0x0000007827900000) (1024K)]
  0x0000022b53fafda0 JavaThread "Finalizer"                  daemon [_thread_blocked, id=14416, stack(0x0000007827900000,0x0000007827a00000) (1024K)]
  0x0000022b53fb1930 JavaThread "Signal Dispatcher"          daemon [_thread_blocked, id=14392, stack(0x0000007827a00000,0x0000007827b00000) (1024K)]
  0x0000022b53fb2480 JavaThread "Attach Listener"            daemon [_thread_blocked, id=5896, stack(0x0000007827b00000,0x0000007827c00000) (1024K)]
  0x0000022b53fb3180 JavaThread "Service Thread"             daemon [_thread_blocked, id=14548, stack(0x0000007827c00000,0x0000007827d00000) (1024K)]
  0x0000022b53fb3fb0 JavaThread "Monitor Deflation Thread"   daemon [_thread_blocked, id=14368, stack(0x0000007827d00000,0x0000007827e00000) (1024K)]
  0x0000022b53fcc120 JavaThread "C2 CompilerThread0"         daemon [_thread_blocked, id=14008, stack(0x0000007827e00000,0x0000007827f00000) (1024K)]
  0x0000022b53fd49f0 JavaThread "C1 CompilerThread0"         daemon [_thread_blocked, id=10092, stack(0x0000007827f00000,0x0000007828000000) (1024K)]
  0x0000022b54248e20 JavaThread "Notification Thread"        daemon [_thread_blocked, id=13920, stack(0x0000007828000000,0x0000007828100000) (1024K)]
  0x0000022b5424f3d0 JavaThread "Common-Cleaner"             daemon [_thread_blocked, id=5660, stack(0x0000007828100000,0x0000007828200000) (1024K)]
  0x0000022b54bfe800 JavaThread "C2 CompilerThread1"         daemon [_thread_blocked, id=14968, stack(0x0000007828200000,0x0000007828300000) (1024K)]
Total: 12

Other Threads:
  0x0000022b53f9b8e0 VMThread "VM Thread"                           [id=15240, stack(0x0000007827700000,0x0000007827800000) (1024K)]
  0x0000022b53f80ea0 WatcherThread "VM Periodic Task Thread"        [id=11408, stack(0x0000007827600000,0x0000007827700000) (1024K)]
  0x0000022b378d49a0 WorkerThread "GC Thread#0"                     [id=14404, stack(0x0000007827100000,0x0000007827200000) (1024K)]
  0x0000022b378e5960 ConcurrentGCThread "G1 Main Marker"            [id=15132, stack(0x0000007827200000,0x0000007827300000) (1024K)]
  0x0000022b378e6470 WorkerThread "G1 Conc#0"                       [id=13208, stack(0x0000007827300000,0x0000007827400000) (1024K)]
  0x0000022b53e51150 ConcurrentGCThread "G1 Refine#0"               [id=13452, stack(0x0000007827400000,0x0000007827500000) (1024K)]
  0x0000022b53e51be0 ConcurrentGCThread "G1 Service"                [id=1064, stack(0x0000007827500000,0x0000007827600000) (1024K)]
Total: 7

Threads with active compile tasks:
Total: 0

VM state: not at safepoint (normal execution)

VM Mutex/Monitor currently owned by a thread:  ([mutex/lock_event])
[0x00007ffe6b4f9b38] Metaspace_lock - owner thread: 0x0000022b3787f850

Heap address: 0x0000000084c00000, size: 1972 MB, Compressed Oops mode: 32-bit

CDS archive(s) mapped at: [0x0000022b55000000-0x0000022b55c60000-0x0000022b55c60000), size 12976128, SharedBaseAddress: 0x0000022b55000000, ArchiveRelocationMode: 1.
Compressed class space mapped at: 0x0000022b56000000-0x0000022b96000000, reserved size: 1073741824
Narrow klass base: 0x0000022b55000000, Narrow klass shift: 0, Narrow klass range: 0x41000000

GC Precious Log:
 CardTable entry size: 512
 Card Set container configuration: InlinePtr #cards 5 size 8 Array Of Cards #cards 12 size 40 Howl #buckets 4 coarsen threshold 1843 Howl Bitmap #cards 512 size 80 coarsen threshold 460 Card regions per heap region 1 cards per card region 2048
 CPUs: 8 total, 8 available
 Memory: 7884M
 Large Page Support: Disabled
 NUMA Support: Disabled
 Compressed Oops: Enabled (32-bit)
 Heap Region Size: 1M
 Heap Min Capacity: 8M
 Heap Initial Capacity: 124M
 Heap Max Capacity: 1972M
 Pre-touch: Disabled
 Parallel Workers: 8
 Concurrent Workers: 2
 Concurrent Refinement Workers: 8
 Periodic GC: Disabled

Heap:
 garbage-first heap   total reserved 2019328K, committed 126976K, used 18432K [0x0000000084c00000, 0x0000000100000000)
  region size 1024K, 19 young (19456K), 0 survivors (0K)
 Metaspace       used 5476K, committed 5696K, reserved 1114112K
  class space    used 638K, committed 768K, reserved 1048576K

Heap Regions: E=young(eden), S=young(survivor), O=old, HS=humongous(starts), HC=humongous(continues), CS=collection set, F=free, TAMS=top-at-mark-start, PB=parsable bottom
|   0|0x0000000084c00000, 0x0000000084c00000, 0x0000000084d00000|  0%| F|  |TAMS 0x0000000084c00000| PB 0x0000000084c00000| Untracked |  0
|   1|0x0000000084d00000, 0x0000000084d00000, 0x0000000084e00000|  0%| F|  |TAMS 0x0000000084d00000| PB 0x0000000084d00000| Untracked |  0
|   2|0x0000000084e00000, 0x0000000084e00000, 0x0000000084f00000|  0%| F|  |TAMS 0x0000000084e00000| PB 0x0000000084e00000| Untracked |  0
|   3|0x0000000084f00000, 0x0000000084f00000, 0x0000000085000000|  0%| F|  |TAMS 0x0000000084f00000| PB 0x0000000084f00000| Untracked |  0
|   4|0x0000000085000000, 0x0000000085000000, 0x0000000085100000|  0%| F|  |TAMS 0x0000000085000000| PB 0x0000000085000000| Untracked |  0
|   5|0x0000000085100000, 0x0000000085100000, 0x0000000085200000|  0%| F|  |TAMS 0x0000000085100000| PB 0x0000000085100000| Untracked |  0
|   6|0x0000000085200000, 0x0000000085200000, 0x0000000085300000|  0%| F|  |TAMS 0x0000000085200000| PB 0x0000000085200000| Untracked |  0
|   7|0x0000000085300000, 0x0000000085300000, 0x0000000085400000|  0%| F|  |TAMS 0x0000000085300000| PB 0x0000000085300000| Untracked |  0
|   8|0x0000000085400000, 0x0000000085400000, 0x0000000085500000|  0%| F|  |TAMS 0x0000000085400000| PB 0x0000000085400000| Untracked |  0
|   9|0x0000000085500000, 0x0000000085500000, 0x0000000085600000|  0%| F|  |TAMS 0x0000000085500000| PB 0x0000000085500000| Untracked |  0
|  10|0x0000000085600000, 0x0000000085600000, 0x0000000085700000|  0%| F|  |TAMS 0x0000000085600000| PB 0x0000000085600000| Untracked |  0
|  11|0x0000000085700000, 0x0000000085700000, 0x0000000085800000|  0%| F|  |TAMS 0x0000000085700000| PB 0x0000000085700000| Untracked |  0
|  12|0x0000000085800000, 0x0000000085800000, 0x0000000085900000|  0%| F|  |TAMS 0x0000000085800000| PB 0x0000000085800000| Untracked |  0
|  13|0x0000000085900000, 0x0000000085900000, 0x0000000085a00000|  0%| F|  |TAMS 0x0000000085900000| PB 0x0000000085900000| Untracked |  0
|  14|0x0000000085a00000, 0x0000000085a00000, 0x0000000085b00000|  0%| F|  |TAMS 0x0000000085a00000| PB 0x0000000085a00000| Untracked |  0
|  15|0x0000000085b00000, 0x0000000085b00000, 0x0000000085c00000|  0%| F|  |TAMS 0x0000000085b00000| PB 0x0000000085b00000| Untracked |  0
|  16|0x0000000085c00000, 0x0000000085c00000, 0x0000000085d00000|  0%| F|  |TAMS 0x0000000085c00000| PB 0x0000000085c00000| Untracked |  0
|  17|0x0000000085d00000, 0x0000000085d00000, 0x0000000085e00000|  0%| F|  |TAMS 0x0000000085d00000| PB 0x0000000085d00000| Untracked |  0
|  18|0x0000000085e00000, 0x0000000085e00000, 0x0000000085f00000|  0%| F|  |TAMS 0x0000000085e00000| PB 0x0000000085e00000| Untracked |  0
|  19|0x0000000085f00000, 0x0000000085f00000, 0x0000000086000000|  0%| F|  |TAMS 0x0000000085f00000| PB 0x0000000085f00000| Untracked |  0
|  20|0x0000000086000000, 0x0000000086000000, 0x0000000086100000|  0%| F|  |TAMS 0x0000000086000000| PB 0x0000000086000000| Untracked |  0
|  21|0x0000000086100000, 0x0000000086100000, 0x0000000086200000|  0%| F|  |TAMS 0x0000000086100000| PB 0x0000000086100000| Untracked |  0
|  22|0x0000000086200000, 0x0000000086200000, 0x0000000086300000|  0%| F|  |TAMS 0x0000000086200000| PB 0x0000000086200000| Untracked |  0
|  23|0x0000000086300000, 0x0000000086300000, 0x0000000086400000|  0%| F|  |TAMS 0x0000000086300000| PB 0x0000000086300000| Untracked |  0
|  24|0x0000000086400000, 0x0000000086400000, 0x0000000086500000|  0%| F|  |TAMS 0x0000000086400000| PB 0x0000000086400000| Untracked |  0
|  25|0x0000000086500000, 0x0000000086500000, 0x0000000086600000|  0%| F|  |TAMS 0x0000000086500000| PB 0x0000000086500000| Untracked |  0
|  26|0x0000000086600000, 0x0000000086600000, 0x0000000086700000|  0%| F|  |TAMS 0x0000000086600000| PB 0x0000000086600000| Untracked |  0
|  27|0x0000000086700000, 0x0000000086700000, 0x0000000086800000|  0%| F|  |TAMS 0x0000000086700000| PB 0x0000000086700000| Untracked |  0
|  28|0x0000000086800000, 0x0000000086800000, 0x0000000086900000|  0%| F|  |TAMS 0x0000000086800000| PB 0x0000000086800000| Untracked |  0
|  29|0x0000000086900000, 0x0000000086900000, 0x0000000086a00000|  0%| F|  |TAMS 0x0000000086900000| PB 0x0000000086900000| Untracked |  0
|  30|0x0000000086a00000, 0x0000000086a00000, 0x0000000086b00000|  0%| F|  |TAMS 0x0000000086a00000| PB 0x0000000086a00000| Untracked |  0
|  31|0x0000000086b00000, 0x0000000086b00000, 0x0000000086c00000|  0%| F|  |TAMS 0x0000000086b00000| PB 0x0000000086b00000| Untracked |  0
|  32|0x0000000086c00000, 0x0000000086c00000, 0x0000000086d00000|  0%| F|  |TAMS 0x0000000086c00000| PB 0x0000000086c00000| Untracked |  0
|  33|0x0000000086d00000, 0x0000000086d00000, 0x0000000086e00000|  0%| F|  |TAMS 0x0000000086d00000| PB 0x0000000086d00000| Untracked |  0
|  34|0x0000000086e00000, 0x0000000086e00000, 0x0000000086f00000|  0%| F|  |TAMS 0x0000000086e00000| PB 0x0000000086e00000| Untracked |  0
|  35|0x0000000086f00000, 0x0000000086f00000, 0x0000000087000000|  0%| F|  |TAMS 0x0000000086f00000| PB 0x0000000086f00000| Untracked |  0
|  36|0x0000000087000000, 0x0000000087000000, 0x0000000087100000|  0%| F|  |TAMS 0x0000000087000000| PB 0x0000000087000000| Untracked |  0
|  37|0x0000000087100000, 0x0000000087100000, 0x0000000087200000|  0%| F|  |TAMS 0x0000000087100000| PB 0x0000000087100000| Untracked |  0
|  38|0x0000000087200000, 0x0000000087200000, 0x0000000087300000|  0%| F|  |TAMS 0x0000000087200000| PB 0x0000000087200000| Untracked |  0
|  39|0x0000000087300000, 0x0000000087300000, 0x0000000087400000|  0%| F|  |TAMS 0x0000000087300000| PB 0x0000000087300000| Untracked |  0
|  40|0x0000000087400000, 0x0000000087400000, 0x0000000087500000|  0%| F|  |TAMS 0x0000000087400000| PB 0x0000000087400000| Untracked |  0
|  41|0x0000000087500000, 0x0000000087500000, 0x0000000087600000|  0%| F|  |TAMS 0x0000000087500000| PB 0x0000000087500000| Untracked |  0
|  42|0x0000000087600000, 0x0000000087600000, 0x0000000087700000|  0%| F|  |TAMS 0x0000000087600000| PB 0x0000000087600000| Untracked |  0
|  43|0x0000000087700000, 0x0000000087700000, 0x0000000087800000|  0%| F|  |TAMS 0x0000000087700000| PB 0x0000000087700000| Untracked |  0
|  44|0x0000000087800000, 0x0000000087800000, 0x0000000087900000|  0%| F|  |TAMS 0x0000000087800000| PB 0x0000000087800000| Untracked |  0
|  45|0x0000000087900000, 0x0000000087900000, 0x0000000087a00000|  0%| F|  |TAMS 0x0000000087900000| PB 0x0000000087900000| Untracked |  0
|  46|0x0000000087a00000, 0x0000000087a00000, 0x0000000087b00000|  0%| F|  |TAMS 0x0000000087a00000| PB 0x0000000087a00000| Untracked |  0
|  47|0x0000000087b00000, 0x0000000087b00000, 0x0000000087c00000|  0%| F|  |TAMS 0x0000000087b00000| PB 0x0000000087b00000| Untracked |  0
|  48|0x0000000087c00000, 0x0000000087c00000, 0x0000000087d00000|  0%| F|  |TAMS 0x0000000087c00000| PB 0x0000000087c00000| Untracked |  0
|  49|0x0000000087d00000, 0x0000000087d00000, 0x0000000087e00000|  0%| F|  |TAMS 0x0000000087d00000| PB 0x0000000087d00000| Untracked |  0
|  50|0x0000000087e00000, 0x0000000087e00000, 0x0000000087f00000|  0%| F|  |TAMS 0x0000000087e00000| PB 0x0000000087e00000| Untracked |  0
|  51|0x0000000087f00000, 0x0000000087f00000, 0x0000000088000000|  0%| F|  |TAMS 0x0000000087f00000| PB 0x0000000087f00000| Untracked |  0
|  52|0x0000000088000000, 0x0000000088000000, 0x0000000088100000|  0%| F|  |TAMS 0x0000000088000000| PB 0x0000000088000000| Untracked |  0
|  53|0x0000000088100000, 0x0000000088100000, 0x0000000088200000|  0%| F|  |TAMS 0x0000000088100000| PB 0x0000000088100000| Untracked |  0
|  54|0x0000000088200000, 0x0000000088200000, 0x0000000088300000|  0%| F|  |TAMS 0x0000000088200000| PB 0x0000000088200000| Untracked |  0
|  55|0x0000000088300000, 0x0000000088300000, 0x0000000088400000|  0%| F|  |TAMS 0x0000000088300000| PB 0x0000000088300000| Untracked |  0
|  56|0x0000000088400000, 0x0000000088400000, 0x0000000088500000|  0%| F|  |TAMS 0x0000000088400000| PB 0x0000000088400000| Untracked |  0
|  57|0x0000000088500000, 0x0000000088500000, 0x0000000088600000|  0%| F|  |TAMS 0x0000000088500000| PB 0x0000000088500000| Untracked |  0
|  58|0x0000000088600000, 0x0000000088600000, 0x0000000088700000|  0%| F|  |TAMS 0x0000000088600000| PB 0x0000000088600000| Untracked |  0
|  59|0x0000000088700000, 0x0000000088700000, 0x0000000088800000|  0%| F|  |TAMS 0x0000000088700000| PB 0x0000000088700000| Untracked |  0
|  60|0x0000000088800000, 0x0000000088800000, 0x0000000088900000|  0%| F|  |TAMS 0x0000000088800000| PB 0x0000000088800000| Untracked |  0
|  61|0x0000000088900000, 0x0000000088900000, 0x0000000088a00000|  0%| F|  |TAMS 0x0000000088900000| PB 0x0000000088900000| Untracked |  0
|  62|0x0000000088a00000, 0x0000000088a00000, 0x0000000088b00000|  0%| F|  |TAMS 0x0000000088a00000| PB 0x0000000088a00000| Untracked |  0
|  63|0x0000000088b00000, 0x0000000088b00000, 0x0000000088c00000|  0%| F|  |TAMS 0x0000000088b00000| PB 0x0000000088b00000| Untracked |  0
|  64|0x0000000088c00000, 0x0000000088c00000, 0x0000000088d00000|  0%| F|  |TAMS 0x0000000088c00000| PB 0x0000000088c00000| Untracked |  0
|  65|0x0000000088d00000, 0x0000000088d00000, 0x0000000088e00000|  0%| F|  |TAMS 0x0000000088d00000| PB 0x0000000088d00000| Untracked |  0
|  66|0x0000000088e00000, 0x0000000088e00000, 0x0000000088f00000|  0%| F|  |TAMS 0x0000000088e00000| PB 0x0000000088e00000| Untracked |  0
|  67|0x0000000088f00000, 0x0000000088f00000, 0x0000000089000000|  0%| F|  |TAMS 0x0000000088f00000| PB 0x0000000088f00000| Untracked |  0
|  68|0x0000000089000000, 0x0000000089000000, 0x0000000089100000|  0%| F|  |TAMS 0x0000000089000000| PB 0x0000000089000000| Untracked |  0
|  69|0x0000000089100000, 0x0000000089100000, 0x0000000089200000|  0%| F|  |TAMS 0x0000000089100000| PB 0x0000000089100000| Untracked |  0
|  70|0x0000000089200000, 0x0000000089200000, 0x0000000089300000|  0%| F|  |TAMS 0x0000000089200000| PB 0x0000000089200000| Untracked |  0
|  71|0x0000000089300000, 0x0000000089300000, 0x0000000089400000|  0%| F|  |TAMS 0x0000000089300000| PB 0x0000000089300000| Untracked |  0
|  72|0x0000000089400000, 0x0000000089400000, 0x0000000089500000|  0%| F|  |TAMS 0x0000000089400000| PB 0x0000000089400000| Untracked |  0
|  73|0x0000000089500000, 0x0000000089500000, 0x0000000089600000|  0%| F|  |TAMS 0x0000000089500000| PB 0x0000000089500000| Untracked |  0
|  74|0x0000000089600000, 0x0000000089600000, 0x0000000089700000|  0%| F|  |TAMS 0x0000000089600000| PB 0x0000000089600000| Untracked |  0
|  75|0x0000000089700000, 0x0000000089700000, 0x0000000089800000|  0%| F|  |TAMS 0x0000000089700000| PB 0x0000000089700000| Untracked |  0
|  76|0x0000000089800000, 0x0000000089800000, 0x0000000089900000|  0%| F|  |TAMS 0x0000000089800000| PB 0x0000000089800000| Untracked |  0
|  77|0x0000000089900000, 0x0000000089900000, 0x0000000089a00000|  0%| F|  |TAMS 0x0000000089900000| PB 0x0000000089900000| Untracked |  0
|  78|0x0000000089a00000, 0x0000000089a00000, 0x0000000089b00000|  0%| F|  |TAMS 0x0000000089a00000| PB 0x0000000089a00000| Untracked |  0
|  79|0x0000000089b00000, 0x0000000089b00000, 0x0000000089c00000|  0%| F|  |TAMS 0x0000000089b00000| PB 0x0000000089b00000| Untracked |  0
|  80|0x0000000089c00000, 0x0000000089c00000, 0x0000000089d00000|  0%| F|  |TAMS 0x0000000089c00000| PB 0x0000000089c00000| Untracked |  0
|  81|0x0000000089d00000, 0x0000000089d00000, 0x0000000089e00000|  0%| F|  |TAMS 0x0000000089d00000| PB 0x0000000089d00000| Untracked |  0
|  82|0x0000000089e00000, 0x0000000089e00000, 0x0000000089f00000|  0%| F|  |TAMS 0x0000000089e00000| PB 0x0000000089e00000| Untracked |  0
|  83|0x0000000089f00000, 0x0000000089f00000, 0x000000008a000000|  0%| F|  |TAMS 0x0000000089f00000| PB 0x0000000089f00000| Untracked |  0
|  84|0x000000008a000000, 0x000000008a000000, 0x000000008a100000|  0%| F|  |TAMS 0x000000008a000000| PB 0x000000008a000000| Untracked |  0
|  85|0x000000008a100000, 0x000000008a100000, 0x000000008a200000|  0%| F|  |TAMS 0x000000008a100000| PB 0x000000008a100000| Untracked |  0
|  86|0x000000008a200000, 0x000000008a200000, 0x000000008a300000|  0%| F|  |TAMS 0x000000008a200000| PB 0x000000008a200000| Untracked |  0
|  87|0x000000008a300000, 0x000000008a300000, 0x000000008a400000|  0%| F|  |TAMS 0x000000008a300000| PB 0x000000008a300000| Untracked |  0
|  88|0x000000008a400000, 0x000000008a400000, 0x000000008a500000|  0%| F|  |TAMS 0x000000008a400000| PB 0x000000008a400000| Untracked |  0
|  89|0x000000008a500000, 0x000000008a500000, 0x000000008a600000|  0%| F|  |TAMS 0x000000008a500000| PB 0x000000008a500000| Untracked |  0
|  90|0x000000008a600000, 0x000000008a600000, 0x000000008a700000|  0%| F|  |TAMS 0x000000008a600000| PB 0x000000008a600000| Untracked |  0
|  91|0x000000008a700000, 0x000000008a700000, 0x000000008a800000|  0%| F|  |TAMS 0x000000008a700000| PB 0x000000008a700000| Untracked |  0
|  92|0x000000008a800000, 0x000000008a800000, 0x000000008a900000|  0%| F|  |TAMS 0x000000008a800000| PB 0x000000008a800000| Untracked |  0
|  93|0x000000008a900000, 0x000000008a900000, 0x000000008aa00000|  0%| F|  |TAMS 0x000000008a900000| PB 0x000000008a900000| Untracked |  0
|  94|0x000000008aa00000, 0x000000008aa00000, 0x000000008ab00000|  0%| F|  |TAMS 0x000000008aa00000| PB 0x000000008aa00000| Untracked |  0
|  95|0x000000008ab00000, 0x000000008ab00000, 0x000000008ac00000|  0%| F|  |TAMS 0x000000008ab00000| PB 0x000000008ab00000| Untracked |  0
|  96|0x000000008ac00000, 0x000000008ac00000, 0x000000008ad00000|  0%| F|  |TAMS 0x000000008ac00000| PB 0x000000008ac00000| Untracked |  0
|  97|0x000000008ad00000, 0x000000008ad00000, 0x000000008ae00000|  0%| F|  |TAMS 0x000000008ad00000| PB 0x000000008ad00000| Untracked |  0
|  98|0x000000008ae00000, 0x000000008ae00000, 0x000000008af00000|  0%| F|  |TAMS 0x000000008ae00000| PB 0x000000008ae00000| Untracked |  0
|  99|0x000000008af00000, 0x000000008af00000, 0x000000008b000000|  0%| F|  |TAMS 0x000000008af00000| PB 0x000000008af00000| Untracked |  0
| 100|0x000000008b000000, 0x000000008b000000, 0x000000008b100000|  0%| F|  |TAMS 0x000000008b000000| PB 0x000000008b000000| Untracked |  0
| 101|0x000000008b100000, 0x000000008b100000, 0x000000008b200000|  0%| F|  |TAMS 0x000000008b100000| PB 0x000000008b100000| Untracked |  0
| 102|0x000000008b200000, 0x000000008b200000, 0x000000008b300000|  0%| F|  |TAMS 0x000000008b200000| PB 0x000000008b200000| Untracked |  0
| 103|0x000000008b300000, 0x000000008b300000, 0x000000008b400000|  0%| F|  |TAMS 0x000000008b300000| PB 0x000000008b300000| Untracked |  0
| 104|0x000000008b400000, 0x000000008b400000, 0x000000008b500000|  0%| F|  |TAMS 0x000000008b400000| PB 0x000000008b400000| Untracked |  0
| 105|0x000000008b500000, 0x000000008b57aea0, 0x000000008b600000| 48%| E|  |TAMS 0x000000008b500000| PB 0x000000008b500000| Complete |  0
| 106|0x000000008b600000, 0x000000008b700000, 0x000000008b700000|100%| E|CS|TAMS 0x000000008b600000| PB 0x000000008b600000| Complete |  0
| 107|0x000000008b700000, 0x000000008b800000, 0x000000008b800000|100%| E|CS|TAMS 0x000000008b700000| PB 0x000000008b700000| Complete |  0
| 108|0x000000008b800000, 0x000000008b900000, 0x000000008b900000|100%| E|CS|TAMS 0x000000008b800000| PB 0x000000008b800000| Complete |  0
| 109|0x000000008b900000, 0x000000008ba00000, 0x000000008ba00000|100%| E|CS|TAMS 0x000000008b900000| PB 0x000000008b900000| Complete |  0
| 110|0x000000008ba00000, 0x000000008bb00000, 0x000000008bb00000|100%| E|CS|TAMS 0x000000008ba00000| PB 0x000000008ba00000| Complete |  0
| 111|0x000000008bb00000, 0x000000008bc00000, 0x000000008bc00000|100%| E|CS|TAMS 0x000000008bb00000| PB 0x000000008bb00000| Complete |  0
| 112|0x000000008bc00000, 0x000000008bd00000, 0x000000008bd00000|100%| E|CS|TAMS 0x000000008bc00000| PB 0x000000008bc00000| Complete |  0
| 113|0x000000008bd00000, 0x000000008be00000, 0x000000008be00000|100%| E|CS|TAMS 0x000000008bd00000| PB 0x000000008bd00000| Complete |  0
| 114|0x000000008be00000, 0x000000008bf00000, 0x000000008bf00000|100%| E|CS|TAMS 0x000000008be00000| PB 0x000000008be00000| Complete |  0
| 115|0x000000008bf00000, 0x000000008c000000, 0x000000008c000000|100%| E|CS|TAMS 0x000000008bf00000| PB 0x000000008bf00000| Complete |  0
| 116|0x000000008c000000, 0x000000008c100000, 0x000000008c100000|100%| E|CS|TAMS 0x000000008c000000| PB 0x000000008c000000| Complete |  0
| 117|0x000000008c100000, 0x000000008c200000, 0x000000008c200000|100%| E|CS|TAMS 0x000000008c100000| PB 0x000000008c100000| Complete |  0
| 118|0x000000008c200000, 0x000000008c300000, 0x000000008c300000|100%| E|CS|TAMS 0x000000008c200000| PB 0x000000008c200000| Complete |  0
| 119|0x000000008c300000, 0x000000008c400000, 0x000000008c400000|100%| E|CS|TAMS 0x000000008c300000| PB 0x000000008c300000| Complete |  0
| 120|0x000000008c400000, 0x000000008c500000, 0x000000008c500000|100%| E|CS|TAMS 0x000000008c400000| PB 0x000000008c400000| Complete |  0
| 121|0x000000008c500000, 0x000000008c600000, 0x000000008c600000|100%| E|CS|TAMS 0x000000008c500000| PB 0x000000008c500000| Complete |  0
| 122|0x000000008c600000, 0x000000008c700000, 0x000000008c700000|100%| E|CS|TAMS 0x000000008c600000| PB 0x000000008c600000| Complete |  0
| 123|0x000000008c700000, 0x000000008c800000, 0x000000008c800000|100%| E|CS|TAMS 0x000000008c700000| PB 0x000000008c700000| Complete |  0

Card table byte_map: [0x0000022b4f2d0000,0x0000022b4f6b0000] _byte_map_base: 0x0000022b4eeaa000

Marking Bits: (CMBitMap*) 0x0000022b378d50b0
 Bits: [0x0000022b4f6b0000, 0x0000022b51580000)

Polling page: 0x0000022b35820000

Metaspace:

Usage:
  Non-class:      4.72 MB used.
      Class:    638.84 KB used.
       Both:      5.35 MB used.

Virtual space:
  Non-class space:       64.00 MB reserved,       4.81 MB (  8%) committed,  1 nodes.
      Class space:        1.00 GB reserved,     768.00 KB ( <1%) committed,  1 nodes.
             Both:        1.06 GB reserved,       5.56 MB ( <1%) committed. 

Chunk freelists:
   Non-Class:  9.30 MB
       Class:  15.30 MB
        Both:  24.59 MB

MaxMetaspaceSize: unlimited
CompressedClassSpaceSize: 1.00 GB
Initial GC threshold: 21.00 MB
Current GC threshold: 21.00 MB
CDS: on
 - commit_granule_bytes: 65536.
 - commit_granule_words: 8192.
 - virtual_space_node_default_size: 8388608.
 - enlarge_chunks_in_place: 1.
 - use_allocation_guard: 0.


Internal statistics:

num_allocs_failed_limit: 0.
num_arena_births: 66.
num_arena_deaths: 0.
num_vsnodes_births: 2.
num_vsnodes_deaths: 0.
num_space_committed: 89.
num_space_uncommitted: 0.
num_chunks_returned_to_freelist: 0.
num_chunks_taken_from_freelist: 222.
num_chunk_merges: 0.
num_chunk_splits: 142.
num_chunks_enlarged: 111.
num_inconsistent_stats: 0.

CodeHeap 'non-profiled nmethods': size=120000Kb used=347Kb max_used=347Kb free=119652Kb
 bounds [0x0000022b47690000, 0x0000022b47900000, 0x0000022b4ebc0000]
CodeHeap 'profiled nmethods': size=120000Kb used=1970Kb max_used=1970Kb free=118029Kb
 bounds [0x0000022b3fbc0000, 0x0000022b3fe30000, 0x0000022b470f0000]
CodeHeap 'non-nmethods': size=5760Kb used=1503Kb max_used=1521Kb free=4256Kb
 bounds [0x0000022b470f0000, 0x0000022b47360000, 0x0000022b47690000]
 total_blobs=1540 nmethods=1071 adapters=374
 compilation: enabled
              stopped_count=0, restarted_count=0
 full_count=0

Compilation events (20 events):
Event: 1.316 Thread 0x0000022b53fd49f0 nmethod 1062 0x0000022b476e3f10 code [0x0000022b476e40a0, 0x0000022b476e4168]
Event: 1.316 Thread 0x0000022b53fd49f0 1063       3       java.lang.reflect.AccessibleObject::<init> (5 bytes)
Event: 1.316 Thread 0x0000022b53fd49f0 nmethod 1063 0x0000022b3fda9190 code [0x0000022b3fda9320, 0x0000022b3fda9488]
Event: 1.317 Thread 0x0000022b53fd49f0 1064       3       java.lang.String::compareTo (9 bytes)
Event: 1.317 Thread 0x0000022b53fd49f0 nmethod 1064 0x0000022b3fda9590 code [0x0000022b3fda9740, 0x0000022b3fda9950]
Event: 1.317 Thread 0x0000022b53fd49f0 1065       3       java.lang.String::compareTo (63 bytes)
Event: 1.317 Thread 0x0000022b53fd49f0 nmethod 1065 0x0000022b3fda9a10 code [0x0000022b3fda9c20, 0x0000022b3fdaa098]
Event: 1.317 Thread 0x0000022b53fd49f0 1066   !   3       java.lang.reflect.Executable::declaredAnnotations (85 bytes)
Event: 1.318 Thread 0x0000022b54bfe800 nmethod 1044 0x0000022b476e4210 code [0x0000022b476e4460, 0x0000022b476e4978]
Event: 1.318 Thread 0x0000022b53fd49f0 nmethod 1066 0x0000022b3fdaa290 code [0x0000022b3fdaa4e0, 0x0000022b3fdaadc8]
Event: 1.318 Thread 0x0000022b53fd49f0 1070       3       jdk.internal.util.ArraysSupport::mismatch (73 bytes)
Event: 1.319 Thread 0x0000022b53fd49f0 nmethod 1070 0x0000022b3fdab190 code [0x0000022b3fdab360, 0x0000022b3fdab750]
Event: 1.319 Thread 0x0000022b53fd49f0 1067       3       com.google.common.collect.AbstractIndexedListIterator::hasNext (17 bytes)
Event: 1.319 Thread 0x0000022b53fd49f0 nmethod 1067 0x0000022b3fdab910 code [0x0000022b3fdabaa0, 0x0000022b3fdabc08]
Event: 1.319 Thread 0x0000022b53fd49f0 1068       1       java.lang.reflect.Field::getName (5 bytes)
Event: 1.319 Thread 0x0000022b53fd49f0 nmethod 1068 0x0000022b476e4e10 code [0x0000022b476e4fa0, 0x0000022b476e5068]
Event: 1.319 Thread 0x0000022b53fd49f0 1069       3       java.lang.StringLatin1::compareTo (41 bytes)
Event: 1.319 Thread 0x0000022b53fd49f0 nmethod 1069 0x0000022b3fdabc90 code [0x0000022b3fdabe60, 0x0000022b3fdac1c0]
Event: 1.319 Thread 0x0000022b53fd49f0 1071       3       java.util.Comparator$$Lambda/0x0000022b56068d50::compare (10 bytes)
Event: 1.320 Thread 0x0000022b53fd49f0 nmethod 1071 0x0000022b3fdac390 code [0x0000022b3fdac560, 0x0000022b3fdaca38]

GC Heap History (0 events):
No events

Dll operation events (8 events):
Event: 0.049 Loaded shared library C:\Program Files\Java\jdk-22\bin\java.dll
Event: 0.169 Loaded shared library C:\Program Files\Java\jdk-22\bin\jsvml.dll
Event: 0.201 Loaded shared library C:\Program Files\Java\jdk-22\bin\net.dll
Event: 0.206 Loaded shared library C:\Program Files\Java\jdk-22\bin\nio.dll
Event: 0.214 Loaded shared library C:\Program Files\Java\jdk-22\bin\zip.dll
Event: 0.498 Loaded shared library C:\Program Files\Java\jdk-22\bin\jimage.dll
Event: 0.502 Loaded shared library C:\Program Files\Maven\apache-maven-3.9.7\lib\jansi-native\Windows\x86_64\jansi.dll
Event: 0.535 Loaded shared library C:\Program Files\Java\jdk-22\bin\verify.dll

Deoptimization events (20 events):
Event: 0.831 Thread 0x0000022b3787f850 DEOPT PACKING pc=0x0000022b476a53ec sp=0x00000078270fded0
Event: 0.831 Thread 0x0000022b3787f850 DEOPT UNPACKING pc=0x0000022b47147da2 sp=0x00000078270fde60 mode 2
Event: 0.908 Thread 0x0000022b3787f850 DEOPT PACKING pc=0x0000022b3fc2dfa5 sp=0x00000078270fddc0
Event: 0.908 Thread 0x0000022b3787f850 DEOPT UNPACKING pc=0x0000022b471488e2 sp=0x00000078270fd210 mode 0
Event: 1.249 Thread 0x0000022b3787f850 Uncommon trap: trap_request=0xffffffde fr.pc=0x0000022b476e0a38 relative=0x0000000000000118
Event: 1.249 Thread 0x0000022b3787f850 Uncommon trap: reason=class_check action=maybe_recompile pc=0x0000022b476e0a38 method=jdk.internal.misc.Unsafe.allocateUninitializedArray(Ljava/lang/Class;I)Ljava/lang/Object; @ 51 c2
Event: 1.249 Thread 0x0000022b3787f850 DEOPT PACKING pc=0x0000022b476e0a38 sp=0x00000078270fd260
Event: 1.249 Thread 0x0000022b3787f850 DEOPT UNPACKING pc=0x0000022b47147da2 sp=0x00000078270fd1d8 mode 2
Event: 1.250 Thread 0x0000022b3787f850 Uncommon trap: trap_request=0xffffffde fr.pc=0x0000022b476e0a38 relative=0x0000000000000118
Event: 1.250 Thread 0x0000022b3787f850 Uncommon trap: reason=class_check action=maybe_recompile pc=0x0000022b476e0a38 method=jdk.internal.misc.Unsafe.allocateUninitializedArray(Ljava/lang/Class;I)Ljava/lang/Object; @ 51 c2
Event: 1.250 Thread 0x0000022b3787f850 DEOPT PACKING pc=0x0000022b476e0a38 sp=0x00000078270fd130
Event: 1.250 Thread 0x0000022b3787f850 DEOPT UNPACKING pc=0x0000022b47147da2 sp=0x00000078270fd0a8 mode 2
Event: 1.250 Thread 0x0000022b3787f850 Uncommon trap: trap_request=0xffffffde fr.pc=0x0000022b476e0a38 relative=0x0000000000000118
Event: 1.250 Thread 0x0000022b3787f850 Uncommon trap: reason=class_check action=maybe_recompile pc=0x0000022b476e0a38 method=jdk.internal.misc.Unsafe.allocateUninitializedArray(Ljava/lang/Class;I)Ljava/lang/Object; @ 51 c2
Event: 1.250 Thread 0x0000022b3787f850 DEOPT PACKING pc=0x0000022b476e0a38 sp=0x00000078270fd260
Event: 1.250 Thread 0x0000022b3787f850 DEOPT UNPACKING pc=0x0000022b47147da2 sp=0x00000078270fd1d8 mode 2
Event: 1.250 Thread 0x0000022b3787f850 Uncommon trap: trap_request=0xffffffde fr.pc=0x0000022b476e0a38 relative=0x0000000000000118
Event: 1.250 Thread 0x0000022b3787f850 Uncommon trap: reason=class_check action=maybe_recompile pc=0x0000022b476e0a38 method=jdk.internal.misc.Unsafe.allocateUninitializedArray(Ljava/lang/Class;I)Ljava/lang/Object; @ 51 c2
Event: 1.250 Thread 0x0000022b3787f850 DEOPT PACKING pc=0x0000022b476e0a38 sp=0x00000078270fcf30
Event: 1.250 Thread 0x0000022b3787f850 DEOPT UNPACKING pc=0x0000022b47147da2 sp=0x00000078270fcea8 mode 2

Classes loaded (20 events):
Event: 1.243 Loading class java/lang/annotation/ElementType
Event: 1.244 Loading class java/lang/annotation/ElementType done
Event: 1.244 Loading class java/lang/annotation/Documented
Event: 1.244 Loading class java/lang/annotation/Documented done
Event: 1.267 Loading class java/util/concurrent/TimeoutException
Event: 1.267 Loading class java/util/concurrent/TimeoutException done
Event: 1.268 Loading class java/util/concurrent/CancellationException
Event: 1.268 Loading class java/util/concurrent/CancellationException done
Event: 1.269 Loading class java/security/PrivilegedActionException
Event: 1.270 Loading class java/security/PrivilegedActionException done
Event: 1.270 Loading class sun/misc/Unsafe
Event: 1.271 Loading class sun/misc/Unsafe done
Event: 1.272 Loading class java/lang/invoke/DirectMethodHandle$StaticAccessor
Event: 1.273 Loading class java/lang/invoke/DirectMethodHandle$StaticAccessor done
Event: 1.281 Loading class java/lang/reflect/ParameterizedType
Event: 1.281 Loading class java/lang/reflect/ParameterizedType done
Event: 1.287 Loading class java/lang/reflect/WildcardType
Event: 1.287 Loading class java/lang/reflect/WildcardType done
Event: 1.292 Loading class sun/reflect/generics/tree/TypeVariableSignature
Event: 1.292 Loading class sun/reflect/generics/tree/TypeVariableSignature done

Classes unloaded (0 events):
No events

Classes redefined (0 events):
No events

Internal exceptions (20 events):
Event: 0.519 Thread 0x0000022b3787f850 Exception <a 'java/lang/NullPointerException'{0x000000008c28d028}> (0x000000008c28d028) 
thrown [s\open\src\hotspot\share\interpreter\linkResolver.cpp, line 1374]
Event: 0.519 Thread 0x0000022b3787f850 Exception <a 'java/lang/NullPointerException'{0x000000008c28d308}> (0x000000008c28d308) 
thrown [s\open\src\hotspot\share\interpreter\linkResolver.cpp, line 1374]
Event: 0.519 Thread 0x0000022b3787f850 Exception <a 'java/lang/NullPointerException'{0x000000008c28d5e8}> (0x000000008c28d5e8) 
thrown [s\open\src\hotspot\share\interpreter\linkResolver.cpp, line 1374]
Event: 0.532 Thread 0x0000022b3787f850 Exception <a 'sun/nio/fs/WindowsException'{0x000000008c2b7b80}> (0x000000008c2b7b80) 
thrown [s\open\src\hotspot\share\prims\jni.cpp, line 520]
Event: 0.532 Thread 0x0000022b3787f850 Exception <a 'sun/nio/fs/WindowsException'{0x000000008c2b8278}> (0x000000008c2b8278) 
thrown [s\open\src\hotspot\share\prims\jni.cpp, line 520]
Event: 0.532 Thread 0x0000022b3787f850 Exception <a 'sun/nio/fs/WindowsException'{0x000000008c2b87f0}> (0x000000008c2b87f0) 
thrown [s\open\src\hotspot\share\prims\jni.cpp, line 520]
Event: 0.532 Thread 0x0000022b3787f850 Exception <a 'sun/nio/fs/WindowsException'{0x000000008c2b8d48}> (0x000000008c2b8d48) 
thrown [s\open\src\hotspot\share\prims\jni.cpp, line 520]
Event: 0.533 Thread 0x0000022b3787f850 Exception <a 'sun/nio/fs/WindowsException'{0x000000008c2b9250}> (0x000000008c2b9250) 
thrown [s\open\src\hotspot\share\prims\jni.cpp, line 520]
Event: 0.533 Thread 0x0000022b3787f850 Exception <a 'sun/nio/fs/WindowsException'{0x000000008c2b9710}> (0x000000008c2b9710) 
thrown [s\open\src\hotspot\share\prims\jni.cpp, line 520]
Event: 0.551 Thread 0x0000022b3787f850 Exception <a 'java/lang/NoSuchMethodError'{0x000000008c1071c8}: 'void java.lang.invoke.DirectMethodHandle$Holder.invokeStatic(java.lang.Object, java.lang.Object)'> (0x000000008c1071c8) 
thrown [s\open\src\hotspot\share\interpreter\linkResolver.cpp, line 774]
Event: 0.552 Thread 0x0000022b3787f850 Exception <a 'java/lang/NoSuchMethodError'{0x000000008c10a5c8}: 'void java.lang.invoke.DirectMethodHandle$Holder.invokeStaticInit(java.lang.Object, java.lang.Object)'> (0x000000008c10a5c8) 
thrown [s\open\src\hotspot\share\interpreter\linkResolver.cpp, line 774]
Event: 0.570 Thread 0x0000022b3787f850 Exception <a 'java/lang/NoSuchMethodError'{0x000000008c140290}: 'void java.lang.invoke.DirectMethodHandle$Holder.invokeStatic(java.lang.Object, java.lang.Object, java.lang.Object)'> (0x000000008c140290) 
thrown [s\open\src\hotspot\share\interpreter\linkResolver.cpp, line 774]
Event: 0.703 Thread 0x0000022b3787f850 Exception <a 'java/lang/NoSuchMethodError'{0x000000008bf01888}: 'java.lang.Object java.lang.invoke.DirectMethodHandle$Holder.invokeSpecialIFC(java.lang.Object, java.lang.Object, java.lang.Object, java.lang.Object)'> (0x000000008bf01888) 
thrown [s\open\src\hotspot\share\interpreter\linkResolver.cpp, line 774]
Event: 1.052 Thread 0x0000022b3787f850 Exception <a 'java/lang/NoSuchMethodError'{0x000000008baad1d8}: 'void java.lang.invoke.DirectMethodHandle$Holder.invokeSpecial(java.lang.Object, java.lang.Object, java.lang.Object)'> (0x000000008baad1d8) 
thrown [s\open\src\hotspot\share\interpreter\linkResolver.cpp, line 774]
Event: 1.119 Thread 0x0000022b3787f850 Exception <a 'java/lang/NoSuchMethodError'{0x000000008b9fb0e0}: 'java.lang.Object java.lang.invoke.DirectMethodHandle$Holder.invokeInterface(java.lang.Object, java.lang.Object)'> (0x000000008b9fb0e0) 
thrown [s\open\src\hotspot\share\interpreter\linkResolver.cpp, line 774]
Event: 1.150 Thread 0x0000022b3787f850 Exception <a 'java/lang/NoSuchMethodError'{0x000000008b896328}: 'int java.lang.invoke.DirectMethodHandle$Holder.invokeStatic(java.lang.Object, java.lang.Object, java.lang.Object, java.lang.Object)'> (0x000000008b896328) 
thrown [s\open\src\hotspot\share\interpreter\linkResolver.cpp, line 774]
Event: 1.152 Thread 0x0000022b3787f850 Exception <a 'java/lang/NoSuchMethodError'{0x000000008b8999e8}: 'java.lang.Object java.lang.invoke.Invokers$Holder.invokeExact_MT(java.lang.Object, java.lang.Object, java.lang.Object, java.lang.Object, java.lang.Object, java.lang.Object)'> (0x000000008b8999e8) 
thrown [s\open\src\hotspot\share\interpreter\linkResolver.cpp, line 774]
Event: 1.155 Thread 0x0000022b3787f850 Exception <a 'java/lang/NoSuchMethodError'{0x000000008b8a8418}: 'int java.lang.invoke.DirectMethodHandle$Holder.invokeSpecialIFC(java.lang.Object, java.lang.Object, java.lang.Object, java.lang.Object, java.lang.Object)'> (0x000000008b8a8418) 
thrown [s\open\src\hotspot\share\interpreter\linkResolver.cpp, line 774]
Event: 1.245 Thread 0x0000022b3787f850 Exception <a 'java/lang/NoSuchMethodError'{0x000000008b632360}: 'java.lang.Object java.lang.invoke.DirectMethodHandle$Holder.newInvokeSpecial(java.lang.Object, java.lang.Object, java.lang.Object, java.lang.Object, java.lang.Object)'> (0x000000008b632360) 
thrown [s\open\src\hotspot\share\interpreter\linkResolver.cpp, line 774]
Event: 1.305 Thread 0x0000022b3787f850 Exception <a 'java/lang/NoSuchMethodError'{0x000000008b5329f0}: 'int java.lang.invoke.DirectMethodHandle$Holder.invokeStaticInit(java.lang.Object, java.lang.Object)'> (0x000000008b5329f0) 
thrown [s\open\src\hotspot\share\interpreter\linkResolver.cpp, line 774]

ZGC Phase Switch (0 events):
No events

VM Operations (6 events):
Event: 0.215 Executing VM operation: HandshakeAllThreads (Deoptimize)
Event: 0.215 Executing VM operation: HandshakeAllThreads (Deoptimize) done
Event: 0.488 Executing VM operation: HandshakeAllThreads (Deoptimize)
Event: 0.488 Executing VM operation: HandshakeAllThreads (Deoptimize) done
Event: 0.504 Executing VM operation: HandshakeAllThreads (Deoptimize)
Event: 0.504 Executing VM operation: HandshakeAllThreads (Deoptimize) done

Events (14 events):
Event: 0.117 Thread 0x0000022b3787f850 Thread added: 0x0000022b3787f850
Event: 0.157 Thread 0x0000022b53fae090 Thread added: 0x0000022b53fae090
Event: 0.157 Thread 0x0000022b53fafda0 Thread added: 0x0000022b53fafda0
Event: 0.158 Thread 0x0000022b53fb1930 Thread added: 0x0000022b53fb1930
Event: 0.158 Thread 0x0000022b53fb2480 Thread added: 0x0000022b53fb2480
Event: 0.159 Thread 0x0000022b53fb3180 Thread added: 0x0000022b53fb3180
Event: 0.159 Thread 0x0000022b53fb3fb0 Thread added: 0x0000022b53fb3fb0
Event: 0.159 Thread 0x0000022b53fcc120 Thread added: 0x0000022b53fcc120
Event: 0.160 Thread 0x0000022b53fd49f0 Thread added: 0x0000022b53fd49f0
Event: 0.190 Thread 0x0000022b54248e20 Thread added: 0x0000022b54248e20
Event: 0.196 Thread 0x0000022b5424f3d0 Thread added: 0x0000022b5424f3d0
Event: 0.495 Thread 0x0000022b544b3060 Thread added: 0x0000022b544b3060
Event: 0.583 Thread 0x0000022b544b3060 Thread exited: 0x0000022b544b3060
Event: 0.881 Thread 0x0000022b54bfe800 Thread added: 0x0000022b54bfe800


Dynamic libraries:
0x00007ff68f640000 - 0x00007ff68f650000 	C:\Program Files\Java\jdk-22\bin\java.exe
0x00007ffef14f0000 - 0x00007ffef1707000 	C:\WINDOWS\SYSTEM32\ntdll.dll
0x00007ffef0060000 - 0x00007ffef0124000 	C:\WINDOWS\System32\KERNEL32.DLL
0x00007ffeeeb50000 - 0x00007ffeeeefd000 	C:\WINDOWS\System32\KERNELBASE.dll
0x00007ffeee990000 - 0x00007ffeeeaa1000 	C:\WINDOWS\System32\ucrtbase.dll
0x00007ffecfde0000 - 0x00007ffecfdfb000 	C:\Program Files\Java\jdk-22\bin\VCRUNTIME140.dll
0x00007ffeb9fa0000 - 0x00007ffeb9fb7000 	C:\Program Files\Java\jdk-22\bin\jli.dll
0x00007ffef0710000 - 0x00007ffef07c2000 	C:\WINDOWS\System32\ADVAPI32.dll
0x00007ffef02d0000 - 0x00007ffef0377000 	C:\WINDOWS\System32\msvcrt.dll
0x00007ffef07d0000 - 0x00007ffef0879000 	C:\WINDOWS\System32\sechost.dll
0x00007ffeeef00000 - 0x00007ffeeef28000 	C:\WINDOWS\System32\bcrypt.dll
0x00007ffef01b0000 - 0x00007ffef02c4000 	C:\WINDOWS\System32\RPCRT4.dll
0x00007ffeefb00000 - 0x00007ffeefcae000 	C:\WINDOWS\System32\USER32.dll
0x00007ffed5eb0000 - 0x00007ffed6143000 	C:\WINDOWS\WinSxS\amd64_microsoft.windows.common-controls_6595b64144ccf1df_6.0.22621.3672_none_2713b9d173822955\COMCTL32.dll
0x00007ffeef200000 - 0x00007ffeef226000 	C:\WINDOWS\System32\win32u.dll
0x00007ffef0380000 - 0x00007ffef03a9000 	C:\WINDOWS\System32\GDI32.dll
0x00007ffeeefb0000 - 0x00007ffeef0c9000 	C:\WINDOWS\System32\gdi32full.dll
0x00007ffee6740000 - 0x00007ffee674a000 	C:\WINDOWS\SYSTEM32\VERSION.dll
0x00007ffeeeab0000 - 0x00007ffeeeb4a000 	C:\WINDOWS\System32\msvcp_win.dll
0x00007ffef1300000 - 0x00007ffef1331000 	C:\WINDOWS\System32\IMM32.DLL
0x00007ffed3860000 - 0x00007ffed386c000 	C:\Program Files\Java\jdk-22\bin\vcruntime140_1.dll
0x00007ffeb5900000 - 0x00007ffeb598e000 	C:\Program Files\Java\jdk-22\bin\msvcp140.dll
0x00007ffe6a890000 - 0x00007ffe6b5d7000 	C:\Program Files\Java\jdk-22\bin\server\jvm.dll
0x00007ffef0130000 - 0x00007ffef01a1000 	C:\WINDOWS\System32\WS2_32.dll
0x00007ffeed6b0000 - 0x00007ffeed6fd000 	C:\WINDOWS\SYSTEM32\POWRPROF.dll
0x00007ffee67e0000 - 0x00007ffee6814000 	C:\WINDOWS\SYSTEM32\WINMM.dll
0x00007ffeed690000 - 0x00007ffeed6a3000 	C:\WINDOWS\SYSTEM32\UMPDC.dll
0x00007ffeed8e0000 - 0x00007ffeed8f8000 	C:\WINDOWS\SYSTEM32\kernel.appcore.dll
0x00007ffed3380000 - 0x00007ffed338a000 	C:\Program Files\Java\jdk-22\bin\jimage.dll
0x00007ffeec2f0000 - 0x00007ffeec522000 	C:\WINDOWS\SYSTEM32\DBGHELP.DLL
0x00007ffeefcb0000 - 0x00007ffef0038000 	C:\WINDOWS\System32\combase.dll
0x00007ffef0e40000 - 0x00007ffef0f17000 	C:\WINDOWS\System32\OLEAUT32.dll
0x00007ffebb6b0000 - 0x00007ffebb6e2000 	C:\WINDOWS\SYSTEM32\dbgcore.DLL
0x00007ffeeef30000 - 0x00007ffeeefab000 	C:\WINDOWS\System32\bcryptPrimitives.dll
0x00007ffeb58e0000 - 0x00007ffeb58fe000 	C:\Program Files\Java\jdk-22\bin\java.dll
0x00007ffeef230000 - 0x00007ffeefa8f000 	C:\WINDOWS\System32\SHELL32.dll
0x00007ffef0f80000 - 0x00007ffef1125000 	C:\WINDOWS\System32\ole32.dll
0x00007ffeec770000 - 0x00007ffeed06c000 	C:\WINDOWS\SYSTEM32\windows.storage.dll
0x00007ffeec630000 - 0x00007ffeec76f000 	C:\WINDOWS\SYSTEM32\wintypes.dll
0x00007ffef03b0000 - 0x00007ffef04a4000 	C:\WINDOWS\System32\SHCORE.dll
0x00007ffeefa90000 - 0x00007ffeefaee000 	C:\WINDOWS\System32\shlwapi.dll
0x00007ffeee750000 - 0x00007ffeee771000 	C:\WINDOWS\SYSTEM32\profapi.dll
0x00007ffeb4ca0000 - 0x00007ffeb4d77000 	C:\Program Files\Java\jdk-22\bin\jsvml.dll
0x00007ffed32a0000 - 0x00007ffed32b0000 	C:\Program Files\Java\jdk-22\bin\net.dll
0x00007ffeeddb0000 - 0x00007ffeede19000 	C:\WINDOWS\system32\mswsock.dll
0x00007ffeb58c0000 - 0x00007ffeb58d6000 	C:\Program Files\Java\jdk-22\bin\nio.dll
0x00007ffeb58a0000 - 0x00007ffeb58b7000 	C:\Program Files\Java\jdk-22\bin\zip.dll
0x00007ffeb5870000 - 0x00007ffeb5894000 	C:\Program Files\Maven\apache-maven-3.9.7\lib\jansi-native\Windows\x86_64\jansi.dll
0x00007ffed31a0000 - 0x00007ffed31b0000 	C:\Program Files\Java\jdk-22\bin\verify.dll

dbghelp: loaded successfully - version: 4.0.5 - missing functions: none
symbol engine: initialized successfully - sym options: 0x614 - pdb path: .;C:\Program Files\Java\jdk-22\bin;C:\WINDOWS\SYSTEM32;C:\WINDOWS\WinSxS\amd64_microsoft.windows.common-controls_6595b64144ccf1df_6.0.22621.3672_none_2713b9d173822955;C:\Program Files\Java\jdk-22\bin\server;C:\Program Files\Maven\apache-maven-3.9.7\lib\jansi-native\Windows\x86_64

VM Arguments:
jvm_args: -Dclassworlds.conf=C:\Program Files\Maven\apache-maven-3.9.7\bin\m2.conf -Dmaven.home=C:\Program Files\Maven\apache-maven-3.9.7 -Dlibrary.jansi.path=C:\Program Files\Maven\apache-maven-3.9.7\lib\jansi-native -Dmaven.multiModuleProjectDirectory=C:\Users\match\OneDrive\Desktop\MovieTicketBookingManagement 
java_command: org.codehaus.plexus.classworlds.launcher.Launcher clean install -U
java_class_path (initial): C:\Program Files\Maven\apache-maven-3.9.7\boot\plexus-classworlds-2.8.0.jar
Launcher Type: SUN_STANDARD

[Global flags]
     intx CICompilerCount                          = 4                                         {product} {ergonomic}
     uint ConcGCThreads                            = 2                                         {product} {ergonomic}
     uint G1ConcRefinementThreads                  = 8                                         {product} {ergonomic}
   size_t G1HeapRegionSize                         = 1048576                                   {product} {ergonomic}
   size_t InitialHeapSize                          = 130023424                                 {product} {ergonomic}
   size_t MarkStackSize                            = 4194304                                   {product} {ergonomic}
   size_t MaxHeapSize                              = 2067791872                                {product} {ergonomic}
   size_t MaxNewSize                               = 1240465408                                {product} {ergonomic}
   size_t MinHeapDeltaBytes                        = 1048576                                   {product} {ergonomic}
   size_t MinHeapSize                              = 8388608                                   {product} {ergonomic}
    uintx NonNMethodCodeHeapSize                   = 5839372                                {pd product} {ergonomic}
    uintx NonProfiledCodeHeapSize                  = 122909434                              {pd product} {ergonomic}
    uintx ProfiledCodeHeapSize                     = 122909434                              {pd product} {ergonomic}
    uintx ReservedCodeCacheSize                    = 251658240                              {pd product} {ergonomic}
     bool SegmentedCodeCache                       = true                                      {product} {ergonomic}
   size_t SoftMaxHeapSize                          = 2067791872                             {manageable} {ergonomic}
     bool UseCompressedOops                        = true                           {product lp64_product} {ergonomic}
     bool UseG1GC                                  = true                                      {product} {ergonomic}
     bool UseLargePagesIndividualAllocation        = false                                  {pd product} {ergonomic}

Logging:
Log output configuration:
 #0: stdout all=warning uptime,level,tags foldmultilines=false
 #1: stderr all=off uptime,level,tags foldmultilines=false

Environment Variables:
JAVA_HOME=C:\Program Files\Java\jdk-22
PATH=C:\Program Files\Common Files\Oracle\Java\javapath;C:\Program Files (x86)\Common Files\Oracle\Java\javapath;c:\Users\match\AppData\Local\Programs\cursor\resources\app\bin;C:\Program Files (x86)\Falcon\MinGW\bin;C:\Windows\system32;C:\Windows;C:\Windows\System32\Wbem;C:\Windows\System32\WindowsPowerShell\v1.0\;C:\Windows\System32\OpenSSH\;C:\WINDOWS\system32;C:\WINDOWS;C:\WINDOWS\System32\Wbem;C:\WINDOWS\System32\WindowsPowerShell\v1.0\;C:\WINDOWS\System32\OpenSSH\;C:\MinGW\bin;C:\Users\match\AppData\Local\Microsoft\WindowsApps;C:\Program Files (x86)\Nmap;C:\adb;C:\Users\match\AppData\Local\Programs\Python\Python37\;C:\Users\match\AppData\Local\Programs\Python\Python37\Scripts\;C:\Users\match\AppData\Local\Programs\Python\Python37\;C:\Users\match\AppData\Local\Microsoft\WindowsApps;C:\MinGW\bin;C:\Program;c:\Users\match\AppData\Local\Programs\cursor\resources\app\bin;C:\Program Files\Git\cmd;C:\Program Files\Maven\apache-maven-3.9.7\bin;C:\Program Files\Java\jdk-22\bin;C:\Program Files\Java\javafx-sdk-22.0.1\bin;C:\Users\match\AppData\Local\Programs\Python\Python37\Scripts\;C:\Users\match\AppData\Local\Programs\Python\Python37\;C:\Users\match\AppData\Local\Microsoft\WindowsApps;C:\MinGW\bin;C:\Program Files (x86)\Nmap;C:\Users\match\AppData\Local\spicetify;;C:\Program Files\JetBrains\IntelliJ IDEA 2024.1.2\bin;
USERNAME=match
OS=Windows_NT
PROCESSOR_IDENTIFIER=Intel64 Family 6 Model 140 Stepping 1, GenuineIntel
TMP=C:\Users\match\AppData\Local\Temp
TEMP=C:\Users\match\AppData\Local\Temp




Periodic native trim disabled

---------------  S Y S T E M  ---------------

OS:
 Windows 11 , 64 bit Build 22621 (10.0.22621.3672)
OS uptime: 0 days 2:32 hours

CPU: total 8 (initial active 8) (4 cores per cpu, 2 threads per core) family 6 model 140 stepping 1 microcode 0x86, cx8, cmov, fxsr, ht, mmx, 3dnowpref, sse, sse2, sse3, ssse3, sse4.1, sse4.2, popcnt, lzcnt, tsc, tscinvbit, avx, avx2, aes, erms, clmul, bmi1, bmi2, adx, avx512f, avx512dq, avx512cd, avx512bw, avx512vl, sha, fma, vzeroupper, avx512_vpopcntdq, avx512_vpclmulqdq, avx512_vaes, avx512_vnni, clflush, clflushopt, clwb, avx512_vbmi2, avx512_vbmi, rdtscp, rdpid, fsrm, gfni, avx512_bitalg, f16c, pku, cet_ibt, cet_ss, avx512_ifma
Processor Information for all 8 processors :
  Max Mhz: 2419, Current Mhz: 2419, Mhz Limit: 2419

Memory: 4k page, system-wide physical 7884M (385M free)
TotalPageFile size 16076M (AvailPageFile size 3M)
current process WorkingSet (physical memory assigned to process): 72M, peak: 73M
current process commit charge ("private bytes"): 221M, peak: 222M

vm_info: Java HotSpot(TM) 64-Bit Server VM (22.0.1+8-16) for windows-amd64 JRE (22.0.1+8-16), built on 2024-03-12T10:33:16Z by "mach5one" with MS VC++ 17.6 (VS2022)

END.
