#
# There is insufficient memory for the Java Runtime Environment to continue.
# Native memory allocation (malloc) failed to allocate 1499056 bytes. Error detail: Chunk::new
# Possible reasons:
#   The system is out of physical RAM or swap space
#   This process is running with CompressedOops enabled, and the Java Heap may be blocking the growth of the native heap
# Possible solutions:
#   Reduce memory load on the system
#   Increase physical memory or swap space
#   Check if swap backing store is full
#   Decrease Java heap size (-Xmx/-Xms)
#   Decrease number of Java threads
#   Decrease Java thread stack sizes (-Xss)
#   Set larger code cache with -XX:ReservedCodeCacheSize=
#   JVM is running with Unscaled Compressed Oops mode in which the Java heap is
#     placed in the first 4GB address space. The Java Heap base address is the
#     maximum limit for the native heap growth. Please use -XX:HeapBaseMinAddress
#     to set the Java Heap base and to place the Java Heap above 4GB virtual address.
# This output file may be truncated or incomplete.
#
#  Out of Memory Error (arena.cpp:191), pid=6088, tid=8868
#
# JRE version: OpenJDK Runtime Environment Temurin-17.0.11+9 (17.0.11+9) (build 17.0.11+9)
# Java VM: OpenJDK 64-Bit Server VM Temurin-17.0.11+9 (17.0.11+9, mixed mode, tiered, compressed oops, compressed class ptrs, parallel gc, windows-amd64)
# No core dump will be written. Minidumps are not enabled by default on client versions of Windows
#

---------------  S U M M A R Y ------------

Command Line: --add-modules=ALL-SYSTEM --add-opens=java.base/java.util=ALL-UNNAMED --add-opens=java.base/java.lang=ALL-UNNAMED --add-opens=java.base/sun.nio.fs=ALL-UNNAMED -Declipse.application=org.eclipse.jdt.ls.core.id1 -Dosgi.bundles.defaultStartLevel=4 -Declipse.product=org.eclipse.jdt.ls.core.product -Djava.import.generatesMetadataFilesAtProjectRoot=false -DDetectVMInstallationsJob.disabled=true -Dfile.encoding=utf8 -XX:+UseParallelGC -XX:GCTimeRatio=4 -XX:AdaptiveSizePolicyWeight=90 -Dsun.zip.disableMemoryMapping=true -Xmx1G -Xms100m -Xlog:disable -javaagent:c:\Users\match\.cursor\extensions\redhat.java-1.32.0-win32-x64\lombok\lombok-1.18.33.jar c:\Users\match\.cursor\extensions\redhat.java-1.32.0-win32-x64\server\plugins\org.eclipse.equinox.launcher_1.6.900.v20240613-2009.jar -configuration c:\Users\match\AppData\Roaming\Cursor\User\globalStorage\redhat.java\1.32.0\config_ss_win -data c:\Users\match\AppData\Roaming\Cursor\User\workspaceStorage\a9ddf05bb256a53f2bb4febab6376a0f\redhat.java\ss_ws --pipe=\\.\pipe\lsp-e412c010cd1ce582c73e456eaa1612fe-sock

Host: 11th Gen Intel(R) Core(TM) i5-1135G7 @ 2.40GHz, 8 cores, 7G,  Windows 11 , 64 bit Build 22621 (10.0.22621.3672)
Time: Fri Jun 28 03:26:34 2024 SE Asia Standard Time elapsed time: 10.353610 seconds (0d 0h 0m 10s)

---------------  T H R E A D  ---------------

Current thread (0x000001f27d9403d0):  JavaThread "C2 CompilerThread0" daemon [_thread_in_native, id=8868, stack(0x000000d877200000,0x000000d877300000)]


Current CompileTask:
C2:  10353 2344       4       org.lombokweb.asm.ClassReader::readMethod (1066 bytes)

Stack: [0x000000d877200000,0x000000d877300000]
Native frames: (J=compiled Java code, j=interpreted, Vv=VM code, C=native code)
V  [jvm.dll+0x67d429]
V  [jvm.dll+0x834b7a]
V  [jvm.dll+0x83663e]
V  [jvm.dll+0x836ca3]
V  [jvm.dll+0x247dbf]
V  [jvm.dll+0xac534]
V  [jvm.dll+0xacb7c]
V  [jvm.dll+0x3665f2]
V  [jvm.dll+0x1bd086]
V  [jvm.dll+0x21a5c9]
V  [jvm.dll+0x2198b1]
V  [jvm.dll+0x1a534d]
V  [jvm.dll+0x2295cd]
V  [jvm.dll+0x22779c]
V  [jvm.dll+0x7e9d07]
V  [jvm.dll+0x7e410a]
V  [jvm.dll+0x67c315]
C  [ucrtbase.dll+0x29333]
C  [KERNEL32.DLL+0x1257d]
C  [ntdll.dll+0x5af28]


---------------  P R O C E S S  ---------------

Threads class SMR info:
_java_thread_list=0x000001f27ebe73f0, length=20, elements={
0x000001f266ae02f0, 0x000001f27c8c3390, 0x000001f27c8c4670, 0x000001f27d91fd80,
0x000001f27d920850, 0x000001f27d921220, 0x000001f27d93d3c0, 0x000001f27d9403d0,
0x000001f27d9a25b0, 0x000001f27d9aa9f0, 0x000001f27da47860, 0x000001f27dcb8580,
0x000001f27f251680, 0x000001f27f195640, 0x000001f2041184d0, 0x000001f204215350,
0x000001f2040f7ee0, 0x000001f27dbf3330, 0x000001f27ed88ef0, 0x000001f27ed89400
}

Java Threads: ( => current thread )
  0x000001f266ae02f0 JavaThread "main" [_thread_in_Java, id=11728, stack(0x000000d876900000,0x000000d876a00000)]
  0x000001f27c8c3390 JavaThread "Reference Handler" daemon [_thread_blocked, id=14608, stack(0x000000d876c00000,0x000000d876d00000)]
  0x000001f27c8c4670 JavaThread "Finalizer" daemon [_thread_blocked, id=14892, stack(0x000000d876d00000,0x000000d876e00000)]
  0x000001f27d91fd80 JavaThread "Signal Dispatcher" daemon [_thread_blocked, id=3624, stack(0x000000d876e00000,0x000000d876f00000)]
  0x000001f27d920850 JavaThread "Attach Listener" daemon [_thread_blocked, id=6052, stack(0x000000d876f00000,0x000000d877000000)]
  0x000001f27d921220 JavaThread "Service Thread" daemon [_thread_blocked, id=5116, stack(0x000000d877000000,0x000000d877100000)]
  0x000001f27d93d3c0 JavaThread "Monitor Deflation Thread" daemon [_thread_blocked, id=1976, stack(0x000000d877100000,0x000000d877200000)]
=>0x000001f27d9403d0 JavaThread "C2 CompilerThread0" daemon [_thread_in_native, id=8868, stack(0x000000d877200000,0x000000d877300000)]
  0x000001f27d9a25b0 JavaThread "C1 CompilerThread0" daemon [_thread_blocked, id=14668, stack(0x000000d877300000,0x000000d877400000)]
  0x000001f27d9aa9f0 JavaThread "Sweeper thread" daemon [_thread_blocked, id=2680, stack(0x000000d877400000,0x000000d877500000)]
  0x000001f27da47860 JavaThread "Common-Cleaner" daemon [_thread_blocked, id=9304, stack(0x000000d877500000,0x000000d877600000)]
  0x000001f27dcb8580 JavaThread "Notification Thread" daemon [_thread_blocked, id=6660, stack(0x000000d877600000,0x000000d877700000)]
  0x000001f27f251680 JavaThread "Active Thread: Equinox Container: 5690fb5d-aa6f-4510-8493-90d9346ab842" [_thread_blocked, id=5600, stack(0x000000d877e00000,0x000000d877f00000)]
  0x000001f27f195640 JavaThread "Framework Event Dispatcher: Equinox Container: 5690fb5d-aa6f-4510-8493-90d9346ab842" daemon [_thread_blocked, id=7816, stack(0x000000d878000000,0x000000d878100000)]
  0x000001f2041184d0 JavaThread "Start Level: Equinox Container: 5690fb5d-aa6f-4510-8493-90d9346ab842" daemon [_thread_in_Java, id=10068, stack(0x000000d878100000,0x000000d878200000)]
  0x000001f204215350 JavaThread "SCR Component Actor" daemon [_thread_blocked, id=8688, stack(0x000000d877f00000,0x000000d878000000)]
  0x000001f2040f7ee0 JavaThread "SCR Component Registry" daemon [_thread_blocked, id=15352, stack(0x000000d878300000,0x000000d878400000)]
  0x000001f27dbf3330 JavaThread "Worker-JM" [_thread_blocked, id=15172, stack(0x000000d878400000,0x000000d878500000)]
  0x000001f27ed88ef0 JavaThread "Worker-0" [_thread_blocked, id=7328, stack(0x000000d878500000,0x000000d878600000)]
  0x000001f27ed89400 JavaThread "Worker-1" [_thread_blocked, id=2844, stack(0x000000d878600000,0x000000d878700000)]

Other Threads:
  0x000001f27d9014b0 VMThread "VM Thread" [stack: 0x000000d876b00000,0x000000d876c00000] [id=7560]
  0x000001f27dcb8a60 WatcherThread [stack: 0x000000d877700000,0x000000d877800000] [id=7800]
  0x000001f266af5780 GCTaskThread "GC Thread#0" [stack: 0x000000d876a00000,0x000000d876b00000] [id=15296]
  0x000001f27efb74f0 GCTaskThread "GC Thread#1" [stack: 0x000000d877800000,0x000000d877900000] [id=15004]
  0x000001f27ec31290 GCTaskThread "GC Thread#2" [stack: 0x000000d877900000,0x000000d877a00000] [id=14724]
  0x000001f27ec31550 GCTaskThread "GC Thread#3" [stack: 0x000000d877a00000,0x000000d877b00000] [id=15176]
  0x000001f27ec31810 GCTaskThread "GC Thread#4" [stack: 0x000000d877b00000,0x000000d877c00000] [id=8620]
  0x000001f27ec31ad0 GCTaskThread "GC Thread#5" [stack: 0x000000d877c00000,0x000000d877d00000] [id=6068]
  0x000001f27ec31d90 GCTaskThread "GC Thread#6" [stack: 0x000000d877d00000,0x000000d877e00000] [id=14640]
  0x000001f20404aac0 GCTaskThread "GC Thread#7" [stack: 0x000000d878200000,0x000000d878300000] [id=6980]

Threads with active compile tasks:
C2 CompilerThread0    10428 2344       4       org.lombokweb.asm.ClassReader::readMethod (1066 bytes)

VM state: not at safepoint (normal execution)

VM Mutex/Monitor currently owned by a thread: None

Heap address: 0x00000000c0000000, size: 1024 MB, Compressed Oops mode: 32-bit

CDS archive(s) not mapped
Compressed class space mapped at: 0x0000000100000000-0x0000000140000000, reserved size: 1073741824
Narrow klass base: 0x0000000000000000, Narrow klass shift: 3, Narrow klass range: 0x140000000

GC Precious Log:
 CPUs: 8 total, 8 available
 Memory: 7884M
 Large Page Support: Disabled
 NUMA Support: Disabled
 Compressed Oops: Enabled (32-bit)
 Alignments: Space 512K, Generation 512K, Heap 2M
 Heap Min Capacity: 100M
 Heap Initial Capacity: 100M
 Heap Max Capacity: 1G
 Pre-touch: Disabled
 Parallel Workers: 8

Heap:
 PSYoungGen      total 26112K, used 15794K [0x00000000eab00000, 0x00000000ec880000, 0x0000000100000000)
  eden space 25088K, 59% used [0x00000000eab00000,0x00000000eb9a0660,0x00000000ec380000)
  from space 1024K, 79% used [0x00000000ec400000,0x00000000ec4cc4b8,0x00000000ec500000)
  to   space 2560K, 0% used [0x00000000ec600000,0x00000000ec600000,0x00000000ec880000)
 ParOldGen       total 68608K, used 6787K [0x00000000c0000000, 0x00000000c4300000, 0x00000000eab00000)
  object space 68608K, 9% used [0x00000000c0000000,0x00000000c06a0f58,0x00000000c4300000)
 Metaspace       used 26195K, committed 26688K, reserved 1114112K
  class space    used 2574K, committed 2816K, reserved 1048576K

Card table byte_map: [0x000001f27a160000,0x000001f27a370000] _byte_map_base: 0x000001f279b60000

Marking Bits: (ParMarkBitMap*) 0x00007ffbf035d820
 Begin Bits: [0x000001f27a4d0000, 0x000001f27b4d0000)
 End Bits:   [0x000001f27b4d0000, 0x000001f27c4d0000)

Polling page: 0x000001f266b90000

Metaspace:

Usage:
  Non-class:     23.07 MB used.
      Class:      2.51 MB used.
       Both:     25.58 MB used.

Virtual space:
  Non-class space:       64.00 MB reserved,      23.31 MB ( 36%) committed,  1 nodes.
      Class space:        1.00 GB reserved,       2.75 MB ( <1%) committed,  1 nodes.
             Both:        1.06 GB reserved,      26.06 MB (  2%) committed. 

Chunk freelists:
   Non-Class:  8.00 MB
       Class:  13.28 MB
        Both:  21.28 MB

MaxMetaspaceSize: unlimited
CompressedClassSpaceSize: 1.00 GB
Initial GC threshold: 21.00 MB
Current GC threshold: 35.00 MB
CDS: off
MetaspaceReclaimPolicy: balanced
 - commit_granule_bytes: 65536.
 - commit_granule_words: 8192.
 - virtual_space_node_default_size: 8388608.
 - enlarge_chunks_in_place: 1.
 - new_chunks_are_fully_committed: 0.
 - uncommit_free_chunks: 1.
 - use_allocation_guard: 0.
 - handle_deallocations: 1.


Internal statistics:

num_allocs_failed_limit: 3.
num_arena_births: 282.
num_arena_deaths: 14.
num_vsnodes_births: 2.
num_vsnodes_deaths: 0.
num_space_committed: 417.
num_space_uncommitted: 0.
num_chunks_returned_to_freelist: 17.
num_chunks_taken_from_freelist: 982.
num_chunk_merges: 5.
num_chunk_splits: 642.
num_chunks_enlarged: 441.
num_inconsistent_stats: 0.

CodeHeap 'non-profiled nmethods': size=120000Kb used=973Kb max_used=973Kb free=119026Kb
 bounds [0x000001f272a50000, 0x000001f272cc0000, 0x000001f279f80000]
CodeHeap 'profiled nmethods': size=120000Kb used=4733Kb max_used=4733Kb free=115266Kb
 bounds [0x000001f26af80000, 0x000001f26b420000, 0x000001f2724b0000]
CodeHeap 'non-nmethods': size=5760Kb used=1234Kb max_used=1234Kb free=4526Kb
 bounds [0x000001f2724b0000, 0x000001f272720000, 0x000001f272a50000]
 total_blobs=2906 nmethods=2371 adapters=449
 compilation: enabled
              stopped_count=0, restarted_count=0
 full_count=0

Compilation events (20 events):
Event: 10.126 Thread 0x000001f27d9a25b0 2361 %     3       org.lombokweb.asm.SymbolTable::<init> @ 98 (536 bytes)
Event: 10.132 Thread 0x000001f27d9a25b0 nmethod 2361% 0x000001f26b40d790 code [0x000001f26b40dd40, 0x000001f26b410948]
Event: 10.132 Thread 0x000001f27d9a25b0 2362       3       java.util.regex.Pattern$BmpCharPropertyGreedy::match (89 bytes)
Event: 10.133 Thread 0x000001f27d9a25b0 nmethod 2362 0x000001f26b411b10 code [0x000001f26b411d00, 0x000001f26b412348]
Event: 10.133 Thread 0x000001f27d9a25b0 2363       3       java.util.regex.Pattern$BranchConn::match (11 bytes)
Event: 10.133 Thread 0x000001f27d9a25b0 nmethod 2363 0x000001f26b412590 code [0x000001f26b412740, 0x000001f26b412908]
Event: 10.161 Thread 0x000001f27d9a25b0 2364       3       java.util.Arrays::fill (21 bytes)
Event: 10.161 Thread 0x000001f27d9a25b0 nmethod 2364 0x000001f26b412a10 code [0x000001f26b412ba0, 0x000001f26b412d58]
Event: 10.288 Thread 0x000001f27d9a25b0 2365       3       org.lombokweb.asm.ClassReader::<init> (371 bytes)
Event: 10.290 Thread 0x000001f27d9a25b0 nmethod 2365 0x000001f26b412e90 code [0x000001f26b413160, 0x000001f26b414318]
Event: 10.290 Thread 0x000001f27d9a25b0 2366       3       org.lombokweb.asm.SymbolTable::<init> (536 bytes)
Event: 10.295 Thread 0x000001f27d9a25b0 nmethod 2366 0x000001f26b414890 code [0x000001f26b414e00, 0x000001f26b417688]
Event: 10.295 Thread 0x000001f27d9a25b0 2368       3       org.lombokweb.asm.ByteVector::put11 (52 bytes)
Event: 10.296 Thread 0x000001f27d9a25b0 nmethod 2368 0x000001f26b418790 code [0x000001f26b418940, 0x000001f26b418b48]
Event: 10.296 Thread 0x000001f27d9a25b0 2370       3       org.lombokweb.asm.MethodVisitor::visitInsn (16 bytes)
Event: 10.296 Thread 0x000001f27d9a25b0 nmethod 2370 0x000001f26b418c90 code [0x000001f26b418e40, 0x000001f26b419048]
Event: 10.296 Thread 0x000001f27d9a25b0 2369       1       lombok.patcher.MethodLogistics::getReturnOpcode (5 bytes)
Event: 10.296 Thread 0x000001f27d9a25b0 nmethod 2369 0x000001f272b42c10 code [0x000001f272b42da0, 0x000001f272b42e78]
Event: 10.296 Thread 0x000001f27d9a25b0 2367       3       org.lombokweb.asm.SymbolTable::put (150 bytes)
Event: 10.297 Thread 0x000001f27d9a25b0 nmethod 2367 0x000001f26b419110 code [0x000001f26b4192e0, 0x000001f26b4199f8]

GC Heap History (12 events):
Event: 3.785 GC heap before
{Heap before GC invocations=1 (full 0):
 PSYoungGen      total 29696K, used 25600K [0x00000000eab00000, 0x00000000ecc00000, 0x0000000100000000)
  eden space 25600K, 100% used [0x00000000eab00000,0x00000000ec400000,0x00000000ec400000)
  from space 4096K, 0% used [0x00000000ec800000,0x00000000ec800000,0x00000000ecc00000)
  to   space 4096K, 0% used [0x00000000ec400000,0x00000000ec400000,0x00000000ec800000)
 ParOldGen       total 68608K, used 0K [0x00000000c0000000, 0x00000000c4300000, 0x00000000eab00000)
  object space 68608K, 0% used [0x00000000c0000000,0x00000000c0000000,0x00000000c4300000)
 Metaspace       used 10966K, committed 11136K, reserved 1114112K
  class space    used 1093K, committed 1216K, reserved 1048576K
}
Event: 3.808 GC heap after
{Heap after GC invocations=1 (full 0):
 PSYoungGen      total 29696K, used 3149K [0x00000000eab00000, 0x00000000ecc00000, 0x0000000100000000)
  eden space 25600K, 0% used [0x00000000eab00000,0x00000000eab00000,0x00000000ec400000)
  from space 4096K, 76% used [0x00000000ec400000,0x00000000ec7136f0,0x00000000ec800000)
  to   space 4096K, 0% used [0x00000000ec800000,0x00000000ec800000,0x00000000ecc00000)
 ParOldGen       total 68608K, used 8K [0x00000000c0000000, 0x00000000c4300000, 0x00000000eab00000)
  object space 68608K, 0% used [0x00000000c0000000,0x00000000c0002000,0x00000000c4300000)
 Metaspace       used 10966K, committed 11136K, reserved 1114112K
  class space    used 1093K, committed 1216K, reserved 1048576K
}
Event: 6.265 GC heap before
{Heap before GC invocations=2 (full 0):
 PSYoungGen      total 29696K, used 28749K [0x00000000eab00000, 0x00000000ecc00000, 0x0000000100000000)
  eden space 25600K, 100% used [0x00000000eab00000,0x00000000ec400000,0x00000000ec400000)
  from space 4096K, 76% used [0x00000000ec400000,0x00000000ec7136f0,0x00000000ec800000)
  to   space 4096K, 0% used [0x00000000ec800000,0x00000000ec800000,0x00000000ecc00000)
 ParOldGen       total 68608K, used 8K [0x00000000c0000000, 0x00000000c4300000, 0x00000000eab00000)
  object space 68608K, 0% used [0x00000000c0000000,0x00000000c0002000,0x00000000c4300000)
 Metaspace       used 14768K, committed 15040K, reserved 1114112K
  class space    used 1500K, committed 1664K, reserved 1048576K
}
Event: 6.279 GC heap after
{Heap after GC invocations=2 (full 0):
 PSYoungGen      total 29696K, used 4067K [0x00000000eab00000, 0x00000000ecc00000, 0x0000000100000000)
  eden space 25600K, 0% used [0x00000000eab00000,0x00000000eab00000,0x00000000ec400000)
  from space 4096K, 99% used [0x00000000ec800000,0x00000000ecbf8f28,0x00000000ecc00000)
  to   space 4096K, 0% used [0x00000000ec400000,0x00000000ec400000,0x00000000ec800000)
 ParOldGen       total 68608K, used 798K [0x00000000c0000000, 0x00000000c4300000, 0x00000000eab00000)
  object space 68608K, 1% used [0x00000000c0000000,0x00000000c00c7b50,0x00000000c4300000)
 Metaspace       used 14768K, committed 15040K, reserved 1114112K
  class space    used 1500K, committed 1664K, reserved 1048576K
}
Event: 8.420 GC heap before
{Heap before GC invocations=3 (full 0):
 PSYoungGen      total 29696K, used 29667K [0x00000000eab00000, 0x00000000ecc00000, 0x0000000100000000)
  eden space 25600K, 100% used [0x00000000eab00000,0x00000000ec400000,0x00000000ec400000)
  from space 4096K, 99% used [0x00000000ec800000,0x00000000ecbf8f28,0x00000000ecc00000)
  to   space 4096K, 0% used [0x00000000ec400000,0x00000000ec400000,0x00000000ec800000)
 ParOldGen       total 68608K, used 798K [0x00000000c0000000, 0x00000000c4300000, 0x00000000eab00000)
  object space 68608K, 1% used [0x00000000c0000000,0x00000000c00c7b50,0x00000000c4300000)
 Metaspace       used 19770K, committed 20160K, reserved 1114112K
  class space    used 2021K, committed 2176K, reserved 1048576K
}
Event: 8.436 GC heap after
{Heap after GC invocations=3 (full 0):
 PSYoungGen      total 29696K, used 4064K [0x00000000eab00000, 0x00000000ecc00000, 0x0000000100000000)
  eden space 25600K, 0% used [0x00000000eab00000,0x00000000eab00000,0x00000000ec400000)
  from space 4096K, 99% used [0x00000000ec400000,0x00000000ec7f82c0,0x00000000ec800000)
  to   space 4096K, 0% used [0x00000000ec800000,0x00000000ec800000,0x00000000ecc00000)
 ParOldGen       total 68608K, used 2464K [0x00000000c0000000, 0x00000000c4300000, 0x00000000eab00000)
  object space 68608K, 3% used [0x00000000c0000000,0x00000000c02683c0,0x00000000c4300000)
 Metaspace       used 19770K, committed 20160K, reserved 1114112K
  class space    used 2021K, committed 2176K, reserved 1048576K
}
Event: 8.990 GC heap before
{Heap before GC invocations=4 (full 0):
 PSYoungGen      total 29696K, used 11405K [0x00000000eab00000, 0x00000000ecc00000, 0x0000000100000000)
  eden space 25600K, 28% used [0x00000000eab00000,0x00000000eb22b388,0x00000000ec400000)
  from space 4096K, 99% used [0x00000000ec400000,0x00000000ec7f82c0,0x00000000ec800000)
  to   space 4096K, 0% used [0x00000000ec800000,0x00000000ec800000,0x00000000ecc00000)
 ParOldGen       total 68608K, used 2464K [0x00000000c0000000, 0x00000000c4300000, 0x00000000eab00000)
  object space 68608K, 3% used [0x00000000c0000000,0x00000000c02683c0,0x00000000c4300000)
 Metaspace       used 21088K, committed 21504K, reserved 1114112K
  class space    used 2154K, committed 2368K, reserved 1048576K
}
Event: 9.002 GC heap after
{Heap after GC invocations=4 (full 0):
 PSYoungGen      total 29696K, used 4083K [0x00000000eab00000, 0x00000000ecc00000, 0x0000000100000000)
  eden space 25600K, 0% used [0x00000000eab00000,0x00000000eab00000,0x00000000ec400000)
  from space 4096K, 99% used [0x00000000ec800000,0x00000000ecbfcf38,0x00000000ecc00000)
  to   space 4096K, 0% used [0x00000000ec400000,0x00000000ec400000,0x00000000ec800000)
 ParOldGen       total 68608K, used 2821K [0x00000000c0000000, 0x00000000c4300000, 0x00000000eab00000)
  object space 68608K, 4% used [0x00000000c0000000,0x00000000c02c1408,0x00000000c4300000)
 Metaspace       used 21088K, committed 21504K, reserved 1114112K
  class space    used 2154K, committed 2368K, reserved 1048576K
}
Event: 9.002 GC heap before
{Heap before GC invocations=5 (full 1):
 PSYoungGen      total 29696K, used 4083K [0x00000000eab00000, 0x00000000ecc00000, 0x0000000100000000)
  eden space 25600K, 0% used [0x00000000eab00000,0x00000000eab00000,0x00000000ec400000)
  from space 4096K, 99% used [0x00000000ec800000,0x00000000ecbfcf38,0x00000000ecc00000)
  to   space 4096K, 0% used [0x00000000ec400000,0x00000000ec400000,0x00000000ec800000)
 ParOldGen       total 68608K, used 2821K [0x00000000c0000000, 0x00000000c4300000, 0x00000000eab00000)
  object space 68608K, 4% used [0x00000000c0000000,0x00000000c02c1408,0x00000000c4300000)
 Metaspace       used 21088K, committed 21504K, reserved 1114112K
  class space    used 2154K, committed 2368K, reserved 1048576K
}
Event: 9.062 GC heap after
{Heap after GC invocations=5 (full 1):
 PSYoungGen      total 29696K, used 0K [0x00000000eab00000, 0x00000000ecc00000, 0x0000000100000000)
  eden space 25600K, 0% used [0x00000000eab00000,0x00000000eab00000,0x00000000ec400000)
  from space 4096K, 0% used [0x00000000ec800000,0x00000000ec800000,0x00000000ecc00000)
  to   space 4096K, 0% used [0x00000000ec400000,0x00000000ec400000,0x00000000ec800000)
 ParOldGen       total 68608K, used 6779K [0x00000000c0000000, 0x00000000c4300000, 0x00000000eab00000)
  object space 68608K, 9% used [0x00000000c0000000,0x00000000c069ef58,0x00000000c4300000)
 Metaspace       used 21075K, committed 21504K, reserved 1114112K
  class space    used 2151K, committed 2368K, reserved 1048576K
}
Event: 9.876 GC heap before
{Heap before GC invocations=6 (full 1):
 PSYoungGen      total 29696K, used 25577K [0x00000000eab00000, 0x00000000ecc00000, 0x0000000100000000)
  eden space 25600K, 99% used [0x00000000eab00000,0x00000000ec3fa5a0,0x00000000ec400000)
  from space 4096K, 0% used [0x00000000ec800000,0x00000000ec800000,0x00000000ecc00000)
  to   space 4096K, 0% used [0x00000000ec400000,0x00000000ec400000,0x00000000ec800000)
 ParOldGen       total 68608K, used 6779K [0x00000000c0000000, 0x00000000c4300000, 0x00000000eab00000)
  object space 68608K, 9% used [0x00000000c0000000,0x00000000c069ef58,0x00000000c4300000)
 Metaspace       used 24065K, committed 24576K, reserved 1114112K
  class space    used 2381K, committed 2624K, reserved 1048576K
}
Event: 9.879 GC heap after
{Heap after GC invocations=6 (full 1):
 PSYoungGen      total 26112K, used 817K [0x00000000eab00000, 0x00000000ec880000, 0x0000000100000000)
  eden space 25088K, 0% used [0x00000000eab00000,0x00000000eab00000,0x00000000ec380000)
  from space 1024K, 79% used [0x00000000ec400000,0x00000000ec4cc4b8,0x00000000ec500000)
  to   space 2560K, 0% used [0x00000000ec600000,0x00000000ec600000,0x00000000ec880000)
 ParOldGen       total 68608K, used 6787K [0x00000000c0000000, 0x00000000c4300000, 0x00000000eab00000)
  object space 68608K, 9% used [0x00000000c0000000,0x00000000c06a0f58,0x00000000c4300000)
 Metaspace       used 24065K, committed 24576K, reserved 1114112K
  class space    used 2381K, committed 2624K, reserved 1048576K
}

Dll operation events (9 events):
Event: 0.024 Loaded shared library c:\Users\match\.cursor\extensions\redhat.java-1.32.0-win32-x64\jre\17.0.11-win32-x86_64\bin\java.dll
Event: 0.685 Loaded shared library c:\Users\match\.cursor\extensions\redhat.java-1.32.0-win32-x64\jre\17.0.11-win32-x86_64\bin\zip.dll
Event: 0.692 Loaded shared library C:\Users\match\.cursor\extensions\redhat.java-1.32.0-win32-x64\jre\17.0.11-win32-x86_64\bin\instrument.dll
Event: 0.757 Loaded shared library C:\Users\match\.cursor\extensions\redhat.java-1.32.0-win32-x64\jre\17.0.11-win32-x86_64\bin\net.dll
Event: 0.787 Loaded shared library C:\Users\match\.cursor\extensions\redhat.java-1.32.0-win32-x64\jre\17.0.11-win32-x86_64\bin\nio.dll
Event: 0.804 Loaded shared library C:\Users\match\.cursor\extensions\redhat.java-1.32.0-win32-x64\jre\17.0.11-win32-x86_64\bin\zip.dll
Event: 0.853 Loaded shared library C:\Users\match\.cursor\extensions\redhat.java-1.32.0-win32-x64\jre\17.0.11-win32-x86_64\bin\jimage.dll
Event: 1.353 Loaded shared library c:\Users\match\.cursor\extensions\redhat.java-1.32.0-win32-x64\jre\17.0.11-win32-x86_64\bin\verify.dll
Event: 5.565 Loaded shared library C:\Users\match\AppData\Roaming\Cursor\User\globalStorage\redhat.java\1.32.0\config_ss_win\org.eclipse.equinox.launcher\org.eclipse.equinox.launcher.win32.win32.x86_64_1.2.1100.v20240613-2013\eclipse_11903.dll

Deoptimization events (20 events):
Event: 8.766 Thread 0x000001f2041184d0 Uncommon trap: trap_request=0xffffff45 fr.pc=0x000001f272ae4ec0 relative=0x0000000000000040
Event: 8.766 Thread 0x000001f2041184d0 Uncommon trap: reason=unstable_if action=reinterpret pc=0x000001f272ae4ec0 method=sun.nio.fs.WindowsPathParser.isSlash(C)Z @ 9 c2
Event: 8.766 Thread 0x000001f2041184d0 DEOPT PACKING pc=0x000001f272ae4ec0 sp=0x000000d8781f8db0
Event: 8.766 Thread 0x000001f2041184d0 DEOPT UNPACKING pc=0x000001f272509ea3 sp=0x000000d8781f8d38 mode 2
Event: 8.978 Thread 0x000001f2041184d0 Uncommon trap: trap_request=0xffffff45 fr.pc=0x000001f272a9bc74 relative=0x0000000000000074
Event: 8.978 Thread 0x000001f2041184d0 Uncommon trap: reason=unstable_if action=reinterpret pc=0x000001f272a9bc74 method=jdk.internal.misc.Unsafe.convEndian(ZJ)J @ 4 c2
Event: 8.978 Thread 0x000001f2041184d0 DEOPT PACKING pc=0x000001f272a9bc74 sp=0x000000d8781f7790
Event: 8.978 Thread 0x000001f2041184d0 DEOPT UNPACKING pc=0x000001f272509ea3 sp=0x000000d8781f76b8 mode 2
Event: 8.978 Thread 0x000001f2041184d0 Uncommon trap: trap_request=0xffffff45 fr.pc=0x000001f272aaad94 relative=0x0000000000000094
Event: 8.978 Thread 0x000001f2041184d0 Uncommon trap: reason=unstable_if action=reinterpret pc=0x000001f272aaad94 method=jdk.internal.misc.Unsafe.getLongUnaligned(Ljava/lang/Object;J)J @ 7 c2
Event: 8.978 Thread 0x000001f2041184d0 DEOPT PACKING pc=0x000001f272aaad94 sp=0x000000d8781f7700
Event: 8.978 Thread 0x000001f2041184d0 DEOPT UNPACKING pc=0x000001f272509ea3 sp=0x000000d8781f76b0 mode 2
Event: 9.098 Thread 0x000001f2041184d0 Uncommon trap: trap_request=0xffffff45 fr.pc=0x000001f272a6fa5c relative=0x000000000000005c
Event: 9.098 Thread 0x000001f2041184d0 Uncommon trap: reason=unstable_if action=reinterpret pc=0x000001f272a6fa5c method=java.lang.String.isLatin1()Z @ 10 c2
Event: 9.098 Thread 0x000001f2041184d0 DEOPT PACKING pc=0x000001f272a6fa5c sp=0x000000d8781f8bb0
Event: 9.098 Thread 0x000001f2041184d0 DEOPT UNPACKING pc=0x000001f272509ea3 sp=0x000000d8781f8b40 mode 2
Event: 9.100 Thread 0x000001f2041184d0 Uncommon trap: trap_request=0xffffff45 fr.pc=0x000001f272a798c8 relative=0x0000000000000048
Event: 9.100 Thread 0x000001f2041184d0 Uncommon trap: reason=unstable_if action=reinterpret pc=0x000001f272a798c8 method=java.lang.CharacterData.of(I)Ljava/lang/CharacterData; @ 4 c2
Event: 9.100 Thread 0x000001f2041184d0 DEOPT PACKING pc=0x000001f272a798c8 sp=0x000000d8781f8700
Event: 9.100 Thread 0x000001f2041184d0 DEOPT UNPACKING pc=0x000001f272509ea3 sp=0x000000d8781f8698 mode 2

Classes unloaded (7 events):
Event: 9.017 Thread 0x000001f27d9014b0 Unloading class 0x000000010021a400 'java/lang/invoke/LambdaForm$MH+0x000000010021a400'
Event: 9.017 Thread 0x000001f27d9014b0 Unloading class 0x000000010021a000 'java/lang/invoke/LambdaForm$MH+0x000000010021a000'
Event: 9.017 Thread 0x000001f27d9014b0 Unloading class 0x0000000100219c00 'java/lang/invoke/LambdaForm$MH+0x0000000100219c00'
Event: 9.017 Thread 0x000001f27d9014b0 Unloading class 0x0000000100219800 'java/lang/invoke/LambdaForm$MH+0x0000000100219800'
Event: 9.017 Thread 0x000001f27d9014b0 Unloading class 0x0000000100219400 'java/lang/invoke/LambdaForm$BMH+0x0000000100219400'
Event: 9.017 Thread 0x000001f27d9014b0 Unloading class 0x0000000100219000 'java/lang/invoke/LambdaForm$DMH+0x0000000100219000'
Event: 9.017 Thread 0x000001f27d9014b0 Unloading class 0x0000000100214400 'java/lang/invoke/LambdaForm$DMH+0x0000000100214400'

Classes redefined (0 events):
No events

Internal exceptions (20 events):
Event: 8.016 Thread 0x000001f2041184d0 Exception <a 'java/lang/NoSuchMethodError'{0x00000000ec0165c8}: 'int java.lang.invoke.DirectMethodHandle$Holder.invokeSpecial(java.lang.Object, java.lang.Object, java.lang.Object, int)'> (0x00000000ec0165c8) 
thrown [s\src\hotspot\share\interpreter\linkResolver.cpp, line 759]
Event: 8.024 Thread 0x000001f2041184d0 Exception <a 'java/lang/NoSuchMethodError'{0x00000000ec033618}: 'java.lang.Object java.lang.invoke.DirectMethodHandle$Holder.invokeStatic(java.lang.Object, java.lang.Object, java.lang.Object, java.lang.Object, int)'> (0x00000000ec033618) 
thrown [s\src\hotspot\share\interpreter\linkResolver.cpp, line 759]
Event: 8.028 Thread 0x000001f2041184d0 Exception <a 'java/lang/NoSuchMethodError'{0x00000000ec03f610}: 'java.lang.Object java.lang.invoke.DelegatingMethodHandle$Holder.reinvoke_L(java.lang.Object, java.lang.Object, java.lang.Object, java.lang.Object, int, int)'> (0x00000000ec03f610) 
thrown [s\src\hotspot\share\interpreter\linkResolver.cpp, line 759]
Event: 8.064 Thread 0x000001f2041184d0 Exception <a 'java/lang/NoSuchMethodError'{0x00000000ec053c80}: 'java.lang.Object java.lang.invoke.Invokers$Holder.invokeExact_MT(java.lang.Object, java.lang.Object, java.lang.Object, java.lang.Object)'> (0x00000000ec053c80) 
thrown [s\src\hotspot\share\interpreter\linkResolver.cpp, line 759]
Event: 8.323 Thread 0x000001f2041184d0 Exception <a 'java/io/FileNotFoundException'{0x00000000ec2e3d10}> (0x00000000ec2e3d10) 
thrown [s\src\hotspot\share\prims\jni.cpp, line 516]
Event: 8.327 Thread 0x000001f2041184d0 Exception <a 'java/io/FileNotFoundException'{0x00000000ec2eb248}> (0x00000000ec2eb248) 
thrown [s\src\hotspot\share\prims\jni.cpp, line 516]
Event: 8.671 Thread 0x000001f2041184d0 Exception <a 'java/lang/NoSuchMethodError'{0x00000000ead0f390}: 'java.lang.Object java.lang.invoke.DirectMethodHandle$Holder.newInvokeSpecial(java.lang.Object, java.lang.Object, java.lang.Object, java.lang.Object, java.lang.Object)'> (0x00000000ead0f390) 
thrown [s\src\hotspot\share\interpreter\linkResolver.cpp, line 759]
Event: 8.790 Thread 0x000001f2041184d0 Exception <a 'java/lang/NoSuchMethodError'{0x00000000eae7fdd0}: 'java.lang.Object java.lang.invoke.DirectMethodHandle$Holder.invokeStaticInit(java.lang.Object, int)'> (0x00000000eae7fdd0) 
thrown [s\src\hotspot\share\interpreter\linkResolver.cpp, line 759]
Event: 8.922 Thread 0x000001f2041184d0 Exception <a 'java/lang/NoSuchMethodError'{0x00000000eb0a4068}: 'java.lang.Object java.lang.invoke.DirectMethodHandle$Holder.invokeSpecial(java.lang.Object, java.lang.Object, java.lang.Object, long, java.lang.Object)'> (0x00000000eb0a4068) 
thrown [s\src\hotspot\share\interpreter\linkResolver.cpp, line 759]
Event: 8.925 Thread 0x000001f2041184d0 Exception <a 'java/lang/NoSuchMethodError'{0x00000000eb0ac220}: 'java.lang.Object java.lang.invoke.DirectMethodHandle$Holder.newInvokeSpecial(java.lang.Object, java.lang.Object, java.lang.Object, long)'> (0x00000000eb0ac220) 
thrown [s\src\hotspot\share\interpreter\linkResolver.cpp, line 759]
Event: 8.927 Thread 0x000001f2041184d0 Exception <a 'java/lang/NoSuchMethodError'{0x00000000eb0b07c0}: 'java.lang.Object java.lang.invoke.DirectMethodHandle$Holder.invokeSpecial(java.lang.Object, java.lang.Object, java.lang.Object, java.lang.Object, long)'> (0x00000000eb0b07c0) 
thrown [s\src\hotspot\share\interpreter\linkResolver.cpp, line 759]
Event: 8.928 Thread 0x000001f2041184d0 Exception <a 'java/lang/NoSuchMethodError'{0x00000000eb0b4638}: 'java.lang.Object java.lang.invoke.Invokers$Holder.linkToTargetMethod(java.lang.Object, java.lang.Object, long, java.lang.Object)'> (0x00000000eb0b4638) 
thrown [s\src\hotspot\share\interpreter\linkResolver.cpp, line 759]
Event: 8.958 Thread 0x000001f2041184d0 Exception <a 'java/lang/NoSuchMethodError'{0x00000000eb128138}: 'int java.lang.invoke.DirectMethodHandle$Holder.invokeStaticInit(java.lang.Object, java.lang.Object, java.lang.Object)'> (0x00000000eb128138) 
thrown [s\src\hotspot\share\interpreter\linkResolver.cpp, line 759]
Event: 9.131 Thread 0x000001f2041184d0 Exception <a 'java/lang/IncompatibleClassChangeError'{0x00000000eacbf638}: Found class java.lang.Object, but interface was expected> (0x00000000eacbf638) 
thrown [s\src\hotspot\share\interpreter\linkResolver.cpp, line 826]
Event: 9.168 Thread 0x000001f2041184d0 Exception <a 'java/lang/NoSuchMethodError'{0x00000000eacde710}: 'java.lang.Object java.lang.invoke.DirectMethodHandle$Holder.invokeSpecial(java.lang.Object, java.lang.Object, java.lang.Object, int, java.lang.Object, java.lang.Object)'> (0x00000000eacde710) 
thrown [s\src\hotspot\share\interpreter\linkResolver.cpp, line 759]
Event: 9.171 Thread 0x000001f2041184d0 Exception <a 'java/lang/NoSuchMethodError'{0x00000000eace6e98}: 'java.lang.Object java.lang.invoke.DirectMethodHandle$Holder.newInvokeSpecial(java.lang.Object, java.lang.Object, java.lang.Object, int, java.lang.Object)'> (0x00000000eace6e98) 
thrown [s\src\hotspot\share\interpreter\linkResolver.cpp, line 759]
Event: 9.173 Thread 0x000001f2041184d0 Exception <a 'java/lang/NoSuchMethodError'{0x00000000eaceb2f0}: 'java.lang.Object java.lang.invoke.DirectMethodHandle$Holder.invokeSpecial(java.lang.Object, java.lang.Object, java.lang.Object, java.lang.Object, int, java.lang.Object)'> (0x00000000eaceb2f0) 
thrown [s\src\hotspot\share\interpreter\linkResolver.cpp, line 759]
Event: 9.177 Thread 0x000001f27ed88ef0 Exception <a 'java/lang/NoSuchMethodError'{0x00000000ead1d568}: 'java.lang.Object java.lang.invoke.DirectMethodHandle$Holder.invokeSpecial(java.lang.Object, java.lang.Object, int, java.lang.Object, java.lang.Object)'> (0x00000000ead1d568) 
thrown [s\src\hotspot\share\interpreter\linkResolver.cpp, line 759]
Event: 9.179 Thread 0x000001f27ed88ef0 Exception <a 'java/lang/NoSuchMethodError'{0x00000000ead24c38}: 'java.lang.Object java.lang.invoke.DirectMethodHandle$Holder.newInvokeSpecial(java.lang.Object, java.lang.Object, int, java.lang.Object)'> (0x00000000ead24c38) 
thrown [s\src\hotspot\share\interpreter\linkResolver.cpp, line 759]
Event: 9.180 Thread 0x000001f27ed88ef0 Exception <a 'java/lang/NoSuchMethodError'{0x00000000ead28748}: 'java.lang.Object java.lang.invoke.DirectMethodHandle$Holder.invokeSpecial(java.lang.Object, java.lang.Object, java.lang.Object, int, java.lang.Object)'> (0x00000000ead28748) 
thrown [s\src\hotspot\share\interpreter\linkResolver.cpp, line 759]

VM Operations (20 events):
Event: 6.265 Executing VM operation: ParallelGCFailedAllocation
Event: 6.280 Executing VM operation: ParallelGCFailedAllocation done
Event: 7.288 Executing VM operation: Cleanup
Event: 7.289 Executing VM operation: Cleanup done
Event: 7.524 Executing VM operation: HandshakeAllThreads
Event: 7.524 Executing VM operation: HandshakeAllThreads done
Event: 7.991 Executing VM operation: HandshakeAllThreads
Event: 7.991 Executing VM operation: HandshakeAllThreads done
Event: 8.420 Executing VM operation: ParallelGCFailedAllocation
Event: 8.436 Executing VM operation: ParallelGCFailedAllocation done
Event: 8.977 Executing VM operation: HandshakeAllThreads
Event: 8.978 Executing VM operation: HandshakeAllThreads done
Event: 8.990 Executing VM operation: CollectForMetadataAllocation
Event: 9.063 Executing VM operation: CollectForMetadataAllocation done
Event: 9.103 Executing VM operation: HandshakeAllThreads
Event: 9.103 Executing VM operation: HandshakeAllThreads done
Event: 9.229 Executing VM operation: HandshakeAllThreads
Event: 9.230 Executing VM operation: HandshakeAllThreads done
Event: 9.876 Executing VM operation: ParallelGCFailedAllocation
Event: 9.879 Executing VM operation: ParallelGCFailedAllocation done

Events (20 events):
Event: 9.422 loading class java/util/zip/GZIPInputStream
Event: 9.423 loading class java/util/zip/GZIPInputStream done
Event: 9.438 loading class java/util/zip/GZIPOutputStream
Event: 9.438 loading class java/util/zip/GZIPOutputStream done
Event: 9.445 loading class java/net/SocketTimeoutException
Event: 9.445 loading class java/io/InterruptedIOException
Event: 9.445 loading class java/io/InterruptedIOException done
Event: 9.445 loading class java/net/SocketTimeoutException done
Event: 9.445 loading class java/net/SocketException
Event: 9.446 loading class java/net/SocketException done
Event: 9.446 loading class java/net/UnknownHostException
Event: 9.446 loading class java/net/UnknownHostException done
Event: 9.446 loading class java/net/ProtocolException
Event: 9.446 loading class java/net/ProtocolException done
Event: 9.502 loading class java/lang/ThreadLocal$SuppliedThreadLocal
Event: 9.502 loading class java/lang/ThreadLocal$SuppliedThreadLocal done
Event: 9.534 loading class java/io/FileWriter
Event: 9.534 loading class java/io/FileWriter done
Event: 9.536 loading class java/lang/NegativeArraySizeException
Event: 9.536 loading class java/lang/NegativeArraySizeException done


Dynamic libraries:
0x00007ff7834d0000 - 0x00007ff7834de000 	c:\Users\match\.cursor\extensions\redhat.java-1.32.0-win32-x64\jre\17.0.11-win32-x86_64\bin\java.exe
0x00007ffc71290000 - 0x00007ffc714a7000 	C:\WINDOWS\SYSTEM32\ntdll.dll
0x00007ffc701a0000 - 0x00007ffc70264000 	C:\WINDOWS\System32\KERNEL32.DLL
0x00007ffc6e700000 - 0x00007ffc6eaad000 	C:\WINDOWS\System32\KERNELBASE.dll
0x00007ffc6ed90000 - 0x00007ffc6eea1000 	C:\WINDOWS\System32\ucrtbase.dll
0x00007ffc51a50000 - 0x00007ffc51a6b000 	c:\Users\match\.cursor\extensions\redhat.java-1.32.0-win32-x64\jre\17.0.11-win32-x86_64\bin\VCRUNTIME140.dll
0x00007ffc51e90000 - 0x00007ffc51ea7000 	c:\Users\match\.cursor\extensions\redhat.java-1.32.0-win32-x64\jre\17.0.11-win32-x86_64\bin\jli.dll
0x00007ffc70910000 - 0x00007ffc70abe000 	C:\WINDOWS\System32\USER32.dll
0x00007ffc6ed60000 - 0x00007ffc6ed86000 	C:\WINDOWS\System32\win32u.dll
0x00007ffc5d8e0000 - 0x00007ffc5db73000 	C:\WINDOWS\WinSxS\amd64_microsoft.windows.common-controls_6595b64144ccf1df_6.0.22621.3672_none_2713b9d173822955\COMCTL32.dll
0x00007ffc70160000 - 0x00007ffc70189000 	C:\WINDOWS\System32\GDI32.dll
0x00007ffc6eeb0000 - 0x00007ffc6efc9000 	C:\WINDOWS\System32\gdi32full.dll
0x00007ffc6e5c0000 - 0x00007ffc6e65a000 	C:\WINDOWS\System32\msvcp_win.dll
0x00007ffc70ac0000 - 0x00007ffc70b67000 	C:\WINDOWS\System32\msvcrt.dll
0x00007ffc70120000 - 0x00007ffc70151000 	C:\WINDOWS\System32\IMM32.DLL
0x00007ffc66680000 - 0x00007ffc6668c000 	c:\Users\match\.cursor\extensions\redhat.java-1.32.0-win32-x64\jre\17.0.11-win32-x86_64\bin\vcruntime140_1.dll
0x00007ffc26fb0000 - 0x00007ffc2703d000 	c:\Users\match\.cursor\extensions\redhat.java-1.32.0-win32-x64\jre\17.0.11-win32-x86_64\bin\msvcp140.dll
0x00007ffbef7c0000 - 0x00007ffbf0422000 	c:\Users\match\.cursor\extensions\redhat.java-1.32.0-win32-x64\jre\17.0.11-win32-x86_64\bin\server\jvm.dll
0x00007ffc6efd0000 - 0x00007ffc6f082000 	C:\WINDOWS\System32\ADVAPI32.dll
0x00007ffc6fbb0000 - 0x00007ffc6fc59000 	C:\WINDOWS\System32\sechost.dll
0x00007ffc6e660000 - 0x00007ffc6e688000 	C:\WINDOWS\System32\bcrypt.dll
0x00007ffc70bb0000 - 0x00007ffc70cc4000 	C:\WINDOWS\System32\RPCRT4.dll
0x00007ffc6d450000 - 0x00007ffc6d49d000 	C:\WINDOWS\SYSTEM32\POWRPROF.dll
0x00007ffc66410000 - 0x00007ffc66444000 	C:\WINDOWS\SYSTEM32\WINMM.dll
0x00007ffc66400000 - 0x00007ffc6640a000 	C:\WINDOWS\SYSTEM32\VERSION.dll
0x00007ffc4fd60000 - 0x00007ffc4fd69000 	C:\WINDOWS\SYSTEM32\WSOCK32.dll
0x00007ffc6fb30000 - 0x00007ffc6fba1000 	C:\WINDOWS\System32\WS2_32.dll
0x00007ffc6d430000 - 0x00007ffc6d443000 	C:\WINDOWS\SYSTEM32\UMPDC.dll
0x00007ffc6d680000 - 0x00007ffc6d698000 	C:\WINDOWS\SYSTEM32\kernel.appcore.dll
0x00007ffc51c70000 - 0x00007ffc51c7a000 	c:\Users\match\.cursor\extensions\redhat.java-1.32.0-win32-x64\jre\17.0.11-win32-x86_64\bin\jimage.dll
0x00007ffc6bf00000 - 0x00007ffc6c132000 	C:\WINDOWS\SYSTEM32\DBGHELP.DLL
0x00007ffc70270000 - 0x00007ffc705f8000 	C:\WINDOWS\System32\combase.dll
0x00007ffc6fa50000 - 0x00007ffc6fb27000 	C:\WINDOWS\System32\OLEAUT32.dll
0x00007ffc5c450000 - 0x00007ffc5c482000 	C:\WINDOWS\SYSTEM32\dbgcore.DLL
0x00007ffc6ece0000 - 0x00007ffc6ed5b000 	C:\WINDOWS\System32\bcryptPrimitives.dll
0x00007ffc51760000 - 0x00007ffc5176e000 	c:\Users\match\.cursor\extensions\redhat.java-1.32.0-win32-x64\jre\17.0.11-win32-x86_64\bin\instrument.dll
0x00007ffc4beb0000 - 0x00007ffc4bed5000 	c:\Users\match\.cursor\extensions\redhat.java-1.32.0-win32-x64\jre\17.0.11-win32-x86_64\bin\java.dll
0x00007ffc474e0000 - 0x00007ffc474f8000 	c:\Users\match\.cursor\extensions\redhat.java-1.32.0-win32-x64\jre\17.0.11-win32-x86_64\bin\zip.dll
0x00007ffc6f090000 - 0x00007ffc6f8ef000 	C:\WINDOWS\System32\SHELL32.dll
0x00007ffc6c510000 - 0x00007ffc6ce0c000 	C:\WINDOWS\SYSTEM32\windows.storage.dll
0x00007ffc6c3d0000 - 0x00007ffc6c50f000 	C:\WINDOWS\SYSTEM32\wintypes.dll
0x00007ffc70cd0000 - 0x00007ffc70dc4000 	C:\WINDOWS\System32\SHCORE.dll
0x00007ffc6fe50000 - 0x00007ffc6feae000 	C:\WINDOWS\System32\shlwapi.dll
0x00007ffc6e4f0000 - 0x00007ffc6e511000 	C:\WINDOWS\SYSTEM32\profapi.dll
0x00007ffc3d970000 - 0x00007ffc3d989000 	C:\Users\match\.cursor\extensions\redhat.java-1.32.0-win32-x64\jre\17.0.11-win32-x86_64\bin\net.dll
0x00007ffc67190000 - 0x00007ffc672c6000 	C:\WINDOWS\SYSTEM32\WINHTTP.dll
0x00007ffc6db50000 - 0x00007ffc6dbb9000 	C:\WINDOWS\system32\mswsock.dll
0x00007ffc3d900000 - 0x00007ffc3d916000 	C:\Users\match\.cursor\extensions\redhat.java-1.32.0-win32-x64\jre\17.0.11-win32-x86_64\bin\nio.dll
0x00007ffc516f0000 - 0x00007ffc51700000 	c:\Users\match\.cursor\extensions\redhat.java-1.32.0-win32-x64\jre\17.0.11-win32-x86_64\bin\verify.dll
0x00007ffc3c5f0000 - 0x00007ffc3c634000 	C:\Users\match\AppData\Roaming\Cursor\User\globalStorage\redhat.java\1.32.0\config_ss_win\org.eclipse.equinox.launcher\org.eclipse.equinox.launcher.win32.win32.x86_64_1.2.1100.v20240613-2013\eclipse_11903.dll
0x00007ffc6fec0000 - 0x00007ffc70065000 	C:\WINDOWS\System32\ole32.dll

dbghelp: loaded successfully - version: 4.0.5 - missing functions: none
symbol engine: initialized successfully - sym options: 0x614 - pdb path: .;c:\Users\match\.cursor\extensions\redhat.java-1.32.0-win32-x64\jre\17.0.11-win32-x86_64\bin;C:\WINDOWS\SYSTEM32;C:\WINDOWS\WinSxS\amd64_microsoft.windows.common-controls_6595b64144ccf1df_6.0.22621.3672_none_2713b9d173822955;c:\Users\match\.cursor\extensions\redhat.java-1.32.0-win32-x64\jre\17.0.11-win32-x86_64\bin\server;C:\Users\match\AppData\Roaming\Cursor\User\globalStorage\redhat.java\1.32.0\config_ss_win\org.eclipse.equinox.launcher\org.eclipse.equinox.launcher.win32.win32.x86_64_1.2.1100.v20240613-2013

VM Arguments:
jvm_args: --add-modules=ALL-SYSTEM --add-opens=java.base/java.util=ALL-UNNAMED --add-opens=java.base/java.lang=ALL-UNNAMED --add-opens=java.base/sun.nio.fs=ALL-UNNAMED -Declipse.application=org.eclipse.jdt.ls.core.id1 -Dosgi.bundles.defaultStartLevel=4 -Declipse.product=org.eclipse.jdt.ls.core.product -Djava.import.generatesMetadataFilesAtProjectRoot=false -DDetectVMInstallationsJob.disabled=true -Dfile.encoding=utf8 -XX:+UseParallelGC -XX:GCTimeRatio=4 -XX:AdaptiveSizePolicyWeight=90 -Dsun.zip.disableMemoryMapping=true -Xmx1G -Xms100m -Xlog:disable -javaagent:c:\Users\match\.cursor\extensions\redhat.java-1.32.0-win32-x64\lombok\lombok-1.18.33.jar 
java_command: c:\Users\match\.cursor\extensions\redhat.java-1.32.0-win32-x64\server\plugins\org.eclipse.equinox.launcher_1.6.900.v20240613-2009.jar -configuration c:\Users\match\AppData\Roaming\Cursor\User\globalStorage\redhat.java\1.32.0\config_ss_win -data c:\Users\match\AppData\Roaming\Cursor\User\workspaceStorage\a9ddf05bb256a53f2bb4febab6376a0f\redhat.java\ss_ws --pipe=\\.\pipe\lsp-e412c010cd1ce582c73e456eaa1612fe-sock
java_class_path (initial): c:\Users\match\.cursor\extensions\redhat.java-1.32.0-win32-x64\server\plugins\org.eclipse.equinox.launcher_1.6.900.v20240613-2009.jar
Launcher Type: SUN_STANDARD

[Global flags]
    uintx AdaptiveSizePolicyWeight                 = 90                                        {product} {command line}
     intx CICompilerCount                          = 4                                         {product} {ergonomic}
    uintx GCTimeRatio                              = 4                                         {product} {command line}
   size_t InitialHeapSize                          = 104857600                                 {product} {command line}
   size_t MaxHeapSize                              = 1073741824                                {product} {command line}
   size_t MaxNewSize                               = 357564416                                 {product} {ergonomic}
   size_t MinHeapDeltaBytes                        = 524288                                    {product} {ergonomic}
   size_t MinHeapSize                              = 104857600                                 {product} {command line}
   size_t NewSize                                  = 34603008                                  {product} {ergonomic}
    uintx NonNMethodCodeHeapSize                   = 5839372                                {pd product} {ergonomic}
    uintx NonProfiledCodeHeapSize                  = 122909434                              {pd product} {ergonomic}
   size_t OldSize                                  = 70254592                                  {product} {ergonomic}
    uintx ProfiledCodeHeapSize                     = 122909434                              {pd product} {ergonomic}
    uintx ReservedCodeCacheSize                    = 251658240                              {pd product} {ergonomic}
     bool SegmentedCodeCache                       = true                                      {product} {ergonomic}
   size_t SoftMaxHeapSize                          = 1073741824                             {manageable} {ergonomic}
     bool UseCompressedClassPointers               = true                           {product lp64_product} {ergonomic}
     bool UseCompressedOops                        = true                           {product lp64_product} {ergonomic}
     bool UseLargePagesIndividualAllocation        = false                                  {pd product} {ergonomic}
     bool UseParallelGC                            = true                                      {product} {command line}

Logging:
Log output configuration:
 #0: stdout all=off uptime,level,tags
 #1: stderr all=off uptime,level,tags

Environment Variables:
JAVA_HOME=C:\Program Files\Java\jdk-22
PATH=C:\Program Files\Common Files\Oracle\Java\javapath;c:\Users\match\AppData\Local\Programs\cursor\resources\app\bin;C:\Program Files (x86)\Falcon\MinGW\bin;C:\Windows\system32;C:\Windows;C:\Windows\System32\Wbem;C:\Windows\System32\WindowsPowerShell\v1.0\;C:\Windows\System32\OpenSSH\;C:\WINDOWS\system32;C:\WINDOWS;C:\WINDOWS\System32\Wbem;C:\WINDOWS\System32\WindowsPowerShell\v1.0\;C:\WINDOWS\System32\OpenSSH\;C:\MinGW\bin;C:\Users\match\AppData\Local\Microsoft\WindowsApps;C:\Program Files (x86)\Nmap;C:\adb;C:\Users\match\AppData\Local\Programs\Python\Python37\;C:\Users\match\AppData\Local\Programs\Python\Python37\Scripts\;C:\Users\match\AppData\Local\Programs\Python\Python37\;C:\Users\match\AppData\Local\Microsoft\WindowsApps;C:\MinGW\bin;C:\Program;c:\Users\match\AppData\Local\Programs\cursor\resources\app\bin;C:\Program Files\Git\cmd;C:\Program Files\Maven\apache-maven-3.9.7\bin;C:\Program Files\Java\jdk-22\bin;C:\Program Files\Java\javafx-sdk-22.0.1\bin;C:\Users\match\AppData\Local\Programs\Python\Python37\Scripts\;C:\Users\match\AppData\Local\Programs\Python\Python37\;C:\Users\match\AppData\Local\Microsoft\WindowsApps;C:\MinGW\bin;C:\Program Files (x86)\Nmap;C:\Users\match\AppData\Local\spicetify;;C:\Program Files\JetBrains\IntelliJ IDEA 2024.1.2\bin;
USERNAME=match
OS=Windows_NT
PROCESSOR_IDENTIFIER=Intel64 Family 6 Model 140 Stepping 1, GenuineIntel
TMP=C:\Users\match\AppData\Local\Temp
TEMP=C:\Users\match\AppData\Local\Temp



Periodic native trim disabled


---------------  S Y S T E M  ---------------

OS:
 Windows 11 , 64 bit Build 22621 (10.0.22621.3672)
OS uptime: 0 days 2:54 hours

CPU: total 8 (initial active 8) (4 cores per cpu, 2 threads per core) family 6 model 140 stepping 1 microcode 0x86, cx8, cmov, fxsr, ht, mmx, 3dnowpref, sse, sse2, sse3, ssse3, sse4.1, sse4.2, popcnt, lzcnt, tsc, tscinvbit, avx, avx2, aes, erms, clmul, bmi1, bmi2, adx, avx512f, avx512dq, avx512cd, avx512bw, avx512vl, sha, fma, vzeroupper, avx512_vpopcntdq, avx512_vpclmulqdq, avx512_vaes, avx512_vnni, clflush, clflushopt, clwb, avx512_vbmi2, avx512_vbmi
Processor Information for all 8 processors :
  Max Mhz: 2419, Current Mhz: 2419, Mhz Limit: 2419

Memory: 4k page, system-wide physical 7884M (246M free)
TotalPageFile size 16076M (AvailPageFile size 15M)
current process WorkingSet (physical memory assigned to process): 121M, peak: 121M
current process commit charge ("private bytes"): 228M, peak: 230M

vm_info: OpenJDK 64-Bit Server VM (17.0.11+9) for windows-amd64 JRE (17.0.11+9), built on Apr 17 2024 06:07:48 by "admin" with MS VC++ 16.10 / 16.11 (VS2019)

END.
