#
# There is insufficient memory for the Java Runtime Environment to continue.
# Native memory allocation (malloc) failed to allocate 618128 bytes. Error detail: Chunk::new
# Possible reasons:
#   The system is out of physical RAM or swap space
#   This process is running with CompressedOops enabled, and the Java Heap may be blocking the growth of the native heap
# Possible solutions:
#   Reduce memory load on the system
#   Increase physical memory or swap space
#   Check if swap backing store is full
#   Decrease Java heap size (-Xmx/-Xms)
#   Decrease number of Java threads
#   Decrease Java thread stack sizes (-Xss)
#   Set larger code cache with -XX:ReservedCodeCacheSize=
#   JVM is running with Unscaled Compressed Oops mode in which the Java heap is
#     placed in the first 4GB address space. The Java Heap base address is the
#     maximum limit for the native heap growth. Please use -XX:HeapBaseMinAddress
#     to set the Java Heap base and to place the Java Heap above 4GB virtual address.
# This output file may be truncated or incomplete.
#
#  Out of Memory Error (arena.cpp:191), pid=14460, tid=9100
#
# JRE version: OpenJDK Runtime Environment Temurin-17.0.11+9 (17.0.11+9) (build 17.0.11+9)
# Java VM: OpenJDK 64-Bit Server VM Temurin-17.0.11+9 (17.0.11+9, mixed mode, tiered, compressed oops, compressed class ptrs, parallel gc, windows-amd64)
# No core dump will be written. Minidumps are not enabled by default on client versions of Windows
#

---------------  S U M M A R Y ------------

Command Line: --add-modules=ALL-SYSTEM --add-opens=java.base/java.util=ALL-UNNAMED --add-opens=java.base/java.lang=ALL-UNNAMED --add-opens=java.base/sun.nio.fs=ALL-UNNAMED -Declipse.application=org.eclipse.jdt.ls.core.id1 -Dosgi.bundles.defaultStartLevel=4 -Declipse.product=org.eclipse.jdt.ls.core.product -Djava.import.generatesMetadataFilesAtProjectRoot=false -DDetectVMInstallationsJob.disabled=true -Dfile.encoding=utf8 -XX:+UseParallelGC -XX:GCTimeRatio=4 -XX:AdaptiveSizePolicyWeight=90 -Dsun.zip.disableMemoryMapping=true -Xmx1G -Xms100m -Xlog:disable -javaagent:c:\Users\match\.cursor\extensions\redhat.java-1.32.0-win32-x64\lombok\lombok-1.18.33.jar c:\Users\match\.cursor\extensions\redhat.java-1.32.0-win32-x64\server\plugins\org.eclipse.equinox.launcher_1.6.900.v20240613-2009.jar -configuration c:\Users\match\AppData\Roaming\Cursor\User\globalStorage\redhat.java\1.32.0\config_ss_win -data c:\Users\match\AppData\Roaming\Cursor\User\workspaceStorage\a9ddf05bb256a53f2bb4febab6376a0f\redhat.java\ss_ws --pipe=\\.\pipe\lsp-fdb3576cabaa35c252289b1e52c737eb-sock

Host: 11th Gen Intel(R) Core(TM) i5-1135G7 @ 2.40GHz, 8 cores, 7G,  Windows 11 , 64 bit Build 22621 (10.0.22621.3672)
Time: Fri Jun 28 03:26:09 2024 SE Asia Standard Time elapsed time: 3.539788 seconds (0d 0h 0m 3s)

---------------  T H R E A D  ---------------

Current thread (0x000001be294ac350):  JavaThread "C2 CompilerThread0" daemon [_thread_in_native, id=9100, stack(0x00000071bb000000,0x00000071bb100000)]


Current CompileTask:
C2:   3539 1519       4       jdk.internal.jimage.ImageLocation::verify (218 bytes)

Stack: [0x00000071bb000000,0x00000071bb100000]
Native frames: (J=compiled Java code, j=interpreted, Vv=VM code, C=native code)
V  [jvm.dll+0x67d429]
V  [jvm.dll+0x834b7a]
V  [jvm.dll+0x83663e]
V  [jvm.dll+0x836ca3]
V  [jvm.dll+0x247dbf]
V  [jvm.dll+0xac534]
V  [jvm.dll+0xacb7c]
V  [jvm.dll+0x366647]
V  [jvm.dll+0x1bd272]
V  [jvm.dll+0x21a5c9]
V  [jvm.dll+0x2198b1]
V  [jvm.dll+0x1a534d]
V  [jvm.dll+0x2295cd]
V  [jvm.dll+0x22779c]
V  [jvm.dll+0x7e9d07]
V  [jvm.dll+0x7e410a]
V  [jvm.dll+0x67c315]
C  [ucrtbase.dll+0x29333]
C  [KERNEL32.DLL+0x1257d]
C  [ntdll.dll+0x5af28]


---------------  P R O C E S S  ---------------

Threads class SMR info:
_java_thread_list=0x000001be2ade2e90, length=16, elements={
0x000001be0e580550, 0x000001be2435ea40, 0x000001be24343ac0, 0x000001be294a5320,
0x000001be294a5bf0, 0x000001be294a66c0, 0x000001be294a8fa0, 0x000001be294ac350,
0x000001be294fa6e0, 0x000001be2950f3d0, 0x000001be29598b00, 0x000001be29757520,
0x000001be2b038990, 0x000001be2ad8f150, 0x000001be2b2ac580, 0x000001be2ada7b50
}

Java Threads: ( => current thread )
  0x000001be0e580550 JavaThread "main" [_thread_in_Java, id=14628, stack(0x00000071ba700000,0x00000071ba800000)]
  0x000001be2435ea40 JavaThread "Reference Handler" daemon [_thread_blocked, id=15356, stack(0x00000071baa00000,0x00000071bab00000)]
  0x000001be24343ac0 JavaThread "Finalizer" daemon [_thread_blocked, id=7328, stack(0x00000071bab00000,0x00000071bac00000)]
  0x000001be294a5320 JavaThread "Signal Dispatcher" daemon [_thread_blocked, id=9564, stack(0x00000071bac00000,0x00000071bad00000)]
  0x000001be294a5bf0 JavaThread "Attach Listener" daemon [_thread_blocked, id=2844, stack(0x00000071bad00000,0x00000071bae00000)]
  0x000001be294a66c0 JavaThread "Service Thread" daemon [_thread_blocked, id=6596, stack(0x00000071bae00000,0x00000071baf00000)]
  0x000001be294a8fa0 JavaThread "Monitor Deflation Thread" daemon [_thread_blocked, id=10144, stack(0x00000071baf00000,0x00000071bb000000)]
=>0x000001be294ac350 JavaThread "C2 CompilerThread0" daemon [_thread_in_native, id=9100, stack(0x00000071bb000000,0x00000071bb100000)]
  0x000001be294fa6e0 JavaThread "C1 CompilerThread0" daemon [_thread_blocked, id=15348, stack(0x00000071bb100000,0x00000071bb200000)]
  0x000001be2950f3d0 JavaThread "Sweeper thread" daemon [_thread_blocked, id=15300, stack(0x00000071bb200000,0x00000071bb300000)]
  0x000001be29598b00 JavaThread "Common-Cleaner" daemon [_thread_blocked, id=15204, stack(0x00000071bb300000,0x00000071bb400000)]
  0x000001be29757520 JavaThread "Notification Thread" daemon [_thread_blocked, id=7984, stack(0x00000071bb400000,0x00000071bb500000)]
  0x000001be2b038990 JavaThread "Active Thread: Equinox Container: 1eac2f9f-66bd-4bd2-8893-1881dd14aa12" [_thread_blocked, id=15084, stack(0x00000071bbe00000,0x00000071bbf00000)]
  0x000001be2ad8f150 JavaThread "Framework Event Dispatcher: Equinox Container: 1eac2f9f-66bd-4bd2-8893-1881dd14aa12" daemon [_thread_blocked, id=15240, stack(0x00000071bbd00000,0x00000071bbe00000)]
  0x000001be2b2ac580 JavaThread "Start Level: Equinox Container: 1eac2f9f-66bd-4bd2-8893-1881dd14aa12" daemon [_thread_in_vm, id=15212, stack(0x00000071bbf00000,0x00000071bc000000)]
  0x000001be2ada7b50 JavaThread "SCR Component Actor" daemon [_thread_blocked, id=15264, stack(0x00000071bc000000,0x00000071bc100000)]

Other Threads:
  0x000001be294814b0 VMThread "VM Thread" [stack: 0x00000071ba900000,0x00000071baa00000] [id=15248]
  0x000001be2a65ffc0 WatcherThread [stack: 0x00000071bb500000,0x00000071bb600000] [id=14444]
  0x000001be0e593d50 GCTaskThread "GC Thread#0" [stack: 0x00000071ba800000,0x00000071ba900000] [id=8024]
  0x000001be2a8bb420 GCTaskThread "GC Thread#1" [stack: 0x00000071bb700000,0x00000071bb800000] [id=5208]
  0x000001be2a8bbae0 GCTaskThread "GC Thread#2" [stack: 0x00000071bb800000,0x00000071bb900000] [id=9800]
  0x000001be2a7cb0a0 GCTaskThread "GC Thread#3" [stack: 0x00000071bb900000,0x00000071bba00000] [id=14436]
  0x000001be2a7cb360 GCTaskThread "GC Thread#4" [stack: 0x00000071bba00000,0x00000071bbb00000] [id=3368]
  0x000001be2a7cb620 GCTaskThread "GC Thread#5" [stack: 0x00000071bbb00000,0x00000071bbc00000] [id=14548]
  0x000001be2a7cc0f0 GCTaskThread "GC Thread#6" [stack: 0x00000071bbc00000,0x00000071bbd00000] [id=14544]
  0x000001be2abf37a0 GCTaskThread "GC Thread#7" [stack: 0x00000071bc100000,0x00000071bc200000] [id=6432]

Threads with active compile tasks:
C2 CompilerThread0     3574 1519       4       jdk.internal.jimage.ImageLocation::verify (218 bytes)

VM state: not at safepoint (normal execution)

VM Mutex/Monitor currently owned by a thread: None

Heap address: 0x00000000c0000000, size: 1024 MB, Compressed Oops mode: 32-bit

CDS archive(s) not mapped
Compressed class space mapped at: 0x0000000100000000-0x0000000140000000, reserved size: 1073741824
Narrow klass base: 0x0000000000000000, Narrow klass shift: 3, Narrow klass range: 0x140000000

GC Precious Log:
 CPUs: 8 total, 8 available
 Memory: 7884M
 Large Page Support: Disabled
 NUMA Support: Disabled
 Compressed Oops: Enabled (32-bit)
 Alignments: Space 512K, Generation 512K, Heap 2M
 Heap Min Capacity: 100M
 Heap Initial Capacity: 100M
 Heap Max Capacity: 1G
 Pre-touch: Disabled
 Parallel Workers: 8

Heap:
 PSYoungGen      total 29696K, used 6095K [0x00000000eab00000, 0x00000000ecc00000, 0x0000000100000000)
  eden space 25600K, 7% used [0x00000000eab00000,0x00000000eacf7048,0x00000000ec400000)
  from space 4096K, 99% used [0x00000000ec800000,0x00000000ecbfcf38,0x00000000ecc00000)
  to   space 4096K, 0% used [0x00000000ec400000,0x00000000ec400000,0x00000000ec800000)
 ParOldGen       total 68608K, used 770K [0x00000000c0000000, 0x00000000c4300000, 0x00000000eab00000)
  object space 68608K, 1% used [0x00000000c0000000,0x00000000c00c0b60,0x00000000c4300000)
 Metaspace       used 15020K, committed 15296K, reserved 1114112K
  class space    used 1527K, committed 1664K, reserved 1048576K

Card table byte_map: [0x000001be21bd0000,0x000001be21de0000] _byte_map_base: 0x000001be215d0000

Marking Bits: (ParMarkBitMap*) 0x00007ffbf035d820
 Begin Bits: [0x000001be21f40000, 0x000001be22f40000)
 End Bits:   [0x000001be22f40000, 0x000001be23f40000)

Polling page: 0x000001be0e630000

Metaspace:

Usage:
  Non-class:     13.18 MB used.
      Class:      1.49 MB used.
       Both:     14.67 MB used.

Virtual space:
  Non-class space:       64.00 MB reserved,      13.31 MB ( 21%) committed,  1 nodes.
      Class space:        1.00 GB reserved,       1.62 MB ( <1%) committed,  1 nodes.
             Both:        1.06 GB reserved,      14.94 MB (  1%) committed. 

Chunk freelists:
   Non-Class:  2.26 MB
       Class:  14.37 MB
        Both:  16.63 MB

MaxMetaspaceSize: unlimited
CompressedClassSpaceSize: 1.00 GB
Initial GC threshold: 21.00 MB
Current GC threshold: 21.00 MB
CDS: off
MetaspaceReclaimPolicy: balanced
 - commit_granule_bytes: 65536.
 - commit_granule_words: 8192.
 - virtual_space_node_default_size: 8388608.
 - enlarge_chunks_in_place: 1.
 - new_chunks_are_fully_committed: 0.
 - uncommit_free_chunks: 1.
 - use_allocation_guard: 0.
 - handle_deallocations: 1.


Internal statistics:

num_allocs_failed_limit: 0.
num_arena_births: 104.
num_arena_deaths: 0.
num_vsnodes_births: 2.
num_vsnodes_deaths: 0.
num_space_committed: 239.
num_space_uncommitted: 0.
num_chunks_returned_to_freelist: 0.
num_chunks_taken_from_freelist: 320.
num_chunk_merges: 0.
num_chunk_splits: 204.
num_chunks_enlarged: 156.
num_inconsistent_stats: 0.

CodeHeap 'non-profiled nmethods': size=120000Kb used=708Kb max_used=708Kb free=119292Kb
 bounds [0x000001be1a4c0000, 0x000001be1a730000, 0x000001be219f0000]
CodeHeap 'profiled nmethods': size=120000Kb used=3021Kb max_used=3021Kb free=116979Kb
 bounds [0x000001be129f0000, 0x000001be12cf0000, 0x000001be19f20000]
CodeHeap 'non-nmethods': size=5760Kb used=1171Kb max_used=1208Kb free=4589Kb
 bounds [0x000001be19f20000, 0x000001be1a190000, 0x000001be1a4c0000]
 total_blobs=2099 nmethods=1646 adapters=367
 compilation: enabled
              stopped_count=0, restarted_count=0
 full_count=0

Compilation events (20 events):
Event: 3.525 Thread 0x000001be294fa6e0 nmethod 1624 0x000001be12cd6690 code [0x000001be12cd68c0, 0x000001be12cd7078]
Event: 3.525 Thread 0x000001be294fa6e0 1627       3       sun.invoke.util.BytecodeDescriptor::unparseSig (49 bytes)
Event: 3.526 Thread 0x000001be294fa6e0 nmethod 1627 0x000001be12cd7390 code [0x000001be12cd75c0, 0x000001be12cd7ae8]
Event: 3.526 Thread 0x000001be294fa6e0 1631       3       java.lang.invoke.LambdaForm$Name::replaceNames (175 bytes)
Event: 3.528 Thread 0x000001be294fa6e0 nmethod 1631 0x000001be12cd7d90 code [0x000001be12cd7fc0, 0x000001be12cd8b38]
Event: 3.528 Thread 0x000001be294fa6e0 1635       3       jdk.internal.org.objectweb.asm.Frame::setLocal (65 bytes)
Event: 3.528 Thread 0x000001be294fa6e0 nmethod 1635 0x000001be12cd8e90 code [0x000001be12cd9060, 0x000001be12cd9508]
Event: 3.528 Thread 0x000001be294fa6e0 1634       3       java.lang.invoke.InvokerBytecodeGenerator::getInternalName (100 bytes)
Event: 3.529 Thread 0x000001be294fa6e0 nmethod 1634 0x000001be12cd9710 code [0x000001be12cd9920, 0x000001be12cd9df8]
Event: 3.529 Thread 0x000001be294fa6e0 1632       3       java.lang.invoke.LambdaForm$Name::isParam (13 bytes)
Event: 3.529 Thread 0x000001be294fa6e0 nmethod 1632 0x000001be12cd9f10 code [0x000001be12cda0a0, 0x000001be12cda218]
Event: 3.529 Thread 0x000001be294fa6e0 1637       3       java.lang.invoke.MethodHandles$Lookup::checkSymbolicClass (25 bytes)
Event: 3.530 Thread 0x000001be294fa6e0 nmethod 1637 0x000001be12cda290 code [0x000001be12cda460, 0x000001be12cda6c8]
Event: 3.530 Thread 0x000001be294fa6e0 1639       3       java.lang.invoke.InvokerBytecodeGenerator::emitLoadInsn (21 bytes)
Event: 3.530 Thread 0x000001be294fa6e0 nmethod 1639 0x000001be12cda810 code [0x000001be12cda9c0, 0x000001be12cdac18]
Event: 3.530 Thread 0x000001be294fa6e0 1642       3       sun.invoke.util.VerifyType::isNullConversion (157 bytes)
Event: 3.533 Thread 0x000001be294fa6e0 nmethod 1642 0x000001be12cdad90 code [0x000001be12cdb0c0, 0x000001be12cdc6a8]
Event: 3.533 Thread 0x000001be294fa6e0 1640       3       java.lang.invoke.InvokerBytecodeGenerator::loadInsnOpcode (98 bytes)
Event: 3.535 Thread 0x000001be294fa6e0 nmethod 1640 0x000001be12cdcb90 code [0x000001be12cdce00, 0x000001be12cdd7d8]
Event: 3.535 Thread 0x000001be294fa6e0 1641       3       java.lang.invoke.InvokerBytecodeGenerator::emitPushArgument (151 bytes)

GC Heap History (4 events):
Event: 2.058 GC heap before
{Heap before GC invocations=1 (full 0):
 PSYoungGen      total 29696K, used 25600K [0x00000000eab00000, 0x00000000ecc00000, 0x0000000100000000)
  eden space 25600K, 100% used [0x00000000eab00000,0x00000000ec400000,0x00000000ec400000)
  from space 4096K, 0% used [0x00000000ec800000,0x00000000ec800000,0x00000000ecc00000)
  to   space 4096K, 0% used [0x00000000ec400000,0x00000000ec400000,0x00000000ec800000)
 ParOldGen       total 68608K, used 0K [0x00000000c0000000, 0x00000000c4300000, 0x00000000eab00000)
  object space 68608K, 0% used [0x00000000c0000000,0x00000000c0000000,0x00000000c4300000)
 Metaspace       used 10977K, committed 11200K, reserved 1114112K
  class space    used 1095K, committed 1216K, reserved 1048576K
}
Event: 2.086 GC heap after
{Heap after GC invocations=1 (full 0):
 PSYoungGen      total 29696K, used 3172K [0x00000000eab00000, 0x00000000ecc00000, 0x0000000100000000)
  eden space 25600K, 0% used [0x00000000eab00000,0x00000000eab00000,0x00000000ec400000)
  from space 4096K, 77% used [0x00000000ec400000,0x00000000ec719278,0x00000000ec800000)
  to   space 4096K, 0% used [0x00000000ec800000,0x00000000ec800000,0x00000000ecc00000)
 ParOldGen       total 68608K, used 0K [0x00000000c0000000, 0x00000000c4300000, 0x00000000eab00000)
  object space 68608K, 0% used [0x00000000c0000000,0x00000000c0000000,0x00000000c4300000)
 Metaspace       used 10977K, committed 11200K, reserved 1114112K
  class space    used 1095K, committed 1216K, reserved 1048576K
}
Event: 3.500 GC heap before
{Heap before GC invocations=2 (full 0):
 PSYoungGen      total 29696K, used 28772K [0x00000000eab00000, 0x00000000ecc00000, 0x0000000100000000)
  eden space 25600K, 100% used [0x00000000eab00000,0x00000000ec400000,0x00000000ec400000)
  from space 4096K, 77% used [0x00000000ec400000,0x00000000ec719278,0x00000000ec800000)
  to   space 4096K, 0% used [0x00000000ec800000,0x00000000ec800000,0x00000000ecc00000)
 ParOldGen       total 68608K, used 0K [0x00000000c0000000, 0x00000000c4300000, 0x00000000eab00000)
  object space 68608K, 0% used [0x00000000c0000000,0x00000000c0000000,0x00000000c4300000)
 Metaspace       used 14629K, committed 14784K, reserved 1114112K
  class space    used 1481K, committed 1536K, reserved 1048576K
}
Event: 3.516 GC heap after
{Heap after GC invocations=2 (full 0):
 PSYoungGen      total 29696K, used 4083K [0x00000000eab00000, 0x00000000ecc00000, 0x0000000100000000)
  eden space 25600K, 0% used [0x00000000eab00000,0x00000000eab00000,0x00000000ec400000)
  from space 4096K, 99% used [0x00000000ec800000,0x00000000ecbfcf38,0x00000000ecc00000)
  to   space 4096K, 0% used [0x00000000ec400000,0x00000000ec400000,0x00000000ec800000)
 ParOldGen       total 68608K, used 770K [0x00000000c0000000, 0x00000000c4300000, 0x00000000eab00000)
  object space 68608K, 1% used [0x00000000c0000000,0x00000000c00c0b60,0x00000000c4300000)
 Metaspace       used 14629K, committed 14784K, reserved 1114112K
  class space    used 1481K, committed 1536K, reserved 1048576K
}

Dll operation events (9 events):
Event: 0.018 Loaded shared library c:\Users\match\.cursor\extensions\redhat.java-1.32.0-win32-x64\jre\17.0.11-win32-x86_64\bin\java.dll
Event: 0.414 Loaded shared library c:\Users\match\.cursor\extensions\redhat.java-1.32.0-win32-x64\jre\17.0.11-win32-x86_64\bin\zip.dll
Event: 0.419 Loaded shared library C:\Users\match\.cursor\extensions\redhat.java-1.32.0-win32-x64\jre\17.0.11-win32-x86_64\bin\instrument.dll
Event: 0.445 Loaded shared library C:\Users\match\.cursor\extensions\redhat.java-1.32.0-win32-x64\jre\17.0.11-win32-x86_64\bin\net.dll
Event: 0.449 Loaded shared library C:\Users\match\.cursor\extensions\redhat.java-1.32.0-win32-x64\jre\17.0.11-win32-x86_64\bin\nio.dll
Event: 0.464 Loaded shared library C:\Users\match\.cursor\extensions\redhat.java-1.32.0-win32-x64\jre\17.0.11-win32-x86_64\bin\zip.dll
Event: 0.502 Loaded shared library C:\Users\match\.cursor\extensions\redhat.java-1.32.0-win32-x64\jre\17.0.11-win32-x86_64\bin\jimage.dll
Event: 0.633 Loaded shared library c:\Users\match\.cursor\extensions\redhat.java-1.32.0-win32-x64\jre\17.0.11-win32-x86_64\bin\verify.dll
Event: 3.228 Loaded shared library C:\Users\match\AppData\Roaming\Cursor\User\globalStorage\redhat.java\1.32.0\config_ss_win\org.eclipse.equinox.launcher\org.eclipse.equinox.launcher.win32.win32.x86_64_1.2.1100.v20240613-2013\eclipse_11903.dll

Deoptimization events (20 events):
Event: 3.283 Thread 0x000001be2b2ac580 Uncommon trap: trap_request=0xffffff6e fr.pc=0x000001be1a52000c relative=0x000000000000036c
Event: 3.283 Thread 0x000001be2b2ac580 Uncommon trap: reason=loop_limit_check action=maybe_recompile pc=0x000001be1a52000c method=java.lang.StringLatin1.indexOf([BI[BII)I @ 37 c2
Event: 3.283 Thread 0x000001be2b2ac580 DEOPT PACKING pc=0x000001be1a52000c sp=0x00000071bbff8af0
Event: 3.283 Thread 0x000001be2b2ac580 DEOPT UNPACKING pc=0x000001be19f79ea3 sp=0x00000071bbff8a50 mode 2
Event: 3.352 Thread 0x000001be2b2ac580 Uncommon trap: trap_request=0xffffffbe fr.pc=0x000001be1a53a2f0 relative=0x0000000000001950
Event: 3.352 Thread 0x000001be2b2ac580 Uncommon trap: reason=profile_predicate action=maybe_recompile pc=0x000001be1a53a2f0 method=jdk.internal.jimage.ImageStringsReader.stringFromByteBufferMatches(Ljava/nio/ByteBuffer;ILjava/lang/String;I)I @ 19 c2
Event: 3.352 Thread 0x000001be2b2ac580 DEOPT PACKING pc=0x000001be1a53a2f0 sp=0x00000071bbffca60
Event: 3.352 Thread 0x000001be2b2ac580 DEOPT UNPACKING pc=0x000001be19f79ea3 sp=0x00000071bbffc7b8 mode 2
Event: 3.352 Thread 0x000001be2b2ac580 Uncommon trap: trap_request=0xffffffbe fr.pc=0x000001be1a53a2f0 relative=0x0000000000001950
Event: 3.352 Thread 0x000001be2b2ac580 Uncommon trap: reason=profile_predicate action=maybe_recompile pc=0x000001be1a53a2f0 method=jdk.internal.jimage.ImageStringsReader.stringFromByteBufferMatches(Ljava/nio/ByteBuffer;ILjava/lang/String;I)I @ 19 c2
Event: 3.352 Thread 0x000001be2b2ac580 DEOPT PACKING pc=0x000001be1a53a2f0 sp=0x00000071bbffca60
Event: 3.352 Thread 0x000001be2b2ac580 DEOPT UNPACKING pc=0x000001be19f79ea3 sp=0x00000071bbffc7b8 mode 2
Event: 3.352 Thread 0x000001be2b2ac580 Uncommon trap: trap_request=0xffffffbe fr.pc=0x000001be1a53a2f0 relative=0x0000000000001950
Event: 3.352 Thread 0x000001be2b2ac580 Uncommon trap: reason=profile_predicate action=maybe_recompile pc=0x000001be1a53a2f0 method=jdk.internal.jimage.ImageStringsReader.stringFromByteBufferMatches(Ljava/nio/ByteBuffer;ILjava/lang/String;I)I @ 19 c2
Event: 3.352 Thread 0x000001be2b2ac580 DEOPT PACKING pc=0x000001be1a53a2f0 sp=0x00000071bbffca60
Event: 3.352 Thread 0x000001be2b2ac580 DEOPT UNPACKING pc=0x000001be19f79ea3 sp=0x00000071bbffc7b8 mode 2
Event: 3.352 Thread 0x000001be2b2ac580 Uncommon trap: trap_request=0xffffffbe fr.pc=0x000001be1a53a2f0 relative=0x0000000000001950
Event: 3.352 Thread 0x000001be2b2ac580 Uncommon trap: reason=profile_predicate action=maybe_recompile pc=0x000001be1a53a2f0 method=jdk.internal.jimage.ImageStringsReader.stringFromByteBufferMatches(Ljava/nio/ByteBuffer;ILjava/lang/String;I)I @ 19 c2
Event: 3.352 Thread 0x000001be2b2ac580 DEOPT PACKING pc=0x000001be1a53a2f0 sp=0x00000071bbffca60
Event: 3.352 Thread 0x000001be2b2ac580 DEOPT UNPACKING pc=0x000001be19f79ea3 sp=0x00000071bbffc7b8 mode 2

Classes unloaded (0 events):
No events

Classes redefined (0 events):
No events

Internal exceptions (20 events):
Event: 1.802 Thread 0x000001be0e580550 Exception <a 'java/lang/ClassNotFoundException'{0x00000000ec0d4ec8}: sun/net/www/protocol/c/Handler> (0x00000000ec0d4ec8) 
thrown [s\src\hotspot\share\classfile\systemDictionary.cpp, line 256]
Event: 1.802 Thread 0x000001be0e580550 Exception <a 'java/lang/ClassNotFoundException'{0x00000000ec0d6258}: sun/net/www/protocol/c/Handler> (0x00000000ec0d6258) 
thrown [s\src\hotspot\share\classfile\systemDictionary.cpp, line 256]
Event: 1.803 Thread 0x000001be0e580550 Exception <a 'java/lang/ClassNotFoundException'{0x00000000ec0d7448}: sun/net/www/protocol/c/Handler> (0x00000000ec0d7448) 
thrown [s\src\hotspot\share\classfile\systemDictionary.cpp, line 256]
Event: 1.815 Thread 0x000001be0e580550 Exception <a 'java/io/FileNotFoundException'{0x00000000ec0faab8}> (0x00000000ec0faab8) 
thrown [s\src\hotspot\share\prims\jni.cpp, line 516]
Event: 1.881 Thread 0x000001be0e580550 Implicit null exception at 0x000001be1a51b87b to 0x000001be1a51c2c0
Event: 1.881 Thread 0x000001be0e580550 Implicit null exception at 0x000001be1a50ceec to 0x000001be1a50d0cc
Event: 1.882 Thread 0x000001be0e580550 Implicit null exception at 0x000001be1a504e8c to 0x000001be1a5050bc
Event: 1.882 Thread 0x000001be0e580550 Implicit null exception at 0x000001be1a50288f to 0x000001be1a502905
Event: 2.025 Thread 0x000001be0e580550 Exception <a 'java/lang/NoSuchMethodError'{0x00000000ec3d4e80}: 'int java.lang.invoke.DirectMethodHandle$Holder.invokeStaticInit(java.lang.Object, java.lang.Object, java.lang.Object, java.lang.Object)'> (0x00000000ec3d4e80) 
thrown [s\src\hotspot\share\interpreter\linkResolver.cpp, line 759]
Event: 2.028 Thread 0x000001be0e580550 Exception <a 'java/lang/NoSuchMethodError'{0x00000000ec3df4f0}: 'java.lang.Object java.lang.invoke.DirectMethodHandle$Holder.invokeInterface(java.lang.Object, java.lang.Object)'> (0x00000000ec3df4f0) 
thrown [s\src\hotspot\share\interpreter\linkResolver.cpp, line 759]
Event: 2.028 Thread 0x000001be0e580550 Exception <a 'java/lang/IncompatibleClassChangeError'{0x00000000ec3e2ce8}: Found class java.lang.Object, but interface was expected> (0x00000000ec3e2ce8) 
thrown [s\src\hotspot\share\interpreter\linkResolver.cpp, line 826]
Event: 2.030 Thread 0x000001be0e580550 Exception <a 'java/lang/NoSuchMethodError'{0x00000000ec3e71d8}: 'void java.lang.invoke.DirectMethodHandle$Holder.invokeStatic(java.lang.Object, java.lang.Object)'> (0x00000000ec3e71d8) 
thrown [s\src\hotspot\share\interpreter\linkResolver.cpp, line 759]
Event: 2.031 Thread 0x000001be0e580550 Exception <a 'java/lang/NoSuchMethodError'{0x00000000ec3ea9d8}: 'void java.lang.invoke.DirectMethodHandle$Holder.invokeStaticInit(java.lang.Object, java.lang.Object)'> (0x00000000ec3ea9d8) 
thrown [s\src\hotspot\share\interpreter\linkResolver.cpp, line 759]
Event: 2.045 Thread 0x000001be0e580550 Exception <a 'java/lang/NoSuchMethodError'{0x00000000ec3f1e08}: 'int java.lang.invoke.DirectMethodHandle$Holder.invokeStaticInit(java.lang.Object, java.lang.Object)'> (0x00000000ec3f1e08) 
thrown [s\src\hotspot\share\interpreter\linkResolver.cpp, line 759]
Event: 2.198 Thread 0x000001be0e580550 Exception <a 'java/lang/NoSuchMethodError'{0x00000000eac5d988}: 'void java.lang.invoke.DirectMethodHandle$Holder.invokeSpecial(java.lang.Object, java.lang.Object, java.lang.Object)'> (0x00000000eac5d988) 
thrown [s\src\hotspot\share\interpreter\linkResolver.cpp, line 759]
Event: 2.841 Thread 0x000001be0e580550 Exception <a 'java/lang/NoSuchMethodError'{0x00000000eb90c580}: 'java.lang.Object java.lang.invoke.DirectMethodHandle$Holder.newInvokeSpecial(java.lang.Object, int, java.lang.Object)'> (0x00000000eb90c580) 
thrown [s\src\hotspot\share\interpreter\linkResolver.cpp, line 759]
Event: 3.218 Thread 0x000001be0e580550 Exception <a 'java/lang/UnsatisfiedLinkError'{0x00000000ebe98ef8}: 'void org.eclipse.equinox.launcher.JNIBridge._update_splash()'> (0x00000000ebe98ef8) 
thrown [s\src\hotspot\share\prims\nativeLookup.cpp, line 543]
Event: 3.349 Thread 0x000001be2b2ac580 Exception <a 'java/lang/NoSuchMethodError'{0x00000000ec1d3368}: 'java.lang.Object java.lang.invoke.DirectMethodHandle$Holder.invokeStaticInit(java.lang.Object)'> (0x00000000ec1d3368) 
thrown [s\src\hotspot\share\interpreter\linkResolver.cpp, line 759]
Event: 3.454 Thread 0x000001be2b2ac580 Exception <a 'java/lang/NullPointerException'{0x00000000ec3153c8}> (0x00000000ec3153c8) 
thrown [s\src\hotspot\share\interpreter\linkResolver.cpp, line 1350]
Event: 3.454 Thread 0x000001be2b2ac580 Exception <a 'java/lang/NullPointerException'{0x00000000ec3156a0}> (0x00000000ec3156a0) 
thrown [s\src\hotspot\share\interpreter\linkResolver.cpp, line 1350]

VM Operations (20 events):
Event: 1.247 Executing VM operation: Cleanup
Event: 1.248 Executing VM operation: Cleanup done
Event: 1.299 Executing VM operation: HandshakeAllThreads
Event: 1.299 Executing VM operation: HandshakeAllThreads done
Event: 2.058 Executing VM operation: ParallelGCFailedAllocation
Event: 2.086 Executing VM operation: ParallelGCFailedAllocation done
Event: 2.781 Executing VM operation: HandshakeAllThreads
Event: 2.781 Executing VM operation: HandshakeAllThreads done
Event: 2.782 Executing VM operation: HandshakeAllThreads
Event: 2.782 Executing VM operation: HandshakeAllThreads done
Event: 2.795 Executing VM operation: HandshakeAllThreads
Event: 2.795 Executing VM operation: HandshakeAllThreads done
Event: 2.830 Executing VM operation: HandshakeAllThreads
Event: 2.830 Executing VM operation: HandshakeAllThreads done
Event: 3.438 Executing VM operation: HandshakeAllThreads
Event: 3.438 Executing VM operation: HandshakeAllThreads done
Event: 3.438 Executing VM operation: Cleanup
Event: 3.439 Executing VM operation: Cleanup done
Event: 3.500 Executing VM operation: ParallelGCFailedAllocation
Event: 3.516 Executing VM operation: ParallelGCFailedAllocation done

Events (20 events):
Event: 3.488 loading class java/util/stream/AbstractSpinedBuffer done
Event: 3.488 loading class java/util/stream/SpinedBuffer done
Event: 3.489 loading class java/util/stream/StreamSpliterators
Event: 3.490 loading class java/util/stream/StreamSpliterators done
Event: 3.490 loading class java/util/function/BooleanSupplier
Event: 3.490 loading class java/util/function/BooleanSupplier done
Event: 3.495 loading class org/xml/sax/SAXException
Event: 3.495 loading class org/xml/sax/SAXException done
Event: 3.495 loading class javax/xml/parsers/SAXParserFactory
Event: 3.496 loading class javax/xml/parsers/SAXParserFactory done
Event: 3.496 loading class javax/xml/parsers/FactoryFinder
Event: 3.496 loading class javax/xml/parsers/FactoryFinder done
Event: 3.496 loading class jdk/xml/internal/SecuritySupport
Event: 3.497 loading class jdk/xml/internal/SecuritySupport done
Event: 3.524 loading class java/lang/invoke/BoundMethodHandle$Species_LLLLLLLL
Event: 3.525 loading class java/lang/invoke/BoundMethodHandle$Species_LLLLLLLL done
Event: 3.528 loading class java/lang/invoke/BoundMethodHandle$Species_LLLLLLLLL
Event: 3.528 loading class java/lang/invoke/BoundMethodHandle$Species_LLLLLLLLL done
Event: 3.532 loading class javax/xml/parsers/FactoryFinder$1
Event: 3.533 loading class javax/xml/parsers/FactoryFinder$1 done


Dynamic libraries:
0x00007ff7834d0000 - 0x00007ff7834de000 	c:\Users\match\.cursor\extensions\redhat.java-1.32.0-win32-x64\jre\17.0.11-win32-x86_64\bin\java.exe
0x00007ffc71290000 - 0x00007ffc714a7000 	C:\WINDOWS\SYSTEM32\ntdll.dll
0x00007ffc701a0000 - 0x00007ffc70264000 	C:\WINDOWS\System32\KERNEL32.DLL
0x00007ffc6e700000 - 0x00007ffc6eaad000 	C:\WINDOWS\System32\KERNELBASE.dll
0x00007ffc6ed90000 - 0x00007ffc6eea1000 	C:\WINDOWS\System32\ucrtbase.dll
0x00007ffc51e90000 - 0x00007ffc51ea7000 	c:\Users\match\.cursor\extensions\redhat.java-1.32.0-win32-x64\jre\17.0.11-win32-x86_64\bin\jli.dll
0x00007ffc51a50000 - 0x00007ffc51a6b000 	c:\Users\match\.cursor\extensions\redhat.java-1.32.0-win32-x64\jre\17.0.11-win32-x86_64\bin\VCRUNTIME140.dll
0x00007ffc70910000 - 0x00007ffc70abe000 	C:\WINDOWS\System32\USER32.dll
0x00007ffc6ed60000 - 0x00007ffc6ed86000 	C:\WINDOWS\System32\win32u.dll
0x00007ffc5d8e0000 - 0x00007ffc5db73000 	C:\WINDOWS\WinSxS\amd64_microsoft.windows.common-controls_6595b64144ccf1df_6.0.22621.3672_none_2713b9d173822955\COMCTL32.dll
0x00007ffc70160000 - 0x00007ffc70189000 	C:\WINDOWS\System32\GDI32.dll
0x00007ffc6eeb0000 - 0x00007ffc6efc9000 	C:\WINDOWS\System32\gdi32full.dll
0x00007ffc70ac0000 - 0x00007ffc70b67000 	C:\WINDOWS\System32\msvcrt.dll
0x00007ffc6e5c0000 - 0x00007ffc6e65a000 	C:\WINDOWS\System32\msvcp_win.dll
0x00007ffc70120000 - 0x00007ffc70151000 	C:\WINDOWS\System32\IMM32.DLL
0x00007ffc66680000 - 0x00007ffc6668c000 	c:\Users\match\.cursor\extensions\redhat.java-1.32.0-win32-x64\jre\17.0.11-win32-x86_64\bin\vcruntime140_1.dll
0x00007ffc26fb0000 - 0x00007ffc2703d000 	c:\Users\match\.cursor\extensions\redhat.java-1.32.0-win32-x64\jre\17.0.11-win32-x86_64\bin\msvcp140.dll
0x00007ffbef7c0000 - 0x00007ffbf0422000 	c:\Users\match\.cursor\extensions\redhat.java-1.32.0-win32-x64\jre\17.0.11-win32-x86_64\bin\server\jvm.dll
0x00007ffc6efd0000 - 0x00007ffc6f082000 	C:\WINDOWS\System32\ADVAPI32.dll
0x00007ffc6fbb0000 - 0x00007ffc6fc59000 	C:\WINDOWS\System32\sechost.dll
0x00007ffc6e660000 - 0x00007ffc6e688000 	C:\WINDOWS\System32\bcrypt.dll
0x00007ffc70bb0000 - 0x00007ffc70cc4000 	C:\WINDOWS\System32\RPCRT4.dll
0x00007ffc6d450000 - 0x00007ffc6d49d000 	C:\WINDOWS\SYSTEM32\POWRPROF.dll
0x00007ffc4fd60000 - 0x00007ffc4fd69000 	C:\WINDOWS\SYSTEM32\WSOCK32.dll
0x00007ffc66410000 - 0x00007ffc66444000 	C:\WINDOWS\SYSTEM32\WINMM.dll
0x00007ffc6fb30000 - 0x00007ffc6fba1000 	C:\WINDOWS\System32\WS2_32.dll
0x00007ffc66400000 - 0x00007ffc6640a000 	C:\WINDOWS\SYSTEM32\VERSION.dll
0x00007ffc6d430000 - 0x00007ffc6d443000 	C:\WINDOWS\SYSTEM32\UMPDC.dll
0x00007ffc6d680000 - 0x00007ffc6d698000 	C:\WINDOWS\SYSTEM32\kernel.appcore.dll
0x00007ffc51c70000 - 0x00007ffc51c7a000 	c:\Users\match\.cursor\extensions\redhat.java-1.32.0-win32-x64\jre\17.0.11-win32-x86_64\bin\jimage.dll
0x00007ffc6bf00000 - 0x00007ffc6c132000 	C:\WINDOWS\SYSTEM32\DBGHELP.DLL
0x00007ffc70270000 - 0x00007ffc705f8000 	C:\WINDOWS\System32\combase.dll
0x00007ffc6fa50000 - 0x00007ffc6fb27000 	C:\WINDOWS\System32\OLEAUT32.dll
0x00007ffc5c450000 - 0x00007ffc5c482000 	C:\WINDOWS\SYSTEM32\dbgcore.DLL
0x00007ffc6ece0000 - 0x00007ffc6ed5b000 	C:\WINDOWS\System32\bcryptPrimitives.dll
0x00007ffc51760000 - 0x00007ffc5176e000 	c:\Users\match\.cursor\extensions\redhat.java-1.32.0-win32-x64\jre\17.0.11-win32-x86_64\bin\instrument.dll
0x00007ffc4beb0000 - 0x00007ffc4bed5000 	c:\Users\match\.cursor\extensions\redhat.java-1.32.0-win32-x64\jre\17.0.11-win32-x86_64\bin\java.dll
0x00007ffc474e0000 - 0x00007ffc474f8000 	c:\Users\match\.cursor\extensions\redhat.java-1.32.0-win32-x64\jre\17.0.11-win32-x86_64\bin\zip.dll
0x00007ffc6f090000 - 0x00007ffc6f8ef000 	C:\WINDOWS\System32\SHELL32.dll
0x00007ffc6c510000 - 0x00007ffc6ce0c000 	C:\WINDOWS\SYSTEM32\windows.storage.dll
0x00007ffc6c3d0000 - 0x00007ffc6c50f000 	C:\WINDOWS\SYSTEM32\wintypes.dll
0x00007ffc70cd0000 - 0x00007ffc70dc4000 	C:\WINDOWS\System32\SHCORE.dll
0x00007ffc6fe50000 - 0x00007ffc6feae000 	C:\WINDOWS\System32\shlwapi.dll
0x00007ffc6e4f0000 - 0x00007ffc6e511000 	C:\WINDOWS\SYSTEM32\profapi.dll
0x00007ffc3d970000 - 0x00007ffc3d989000 	C:\Users\match\.cursor\extensions\redhat.java-1.32.0-win32-x64\jre\17.0.11-win32-x86_64\bin\net.dll
0x00007ffc67190000 - 0x00007ffc672c6000 	C:\WINDOWS\SYSTEM32\WINHTTP.dll
0x00007ffc6db50000 - 0x00007ffc6dbb9000 	C:\WINDOWS\system32\mswsock.dll
0x00007ffc3d900000 - 0x00007ffc3d916000 	C:\Users\match\.cursor\extensions\redhat.java-1.32.0-win32-x64\jre\17.0.11-win32-x86_64\bin\nio.dll
0x00007ffc516f0000 - 0x00007ffc51700000 	c:\Users\match\.cursor\extensions\redhat.java-1.32.0-win32-x64\jre\17.0.11-win32-x86_64\bin\verify.dll
0x00007ffc3c5f0000 - 0x00007ffc3c634000 	C:\Users\match\AppData\Roaming\Cursor\User\globalStorage\redhat.java\1.32.0\config_ss_win\org.eclipse.equinox.launcher\org.eclipse.equinox.launcher.win32.win32.x86_64_1.2.1100.v20240613-2013\eclipse_11903.dll
0x00007ffc6fec0000 - 0x00007ffc70065000 	C:\WINDOWS\System32\ole32.dll

dbghelp: loaded successfully - version: 4.0.5 - missing functions: none
symbol engine: initialized successfully - sym options: 0x614 - pdb path: .;c:\Users\match\.cursor\extensions\redhat.java-1.32.0-win32-x64\jre\17.0.11-win32-x86_64\bin;C:\WINDOWS\SYSTEM32;C:\WINDOWS\WinSxS\amd64_microsoft.windows.common-controls_6595b64144ccf1df_6.0.22621.3672_none_2713b9d173822955;c:\Users\match\.cursor\extensions\redhat.java-1.32.0-win32-x64\jre\17.0.11-win32-x86_64\bin\server;C:\Users\match\AppData\Roaming\Cursor\User\globalStorage\redhat.java\1.32.0\config_ss_win\org.eclipse.equinox.launcher\org.eclipse.equinox.launcher.win32.win32.x86_64_1.2.1100.v20240613-2013

VM Arguments:
jvm_args: --add-modules=ALL-SYSTEM --add-opens=java.base/java.util=ALL-UNNAMED --add-opens=java.base/java.lang=ALL-UNNAMED --add-opens=java.base/sun.nio.fs=ALL-UNNAMED -Declipse.application=org.eclipse.jdt.ls.core.id1 -Dosgi.bundles.defaultStartLevel=4 -Declipse.product=org.eclipse.jdt.ls.core.product -Djava.import.generatesMetadataFilesAtProjectRoot=false -DDetectVMInstallationsJob.disabled=true -Dfile.encoding=utf8 -XX:+UseParallelGC -XX:GCTimeRatio=4 -XX:AdaptiveSizePolicyWeight=90 -Dsun.zip.disableMemoryMapping=true -Xmx1G -Xms100m -Xlog:disable -javaagent:c:\Users\match\.cursor\extensions\redhat.java-1.32.0-win32-x64\lombok\lombok-1.18.33.jar 
java_command: c:\Users\match\.cursor\extensions\redhat.java-1.32.0-win32-x64\server\plugins\org.eclipse.equinox.launcher_1.6.900.v20240613-2009.jar -configuration c:\Users\match\AppData\Roaming\Cursor\User\globalStorage\redhat.java\1.32.0\config_ss_win -data c:\Users\match\AppData\Roaming\Cursor\User\workspaceStorage\a9ddf05bb256a53f2bb4febab6376a0f\redhat.java\ss_ws --pipe=\\.\pipe\lsp-fdb3576cabaa35c252289b1e52c737eb-sock
java_class_path (initial): c:\Users\match\.cursor\extensions\redhat.java-1.32.0-win32-x64\server\plugins\org.eclipse.equinox.launcher_1.6.900.v20240613-2009.jar
Launcher Type: SUN_STANDARD

[Global flags]
    uintx AdaptiveSizePolicyWeight                 = 90                                        {product} {command line}
     intx CICompilerCount                          = 4                                         {product} {ergonomic}
    uintx GCTimeRatio                              = 4                                         {product} {command line}
   size_t InitialHeapSize                          = 104857600                                 {product} {command line}
   size_t MaxHeapSize                              = 1073741824                                {product} {command line}
   size_t MaxNewSize                               = 357564416                                 {product} {ergonomic}
   size_t MinHeapDeltaBytes                        = 524288                                    {product} {ergonomic}
   size_t MinHeapSize                              = 104857600                                 {product} {command line}
   size_t NewSize                                  = 34603008                                  {product} {ergonomic}
    uintx NonNMethodCodeHeapSize                   = 5839372                                {pd product} {ergonomic}
    uintx NonProfiledCodeHeapSize                  = 122909434                              {pd product} {ergonomic}
   size_t OldSize                                  = 70254592                                  {product} {ergonomic}
    uintx ProfiledCodeHeapSize                     = 122909434                              {pd product} {ergonomic}
    uintx ReservedCodeCacheSize                    = 251658240                              {pd product} {ergonomic}
     bool SegmentedCodeCache                       = true                                      {product} {ergonomic}
   size_t SoftMaxHeapSize                          = 1073741824                             {manageable} {ergonomic}
     bool UseCompressedClassPointers               = true                           {product lp64_product} {ergonomic}
     bool UseCompressedOops                        = true                           {product lp64_product} {ergonomic}
     bool UseLargePagesIndividualAllocation        = false                                  {pd product} {ergonomic}
     bool UseParallelGC                            = true                                      {product} {command line}

Logging:
Log output configuration:
 #0: stdout all=off uptime,level,tags
 #1: stderr all=off uptime,level,tags

Environment Variables:
JAVA_HOME=C:\Program Files\Java\jdk-22
PATH=C:\Program Files\Common Files\Oracle\Java\javapath;c:\Users\match\AppData\Local\Programs\cursor\resources\app\bin;C:\Program Files (x86)\Falcon\MinGW\bin;C:\Windows\system32;C:\Windows;C:\Windows\System32\Wbem;C:\Windows\System32\WindowsPowerShell\v1.0\;C:\Windows\System32\OpenSSH\;C:\WINDOWS\system32;C:\WINDOWS;C:\WINDOWS\System32\Wbem;C:\WINDOWS\System32\WindowsPowerShell\v1.0\;C:\WINDOWS\System32\OpenSSH\;C:\MinGW\bin;C:\Users\match\AppData\Local\Microsoft\WindowsApps;C:\Program Files (x86)\Nmap;C:\adb;C:\Users\match\AppData\Local\Programs\Python\Python37\;C:\Users\match\AppData\Local\Programs\Python\Python37\Scripts\;C:\Users\match\AppData\Local\Programs\Python\Python37\;C:\Users\match\AppData\Local\Microsoft\WindowsApps;C:\MinGW\bin;C:\Program;c:\Users\match\AppData\Local\Programs\cursor\resources\app\bin;C:\Program Files\Git\cmd;C:\Program Files\Maven\apache-maven-3.9.7\bin;C:\Program Files\Java\jdk-22\bin;C:\Program Files\Java\javafx-sdk-22.0.1\bin;C:\Users\match\AppData\Local\Programs\Python\Python37\Scripts\;C:\Users\match\AppData\Local\Programs\Python\Python37\;C:\Users\match\AppData\Local\Microsoft\WindowsApps;C:\MinGW\bin;C:\Program Files (x86)\Nmap;C:\Users\match\AppData\Local\spicetify;;C:\Program Files\JetBrains\IntelliJ IDEA 2024.1.2\bin;
USERNAME=match
OS=Windows_NT
PROCESSOR_IDENTIFIER=Intel64 Family 6 Model 140 Stepping 1, GenuineIntel
TMP=C:\Users\match\AppData\Local\Temp
TEMP=C:\Users\match\AppData\Local\Temp



Periodic native trim disabled


---------------  S Y S T E M  ---------------

OS:
 Windows 11 , 64 bit Build 22621 (10.0.22621.3672)
OS uptime: 0 days 2:54 hours

CPU: total 8 (initial active 8) (4 cores per cpu, 2 threads per core) family 6 model 140 stepping 1 microcode 0x86, cx8, cmov, fxsr, ht, mmx, 3dnowpref, sse, sse2, sse3, ssse3, sse4.1, sse4.2, popcnt, lzcnt, tsc, tscinvbit, avx, avx2, aes, erms, clmul, bmi1, bmi2, adx, avx512f, avx512dq, avx512cd, avx512bw, avx512vl, sha, fma, vzeroupper, avx512_vpopcntdq, avx512_vpclmulqdq, avx512_vaes, avx512_vnni, clflush, clflushopt, clwb, avx512_vbmi2, avx512_vbmi
Processor Information for all 8 processors :
  Max Mhz: 2419, Current Mhz: 2419, Mhz Limit: 2419

Memory: 4k page, system-wide physical 7884M (650M free)
TotalPageFile size 16076M (AvailPageFile size 2M)
current process WorkingSet (physical memory assigned to process): 91M, peak: 91M
current process commit charge ("private bytes"): 207M, peak: 208M

vm_info: OpenJDK 64-Bit Server VM (17.0.11+9) for windows-amd64 JRE (17.0.11+9), built on Apr 17 2024 06:07:48 by "admin" with MS VC++ 16.10 / 16.11 (VS2019)

END.
