#
# There is insufficient memory for the Java Runtime Environment to continue.
# Native memory allocation (mmap) failed to map 130023424 bytes. Error detail: G1 virtual space
# Possible reasons:
#   The system is out of physical RAM or swap space
#   This process is running with CompressedOops enabled, and the Java Heap may be blocking the growth of the native heap
# Possible solutions:
#   Reduce memory load on the system
#   Increase physical memory or swap space
#   Check if swap backing store is full
#   Decrease Java heap size (-Xmx/-Xms)
#   Decrease number of Java threads
#   Decrease Java thread stack sizes (-Xss)
#   Set larger code cache with -XX:ReservedCodeCacheSize=
#   JVM is running with Unscaled Compressed Oops mode in which the Java heap is
#     placed in the first 4GB address space. The Java Heap base address is the
#     maximum limit for the native heap growth. Please use -XX:HeapBaseMinAddress
#     to set the Java Heap base and to place the Java Heap above 4GB virtual address.
# This output file may be truncated or incomplete.
#
#  Out of Memory Error (os_windows.cpp:3631), pid=11652, tid=5972
#
# JRE version:  (22.0.1+8) (build )
# Java VM: Java HotSpot(TM) 64-Bit Server VM (22.0.1+8-16, mixed mode, sharing, tiered, compressed oops, compressed class ptrs, g1 gc, windows-amd64)
# No core dump will be written. Minidumps are not enabled by default on client versions of Windows
#

---------------  S U M M A R Y ------------

Command Line: -Dclassworlds.conf=C:\Program Files\Maven\apache-maven-3.9.7\bin\m2.conf -Dmaven.home=C:\Program Files\Maven\apache-maven-3.9.7 -Dlibrary.jansi.path=C:\Program Files\Maven\apache-maven-3.9.7\lib\jansi-native -Dmaven.multiModuleProjectDirectory=C:\Users\match\OneDrive\Desktop\MovieTicketBookingManagement org.codehaus.plexus.classworlds.launcher.Launcher clean install -U

Host: 11th Gen Intel(R) Core(TM) i5-1135G7 @ 2.40GHz, 8 cores, 7G,  Windows 11 , 64 bit Build 22621 (10.0.22621.3672)
Time: Mon Jul  1 10:57:13 2024 SE Asia Standard Time elapsed time: 0.018932 seconds (0d 0h 0m 0s)

---------------  T H R E A D  ---------------

Current thread (0x000001554a67f910):  JavaThread "Unknown thread" [_thread_in_vm, id=5972, stack(0x0000004801700000,0x0000004801800000) (1024K)]

Stack: [0x0000004801700000,0x0000004801800000]
Native frames: (J=compiled Java code, j=interpreted, Vv=VM code, C=native code)
V  [jvm.dll+0x6e2279]  (no source info available)
V  [jvm.dll+0x874e33]  (no source info available)
V  [jvm.dll+0x87725e]  (no source info available)
V  [jvm.dll+0x877933]  (no source info available)
V  [jvm.dll+0x27fd76]  (no source info available)
V  [jvm.dll+0x6de915]  (no source info available)
V  [jvm.dll+0x6d341a]  (no source info available)
V  [jvm.dll+0x3589da]  (no source info available)
V  [jvm.dll+0x360f06]  (no source info available)
V  [jvm.dll+0x3b3e2e]  (no source info available)
V  [jvm.dll+0x3b40d8]  (no source info available)
V  [jvm.dll+0x32c59c]  (no source info available)
V  [jvm.dll+0x32d158]  (no source info available)
V  [jvm.dll+0x83ccdc]  (no source info available)
V  [jvm.dll+0x3c0d71]  (no source info available)
V  [jvm.dll+0x825ccc]  (no source info available)
V  [jvm.dll+0x45b8fe]  (no source info available)
V  [jvm.dll+0x45d781]  (no source info available)
C  [jli.dll+0x52a3]  (no source info available)
C  [ucrtbase.dll+0x29333]  (no source info available)
C  [KERNEL32.DLL+0x1257d]  (no source info available)
C  [ntdll.dll+0x5af28]  (no source info available)


---------------  P R O C E S S  ---------------

Threads class SMR info:
_java_thread_list=0x00007ffe6b47b1c8, length=0, elements={
}

Java Threads: ( => current thread )
Total: 0

Other Threads:
  0x000001554a6d7a20 WorkerThread "GC Thread#0"                     [id=9960, stack(0x0000004801800000,0x0000004801900000) (1024K)]
  0x000001554a7043b0 ConcurrentGCThread "G1 Main Marker"            [id=14352, stack(0x0000004801900000,0x0000004801a00000) (1024K)]
  0x000001554a705570 WorkerThread "G1 Conc#0"                       [id=8444, stack(0x0000004801a00000,0x0000004801b00000) (1024K)]

[error occurred during error reporting (printing all threads), id 0xc0000005, EXCEPTION_ACCESS_VIOLATION (0xc0000005) at pc=0x00007ffe6abcf367]
VM state: not at safepoint (not fully initialized)

VM Mutex/Monitor currently owned by a thread:  ([mutex/lock_event])
[0x00007ffe6b4fbcb8] Heap_lock - owner thread: 0x000001554a67f910

Heap address: 0x0000000084c00000, size: 1972 MB, Compressed Oops mode: 32-bit

CDS archive(s) mapped at: [0x0000000000000000-0x0000000000000000-0x0000000000000000), size 0, SharedBaseAddress: 0x0000000800000000, ArchiveRelocationMode: 1.
Narrow klass base: 0x0000000000000000, Narrow klass shift: 0, Narrow klass range: 0x0

GC Precious Log:
 CardTable entry size: 512
 Card Set container configuration: InlinePtr #cards 5 size 8 Array Of Cards #cards 12 size 40 Howl #buckets 4 coarsen threshold 1843 Howl Bitmap #cards 512 size 80 coarsen threshold 460 Card regions per heap region 1 cards per card region 2048

Heap:
 garbage-first heap   total reserved 2019328K, committed 0K, used 0K [0x0000000084c00000, 0x0000000100000000)
  region size 1024K, 0 young (0K), 0 survivors (0K)

[error occurred during error reporting (printing heap information), id 0xc0000005, EXCEPTION_ACCESS_VIOLATION (0xc0000005) at pc=0x00007ffe6afce429]
GC Heap History (0 events):
No events

Dll operation events (1 events):
Event: 0.010 Loaded shared library C:\Program Files\Java\jdk-22\bin\java.dll

Deoptimization events (0 events):
No events

Classes loaded (0 events):
No events

Classes unloaded (0 events):
No events

Classes redefined (0 events):
No events

Internal exceptions (0 events):
No events

ZGC Phase Switch (0 events):
No events

VM Operations (0 events):
No events

Events (0 events):
No events


Dynamic libraries:
0x00007ff68f640000 - 0x00007ff68f650000 	C:\Program Files\Java\jdk-22\bin\java.exe
0x00007ffef14f0000 - 0x00007ffef1707000 	C:\WINDOWS\SYSTEM32\ntdll.dll
0x00007ffef0060000 - 0x00007ffef0124000 	C:\WINDOWS\System32\KERNEL32.DLL
0x00007ffeeeb50000 - 0x00007ffeeeefd000 	C:\WINDOWS\System32\KERNELBASE.dll
0x00007ffeee990000 - 0x00007ffeeeaa1000 	C:\WINDOWS\System32\ucrtbase.dll
0x00007ffecfde0000 - 0x00007ffecfdfb000 	C:\Program Files\Java\jdk-22\bin\VCRUNTIME140.dll
0x00007ffeba8b0000 - 0x00007ffeba8c7000 	C:\Program Files\Java\jdk-22\bin\jli.dll
0x00007ffef0710000 - 0x00007ffef07c2000 	C:\WINDOWS\System32\ADVAPI32.dll
0x00007ffef02d0000 - 0x00007ffef0377000 	C:\WINDOWS\System32\msvcrt.dll
0x00007ffef07d0000 - 0x00007ffef0879000 	C:\WINDOWS\System32\sechost.dll
0x00007ffeeef00000 - 0x00007ffeeef28000 	C:\WINDOWS\System32\bcrypt.dll
0x00007ffef01b0000 - 0x00007ffef02c4000 	C:\WINDOWS\System32\RPCRT4.dll
0x00007ffeefb00000 - 0x00007ffeefcae000 	C:\WINDOWS\System32\USER32.dll
0x00007ffed5eb0000 - 0x00007ffed6143000 	C:\WINDOWS\WinSxS\amd64_microsoft.windows.common-controls_6595b64144ccf1df_6.0.22621.3672_none_2713b9d173822955\COMCTL32.dll
0x00007ffeef200000 - 0x00007ffeef226000 	C:\WINDOWS\System32\win32u.dll
0x00007ffef0380000 - 0x00007ffef03a9000 	C:\WINDOWS\System32\GDI32.dll
0x00007ffeeefb0000 - 0x00007ffeef0c9000 	C:\WINDOWS\System32\gdi32full.dll
0x00007ffeeeab0000 - 0x00007ffeeeb4a000 	C:\WINDOWS\System32\msvcp_win.dll
0x00007ffee6740000 - 0x00007ffee674a000 	C:\WINDOWS\SYSTEM32\VERSION.dll
0x00007ffef1300000 - 0x00007ffef1331000 	C:\WINDOWS\System32\IMM32.DLL
0x00007ffed3860000 - 0x00007ffed386c000 	C:\Program Files\Java\jdk-22\bin\vcruntime140_1.dll
0x00007ffeba820000 - 0x00007ffeba8ae000 	C:\Program Files\Java\jdk-22\bin\msvcp140.dll
0x00007ffe6a890000 - 0x00007ffe6b5d7000 	C:\Program Files\Java\jdk-22\bin\server\jvm.dll
0x00007ffef0130000 - 0x00007ffef01a1000 	C:\WINDOWS\System32\WS2_32.dll
0x00007ffeed6b0000 - 0x00007ffeed6fd000 	C:\WINDOWS\SYSTEM32\POWRPROF.dll
0x00007ffee67e0000 - 0x00007ffee6814000 	C:\WINDOWS\SYSTEM32\WINMM.dll
0x00007ffeed690000 - 0x00007ffeed6a3000 	C:\WINDOWS\SYSTEM32\UMPDC.dll
0x00007ffeed8e0000 - 0x00007ffeed8f8000 	C:\WINDOWS\SYSTEM32\kernel.appcore.dll
0x00007ffed3380000 - 0x00007ffed338a000 	C:\Program Files\Java\jdk-22\bin\jimage.dll
0x00007ffeec2f0000 - 0x00007ffeec522000 	C:\WINDOWS\SYSTEM32\DBGHELP.DLL
0x00007ffeefcb0000 - 0x00007ffef0038000 	C:\WINDOWS\System32\combase.dll
0x00007ffef0e40000 - 0x00007ffef0f17000 	C:\WINDOWS\System32\OLEAUT32.dll
0x00007ffebb6b0000 - 0x00007ffebb6e2000 	C:\WINDOWS\SYSTEM32\dbgcore.DLL
0x00007ffeeef30000 - 0x00007ffeeefab000 	C:\WINDOWS\System32\bcryptPrimitives.dll
0x00007ffeba800000 - 0x00007ffeba81e000 	C:\Program Files\Java\jdk-22\bin\java.dll
0x00007ffeef230000 - 0x00007ffeefa8f000 	C:\WINDOWS\System32\SHELL32.dll
0x00007ffef0f80000 - 0x00007ffef1125000 	C:\WINDOWS\System32\ole32.dll

dbghelp: loaded successfully - version: 4.0.5 - missing functions: none
symbol engine: initialized successfully - sym options: 0x614 - pdb path: .;C:\Program Files\Java\jdk-22\bin;C:\WINDOWS\SYSTEM32;C:\WINDOWS\WinSxS\amd64_microsoft.windows.common-controls_6595b64144ccf1df_6.0.22621.3672_none_2713b9d173822955;C:\Program Files\Java\jdk-22\bin\server

VM Arguments:
jvm_args: -Dclassworlds.conf=C:\Program Files\Maven\apache-maven-3.9.7\bin\m2.conf -Dmaven.home=C:\Program Files\Maven\apache-maven-3.9.7 -Dlibrary.jansi.path=C:\Program Files\Maven\apache-maven-3.9.7\lib\jansi-native -Dmaven.multiModuleProjectDirectory=C:\Users\match\OneDrive\Desktop\MovieTicketBookingManagement 
java_command: org.codehaus.plexus.classworlds.launcher.Launcher clean install -U
java_class_path (initial): C:\Program Files\Maven\apache-maven-3.9.7\boot\plexus-classworlds-2.8.0.jar
Launcher Type: SUN_STANDARD

[Global flags]
     intx CICompilerCount                          = 4                                         {product} {ergonomic}
     uint ConcGCThreads                            = 2                                         {product} {ergonomic}
     uint G1ConcRefinementThreads                  = 8                                         {product} {ergonomic}
   size_t G1HeapRegionSize                         = 1048576                                   {product} {ergonomic}
   size_t InitialHeapSize                          = 130023424                                 {product} {ergonomic}
   size_t MarkStackSize                            = 4194304                                   {product} {ergonomic}
   size_t MaxHeapSize                              = 2067791872                                {product} {ergonomic}
   size_t MinHeapDeltaBytes                        = 1048576                                   {product} {ergonomic}
   size_t MinHeapSize                              = 8388608                                   {product} {ergonomic}
    uintx NonNMethodCodeHeapSize                   = 5839372                                {pd product} {ergonomic}
    uintx NonProfiledCodeHeapSize                  = 122909434                              {pd product} {ergonomic}
    uintx ProfiledCodeHeapSize                     = 122909434                              {pd product} {ergonomic}
    uintx ReservedCodeCacheSize                    = 251658240                              {pd product} {ergonomic}
     bool SegmentedCodeCache                       = true                                      {product} {ergonomic}
   size_t SoftMaxHeapSize                          = 2067791872                             {manageable} {ergonomic}
     bool UseCompressedOops                        = true                           {product lp64_product} {ergonomic}
     bool UseG1GC                                  = true                                      {product} {ergonomic}
     bool UseLargePagesIndividualAllocation        = false                                  {pd product} {ergonomic}

Logging:
Log output configuration:
 #0: stdout all=warning uptime,level,tags foldmultilines=false
 #1: stderr all=off uptime,level,tags foldmultilines=false

Environment Variables:
JAVA_HOME=C:\Program Files\Java\jdk-22
PATH=C:\Program Files\Common Files\Oracle\Java\javapath;C:\Program Files (x86)\Common Files\Oracle\Java\javapath;c:\Users\match\AppData\Local\Programs\cursor\resources\app\bin;C:\Program Files (x86)\Falcon\MinGW\bin;C:\Windows\system32;C:\Windows;C:\Windows\System32\Wbem;C:\Windows\System32\WindowsPowerShell\v1.0\;C:\Windows\System32\OpenSSH\;C:\WINDOWS\system32;C:\WINDOWS;C:\WINDOWS\System32\Wbem;C:\WINDOWS\System32\WindowsPowerShell\v1.0\;C:\WINDOWS\System32\OpenSSH\;C:\MinGW\bin;C:\Users\match\AppData\Local\Microsoft\WindowsApps;C:\Program Files (x86)\Nmap;C:\adb;C:\Users\match\AppData\Local\Programs\Python\Python37\;C:\Users\match\AppData\Local\Programs\Python\Python37\Scripts\;C:\Users\match\AppData\Local\Programs\Python\Python37\;C:\Users\match\AppData\Local\Microsoft\WindowsApps;C:\MinGW\bin;C:\Program;c:\Users\match\AppData\Local\Programs\cursor\resources\app\bin;C:\Program Files\Git\cmd;C:\Program Files\Maven\apache-maven-3.9.7\bin;C:\Program Files\Java\jdk-22\bin;C:\Program Files\Java\javafx-sdk-22.0.1\bin;C:\Users\match\AppData\Local\Programs\Python\Python37\Scripts\;C:\Users\match\AppData\Local\Programs\Python\Python37\;C:\Users\match\AppData\Local\Microsoft\WindowsApps;C:\MinGW\bin;C:\Program Files (x86)\Nmap;C:\Users\match\AppData\Local\spicetify;;C:\Program Files\JetBrains\IntelliJ IDEA 2024.1.2\bin;
USERNAME=match
OS=Windows_NT
PROCESSOR_IDENTIFIER=Intel64 Family 6 Model 140 Stepping 1, GenuineIntel
TMP=C:\Users\match\AppData\Local\Temp
TEMP=C:\Users\match\AppData\Local\Temp




Periodic native trim disabled

---------------  S Y S T E M  ---------------

OS:
 Windows 11 , 64 bit Build 22621 (10.0.22621.3672)
OS uptime: 0 days 2:32 hours

CPU: total 8 (initial active 8) (4 cores per cpu, 2 threads per core) family 6 model 140 stepping 1 microcode 0x86, cx8, cmov, fxsr, ht, mmx, 3dnowpref, sse, sse2, sse3, ssse3, sse4.1, sse4.2, popcnt, lzcnt, tsc, tscinvbit, avx, avx2, aes, erms, clmul, bmi1, bmi2, adx, avx512f, avx512dq, avx512cd, avx512bw, avx512vl, sha, fma, vzeroupper, avx512_vpopcntdq, avx512_vpclmulqdq, avx512_vaes, avx512_vnni, clflush, clflushopt, clwb, avx512_vbmi2, avx512_vbmi, rdtscp, rdpid, fsrm, gfni, avx512_bitalg, f16c, pku, cet_ibt, cet_ss, avx512_ifma
Processor Information for all 8 processors :
  Max Mhz: 2419, Current Mhz: 2419, Mhz Limit: 2419

Memory: 4k page, system-wide physical 7884M (641M free)
TotalPageFile size 16076M (AvailPageFile size 124M)
current process WorkingSet (physical memory assigned to process): 12M, peak: 12M
current process commit charge ("private bytes"): 60M, peak: 184M

vm_info: Java HotSpot(TM) 64-Bit Server VM (22.0.1+8-16) for windows-amd64 JRE (22.0.1+8-16), built on 2024-03-12T10:33:16Z by "mach5one" with MS VC++ 17.6 (VS2022)

END.
