#
# There is insufficient memory for the Java Runtime Environment to continue.
# Native memory allocation (malloc) failed to allocate 1048576 bytes. Error detail: AllocateHeap
# Possible reasons:
#   The system is out of physical RAM or swap space
#   This process is running with CompressedOops enabled, and the Java Heap may be blocking the growth of the native heap
# Possible solutions:
#   Reduce memory load on the system
#   Increase physical memory or swap space
#   Check if swap backing store is full
#   Decrease Java heap size (-Xmx/-Xms)
#   Decrease number of Java threads
#   Decrease Java thread stack sizes (-Xss)
#   Set larger code cache with -XX:ReservedCodeCacheSize=
#   JVM is running with Unscaled Compressed Oops mode in which the Java heap is
#     placed in the first 4GB address space. The Java Heap base address is the
#     maximum limit for the native heap growth. Please use -XX:HeapBaseMinAddress
#     to set the Java Heap base and to place the Java Heap above 4GB virtual address.
# This output file may be truncated or incomplete.
#
#  Out of Memory Error (allocation.cpp:44), pid=13600, tid=14180
#
# JRE version:  (22.0.1+8) (build )
# Java VM: OpenJDK 64-Bit Server VM (22.0.1+8-16, mixed mode, sharing, tiered, compressed oops, compressed class ptrs, g1 gc, windows-amd64)
# No core dump will be written. Minidumps are not enabled by default on client versions of Windows
#

---------------  S U M M A R Y ------------

Command Line: -agentlib:jdwp=transport=dt_socket,address=127.0.0.1:23240,suspend=y,server=n -javaagent:C:\Users\match\AppData\Local\JetBrains\IntelliJIdea2024.1\captureAgent\debugger-agent.jar -Dfile.encoding=UTF-8 -Dsun.stdout.encoding=UTF-8 -Dsun.stderr.encoding=UTF-8 --module-path=C:\Users\match\OneDrive\Desktop\MovieTicketBookingManagement\target\classes;C:\Users\match\.m2\repository\org\openjfx\javafx-fxml\13\javafx-fxml-13-win.jar;C:\Users\match\.m2\repository\org\openjfx\javafx-graphics\13\javafx-graphics-13-win.jar;C:\Users\match\.m2\repository\org\openjfx\javafx-controls\13\javafx-controls-13-win.jar;C:\Users\match\.m2\repository\org\openjfx\javafx-base\13\javafx-base-13-win.jar -Djdk.module.main=com.mycompany.movieticketbookingmanagement com.mycompany.movieticketbookingmanagement/com.mycompany.movieticketbookingmanagement.App

Host: 11th Gen Intel(R) Core(TM) i5-1135G7 @ 2.40GHz, 8 cores, 7G,  Windows 11 , 64 bit Build 22621 (10.0.22621.3672)
Time: Sun Jun 23 04:54:34 2024 SE Asia Standard Time elapsed time: 0.026529 seconds (0d 0h 0m 0s)

---------------  T H R E A D  ---------------

Current thread (0x000001b5e17d5bd0):  JavaThread "Unknown thread" [_thread_in_vm, id=14180, stack(0x0000005c81000000,0x0000005c81100000) (1024K)]

Stack: [0x0000005c81000000,0x0000005c81100000]
Native frames: (J=compiled Java code, j=interpreted, Vv=VM code, C=native code)
V  [jvm.dll+0x6e2279]  (no source info available)
V  [jvm.dll+0x874e33]  (no source info available)
V  [jvm.dll+0x87725e]  (no source info available)
V  [jvm.dll+0x877933]  (no source info available)
V  [jvm.dll+0x27fd76]  (no source info available)
V  [jvm.dll+0xbe877]  (no source info available)
V  [jvm.dll+0x32a5a8]  (no source info available)
V  [jvm.dll+0x83cca0]  (no source info available)
V  [jvm.dll+0x3c0d71]  (no source info available)
V  [jvm.dll+0x825ccc]  (no source info available)
V  [jvm.dll+0x45b8fe]  (no source info available)
V  [jvm.dll+0x45d781]  (no source info available)
C  [jli.dll+0x52a3]  (no source info available)
C  [ucrtbase.dll+0x29333]  (no source info available)
C  [KERNEL32.DLL+0x1257d]  (no source info available)
C  [ntdll.dll+0x5af28]  (no source info available)


---------------  P R O C E S S  ---------------

Threads class SMR info:
_java_thread_list=0x00007fff7896b1c8, length=0, elements={
}

Java Threads: ( => current thread )
Total: 0

Other Threads:

=>0x000001b5e17d5bd0 (exited) JavaThread "Unknown thread"    [_thread_in_vm, id=14180, stack(0x0000005c81000000,0x0000005c81100000) (1024K)]
Total: 1

Threads with active compile tasks:
Total: 0

VM state: not at safepoint (not fully initialized)

VM Mutex/Monitor currently owned by a thread: None

Heap address: 0x0000000000000000, size: 0 MB, Compressed Oops mode: 32-bit

CDS archive(s) mapped at: [0x0000000000000000-0x0000000000000000-0x0000000000000000), size 0, SharedBaseAddress: 0x0000000800000000, ArchiveRelocationMode: 1.
Narrow klass base: 0x0000000000000000, Narrow klass shift: 0, Narrow klass range: 0x0

GC Precious Log:
 CardTable entry size: 512
 Card Set container configuration: InlinePtr #cards 5 size 8 Array Of Cards #cards 12 size 40 Howl #buckets 4 coarsen threshold 1843 Howl Bitmap #cards 512 size 80 coarsen threshold 460 Card regions per heap region 1 cards per card region 2048

GC Heap History (0 events):
No events

Dll operation events (2 events):
Event: 0.018 Loaded shared library C:\Users\match\.jdks\openjdk-22.0.1\bin\java.dll
Event: 0.020 Loaded shared library C:\Users\match\.jdks\openjdk-22.0.1\bin\zip.dll

Deoptimization events (0 events):
No events

Classes loaded (0 events):
No events

Classes unloaded (0 events):
No events

Classes redefined (0 events):
No events

Internal exceptions (0 events):
No events

ZGC Phase Switch (0 events):
No events

VM Operations (0 events):
No events

Events (0 events):
No events


Dynamic libraries:
0x00007ff6044b0000 - 0x00007ff6044be000 	C:\Users\match\.jdks\openjdk-22.0.1\bin\java.exe
0x00007fffe6c30000 - 0x00007fffe6e47000 	C:\WINDOWS\SYSTEM32\ntdll.dll
0x00007fffe5040000 - 0x00007fffe5104000 	C:\WINDOWS\System32\KERNEL32.DLL
0x00007fffe41d0000 - 0x00007fffe457c000 	C:\WINDOWS\System32\KERNELBASE.dll
0x00007fffe40b0000 - 0x00007fffe41c1000 	C:\WINDOWS\System32\ucrtbase.dll
0x00007fffc3480000 - 0x00007fffc349b000 	C:\Users\match\.jdks\openjdk-22.0.1\bin\VCRUNTIME140.dll
0x00007fffc77c0000 - 0x00007fffc77d7000 	C:\Users\match\.jdks\openjdk-22.0.1\bin\jli.dll
0x00007fffe6130000 - 0x00007fffe62de000 	C:\WINDOWS\System32\USER32.dll
0x00007fffe3f60000 - 0x00007fffe3f86000 	C:\WINDOWS\System32\win32u.dll
0x00007fffc96f0000 - 0x00007fffc9983000 	C:\WINDOWS\WinSxS\amd64_microsoft.windows.common-controls_6595b64144ccf1df_6.0.22621.3672_none_2713b9d173822955\COMCTL32.dll
0x00007fffe6670000 - 0x00007fffe6699000 	C:\WINDOWS\System32\GDI32.dll
0x00007fffe6080000 - 0x00007fffe6127000 	C:\WINDOWS\System32\msvcrt.dll
0x00007fffe46e0000 - 0x00007fffe47f9000 	C:\WINDOWS\System32\gdi32full.dll
0x00007fffe4010000 - 0x00007fffe40aa000 	C:\WINDOWS\System32\msvcp_win.dll
0x00007fffe6550000 - 0x00007fffe6581000 	C:\WINDOWS\System32\IMM32.DLL
0x00007fffdca70000 - 0x00007fffdca7c000 	C:\Users\match\.jdks\openjdk-22.0.1\bin\vcruntime140_1.dll
0x00007fff9db30000 - 0x00007fff9dbbe000 	C:\Users\match\.jdks\openjdk-22.0.1\bin\msvcp140.dll
0x00007fff77d80000 - 0x00007fff78ac7000 	C:\Users\match\.jdks\openjdk-22.0.1\bin\server\jvm.dll
0x00007fffe4f10000 - 0x00007fffe4fc2000 	C:\WINDOWS\System32\ADVAPI32.dll
0x00007fffe5110000 - 0x00007fffe51ba000 	C:\WINDOWS\System32\sechost.dll
0x00007fffe46b0000 - 0x00007fffe46d8000 	C:\WINDOWS\System32\bcrypt.dll
0x00007fffe6430000 - 0x00007fffe6545000 	C:\WINDOWS\System32\RPCRT4.dll
0x00007fffe6000000 - 0x00007fffe6071000 	C:\WINDOWS\System32\WS2_32.dll
0x00007fffe2df0000 - 0x00007fffe2e3d000 	C:\WINDOWS\SYSTEM32\POWRPROF.dll
0x00007fffdbb60000 - 0x00007fffdbb94000 	C:\WINDOWS\SYSTEM32\WINMM.dll
0x00007fffdc2d0000 - 0x00007fffdc2da000 	C:\WINDOWS\SYSTEM32\VERSION.dll
0x00007fffe2dd0000 - 0x00007fffe2de3000 	C:\WINDOWS\SYSTEM32\UMPDC.dll
0x00007fffe3020000 - 0x00007fffe3038000 	C:\WINDOWS\SYSTEM32\kernel.appcore.dll
0x00007fffd8dd0000 - 0x00007fffd8dda000 	C:\Users\match\.jdks\openjdk-22.0.1\bin\jimage.dll
0x00007fffe18d0000 - 0x00007fffe1b02000 	C:\WINDOWS\SYSTEM32\DBGHELP.DLL
0x00007fffe5a80000 - 0x00007fffe5e08000 	C:\WINDOWS\System32\combase.dll
0x00007fffe6590000 - 0x00007fffe6667000 	C:\WINDOWS\System32\OLEAUT32.dll
0x00007fffaff20000 - 0x00007fffaff52000 	C:\WINDOWS\SYSTEM32\dbgcore.DLL
0x00007fffe3f90000 - 0x00007fffe400b000 	C:\WINDOWS\System32\bcryptPrimitives.dll
0x00007fffae130000 - 0x00007fffae16c000 	C:\Users\match\.jdks\openjdk-22.0.1\bin\jdwp.dll
0x00007fffc8620000 - 0x00007fffc862f000 	C:\Users\match\.jdks\openjdk-22.0.1\bin\instrument.dll
0x00007fffbedf0000 - 0x00007fffbee0e000 	C:\Users\match\.jdks\openjdk-22.0.1\bin\java.dll
0x00007fffe51c0000 - 0x00007fffe5a1c000 	C:\WINDOWS\System32\SHELL32.dll
0x00007fffe5e10000 - 0x00007fffe5fb5000 	C:\WINDOWS\System32\ole32.dll
0x00007fffbed50000 - 0x00007fffbed67000 	C:\Users\match\.jdks\openjdk-22.0.1\bin\zip.dll

dbghelp: loaded successfully - version: 4.0.5 - missing functions: none
symbol engine: initialized successfully - sym options: 0x614 - pdb path: .;C:\Users\match\.jdks\openjdk-22.0.1\bin;C:\WINDOWS\SYSTEM32;C:\WINDOWS\WinSxS\amd64_microsoft.windows.common-controls_6595b64144ccf1df_6.0.22621.3672_none_2713b9d173822955;C:\Users\match\.jdks\openjdk-22.0.1\bin\server

VM Arguments:
jvm_args: -agentlib:jdwp=transport=dt_socket,address=127.0.0.1:23240,suspend=y,server=n -javaagent:C:\Users\match\AppData\Local\JetBrains\IntelliJIdea2024.1\captureAgent\debugger-agent.jar -Dfile.encoding=UTF-8 -Dsun.stdout.encoding=UTF-8 -Dsun.stderr.encoding=UTF-8 --module-path=C:\Users\match\OneDrive\Desktop\MovieTicketBookingManagement\target\classes;C:\Users\match\.m2\repository\org\openjfx\javafx-fxml\13\javafx-fxml-13-win.jar;C:\Users\match\.m2\repository\org\openjfx\javafx-graphics\13\javafx-graphics-13-win.jar;C:\Users\match\.m2\repository\org\openjfx\javafx-controls\13\javafx-controls-13-win.jar;C:\Users\match\.m2\repository\org\openjfx\javafx-base\13\javafx-base-13-win.jar -Djdk.module.main=com.mycompany.movieticketbookingmanagement 
java_command: com.mycompany.movieticketbookingmanagement/com.mycompany.movieticketbookingmanagement.App
java_class_path (initial): C:\Users\match\.m2\repository\de\jensd\fontawesomefx-fontawesome\4.7.0-9.1.2\fontawesomefx-fontawesome-4.7.0-9.1.2.jar;C:\Users\match\.m2\repository\de\jensd\fontawesomefx-commons\9.1.2\fontawesomefx-commons-9.1.2.jar;C:\Users\match\.m2\repository\org\openjfx\javafx-controls\13\javafx-controls-13.jar;C:\Users\match\.m2\repository\org\openjfx\javafx-graphics\13\javafx-graphics-13.jar;C:\Users\match\.m2\repository\org\openjfx\javafx-base\13\javafx-base-13.jar;C:\Users\match\.m2\repository\org\openjfx\javafx-fxml\13\javafx-fxml-13.jar;C:\Users\match\.m2\repository\mysql\mysql-connector-java\8.0.30\mysql-connector-java-8.0.30.jar;C:\Users\match\.m2\repository\com\google\protobuf\protobuf-java\3.19.4\protobuf-java-3.19.4.jar;C:\Program Files\JetBrains\IntelliJ IDEA 2024.1.2\lib\idea_rt.jar
Launcher Type: SUN_STANDARD

[Global flags]
     intx CICompilerCount                          = 4                                         {product} {ergonomic}
     uint ConcGCThreads                            = 2                                         {product} {ergonomic}
     uint G1ConcRefinementThreads                  = 8                                         {product} {ergonomic}
   size_t G1HeapRegionSize                         = 1048576                                   {product} {ergonomic}
   size_t InitialHeapSize                          = 130023424                                 {product} {ergonomic}
   size_t MarkStackSize                            = 4194304                                   {product} {ergonomic}
   size_t MaxHeapSize                              = 2067791872                                {product} {ergonomic}
   size_t MinHeapDeltaBytes                        = 1048576                                   {product} {ergonomic}
   size_t MinHeapSize                              = 8388608                                   {product} {ergonomic}
    uintx NonNMethodCodeHeapSize                   = 5839372                                {pd product} {ergonomic}
    uintx NonProfiledCodeHeapSize                  = 122909434                              {pd product} {ergonomic}
    uintx ProfiledCodeHeapSize                     = 122909434                              {pd product} {ergonomic}
    uintx ReservedCodeCacheSize                    = 251658240                              {pd product} {ergonomic}
     bool SegmentedCodeCache                       = true                                      {product} {ergonomic}
   size_t SoftMaxHeapSize                          = 2067791872                             {manageable} {ergonomic}
     bool UseCompressedOops                        = true                           {product lp64_product} {ergonomic}
     bool UseG1GC                                  = true                                      {product} {ergonomic}
     bool UseLargePagesIndividualAllocation        = false                                  {pd product} {ergonomic}

Logging:
Log output configuration:
 #0: stdout all=warning uptime,level,tags foldmultilines=false
 #1: stderr all=off uptime,level,tags foldmultilines=false

Environment Variables:
JAVA_HOME=C:\Program Files\Java\jdk-22
PATH=C:\Program Files\Common Files\Oracle\Java\javapath;c:\Users\match\AppData\Local\Programs\cursor\resources\app\bin;C:\Program Files (x86)\Falcon\MinGW\bin;C:\Windows\system32;C:\Windows;C:\Windows\System32\Wbem;C:\Windows\System32\WindowsPowerShell\v1.0\;C:\Windows\System32\OpenSSH\;C:\WINDOWS\system32;C:\WINDOWS;C:\WINDOWS\System32\Wbem;C:\WINDOWS\System32\WindowsPowerShell\v1.0\;C:\WINDOWS\System32\OpenSSH\;C:\MinGW\bin;C:\Users\match\AppData\Local\Microsoft\WindowsApps;C:\Program Files (x86)\Nmap;C:\adb;C:\Users\match\AppData\Local\Programs\Python\Python37\;C:\Users\match\AppData\Local\Programs\Python\Python37\Scripts\;C:\Users\match\AppData\Local\Programs\Python\Python37\;C:\Users\match\AppData\Local\Microsoft\WindowsApps;C:\MinGW\bin;C:\Program;c:\Users\match\AppData\Local\Programs\cursor\resources\app\bin;C:\Program Files\Git\cmd;C:\Program Files\Maven\apache-maven-3.9.7\bin;C:\Program Files\Java\jdk-22\bin;C:\Program Files\Java\javafx-sdk-22.0.1\bin;C:\Users\match\AppData\Local\Programs\Python\Python37\Scripts\;C:\Users\match\AppData\Local\Programs\Python\Python37\;C:\Users\match\AppData\Local\Microsoft\WindowsApps;C:\MinGW\bin;C:\Program Files (x86)\Nmap;C:\Users\match\AppData\Local\spicetify;;C:\Program Files\JetBrains\IntelliJ IDEA 2024.1.2\bin;
USERNAME=match
OS=Windows_NT
PROCESSOR_IDENTIFIER=Intel64 Family 6 Model 140 Stepping 1, GenuineIntel
TMP=C:\Users\match\AppData\Local\Temp
TEMP=C:\Users\match\AppData\Local\Temp




Periodic native trim disabled

---------------  S Y S T E M  ---------------

OS:
 Windows 11 , 64 bit Build 22621 (10.0.22621.3672)
OS uptime: 7 days 1:40 hours

CPU: total 8 (initial active 8) (4 cores per cpu, 2 threads per core) family 6 model 140 stepping 1 microcode 0x86, cx8, cmov, fxsr, ht, mmx, 3dnowpref, sse, sse2, sse3, ssse3, sse4.1, sse4.2, popcnt, lzcnt, tsc, tscinvbit, avx, avx2, aes, erms, clmul, bmi1, bmi2, adx, avx512f, avx512dq, avx512cd, avx512bw, avx512vl, sha, fma, vzeroupper, avx512_vpopcntdq, avx512_vpclmulqdq, avx512_vaes, avx512_vnni, clflush, clflushopt, clwb, avx512_vbmi2, avx512_vbmi, rdtscp, rdpid, fsrm, gfni, avx512_bitalg, f16c, pku, cet_ibt, cet_ss, avx512_ifma
Processor Information for all 8 processors :
  Max Mhz: 2419, Current Mhz: 2419, Mhz Limit: 2419

Memory: 4k page, system-wide physical 7884M (458M free)
TotalPageFile size 16076M (AvailPageFile size 1M)
current process WorkingSet (physical memory assigned to process): 11M, peak: 11M
current process commit charge ("private bytes"): 18M, peak: 19M

vm_info: OpenJDK 64-Bit Server VM (22.0.1+8-16) for windows-amd64 JRE (22.0.1+8-16), built on 2024-03-12T10:33:16Z by "mach5one" with MS VC++ 17.6 (VS2022)

END.
