#
# There is insufficient memory for the Java Runtime Environment to continue.
# Native memory allocation (malloc) failed to allocate 242016 bytes. Error detail: Chunk::new
# Possible reasons:
#   The system is out of physical RAM or swap space
#   This process is running with CompressedOops enabled, and the Java Heap may be blocking the growth of the native heap
# Possible solutions:
#   Reduce memory load on the system
#   Increase physical memory or swap space
#   Check if swap backing store is full
#   Decrease Java heap size (-Xmx/-Xms)
#   Decrease number of Java threads
#   Decrease Java thread stack sizes (-Xss)
#   Set larger code cache with -XX:ReservedCodeCacheSize=
#   JVM is running with Unscaled Compressed Oops mode in which the Java heap is
#     placed in the first 4GB address space. The Java Heap base address is the
#     maximum limit for the native heap growth. Please use -XX:HeapBaseMinAddress
#     to set the Java Heap base and to place the Java Heap above 4GB virtual address.
# This output file may be truncated or incomplete.
#
#  Out of Memory Error (arena.cpp:150), pid=1584, tid=15884
#
# JRE version: OpenJDK Runtime Environment (22.0.1+8) (build 22.0.1+8-16)
# Java VM: OpenJDK 64-Bit Server VM (22.0.1+8-16, mixed mode, sharing, tiered, compressed oops, compressed class ptrs, g1 gc, windows-amd64)
# No core dump will be written. Minidumps are not enabled by default on client versions of Windows
#

---------------  S U M M A R Y ------------

Command Line: -agentlib:jdwp=transport=dt_socket,address=127.0.0.1:62374,suspend=y,server=n -javaagent:C:\Users\match\AppData\Local\JetBrains\IntelliJIdea2024.1\captureAgent\debugger-agent.jar -Dfile.encoding=UTF-8 -Dsun.stdout.encoding=UTF-8 -Dsun.stderr.encoding=UTF-8 --module-path=C:\Users\match\OneDrive\Desktop\MovieTicketBookingManagement\target\classes;C:\Users\match\.m2\repository\org\openjfx\javafx-graphics\13\javafx-graphics-13-win.jar;C:\Users\match\.m2\repository\org\openjfx\javafx-base\13\javafx-base-13-win.jar;C:\Users\match\.m2\repository\org\openjfx\javafx-fxml\13\javafx-fxml-13-win.jar;C:\Users\match\.m2\repository\org\openjfx\javafx-controls\13\javafx-controls-13-win.jar -Djdk.module.main=com.mycompany.movieticketbookingmanagement com.mycompany.movieticketbookingmanagement/com.mycompany.movieticketbookingmanagement.App

Host: 11th Gen Intel(R) Core(TM) i5-1135G7 @ 2.40GHz, 8 cores, 7G,  Windows 11 , 64 bit Build 22621 (10.0.22621.3672)
Time: Sat Jun 29 19:17:35 2024 SE Asia Standard Time elapsed time: 86.893836 seconds (0d 0h 1m 26s)

---------------  T H R E A D  ---------------

Current thread (0x0000023d5dfdafb0):  JavaThread "C2 CompilerThread0" daemon [_thread_in_native, id=15884, stack(0x000000e4c0e00000,0x000000e4c0f00000) (1024K)]


Current CompileTask:
C2:86893 6783       4       com.sun.javafx.tk.quantum.QuantumToolkit::postPulse (133 bytes)

Stack: [0x000000e4c0e00000,0x000000e4c0f00000]
Native frames: (J=compiled Java code, j=interpreted, Vv=VM code, C=native code)
V  [jvm.dll+0x6e2279]  (no source info available)
V  [jvm.dll+0x874e33]  (no source info available)
V  [jvm.dll+0x87725e]  (no source info available)
V  [jvm.dll+0x877933]  (no source info available)
V  [jvm.dll+0x27fd76]  (no source info available)
V  [jvm.dll+0xc3d0f]  (no source info available)
V  [jvm.dll+0xc3f6b]  (no source info available)
V  [jvm.dll+0x3bb10c]  (no source info available)
V  [jvm.dll+0x1df51c]  (no source info available)
V  [jvm.dll+0x247a5c]  (no source info available)
V  [jvm.dll+0x246fbf]  (no source info available)
V  [jvm.dll+0x1c4e90]  (no source info available)
V  [jvm.dll+0x2569fe]  (no source info available)
V  [jvm.dll+0x254cba]  (no source info available)
V  [jvm.dll+0x3f5336]  (no source info available)
V  [jvm.dll+0x81d44b]  (no source info available)
V  [jvm.dll+0x6e0915]  (no source info available)
C  [ucrtbase.dll+0x29333]  (no source info available)
C  [KERNEL32.DLL+0x1257d]  (no source info available)
C  [ntdll.dll+0x5af28]  (no source info available)


---------------  P R O C E S S  ---------------

Threads class SMR info:
_java_thread_list=0x0000023da329b460, length=22, elements={
0x0000023d3f785290, 0x0000023d5dfce250, 0x0000023d5dfcf210, 0x0000023d5dfd17a0,
0x0000023d5dfd2650, 0x0000023d5dfd3350, 0x0000023d5dfd67a0, 0x0000023d5dfdafb0,
0x0000023d5dfe61e0, 0x0000023d5dfa36b0, 0x0000023da3719b70, 0x0000023da371a200,
0x0000023da371b0b0, 0x0000023da3b3cdb0, 0x0000023da3d3d040, 0x0000023da486be60,
0x0000023da58ade20, 0x0000023da3fa91c0, 0x0000023da3ee9a60, 0x0000023da5ed6500,
0x0000023da6076c60, 0x0000023da60765d0
}

Java Threads: ( => current thread )
  0x0000023d3f785290 JavaThread "main"                              [_thread_blocked, id=11232, stack(0x000000e4c0000000,0x000000e4c0100000) (1024K)]
  0x0000023d5dfce250 JavaThread "Reference Handler"          daemon [_thread_blocked, id=8044, stack(0x000000e4c0800000,0x000000e4c0900000) (1024K)]
  0x0000023d5dfcf210 JavaThread "Finalizer"                  daemon [_thread_blocked, id=9804, stack(0x000000e4c0900000,0x000000e4c0a00000) (1024K)]
  0x0000023d5dfd17a0 JavaThread "Signal Dispatcher"          daemon [_thread_blocked, id=8556, stack(0x000000e4c0a00000,0x000000e4c0b00000) (1024K)]
  0x0000023d5dfd2650 JavaThread "Attach Listener"            daemon [_thread_blocked, id=2856, stack(0x000000e4c0b00000,0x000000e4c0c00000) (1024K)]
  0x0000023d5dfd3350 JavaThread "Service Thread"             daemon [_thread_blocked, id=13428, stack(0x000000e4c0c00000,0x000000e4c0d00000) (1024K)]
  0x0000023d5dfd67a0 JavaThread "Monitor Deflation Thread"   daemon [_thread_blocked, id=2696, stack(0x000000e4c0d00000,0x000000e4c0e00000) (1024K)]
=>0x0000023d5dfdafb0 JavaThread "C2 CompilerThread0"         daemon [_thread_in_native, id=15884, stack(0x000000e4c0e00000,0x000000e4c0f00000) (1024K)]
  0x0000023d5dfe61e0 JavaThread "C1 CompilerThread0"         daemon [_thread_blocked, id=13192, stack(0x000000e4c0f00000,0x000000e4c1000000) (1024K)]
  0x0000023d5dfa36b0 JavaThread "Common-Cleaner"             daemon [_thread_blocked, id=15720, stack(0x000000e4c1000000,0x000000e4c1100000) (1024K)]
  0x0000023da3719b70 JavaThread "JDWP Transport Listener: dt_socket" daemon [_thread_blocked, id=12064, stack(0x000000e4c1300000,0x000000e4c1400000) (1024K)]
  0x0000023da371a200 JavaThread "JDWP Event Helper Thread"   daemon [_thread_blocked, id=5580, stack(0x000000e4c1400000,0x000000e4c1500000) (1024K)]
  0x0000023da371b0b0 JavaThread "JDWP Command Reader"        daemon [_thread_in_native, id=15352, stack(0x000000e4c1500000,0x000000e4c1600000) (1024K)]
  0x0000023da3b3cdb0 JavaThread "Notification Thread"        daemon [_thread_blocked, id=16320, stack(0x000000e4c1600000,0x000000e4c1700000) (1024K)]
  0x0000023da3d3d040 JavaThread "QuantumRenderer-0"          daemon [_thread_blocked, id=10816, stack(0x000000e4c1700000,0x000000e4c1800000) (1024K)]
  0x0000023da486be60 JavaThread "InvokeLaterDispatcher"      daemon [_thread_blocked, id=8736, stack(0x000000e4c1200000,0x000000e4c1300000) (1024K)]
  0x0000023da58ade20 JavaThread "JavaFX Application Thread"         [_thread_in_native, id=6244, stack(0x000000e4c1900000,0x000000e4c1a00000) (1024K)]
  0x0000023da3fa91c0 JavaThread "Thread-1"                   daemon [_thread_in_native, id=9604, stack(0x000000e4c1c00000,0x000000e4c1d00000) (1024K)]
  0x0000023da3ee9a60 JavaThread "JavaFX-Launcher"                   [_thread_blocked, id=6548, stack(0x000000e4c1d00000,0x000000e4c1e00000) (1024K)]
  0x0000023da5ed6500 JavaThread "Prism Font Disposer"        daemon [_thread_blocked, id=4716, stack(0x000000e4c2500000,0x000000e4c2600000) (1024K)]
  0x0000023da6076c60 JavaThread "Cleaner-0"                  daemon [_thread_blocked, id=4788, stack(0x000000e4c2930000,0x000000e4c2a30000) (1024K)]
  0x0000023da60765d0 JavaThread "mysql-cj-abandoned-connection-cleanup" daemon [_thread_blocked, id=15752, stack(0x000000e4c2b30000,0x000000e4c2c30000) (1024K)]
Total: 22

Other Threads:
  0x0000023d5dfb85d0 VMThread "VM Thread"                           [id=4812, stack(0x000000e4c0700000,0x000000e4c0800000) (1024K)]
  0x0000023d5dfa2ac0 WatcherThread "VM Periodic Task Thread"        [id=12160, stack(0x000000e4c0600000,0x000000e4c0700000) (1024K)]
  0x0000023d418dcb20 WorkerThread "GC Thread#0"                     [id=3112, stack(0x000000e4c0100000,0x000000e4c0200000) (1024K)]
  0x0000023da3f3f250 WorkerThread "GC Thread#1"                     [id=1032, stack(0x000000e4c1e00000,0x000000e4c1f00000) (1024K)]
  0x0000023da3f363c0 WorkerThread "GC Thread#2"                     [id=14456, stack(0x000000e4c1f00000,0x000000e4c2000000) (1024K)]
  0x0000023da3f0b0e0 WorkerThread "GC Thread#3"                     [id=11564, stack(0x000000e4c2000000,0x000000e4c2100000) (1024K)]
  0x0000023da3f0b490 WorkerThread "GC Thread#4"                     [id=9676, stack(0x000000e4c2100000,0x000000e4c2200000) (1024K)]
  0x0000023da3f0bc50 WorkerThread "GC Thread#5"                     [id=15280, stack(0x000000e4c2200000,0x000000e4c2300000) (1024K)]
  0x0000023da4665ae0 WorkerThread "GC Thread#6"                     [id=11364, stack(0x000000e4c2300000,0x000000e4c2400000) (1024K)]
  0x0000023da4665e90 WorkerThread "GC Thread#7"                     [id=13092, stack(0x000000e4c2400000,0x000000e4c2500000) (1024K)]
  0x0000023d418ed340 ConcurrentGCThread "G1 Main Marker"            [id=9612, stack(0x000000e4c0200000,0x000000e4c0300000) (1024K)]
  0x0000023d418ef600 WorkerThread "G1 Conc#0"                       [id=8808, stack(0x000000e4c0300000,0x000000e4c0400000) (1024K)]
  0x0000023da3ae21f0 WorkerThread "G1 Conc#1"                       [id=15528, stack(0x000000e4c2f40000,0x000000e4c3040000) (1024K)]
  0x0000023d5de737c0 ConcurrentGCThread "G1 Refine#0"               [id=8652, stack(0x000000e4c0400000,0x000000e4c0500000) (1024K)]
  0x0000023d5de74340 ConcurrentGCThread "G1 Service"                [id=3816, stack(0x000000e4c0500000,0x000000e4c0600000) (1024K)]
Total: 15

Threads with active compile tasks:
C2 CompilerThread0  86998 6783       4       com.sun.javafx.tk.quantum.QuantumToolkit::postPulse (133 bytes)
Total: 1

VM state: not at safepoint (normal execution)

VM Mutex/Monitor currently owned by a thread: None

Heap address: 0x0000000084c00000, size: 1972 MB, Compressed Oops mode: 32-bit

CDS archive(s) mapped at: [0x0000023d5e000000-0x0000023d5ec50000-0x0000023d5ec50000), size 12910592, SharedBaseAddress: 0x0000023d5e000000, ArchiveRelocationMode: 1.
Compressed class space mapped at: 0x0000023d5f000000-0x0000023d9f000000, reserved size: 1073741824
Narrow klass base: 0x0000023d5e000000, Narrow klass shift: 0, Narrow klass range: 0x41000000

GC Precious Log:
 CardTable entry size: 512
 Card Set container configuration: InlinePtr #cards 5 size 8 Array Of Cards #cards 12 size 40 Howl #buckets 4 coarsen threshold 1843 Howl Bitmap #cards 512 size 80 coarsen threshold 460 Card regions per heap region 1 cards per card region 2048
 CPUs: 8 total, 8 available
 Memory: 7884M
 Large Page Support: Disabled
 NUMA Support: Disabled
 Compressed Oops: Enabled (32-bit)
 Heap Region Size: 1M
 Heap Min Capacity: 8M
 Heap Initial Capacity: 124M
 Heap Max Capacity: 1972M
 Pre-touch: Disabled
 Parallel Workers: 8
 Concurrent Workers: 2
 Concurrent Refinement Workers: 8
 Periodic GC: Disabled

Heap:
 garbage-first heap   total reserved 2019328K, committed 61440K, used 42085K [0x0000000084c00000, 0x0000000100000000)
  region size 1024K, 20 young (20480K), 3 survivors (3072K)
 Metaspace       used 26293K, committed 26688K, reserved 1114112K
  class space    used 3506K, committed 3648K, reserved 1048576K

Heap Regions: E=young(eden), S=young(survivor), O=old, HS=humongous(starts), HC=humongous(continues), CS=collection set, F=free, TAMS=top-at-mark-start, PB=parsable bottom
|   0|0x0000000084c00000, 0x0000000084d00000, 0x0000000084d00000|100%| O|  |TAMS 0x0000000084c00000| PB 0x0000000084c00000| Untracked |  0
|   1|0x0000000084d00000, 0x0000000084e00000, 0x0000000084e00000|100%| O|  |TAMS 0x0000000084d00000| PB 0x0000000084d00000| Untracked |  0
|   2|0x0000000084e00000, 0x0000000084f00000, 0x0000000084f00000|100%| O|  |TAMS 0x0000000084e00000| PB 0x0000000084e00000| Untracked |  0
|   3|0x0000000084f00000, 0x0000000085000000, 0x0000000085000000|100%| O|  |TAMS 0x0000000084f00000| PB 0x0000000084f00000| Untracked |  0
|   4|0x0000000085000000, 0x0000000085100000, 0x0000000085100000|100%|HS|  |TAMS 0x0000000085000000| PB 0x0000000085000000| Complete |  0
|   5|0x0000000085100000, 0x0000000085200000, 0x0000000085200000|100%|HC|  |TAMS 0x0000000085100000| PB 0x0000000085100000| Complete |  0
|   6|0x0000000085200000, 0x0000000085300000, 0x0000000085300000|100%| O|  |TAMS 0x0000000085200000| PB 0x0000000085200000| Untracked |  0
|   7|0x0000000085300000, 0x0000000085400000, 0x0000000085400000|100%| O|  |TAMS 0x0000000085300000| PB 0x0000000085300000| Untracked |  0
|   8|0x0000000085400000, 0x0000000085500000, 0x0000000085500000|100%| O|  |TAMS 0x0000000085400000| PB 0x0000000085400000| Untracked |  0
|   9|0x0000000085500000, 0x0000000085600000, 0x0000000085600000|100%| O|  |TAMS 0x0000000085500000| PB 0x0000000085500000| Untracked |  0
|  10|0x0000000085600000, 0x0000000085700000, 0x0000000085700000|100%| O|  |TAMS 0x0000000085600000| PB 0x0000000085600000| Untracked |  0
|  11|0x0000000085700000, 0x0000000085800000, 0x0000000085800000|100%| O|  |TAMS 0x0000000085700000| PB 0x0000000085700000| Untracked |  0
|  12|0x0000000085800000, 0x0000000085900000, 0x0000000085900000|100%| O|  |TAMS 0x0000000085800000| PB 0x0000000085800000| Untracked |  0
|  13|0x0000000085900000, 0x0000000085a00000, 0x0000000085a00000|100%| O|  |TAMS 0x0000000085900000| PB 0x0000000085900000| Untracked |  0
|  14|0x0000000085a00000, 0x0000000085b00000, 0x0000000085b00000|100%| O|  |TAMS 0x0000000085a00000| PB 0x0000000085a00000| Untracked |  0
|  15|0x0000000085b00000, 0x0000000085c00000, 0x0000000085c00000|100%| O|  |TAMS 0x0000000085b00000| PB 0x0000000085b00000| Untracked |  0
|  16|0x0000000085c00000, 0x0000000085d00000, 0x0000000085d00000|100%| O|  |TAMS 0x0000000085c00000| PB 0x0000000085c00000| Untracked |  0
|  17|0x0000000085d00000, 0x0000000085e00000, 0x0000000085e00000|100%| O|  |TAMS 0x0000000085d00000| PB 0x0000000085d00000| Untracked |  0
|  18|0x0000000085e00000, 0x0000000085f00000, 0x0000000085f00000|100%| O|  |TAMS 0x0000000085e00000| PB 0x0000000085e00000| Untracked |  0
|  19|0x0000000085f00000, 0x0000000086000000, 0x0000000086000000|100%| O|  |TAMS 0x0000000085f00000| PB 0x0000000085f00000| Untracked |  0
|  20|0x0000000086000000, 0x0000000086100000, 0x0000000086100000|100%| O|  |TAMS 0x0000000086000000| PB 0x0000000086000000| Untracked |  0
|  21|0x0000000086100000, 0x0000000086200000, 0x0000000086200000|100%| O|  |TAMS 0x0000000086100000| PB 0x0000000086100000| Untracked |  0
|  22|0x0000000086200000, 0x0000000086200000, 0x0000000086300000|  0%| F|  |TAMS 0x0000000086200000| PB 0x0000000086200000| Untracked |  0
|  23|0x0000000086300000, 0x0000000086300000, 0x0000000086400000|  0%| F|  |TAMS 0x0000000086300000| PB 0x0000000086300000| Untracked |  0
|  24|0x0000000086400000, 0x0000000086400000, 0x0000000086500000|  0%| F|  |TAMS 0x0000000086400000| PB 0x0000000086400000| Untracked |  0
|  25|0x0000000086500000, 0x0000000086500000, 0x0000000086600000|  0%| F|  |TAMS 0x0000000086500000| PB 0x0000000086500000| Untracked |  0
|  26|0x0000000086600000, 0x0000000086642860, 0x0000000086700000| 25%| O|  |TAMS 0x0000000086600000| PB 0x0000000086600000| Untracked |  0
|  27|0x0000000086700000, 0x0000000086700000, 0x0000000086800000|  0%| F|  |TAMS 0x0000000086700000| PB 0x0000000086700000| Untracked |  0
|  28|0x0000000086800000, 0x0000000086800000, 0x0000000086900000|  0%| F|  |TAMS 0x0000000086800000| PB 0x0000000086800000| Untracked |  0
|  29|0x0000000086900000, 0x00000000869d6ec0, 0x0000000086a00000| 83%| S|CS|TAMS 0x0000000086900000| PB 0x0000000086900000| Complete |  0
|  30|0x0000000086a00000, 0x0000000086b00000, 0x0000000086b00000|100%| S|CS|TAMS 0x0000000086a00000| PB 0x0000000086a00000| Complete |  0
|  31|0x0000000086b00000, 0x0000000086c00000, 0x0000000086c00000|100%| S|CS|TAMS 0x0000000086b00000| PB 0x0000000086b00000| Complete |  0
|  32|0x0000000086c00000, 0x0000000086c00000, 0x0000000086d00000|  0%| F|  |TAMS 0x0000000086c00000| PB 0x0000000086c00000| Untracked |  0
|  33|0x0000000086d00000, 0x0000000086d00000, 0x0000000086e00000|  0%| F|  |TAMS 0x0000000086d00000| PB 0x0000000086d00000| Untracked |  0
|  34|0x0000000086e00000, 0x0000000086e00000, 0x0000000086f00000|  0%| F|  |TAMS 0x0000000086e00000| PB 0x0000000086e00000| Untracked |  0
|  35|0x0000000086f00000, 0x0000000086f00000, 0x0000000087000000|  0%| F|  |TAMS 0x0000000086f00000| PB 0x0000000086f00000| Untracked |  0
|  36|0x0000000087000000, 0x0000000087000000, 0x0000000087100000|  0%| F|  |TAMS 0x0000000087000000| PB 0x0000000087000000| Untracked |  0
|  37|0x0000000087100000, 0x0000000087100000, 0x0000000087200000|  0%| F|  |TAMS 0x0000000087100000| PB 0x0000000087100000| Untracked |  0
|  38|0x0000000087200000, 0x0000000087200000, 0x0000000087300000|  0%| F|  |TAMS 0x0000000087200000| PB 0x0000000087200000| Untracked |  0
|  39|0x0000000087300000, 0x0000000087300000, 0x0000000087400000|  0%| F|  |TAMS 0x0000000087300000| PB 0x0000000087300000| Untracked |  0
|  40|0x0000000087400000, 0x0000000087400000, 0x0000000087500000|  0%| F|  |TAMS 0x0000000087400000| PB 0x0000000087400000| Untracked |  0
|  41|0x0000000087500000, 0x0000000087500000, 0x0000000087600000|  0%| F|  |TAMS 0x0000000087500000| PB 0x0000000087500000| Untracked |  0
|  42|0x0000000087600000, 0x0000000087600000, 0x0000000087700000|  0%| F|  |TAMS 0x0000000087600000| PB 0x0000000087600000| Untracked |  0
|  43|0x0000000087700000, 0x000000008779ea40, 0x0000000087800000| 61%| E|  |TAMS 0x0000000087700000| PB 0x0000000087700000| Complete |  0
|  44|0x0000000087800000, 0x0000000087900000, 0x0000000087900000|100%| E|CS|TAMS 0x0000000087800000| PB 0x0000000087800000| Complete |  0
|  45|0x0000000087900000, 0x0000000087a00000, 0x0000000087a00000|100%| E|CS|TAMS 0x0000000087900000| PB 0x0000000087900000| Complete |  0
|  46|0x0000000087a00000, 0x0000000087b00000, 0x0000000087b00000|100%| E|CS|TAMS 0x0000000087a00000| PB 0x0000000087a00000| Complete |  0
|  47|0x0000000087b00000, 0x0000000087c00000, 0x0000000087c00000|100%| E|CS|TAMS 0x0000000087b00000| PB 0x0000000087b00000| Complete |  0
|  48|0x0000000087c00000, 0x0000000087d00000, 0x0000000087d00000|100%| E|CS|TAMS 0x0000000087c00000| PB 0x0000000087c00000| Complete |  0
|  62|0x0000000088a00000, 0x0000000088b00000, 0x0000000088b00000|100%| E|CS|TAMS 0x0000000088a00000| PB 0x0000000088a00000| Complete |  0
|  63|0x0000000088b00000, 0x0000000088c00000, 0x0000000088c00000|100%| E|CS|TAMS 0x0000000088b00000| PB 0x0000000088b00000| Complete |  0
|  64|0x0000000088c00000, 0x0000000088d00000, 0x0000000088d00000|100%| E|CS|TAMS 0x0000000088c00000| PB 0x0000000088c00000| Complete |  0
|  65|0x0000000088d00000, 0x0000000088e00000, 0x0000000088e00000|100%| E|CS|TAMS 0x0000000088d00000| PB 0x0000000088d00000| Complete |  0
|  66|0x0000000088e00000, 0x0000000088f00000, 0x0000000088f00000|100%| E|CS|TAMS 0x0000000088e00000| PB 0x0000000088e00000| Complete |  0
|  67|0x0000000088f00000, 0x0000000089000000, 0x0000000089000000|100%| E|CS|TAMS 0x0000000088f00000| PB 0x0000000088f00000| Complete |  0
|  68|0x0000000089000000, 0x0000000089100000, 0x0000000089100000|100%| E|CS|TAMS 0x0000000089000000| PB 0x0000000089000000| Complete |  0
|  69|0x0000000089100000, 0x0000000089200000, 0x0000000089200000|100%| E|CS|TAMS 0x0000000089100000| PB 0x0000000089100000| Complete |  0
|  70|0x0000000089200000, 0x0000000089300000, 0x0000000089300000|100%| E|CS|TAMS 0x0000000089200000| PB 0x0000000089200000| Complete |  0
|  71|0x0000000089300000, 0x0000000089400000, 0x0000000089400000|100%| E|CS|TAMS 0x0000000089300000| PB 0x0000000089300000| Complete |  0
| 123|0x000000008c700000, 0x000000008c800000, 0x000000008c800000|100%| E|CS|TAMS 0x000000008c700000| PB 0x000000008c700000| Complete |  0

Card table byte_map: [0x0000023d592d0000,0x0000023d596b0000] _byte_map_base: 0x0000023d58eaa000

Marking Bits: (CMBitMap*) 0x0000023d418dd230
 Bits: [0x0000023d596b0000, 0x0000023d5b580000)

Polling page: 0x0000023d41040000

Metaspace:

Usage:
  Non-class:     22.25 MB used.
      Class:      3.42 MB used.
       Both:     25.68 MB used.

Virtual space:
  Non-class space:       64.00 MB reserved,      22.50 MB ( 35%) committed,  1 nodes.
      Class space:        1.00 GB reserved,       3.56 MB ( <1%) committed,  1 nodes.
             Both:        1.06 GB reserved,      26.06 MB (  2%) committed. 

Chunk freelists:
   Non-Class:  9.42 MB
       Class:  12.38 MB
        Both:  21.80 MB

MaxMetaspaceSize: unlimited
CompressedClassSpaceSize: 1.00 GB
Initial GC threshold: 21.00 MB
Current GC threshold: 35.12 MB
CDS: on
 - commit_granule_bytes: 65536.
 - commit_granule_words: 8192.
 - virtual_space_node_default_size: 8388608.
 - enlarge_chunks_in_place: 1.
 - use_allocation_guard: 0.


Internal statistics:

num_allocs_failed_limit: 3.
num_arena_births: 398.
num_arena_deaths: 0.
num_vsnodes_births: 2.
num_vsnodes_deaths: 0.
num_space_committed: 417.
num_space_uncommitted: 0.
num_chunks_returned_to_freelist: 3.
num_chunks_taken_from_freelist: 1228.
num_chunk_merges: 3.
num_chunk_splits: 873.
num_chunks_enlarged: 656.
num_inconsistent_stats: 0.

CodeHeap 'non-profiled nmethods': size=120000Kb used=4575Kb max_used=4575Kb free=115424Kb
 bounds [0x0000023d51690000, 0x0000023d51b10000, 0x0000023d58bc0000]
CodeHeap 'profiled nmethods': size=120000Kb used=15047Kb max_used=15047Kb free=104952Kb
 bounds [0x0000023d49bc0000, 0x0000023d4aa80000, 0x0000023d510f0000]
CodeHeap 'non-nmethods': size=5760Kb used=2265Kb max_used=2321Kb free=3494Kb
 bounds [0x0000023d510f0000, 0x0000023d51360000, 0x0000023d51690000]
 total_blobs=7690 nmethods=6772 adapters=822
 compilation: enabled
              stopped_count=0, restarted_count=0
 full_count=0

Compilation events (20 events):
Event: 73.945 Thread 0x0000023d5dfe61e0 6773       3       javafx.scene.layout.Region::doCreatePeer (8 bytes)
Event: 73.945 Thread 0x0000023d5dfe61e0 nmethod 6773 0x0000023d4aa6d510 code [0x0000023d4aa6d6c0, 0x0000023d4aa6d878]
Event: 73.945 Thread 0x0000023d5dfe61e0 6774       3       com.sun.javafx.sg.prism.NGRegion::<init> (65 bytes)
Event: 73.946 Thread 0x0000023d5dfe61e0 nmethod 6774 0x0000023d4aa6d910 code [0x0000023d4aa6dac0, 0x0000023d4aa6dd90]
Event: 73.946 Thread 0x0000023d5dfe61e0 6775       3       com.sun.javafx.sg.prism.NGGroup::clearFrom (51 bytes)
Event: 73.946 Thread 0x0000023d5dfe61e0 nmethod 6775 0x0000023d4aa6de90 code [0x0000023d4aa6e120, 0x0000023d4aa6ec48]
Event: 73.946 Thread 0x0000023d5dfe61e0 6776       3       com.sun.javafx.sg.prism.NGRegion::updateShape (71 bytes)
Event: 73.948 Thread 0x0000023d5dfe61e0 nmethod 6776 0x0000023d4aa6ef90 code [0x0000023d4aa6f200, 0x0000023d4aa6fda8]
Event: 73.948 Thread 0x0000023d5dfe61e0 6777       3       com.sun.javafx.sg.prism.NGGroup::setViewOrderChildren (61 bytes)
Event: 73.949 Thread 0x0000023d5dfe61e0 nmethod 6777 0x0000023d4aa70190 code [0x0000023d4aa70400, 0x0000023d4aa70f48]
Event: 73.949 Thread 0x0000023d5dfe61e0 6770       1       java.util.TreeMap::size (5 bytes)
Event: 73.949 Thread 0x0000023d5dfe61e0 nmethod 6770 0x0000023d51b02c10 code [0x0000023d51b02da0, 0x0000023d51b02e68]
Event: 74.007 Thread 0x0000023d5dfdafb0 nmethod 6779 0x0000023d51b02f10 code [0x0000023d51b03380, 0x0000023d51b05d60]
Event: 74.838 Thread 0x0000023d5dfdafb0 6780       4       java.util.concurrent.locks.AbstractQueuedSynchronizer$ConditionObject::canReacquire (38 bytes)
Event: 74.839 Thread 0x0000023d5dfdafb0 nmethod 6780 0x0000023d51b07a90 code [0x0000023d51b07c20, 0x0000023d51b07d08]
Event: 85.861 Thread 0x0000023d5dfe61e0 6781       3       java.util.concurrent.CountDownLatch::countDown (10 bytes)
Event: 85.861 Thread 0x0000023d5dfe61e0 nmethod 6781 0x0000023d4aa71390 code [0x0000023d4aa71560, 0x0000023d4aa717b8]
Event: 85.861 Thread 0x0000023d5dfe61e0 6782       3       java.util.concurrent.CountDownLatch$Sync::tryReleaseShared (37 bytes)
Event: 85.861 Thread 0x0000023d5dfe61e0 nmethod 6782 0x0000023d4aa71910 code [0x0000023d4aa71ac0, 0x0000023d4aa71d90]
Event: 86.867 Thread 0x0000023d5dfdafb0 6783       4       com.sun.javafx.tk.quantum.QuantumToolkit::postPulse (133 bytes)

GC Heap History (12 events):
Event: 1.355 GC heap before
{Heap before GC invocations=0 (full 0):
 garbage-first heap   total reserved 2019328K, committed 126976K, used 23552K [0x0000000084c00000, 0x0000000100000000)
  region size 1024K, 24 young (24576K), 0 survivors (0K)
 Metaspace       used 4747K, committed 4992K, reserved 1114112K
  class space    used 510K, committed 640K, reserved 1048576K
}
Event: 1.365 GC heap after
{Heap after GC invocations=1 (full 0):
 garbage-first heap   total reserved 2019328K, committed 126976K, used 2645K [0x0000000084c00000, 0x0000000100000000)
  region size 1024K, 3 young (3072K), 3 survivors (3072K)
 Metaspace       used 4747K, committed 4992K, reserved 1114112K
  class space    used 510K, committed 640K, reserved 1048576K
}
Event: 3.104 GC heap before
{Heap before GC invocations=1 (full 0):
 garbage-first heap   total reserved 2019328K, committed 126976K, used 39509K [0x0000000084c00000, 0x0000000100000000)
  region size 1024K, 38 young (38912K), 3 survivors (3072K)
 Metaspace       used 11972K, committed 12288K, reserved 1114112K
  class space    used 1560K, committed 1664K, reserved 1048576K
}
Event: 3.123 GC heap after
{Heap after GC invocations=2 (full 0):
 garbage-first heap   total reserved 2019328K, committed 126976K, used 9207K [0x0000000084c00000, 0x0000000100000000)
  region size 1024K, 5 young (5120K), 5 survivors (5120K)
 Metaspace       used 11972K, committed 12288K, reserved 1114112K
  class space    used 1560K, committed 1664K, reserved 1048576K
}
Event: 10.985 GC heap before
{Heap before GC invocations=2 (full 0):
 garbage-first heap   total reserved 2019328K, committed 126976K, used 57335K [0x0000000084c00000, 0x0000000100000000)
  region size 1024K, 52 young (53248K), 5 survivors (5120K)
 Metaspace       used 21143K, committed 21504K, reserved 1114112K
  class space    used 2902K, committed 3072K, reserved 1048576K
}
Event: 10.998 GC heap after
{Heap after GC invocations=3 (full 0):
 garbage-first heap   total reserved 2019328K, committed 126976K, used 14383K [0x0000000084c00000, 0x0000000100000000)
  region size 1024K, 10 young (10240K), 10 survivors (10240K)
 Metaspace       used 21143K, committed 21504K, reserved 1114112K
  class space    used 2902K, committed 3072K, reserved 1048576K
}
Event: 12.071 GC heap before
{Heap before GC invocations=4 (full 0):
 garbage-first heap   total reserved 2019328K, committed 51200K, used 34863K [0x0000000084c00000, 0x0000000100000000)
  region size 1024K, 30 young (30720K), 10 survivors (10240K)
 Metaspace       used 22441K, committed 22784K, reserved 1114112K
  class space    used 3071K, committed 3200K, reserved 1048576K
}
Event: 12.087 GC heap after
{Heap after GC invocations=5 (full 0):
 garbage-first heap   total reserved 2019328K, committed 51200K, used 16168K [0x0000000084c00000, 0x0000000100000000)
  region size 1024K, 2 young (2048K), 2 survivors (2048K)
 Metaspace       used 22441K, committed 22784K, reserved 1114112K
  class space    used 3071K, committed 3200K, reserved 1048576K
}
Event: 12.999 GC heap before
{Heap before GC invocations=5 (full 0):
 garbage-first heap   total reserved 2019328K, committed 51200K, used 39720K [0x0000000084c00000, 0x0000000100000000)
  region size 1024K, 26 young (26624K), 2 survivors (2048K)
 Metaspace       used 24390K, committed 24704K, reserved 1114112K
  class space    used 3411K, committed 3584K, reserved 1048576K
}
Event: 13.020 GC heap after
{Heap after GC invocations=6 (full 0):
 garbage-first heap   total reserved 2019328K, committed 51200K, used 22464K [0x0000000084c00000, 0x0000000100000000)
  region size 1024K, 4 young (4096K), 4 survivors (4096K)
 Metaspace       used 24390K, committed 24704K, reserved 1114112K
  class space    used 3411K, committed 3584K, reserved 1048576K
}
Event: 34.193 GC heap before
{Heap before GC invocations=6 (full 0):
 garbage-first heap   total reserved 2019328K, committed 51200K, used 40896K [0x0000000084c00000, 0x0000000100000000)
  region size 1024K, 22 young (22528K), 4 survivors (4096K)
 Metaspace       used 25713K, committed 26048K, reserved 1114112K
  class space    used 3470K, committed 3648K, reserved 1048576K
}
Event: 34.205 GC heap after
{Heap after GC invocations=7 (full 0):
 garbage-first heap   total reserved 2019328K, committed 61440K, used 25701K [0x0000000084c00000, 0x0000000100000000)
  region size 1024K, 3 young (3072K), 3 survivors (3072K)
 Metaspace       used 25713K, committed 26048K, reserved 1114112K
  class space    used 3470K, committed 3648K, reserved 1048576K
}

Dll operation events (20 events):
Event: 0.568 Loaded shared library C:\Users\match\.openjfx\cache\13\api-ms-win-crt-heap-l1-1-0.dll
Event: 0.572 Loaded shared library C:\Users\match\.openjfx\cache\13\api-ms-win-crt-locale-l1-1-0.dll
Event: 0.574 Loaded shared library C:\Users\match\.openjfx\cache\13\api-ms-win-crt-math-l1-1-0.dll
Event: 0.578 Loaded shared library C:\Users\match\.openjfx\cache\13\api-ms-win-crt-multibyte-l1-1-0.dll
Event: 0.582 Loaded shared library C:\Users\match\.openjfx\cache\13\api-ms-win-crt-private-l1-1-0.dll
Event: 0.585 Loaded shared library C:\Users\match\.openjfx\cache\13\api-ms-win-crt-process-l1-1-0.dll
Event: 0.590 Loaded shared library C:\Users\match\.openjfx\cache\13\api-ms-win-crt-runtime-l1-1-0.dll
Event: 0.594 Loaded shared library C:\Users\match\.openjfx\cache\13\api-ms-win-crt-stdio-l1-1-0.dll
Event: 0.597 Loaded shared library C:\Users\match\.openjfx\cache\13\api-ms-win-crt-string-l1-1-0.dll
Event: 0.601 Loaded shared library C:\Users\match\.openjfx\cache\13\api-ms-win-crt-time-l1-1-0.dll
Event: 0.604 Loaded shared library C:\Users\match\.openjfx\cache\13\api-ms-win-crt-utility-l1-1-0.dll
Event: 0.626 Loaded shared library C:\Users\match\.openjfx\cache\13\ucrtbase.dll
Event: 0.635 Loaded shared library C:\Users\match\.openjfx\cache\13\vcruntime140.dll
Event: 0.650 Loaded shared library C:\Users\match\.openjfx\cache\13\msvcp140.dll
Event: 0.660 Loaded shared library C:\Users\match\.openjfx\cache\13\concrt140.dll
Event: 0.742 Loaded shared library C:\Users\match\.openjfx\cache\13\prism_d3d.dll
Event: 0.919 Loaded shared library C:\Users\match\.openjfx\cache\13\glass.dll
Event: 1.407 Loaded shared library C:\Users\match\.jdks\openjdk-22.0.1\bin\jimage.dll
Event: 2.229 Loaded shared library C:\Users\match\.openjfx\cache\13\javafx_font.dll
Event: 19.438 Loaded shared library C:\Users\match\.openjfx\cache\13\javafx_iio.dll

Deoptimization events (20 events):
Event: 68.595 Thread 0x0000023da3d3d040 Uncommon trap: trap_request=0xffffffbe fr.pc=0x0000023d51ae9dec relative=0x00000000000007ac
Event: 68.595 Thread 0x0000023da3d3d040 Uncommon trap: reason=profile_predicate action=maybe_recompile pc=0x0000023d51ae9dec method=com.sun.prism.impl.ps.PaintHelper.setMultiGradient(Lcom/sun/prism/ps/Shader;Lcom/sun/prism/paint/Gradient;)V @ 24 c2
Event: 68.595 Thread 0x0000023da3d3d040 DEOPT PACKING pc=0x0000023d51ae9dec sp=0x000000e4c17fccf0
Event: 68.595 Thread 0x0000023da3d3d040 DEOPT UNPACKING pc=0x0000023d51147da2 sp=0x000000e4c17fcca0 mode 2
Event: 68.595 Thread 0x0000023da3d3d040 Uncommon trap: trap_request=0xffffffbe fr.pc=0x0000023d51ae9dec relative=0x00000000000007ac
Event: 68.595 Thread 0x0000023da3d3d040 Uncommon trap: reason=profile_predicate action=maybe_recompile pc=0x0000023d51ae9dec method=com.sun.prism.impl.ps.PaintHelper.setMultiGradient(Lcom/sun/prism/ps/Shader;Lcom/sun/prism/paint/Gradient;)V @ 24 c2
Event: 68.595 Thread 0x0000023da3d3d040 DEOPT PACKING pc=0x0000023d51ae9dec sp=0x000000e4c17fccf0
Event: 68.595 Thread 0x0000023da3d3d040 DEOPT UNPACKING pc=0x0000023d51147da2 sp=0x000000e4c17fcca0 mode 2
Event: 68.595 Thread 0x0000023da3d3d040 Uncommon trap: trap_request=0xffffffbe fr.pc=0x0000023d51ae9dec relative=0x00000000000007ac
Event: 68.595 Thread 0x0000023da3d3d040 Uncommon trap: reason=profile_predicate action=maybe_recompile pc=0x0000023d51ae9dec method=com.sun.prism.impl.ps.PaintHelper.setMultiGradient(Lcom/sun/prism/ps/Shader;Lcom/sun/prism/paint/Gradient;)V @ 24 c2
Event: 68.595 Thread 0x0000023da3d3d040 DEOPT PACKING pc=0x0000023d51ae9dec sp=0x000000e4c17fccf0
Event: 68.595 Thread 0x0000023da3d3d040 DEOPT UNPACKING pc=0x0000023d51147da2 sp=0x000000e4c17fcca0 mode 2
Event: 68.595 Thread 0x0000023da3d3d040 Uncommon trap: trap_request=0xffffffbe fr.pc=0x0000023d51ae9dec relative=0x00000000000007ac
Event: 68.595 Thread 0x0000023da3d3d040 Uncommon trap: reason=profile_predicate action=maybe_recompile pc=0x0000023d51ae9dec method=com.sun.prism.impl.ps.PaintHelper.setMultiGradient(Lcom/sun/prism/ps/Shader;Lcom/sun/prism/paint/Gradient;)V @ 24 c2
Event: 68.595 Thread 0x0000023da3d3d040 DEOPT PACKING pc=0x0000023d51ae9dec sp=0x000000e4c17fccf0
Event: 68.595 Thread 0x0000023da3d3d040 DEOPT UNPACKING pc=0x0000023d51147da2 sp=0x000000e4c17fcca0 mode 2
Event: 74.836 Thread 0x0000023da3d3d040 Uncommon trap: trap_request=0xffffff6e fr.pc=0x0000023d51b0462c relative=0x00000000000012ac
Event: 74.836 Thread 0x0000023da3d3d040 Uncommon trap: reason=loop_limit_check action=maybe_recompile pc=0x0000023d51b0462c method=com.sun.javafx.sg.prism.NGGroup.computeRenderRoot(Lcom/sun/javafx/sg/prism/NodePath;Lcom/sun/javafx/geom/RectBounds;ILcom/sun/javafx/geom/transform/BaseTransform;Lc
Event: 74.836 Thread 0x0000023da3d3d040 DEOPT PACKING pc=0x0000023d51b0462c sp=0x000000e4c17fe910
Event: 74.836 Thread 0x0000023da3d3d040 DEOPT UNPACKING pc=0x0000023d51147da2 sp=0x000000e4c17fe8f0 mode 2

Classes loaded (20 events):
Event: 48.876 Loading class com/sun/javafx/tk/quantum/GlassSceneDnDEventHandler
Event: 48.876 Loading class com/sun/javafx/tk/quantum/GlassSceneDnDEventHandler done
Event: 48.876 Loading class com/sun/glass/ui/ClipboardAssistance
Event: 48.876 Loading class com/sun/glass/ui/ClipboardAssistance done
Event: 65.391 Loading class jdk/internal/util/regex/Grapheme
Event: 65.391 Loading class jdk/internal/util/regex/Grapheme done
Event: 65.392 Loading class jdk/internal/util/regex/IndicConjunctBreak
Event: 65.392 Loading class jdk/internal/util/regex/IndicConjunctBreak done
Event: 65.639 Loading class sun/text/resources/BreakIteratorInfo
Event: 65.639 Loading class sun/text/resources/BreakIteratorInfo done
Event: 65.640 Loading class sun/text/resources/BreakIteratorResources
Event: 65.640 Loading class sun/util/resources/BreakIteratorResourceBundle
Event: 65.640 Loading class sun/util/resources/BreakIteratorResourceBundle done
Event: 65.640 Loading class sun/text/resources/BreakIteratorResources done
Event: 65.641 Loading class sun/text/RuleBasedBreakIterator
Event: 65.642 Loading class sun/text/RuleBasedBreakIterator done
Event: 65.643 Loading class sun/text/CompactByteArray
Event: 65.643 Loading class sun/text/CompactByteArray done
Event: 65.644 Loading class sun/text/SupplementaryCharacterData
Event: 65.644 Loading class sun/text/SupplementaryCharacterData done

Classes unloaded (0 events):
No events

Classes redefined (0 events):
No events

Internal exceptions (20 events):
Event: 10.356 Thread 0x0000023da58ade20 Exception <a 'sun/nio/fs/WindowsException'{0x000000008a6c6c40}> (0x000000008a6c6c40) 
thrown [s\open\src\hotspot\share\prims\jni.cpp, line 520]
Event: 10.360 Thread 0x0000023da58ade20 Exception <a 'java/lang/NoSuchMethodError'{0x000000008a6d8fc0}: 'java.lang.Object java.lang.invoke.DirectMethodHandle$Holder.invokeVirtual(java.lang.Object, java.lang.Object, java.lang.Object)'> (0x000000008a6d8fc0) 
thrown [s\open\src\hotspot\share\interpreter\linkResolver.cpp, line 774]
Event: 10.421 Thread 0x0000023da58ade20 Exception <a 'sun/nio/fs/WindowsException'{0x000000008a2758b8}> (0x000000008a2758b8) 
thrown [s\open\src\hotspot\share\prims\jni.cpp, line 520]
Event: 10.429 Thread 0x0000023da58ade20 Exception <a 'java/lang/ClassNotFoundException'{0x000000008a2a3820}: jdk/net/ExtendedSocketOptions> (0x000000008a2a3820) 
thrown [s\open\src\hotspot\share\classfile\systemDictionary.cpp, line 313]
Event: 11.998 Thread 0x0000023da58ade20 Exception <a 'java/io/FileNotFoundException'{0x0000000086334f30}> (0x0000000086334f30) 
thrown [s\open\src\hotspot\share\prims\jni.cpp, line 520]
Event: 12.018 Thread 0x0000023da58ade20 Exception <a 'java/lang/ClassNotFoundException'{0x00000000863f8e10}: com/sun/javafx/scene/control/skin/resources/controls-nt> (0x00000000863f8e10) 
thrown [s\open\src\hotspot\share\prims\jni.cpp, line 539]
Event: 12.018 Thread 0x0000023da58ade20 Exception <a 'java/lang/ClassNotFoundException'{0x00000000863fd280}: com/sun/javafx/scene/control/skin/resources/controls-nt_id> (0x00000000863fd280) 
thrown [s\open\src\hotspot\share\prims\jni.cpp, line 539]
Event: 12.019 Thread 0x0000023da58ade20 Exception <a 'java/lang/ClassNotFoundException'{0x00000000863fe7c8}: com/sun/javafx/scene/control/skin/resources/controls-nt_id_ID> (0x00000000863fe7c8) 
thrown [s\open\src\hotspot\share\prims\jni.cpp, line 539]
Event: 12.095 Thread 0x0000023da60765d0 Exception <a 'sun/nio/fs/WindowsException'{0x000000008c7bb5a8}> (0x000000008c7bb5a8) 
thrown [s\open\src\hotspot\share\prims\jni.cpp, line 520]
Event: 12.155 Thread 0x0000023da58ade20 Exception <a 'java/lang/NoSuchMethodError'{0x000000008925df88}: 'void java.lang.invoke.DirectMethodHandle$Holder.invokeSpecialIFC(java.lang.Object, java.lang.Object, java.lang.Object, java.lang.Object)'> (0x000000008925df88) 
thrown [s\open\src\hotspot\share\interpreter\linkResolver.cpp, line 774]
Event: 19.431 Thread 0x0000023da58ade20 Exception <a 'java/io/FileNotFoundException'{0x0000000088fe6f78}> (0x0000000088fe6f78) 
thrown [s\open\src\hotspot\share\prims\jni.cpp, line 520]
Event: 34.084 Thread 0x0000023da58ade20 Implicit null exception at 0x0000023d51994d6e to 0x0000023d5199f9e8
Event: 34.193 Thread 0x0000023da3d3d040 Implicit null exception at 0x0000023d519f03d4 to 0x0000023d519f3334
Event: 37.302 Thread 0x0000023da58ade20 Implicit null exception at 0x0000023d5182dd21 to 0x0000023d5182e498
Event: 46.518 Thread 0x0000023da58ade20 Implicit null exception at 0x0000023d51825721 to 0x0000023d51825e60
Event: 48.876 Thread 0x0000023da58ade20 Exception <a 'java/lang/NoSuchMethodError'{0x0000000088d28550}: 'java.lang.Object java.lang.invoke.DirectMethodHandle$Holder.newInvokeSpecial(java.lang.Object, java.lang.Object, int, int, int, int, int, java.lang.Object)'> (0x0000000088d28550) 
thrown [s\open\src\hotspot\share\interpreter\linkResolver.cpp, line 774]
Event: 48.877 Thread 0x0000023da58ade20 Exception <a 'java/lang/NoSuchMethodError'{0x0000000088d3a7d0}: 'java.lang.Object java.lang.invoke.DirectMethodHandle$Holder.newInvokeSpecial(java.lang.Object, java.lang.Object, java.lang.Object, int, int, int, int, int)'> (0x0000000088d3a7d0) 
thrown [s\open\src\hotspot\share\interpreter\linkResolver.cpp, line 774]
Event: 48.877 Thread 0x0000023da58ade20 Exception <a 'java/lang/NoSuchMethodError'{0x0000000088d420a0}: 'java.lang.Object java.lang.invoke.Invokers$Holder.linkToTargetMethod(java.lang.Object, java.lang.Object, int, int, int, int, int, java.lang.Object)'> (0x0000000088d420a0) 
thrown [s\open\src\hotspot\share\interpreter\linkResolver.cpp, line 774]
Event: 63.405 Thread 0x0000023da58ade20 Implicit null exception at 0x0000023d51a826ce to 0x0000023d51a83140
Event: 63.405 Thread 0x0000023da58ade20 Implicit null exception at 0x0000023d51982209 to 0x0000023d51982be0

ZGC Phase Switch (0 events):
No events

VM Operations (20 events):
Event: 65.643 Executing VM operation: HandshakeAllThreads (Deoptimize)
Event: 65.643 Executing VM operation: HandshakeAllThreads (Deoptimize) done
Event: 66.643 Executing VM operation: Cleanup
Event: 66.643 Executing VM operation: Cleanup done
Event: 67.643 Executing VM operation: Cleanup
Event: 67.643 Executing VM operation: Cleanup done
Event: 68.644 Executing VM operation: Cleanup
Event: 68.644 Executing VM operation: Cleanup done
Event: 69.644 Executing VM operation: Cleanup
Event: 69.644 Executing VM operation: Cleanup done
Event: 70.644 Executing VM operation: Cleanup
Event: 70.644 Executing VM operation: Cleanup done
Event: 71.645 Executing VM operation: Cleanup
Event: 71.645 Executing VM operation: Cleanup done
Event: 72.646 Executing VM operation: Cleanup
Event: 72.646 Executing VM operation: Cleanup done
Event: 74.646 Executing VM operation: Cleanup
Event: 74.646 Executing VM operation: Cleanup done
Event: 86.652 Executing VM operation: Cleanup
Event: 86.652 Executing VM operation: Cleanup done

Events (20 events):
Event: 19.499 Thread 0x0000023da60a6a10 Thread added: 0x0000023da60a6a10
Event: 20.082 Thread 0x0000023da60a6a10 Thread exited: 0x0000023da60a6a10
Event: 22.622 Thread 0x0000023da60a6a10 Thread added: 0x0000023da60a6a10
Event: 23.125 Thread 0x0000023da60a6a10 Thread exited: 0x0000023da60a6a10
Event: 23.134 Thread 0x0000023da60a6a10 Thread added: 0x0000023da60a6a10
Event: 23.489 Thread 0x0000023da60a6a10 Thread exited: 0x0000023da60a6a10
Event: 34.081 Thread 0x0000023da60a6a10 Thread added: 0x0000023da60a6a10
Event: 34.081 Thread 0x0000023da4a066a0 Thread added: 0x0000023da4a066a0
Event: 34.649 Thread 0x0000023da4a066a0 Thread exited: 0x0000023da4a066a0
Event: 34.835 Thread 0x0000023da60a6a10 Thread exited: 0x0000023da60a6a10
Event: 37.380 Thread 0x0000023da4a081e0 Thread added: 0x0000023da4a081e0
Event: 37.635 Thread 0x0000023da4a081e0 Thread exited: 0x0000023da4a081e0
Event: 46.540 Thread 0x0000023da4a0a3f0 Thread added: 0x0000023da4a0a3f0
Event: 47.352 Thread 0x0000023da4a0a3f0 Thread exited: 0x0000023da4a0a3f0
Event: 63.408 Thread 0x0000023da4a0a3f0 Thread added: 0x0000023da4a0a3f0
Event: 63.408 Thread 0x0000023da4a04490 Thread added: 0x0000023da4a04490
Event: 63.716 Thread 0x0000023da4a04490 Thread exited: 0x0000023da4a04490
Event: 64.051 Thread 0x0000023da4a0a3f0 Thread exited: 0x0000023da4a0a3f0
Event: 64.419 Thread 0x0000023da4a07b10 Thread added: 0x0000023da4a07b10
Event: 64.787 Thread 0x0000023da4a07b10 Thread exited: 0x0000023da4a07b10


Dynamic libraries:
0x00007ff7ab3c0000 - 0x00007ff7ab3ce000 	C:\Users\match\.jdks\openjdk-22.0.1\bin\java.exe
0x00007ffc71290000 - 0x00007ffc714a7000 	C:\WINDOWS\SYSTEM32\ntdll.dll
0x00007ffc701a0000 - 0x00007ffc70264000 	C:\WINDOWS\System32\KERNEL32.DLL
0x00007ffc6e700000 - 0x00007ffc6eaad000 	C:\WINDOWS\System32\KERNELBASE.dll
0x00007ffc6ed90000 - 0x00007ffc6eea1000 	C:\WINDOWS\System32\ucrtbase.dll
0x00007ffc5e8e0000 - 0x00007ffc5e8f7000 	C:\Users\match\.jdks\openjdk-22.0.1\bin\jli.dll
0x00007ffc581b0000 - 0x00007ffc581cb000 	C:\Users\match\.jdks\openjdk-22.0.1\bin\VCRUNTIME140.dll
0x00007ffc70910000 - 0x00007ffc70abe000 	C:\WINDOWS\System32\USER32.dll
0x00007ffc5d8e0000 - 0x00007ffc5db73000 	C:\WINDOWS\WinSxS\amd64_microsoft.windows.common-controls_6595b64144ccf1df_6.0.22621.3672_none_2713b9d173822955\COMCTL32.dll
0x00007ffc6ed60000 - 0x00007ffc6ed86000 	C:\WINDOWS\System32\win32u.dll
0x00007ffc70ac0000 - 0x00007ffc70b67000 	C:\WINDOWS\System32\msvcrt.dll
0x00007ffc70160000 - 0x00007ffc70189000 	C:\WINDOWS\System32\GDI32.dll
0x00007ffc6eeb0000 - 0x00007ffc6efc9000 	C:\WINDOWS\System32\gdi32full.dll
0x00007ffc6e5c0000 - 0x00007ffc6e65a000 	C:\WINDOWS\System32\msvcp_win.dll
0x00007ffc70120000 - 0x00007ffc70151000 	C:\WINDOWS\System32\IMM32.DLL
0x00007ffc5e720000 - 0x00007ffc5e72c000 	C:\Users\match\.jdks\openjdk-22.0.1\bin\vcruntime140_1.dll
0x00007ffc4d2a0000 - 0x00007ffc4d32e000 	C:\Users\match\.jdks\openjdk-22.0.1\bin\msvcp140.dll
0x00007ffc05430000 - 0x00007ffc06177000 	C:\Users\match\.jdks\openjdk-22.0.1\bin\server\jvm.dll
0x00007ffc6efd0000 - 0x00007ffc6f082000 	C:\WINDOWS\System32\ADVAPI32.dll
0x00007ffc6fbb0000 - 0x00007ffc6fc59000 	C:\WINDOWS\System32\sechost.dll
0x00007ffc6e660000 - 0x00007ffc6e688000 	C:\WINDOWS\System32\bcrypt.dll
0x00007ffc70bb0000 - 0x00007ffc70cc4000 	C:\WINDOWS\System32\RPCRT4.dll
0x00007ffc6fb30000 - 0x00007ffc6fba1000 	C:\WINDOWS\System32\WS2_32.dll
0x00007ffc6d450000 - 0x00007ffc6d49d000 	C:\WINDOWS\SYSTEM32\POWRPROF.dll
0x00007ffc66410000 - 0x00007ffc66444000 	C:\WINDOWS\SYSTEM32\WINMM.dll
0x00007ffc66400000 - 0x00007ffc6640a000 	C:\WINDOWS\SYSTEM32\VERSION.dll
0x00007ffc6d430000 - 0x00007ffc6d443000 	C:\WINDOWS\SYSTEM32\UMPDC.dll
0x00007ffc6d680000 - 0x00007ffc6d698000 	C:\WINDOWS\SYSTEM32\kernel.appcore.dll
0x00007ffc5e510000 - 0x00007ffc5e51a000 	C:\Users\match\.jdks\openjdk-22.0.1\bin\jimage.dll
0x00007ffc6bf00000 - 0x00007ffc6c132000 	C:\WINDOWS\SYSTEM32\DBGHELP.DLL
0x00007ffc70270000 - 0x00007ffc705f8000 	C:\WINDOWS\System32\combase.dll
0x00007ffc6fa50000 - 0x00007ffc6fb27000 	C:\WINDOWS\System32\OLEAUT32.dll
0x00007ffc5c450000 - 0x00007ffc5c482000 	C:\WINDOWS\SYSTEM32\dbgcore.DLL
0x00007ffc6ece0000 - 0x00007ffc6ed5b000 	C:\WINDOWS\System32\bcryptPrimitives.dll
0x00007ffc4d260000 - 0x00007ffc4d29c000 	C:\Users\match\.jdks\openjdk-22.0.1\bin\jdwp.dll
0x00007ffc5e330000 - 0x00007ffc5e33f000 	C:\Users\match\.jdks\openjdk-22.0.1\bin\instrument.dll
0x00007ffc58190000 - 0x00007ffc581ae000 	C:\Users\match\.jdks\openjdk-22.0.1\bin\java.dll
0x00007ffc6f090000 - 0x00007ffc6f8ef000 	C:\WINDOWS\System32\SHELL32.dll
0x00007ffc6fec0000 - 0x00007ffc70065000 	C:\WINDOWS\System32\ole32.dll
0x00007ffc57e30000 - 0x00007ffc57e47000 	C:\Users\match\.jdks\openjdk-22.0.1\bin\zip.dll
0x00007ffc6c510000 - 0x00007ffc6ce0c000 	C:\WINDOWS\SYSTEM32\windows.storage.dll
0x00007ffc6c3d0000 - 0x00007ffc6c50f000 	C:\WINDOWS\SYSTEM32\wintypes.dll
0x00007ffc70cd0000 - 0x00007ffc70dc4000 	C:\WINDOWS\System32\SHCORE.dll
0x00007ffc6fe50000 - 0x00007ffc6feae000 	C:\WINDOWS\System32\shlwapi.dll
0x00007ffc6e4f0000 - 0x00007ffc6e511000 	C:\WINDOWS\SYSTEM32\profapi.dll
0x00007ffc23380000 - 0x00007ffc23457000 	C:\Users\match\.jdks\openjdk-22.0.1\bin\jsvml.dll
0x00007ffc5e4a0000 - 0x00007ffc5e4b0000 	C:\Users\match\.jdks\openjdk-22.0.1\bin\net.dll
0x00007ffc6db50000 - 0x00007ffc6dbb9000 	C:\WINDOWS\system32\mswsock.dll
0x00007ffc57e50000 - 0x00007ffc57e66000 	C:\Users\match\.jdks\openjdk-22.0.1\bin\nio.dll
0x00007ffc5cfa0000 - 0x00007ffc5cfac000 	C:\Users\match\.jdks\openjdk-22.0.1\bin\dt_socket.dll
0x00007ffc6d0e0000 - 0x00007ffc6d10d000 	C:\WINDOWS\SYSTEM32\IPHLPAPI.DLL
0x0000023da4ce0000 - 0x0000023da4ce3000 	C:\Users\match\.openjfx\cache\13\api-ms-win-core-console-l1-1-0.dll
0x0000023da4cf0000 - 0x0000023da4cf3000 	C:\Users\match\.openjfx\cache\13\api-ms-win-core-datetime-l1-1-0.dll
0x0000023da4d00000 - 0x0000023da4d03000 	C:\Users\match\.openjfx\cache\13\api-ms-win-core-debug-l1-1-0.dll
0x0000023da4d10000 - 0x0000023da4d13000 	C:\Users\match\.openjfx\cache\13\api-ms-win-core-errorhandling-l1-1-0.dll
0x0000023da4d20000 - 0x0000023da4d24000 	C:\Users\match\.openjfx\cache\13\api-ms-win-core-file-l1-1-0.dll
0x0000023da4d30000 - 0x0000023da4d33000 	C:\Users\match\.openjfx\cache\13\api-ms-win-core-file-l1-2-0.dll
0x0000023da4d40000 - 0x0000023da4d43000 	C:\Users\match\.openjfx\cache\13\api-ms-win-core-file-l2-1-0.dll
0x0000023da4d50000 - 0x0000023da4d53000 	C:\Users\match\.openjfx\cache\13\api-ms-win-core-handle-l1-1-0.dll
0x0000023da4d60000 - 0x0000023da4d63000 	C:\Users\match\.openjfx\cache\13\api-ms-win-core-heap-l1-1-0.dll
0x0000023da4d70000 - 0x0000023da4d73000 	C:\Users\match\.openjfx\cache\13\api-ms-win-core-interlocked-l1-1-0.dll
0x0000023da4d80000 - 0x0000023da4d83000 	C:\Users\match\.openjfx\cache\13\api-ms-win-core-libraryloader-l1-1-0.dll
0x0000023da5110000 - 0x0000023da5113000 	C:\Users\match\.openjfx\cache\13\api-ms-win-core-localization-l1-2-0.dll
0x0000023da5120000 - 0x0000023da5123000 	C:\Users\match\.openjfx\cache\13\api-ms-win-core-memory-l1-1-0.dll
0x0000023da5130000 - 0x0000023da5133000 	C:\Users\match\.openjfx\cache\13\api-ms-win-core-namedpipe-l1-1-0.dll
0x0000023da5140000 - 0x0000023da5143000 	C:\Users\match\.openjfx\cache\13\api-ms-win-core-processenvironment-l1-1-0.dll
0x0000023da5150000 - 0x0000023da5153000 	C:\Users\match\.openjfx\cache\13\api-ms-win-core-processthreads-l1-1-0.dll
0x0000023da5160000 - 0x0000023da5163000 	C:\Users\match\.openjfx\cache\13\api-ms-win-core-processthreads-l1-1-1.dll
0x0000023da4d90000 - 0x0000023da4d93000 	C:\Users\match\.openjfx\cache\13\api-ms-win-core-profile-l1-1-0.dll
0x0000023da4da0000 - 0x0000023da4da3000 	C:\Users\match\.openjfx\cache\13\api-ms-win-core-rtlsupport-l1-1-0.dll
0x0000023da4db0000 - 0x0000023da4db3000 	C:\Users\match\.openjfx\cache\13\api-ms-win-core-string-l1-1-0.dll
0x0000023da4dc0000 - 0x0000023da4dc3000 	C:\Users\match\.openjfx\cache\13\api-ms-win-core-synch-l1-1-0.dll
0x0000023da4dd0000 - 0x0000023da4dd3000 	C:\Users\match\.openjfx\cache\13\api-ms-win-core-synch-l1-2-0.dll
0x0000023da4de0000 - 0x0000023da4de3000 	C:\Users\match\.openjfx\cache\13\api-ms-win-core-sysinfo-l1-1-0.dll
0x0000023da4df0000 - 0x0000023da4df3000 	C:\Users\match\.openjfx\cache\13\api-ms-win-core-timezone-l1-1-0.dll
0x0000023da4e00000 - 0x0000023da4e03000 	C:\Users\match\.openjfx\cache\13\api-ms-win-core-util-l1-1-0.dll
0x0000023da4e10000 - 0x0000023da4e13000 	C:\Users\match\.openjfx\cache\13\api-ms-win-crt-conio-l1-1-0.dll
0x0000023da4e20000 - 0x0000023da4e24000 	C:\Users\match\.openjfx\cache\13\api-ms-win-crt-convert-l1-1-0.dll
0x0000023da4e30000 - 0x0000023da4e33000 	C:\Users\match\.openjfx\cache\13\api-ms-win-crt-environment-l1-1-0.dll
0x0000023da4e40000 - 0x0000023da4e43000 	C:\Users\match\.openjfx\cache\13\api-ms-win-crt-filesystem-l1-1-0.dll
0x0000023da4e50000 - 0x0000023da4e53000 	C:\Users\match\.openjfx\cache\13\api-ms-win-crt-heap-l1-1-0.dll
0x0000023da4e60000 - 0x0000023da4e63000 	C:\Users\match\.openjfx\cache\13\api-ms-win-crt-locale-l1-1-0.dll
0x0000023da4e70000 - 0x0000023da4e75000 	C:\Users\match\.openjfx\cache\13\api-ms-win-crt-math-l1-1-0.dll
0x0000023da4e80000 - 0x0000023da4e85000 	C:\Users\match\.openjfx\cache\13\api-ms-win-crt-multibyte-l1-1-0.dll
0x0000023da4e90000 - 0x0000023da4ea0000 	C:\Users\match\.openjfx\cache\13\api-ms-win-crt-private-l1-1-0.dll
0x0000023da4ea0000 - 0x0000023da4ea3000 	C:\Users\match\.openjfx\cache\13\api-ms-win-crt-process-l1-1-0.dll
0x0000023da4eb0000 - 0x0000023da4eb4000 	C:\Users\match\.openjfx\cache\13\api-ms-win-crt-runtime-l1-1-0.dll
0x0000023da4ec0000 - 0x0000023da4ec4000 	C:\Users\match\.openjfx\cache\13\api-ms-win-crt-stdio-l1-1-0.dll
0x0000023da4ed0000 - 0x0000023da4ed4000 	C:\Users\match\.openjfx\cache\13\api-ms-win-crt-string-l1-1-0.dll
0x0000023da4ee0000 - 0x0000023da4ee3000 	C:\Users\match\.openjfx\cache\13\api-ms-win-crt-time-l1-1-0.dll
0x0000023da4ef0000 - 0x0000023da4ef3000 	C:\Users\match\.openjfx\cache\13\api-ms-win-crt-utility-l1-1-0.dll
0x00007ffc177c0000 - 0x00007ffc178bc000 	C:\Users\match\.openjfx\cache\13\ucrtbase.dll
0x00007ffc576f0000 - 0x00007ffc57705000 	C:\Users\match\.openjfx\cache\13\vcruntime140.dll
0x00007ffc114a0000 - 0x00007ffc1153b000 	C:\Users\match\.openjfx\cache\13\msvcp140.dll
0x00007ffc26c40000 - 0x00007ffc26c91000 	C:\Users\match\.openjfx\cache\13\concrt140.dll
0x00007ffc35380000 - 0x00007ffc353a3000 	C:\Users\match\.openjfx\cache\13\prism_d3d.dll
0x00007ffc5d2b0000 - 0x00007ffc5d458000 	C:\WINDOWS\system32\d3d9.dll
0x00007ffc6b870000 - 0x00007ffc6b89b000 	C:\WINDOWS\SYSTEM32\dwmapi.dll
0x00007ffc6b620000 - 0x00007ffc6b659000 	C:\WINDOWS\SYSTEM32\dxcore.dll
0x00007ffc6b520000 - 0x00007ffc6b5cf000 	C:\WINDOWS\system32\uxtheme.dll
0x00007ffc63190000 - 0x00007ffc631d9000 	C:\WINDOWS\SYSTEM32\directxdatabasehelper.dll
0x00007ffc6de10000 - 0x00007ffc6de22000 	C:\WINDOWS\SYSTEM32\msasn1.dll
0x00007ffc638b0000 - 0x00007ffc638e2000 	C:\WINDOWS\SYSTEM32\cryptnet.dll
0x00007ffc6eb70000 - 0x00007ffc6ecd7000 	C:\WINDOWS\System32\CRYPT32.dll
0x00007ffc6ddd0000 - 0x00007ffc6dddc000 	C:\WINDOWS\SYSTEM32\cryptbase.dll
0x00007ffc6e690000 - 0x00007ffc6e6fb000 	C:\WINDOWS\System32\WINTRUST.DLL
0x00007ffc70b80000 - 0x00007ffc70b9f000 	C:\WINDOWS\System32\imagehlp.dll
0x00007ffc6ddb0000 - 0x00007ffc6ddcb000 	C:\WINDOWS\SYSTEM32\CRYPTSP.dll
0x00007ffc6d640000 - 0x00007ffc6d675000 	C:\WINDOWS\system32\rsaenh.dll
0x00007ffc27760000 - 0x00007ffc277a5000 	C:\Users\match\.openjfx\cache\13\glass.dll
0x00007ffc6f8f0000 - 0x00007ffc6f9e8000 	C:\WINDOWS\System32\COMDLG32.dll
0x00007ffc6fcf0000 - 0x00007ffc6fe43000 	C:\WINDOWS\System32\MSCTF.dll
0x00007ffc38ae0000 - 0x00007ffc38be7000 	C:\WINDOWS\System32\DriverStore\FileRepository\nvam.inf_amd64_73ddbc5a9852db46\nvldumdx.dll
0x00007ffc5f010000 - 0x00007ffc5f168000 	C:\WINDOWS\SYSTEM32\drvstore.dll
0x00007ffc6e270000 - 0x00007ffc6e29c000 	C:\WINDOWS\SYSTEM32\devobj.dll
0x00007ffc6e2a0000 - 0x00007ffc6e2ee000 	C:\WINDOWS\SYSTEM32\cfgmgr32.dll
0x00007ffc6de80000 - 0x00007ffc6dec9000 	C:\WINDOWS\SYSTEM32\wldp.dll
0x00007ffbda780000 - 0x00007ffbdbf0a000 	C:\WINDOWS\System32\DriverStore\FileRepository\nvam.inf_amd64_73ddbc5a9852db46\nvd3dumx.dll
0x00007ffc6dbe0000 - 0x00007ffc6dc06000 	C:\WINDOWS\SYSTEM32\gpapi.dll
0x00007ffc1c130000 - 0x00007ffc1c294000 	C:\WINDOWS\System32\DriverStore\FileRepository\iigd_dch.inf_amd64_044fd6f0c2ae28a8\igdumdim64.dll
0x00007ffbbdeb0000 - 0x00007ffbc27dc000 	C:\WINDOWS\System32\DriverStore\FileRepository\iigd_dch.inf_amd64_044fd6f0c2ae28a8\igd9dxva64.dll
0x00007ffc70dd0000 - 0x00007ffc71244000 	C:\WINDOWS\System32\SETUPAPI.dll
0x00007ffc5ed20000 - 0x00007ffc5efe4000 	C:\WINDOWS\System32\DriverStore\FileRepository\iigd_dch.inf_amd64_044fd6f0c2ae28a8\igdgmm64.dll
0x00007ffc583c0000 - 0x00007ffc583e7000 	C:\WINDOWS\System32\DriverStore\FileRepository\iigd_dch.inf_amd64_044fd6f0c2ae28a8\igdinfo64.dll
0x00007ffc58aa0000 - 0x00007ffc5b634000 	C:\WINDOWS\System32\DriverStore\FileRepository\iigd_dch.inf_amd64_044fd6f0c2ae28a8\igc64.dll
0x00007ffc56ea0000 - 0x00007ffc56eb4000 	C:\Users\match\.openjfx\cache\13\javafx_font.dll
0x00007ffc64170000 - 0x00007ffc643e3000 	C:\WINDOWS\SYSTEM32\dwrite.dll
0x00007ffc6dc50000 - 0x00007ffc6dc78000 	C:\WINDOWS\SYSTEM32\USERENV.dll

dbghelp: loaded successfully - version: 4.0.5 - missing functions: none
symbol engine: initialized successfully - sym options: 0x614 - pdb path: .;C:\Users\match\.jdks\openjdk-22.0.1\bin;C:\WINDOWS\SYSTEM32;C:\WINDOWS\WinSxS\amd64_microsoft.windows.common-controls_6595b64144ccf1df_6.0.22621.3672_none_2713b9d173822955;C:\Users\match\.jdks\openjdk-22.0.1\bin\server;C:\Users\match\.openjfx\cache\13;C:\WINDOWS\System32\DriverStore\FileRepository\nvam.inf_amd64_73ddbc5a9852db46;C:\WINDOWS\System32\DriverStore\FileRepository\iigd_dch.inf_amd64_044fd6f0c2ae28a8;C:\Program Files\Common Files\Microsoft Shared\Ink;C:\WINDOWS\WinSxS\amd64_microsoft.windows.gdiplus_6595b64144ccf1df_1.1.22621.3810_none_57f8d842ce19d879;C:\Program Files (x86)\Internet Download Manager;C:\Users\match\AppData\Local\Microsoft\OneDrive\24.116.0609.0005

VM Arguments:
jvm_args: -agentlib:jdwp=transport=dt_socket,address=127.0.0.1:62374,suspend=y,server=n -javaagent:C:\Users\match\AppData\Local\JetBrains\IntelliJIdea2024.1\captureAgent\debugger-agent.jar -Dfile.encoding=UTF-8 -Dsun.stdout.encoding=UTF-8 -Dsun.stderr.encoding=UTF-8 --module-path=C:\Users\match\OneDrive\Desktop\MovieTicketBookingManagement\target\classes;C:\Users\match\.m2\repository\org\openjfx\javafx-graphics\13\javafx-graphics-13-win.jar;C:\Users\match\.m2\repository\org\openjfx\javafx-base\13\javafx-base-13-win.jar;C:\Users\match\.m2\repository\org\openjfx\javafx-fxml\13\javafx-fxml-13-win.jar;C:\Users\match\.m2\repository\org\openjfx\javafx-controls\13\javafx-controls-13-win.jar -Djdk.module.main=com.mycompany.movieticketbookingmanagement 
java_command: com.mycompany.movieticketbookingmanagement/com.mycompany.movieticketbookingmanagement.App
java_class_path (initial): C:\Users\match\.m2\repository\de\jensd\fontawesomefx-fontawesome\4.7.0-9.1.2\fontawesomefx-fontawesome-4.7.0-9.1.2.jar;C:\Users\match\.m2\repository\de\jensd\fontawesomefx-commons\9.1.2\fontawesomefx-commons-9.1.2.jar;C:\Users\match\.m2\repository\org\openjfx\javafx-controls\13\javafx-controls-13.jar;C:\Users\match\.m2\repository\org\openjfx\javafx-graphics\13\javafx-graphics-13.jar;C:\Users\match\.m2\repository\org\openjfx\javafx-base\13\javafx-base-13.jar;C:\Users\match\.m2\repository\org\openjfx\javafx-fxml\13\javafx-fxml-13.jar;C:\Users\match\.m2\repository\mysql\mysql-connector-java\8.0.30\mysql-connector-java-8.0.30.jar;C:\Users\match\.m2\repository\com\google\protobuf\protobuf-java\3.19.4\protobuf-java-3.19.4.jar;C:\Program Files\JetBrains\IntelliJ IDEA 2024.1.2\lib\idea_rt.jar
Launcher Type: SUN_STANDARD

[Global flags]
     intx CICompilerCount                          = 4                                         {product} {ergonomic}
     uint ConcGCThreads                            = 2                                         {product} {ergonomic}
     uint G1ConcRefinementThreads                  = 8                                         {product} {ergonomic}
   size_t G1HeapRegionSize                         = 1048576                                   {product} {ergonomic}
   size_t InitialHeapSize                          = 130023424                                 {product} {ergonomic}
   size_t MarkStackSize                            = 4194304                                   {product} {ergonomic}
   size_t MaxHeapSize                              = 2067791872                                {product} {ergonomic}
   size_t MaxNewSize                               = 1240465408                                {product} {ergonomic}
   size_t MinHeapDeltaBytes                        = 1048576                                   {product} {ergonomic}
   size_t MinHeapSize                              = 8388608                                   {product} {ergonomic}
    uintx NonNMethodCodeHeapSize                   = 5839372                                {pd product} {ergonomic}
    uintx NonProfiledCodeHeapSize                  = 122909434                              {pd product} {ergonomic}
    uintx ProfiledCodeHeapSize                     = 122909434                              {pd product} {ergonomic}
    uintx ReservedCodeCacheSize                    = 251658240                              {pd product} {ergonomic}
     bool SegmentedCodeCache                       = true                                      {product} {ergonomic}
   size_t SoftMaxHeapSize                          = 2067791872                             {manageable} {ergonomic}
     bool UseCompressedOops                        = true                           {product lp64_product} {ergonomic}
     bool UseG1GC                                  = true                                      {product} {ergonomic}
     bool UseLargePagesIndividualAllocation        = false                                  {pd product} {ergonomic}

Logging:
Log output configuration:
 #0: stdout all=warning uptime,level,tags foldmultilines=false
 #1: stderr all=off uptime,level,tags foldmultilines=false

Environment Variables:
JAVA_HOME=C:\Program Files\Java\jdk-22
PATH=C:\Program Files\Common Files\Oracle\Java\javapath;c:\Users\match\AppData\Local\Programs\cursor\resources\app\bin;C:\Program Files (x86)\Falcon\MinGW\bin;C:\Windows\system32;C:\Windows;C:\Windows\System32\Wbem;C:\Windows\System32\WindowsPowerShell\v1.0\;C:\Windows\System32\OpenSSH\;C:\WINDOWS\system32;C:\WINDOWS;C:\WINDOWS\System32\Wbem;C:\WINDOWS\System32\WindowsPowerShell\v1.0\;C:\WINDOWS\System32\OpenSSH\;C:\MinGW\bin;C:\Users\match\AppData\Local\Microsoft\WindowsApps;C:\Program Files (x86)\Nmap;C:\adb;C:\Users\match\AppData\Local\Programs\Python\Python37\;C:\Users\match\AppData\Local\Programs\Python\Python37\Scripts\;C:\Users\match\AppData\Local\Programs\Python\Python37\;C:\Users\match\AppData\Local\Microsoft\WindowsApps;C:\MinGW\bin;C:\Program;c:\Users\match\AppData\Local\Programs\cursor\resources\app\bin;C:\Program Files\Git\cmd;C:\Program Files\Maven\apache-maven-3.9.7\bin;C:\Program Files\Java\jdk-22\bin;C:\Program Files\Java\javafx-sdk-22.0.1\bin;C:\Users\match\AppData\Local\Programs\Python\Python37\Scripts\;C:\Users\match\AppData\Local\Programs\Python\Python37\;C:\Users\match\AppData\Local\Microsoft\WindowsApps;C:\MinGW\bin;C:\Program Files (x86)\Nmap;C:\Users\match\AppData\Local\spicetify;;C:\Program Files\JetBrains\IntelliJ IDEA 2024.1.2\bin;
USERNAME=match
OS=Windows_NT
PROCESSOR_IDENTIFIER=Intel64 Family 6 Model 140 Stepping 1, GenuineIntel
TMP=C:\Users\match\AppData\Local\Temp
TEMP=C:\Users\match\AppData\Local\Temp




Periodic native trim disabled

---------------  S Y S T E M  ---------------

OS:
 Windows 11 , 64 bit Build 22621 (10.0.22621.3672)
OS uptime: 1 days 18:45 hours

CPU: total 8 (initial active 8) (4 cores per cpu, 2 threads per core) family 6 model 140 stepping 1 microcode 0x86, cx8, cmov, fxsr, ht, mmx, 3dnowpref, sse, sse2, sse3, ssse3, sse4.1, sse4.2, popcnt, lzcnt, tsc, tscinvbit, avx, avx2, aes, erms, clmul, bmi1, bmi2, adx, avx512f, avx512dq, avx512cd, avx512bw, avx512vl, sha, fma, vzeroupper, avx512_vpopcntdq, avx512_vpclmulqdq, avx512_vaes, avx512_vnni, clflush, clflushopt, clwb, avx512_vbmi2, avx512_vbmi, rdtscp, rdpid, fsrm, gfni, avx512_bitalg, f16c, pku, cet_ibt, cet_ss, avx512_ifma
Processor Information for all 8 processors :
  Max Mhz: 2419, Current Mhz: 2419, Mhz Limit: 2419

Memory: 4k page, system-wide physical 7884M (605M free)
TotalPageFile size 16076M (AvailPageFile size 0M)
current process WorkingSet (physical memory assigned to process): 261M, peak: 288M
current process commit charge ("private bytes"): 360M, peak: 388M

vm_info: OpenJDK 64-Bit Server VM (22.0.1+8-16) for windows-amd64 JRE (22.0.1+8-16), built on 2024-03-12T10:33:16Z by "mach5one" with MS VC++ 17.6 (VS2022)

END.
