#
# There is insufficient memory for the Java Runtime Environment to continue.
# Native memory allocation (malloc) failed to allocate 32744 bytes. Error detail: Chunk::new
# Possible reasons:
#   The system is out of physical RAM or swap space
#   This process is running with CompressedOops enabled, and the Java Heap may be blocking the growth of the native heap
# Possible solutions:
#   Reduce memory load on the system
#   Increase physical memory or swap space
#   Check if swap backing store is full
#   Decrease Java heap size (-Xmx/-Xms)
#   Decrease number of Java threads
#   Decrease Java thread stack sizes (-Xss)
#   Set larger code cache with -XX:ReservedCodeCacheSize=
#   JVM is running with Unscaled Compressed Oops mode in which the Java heap is
#     placed in the first 4GB address space. The Java Heap base address is the
#     maximum limit for the native heap growth. Please use -XX:HeapBaseMinAddress
#     to set the Java Heap base and to place the Java Heap above 4GB virtual address.
# This output file may be truncated or incomplete.
#
#  Out of Memory Error (arena.cpp:150), pid=1348, tid=11564
#
# JRE version: OpenJDK Runtime Environment (22.0.1+8) (build 22.0.1+8-16)
# Java VM: OpenJDK 64-Bit Server VM (22.0.1+8-16, mixed mode, sharing, tiered, compressed oops, compressed class ptrs, g1 gc, windows-amd64)
# No core dump will be written. Minidumps are not enabled by default on client versions of Windows
#

---------------  S U M M A R Y ------------

Command Line: -agentlib:jdwp=transport=dt_socket,address=127.0.0.1:51954,suspend=y,server=n -javaagent:C:\Users\match\AppData\Local\JetBrains\IntelliJIdea2024.1\captureAgent\debugger-agent.jar -Dfile.encoding=UTF-8 -Dsun.stdout.encoding=UTF-8 -Dsun.stderr.encoding=UTF-8 --module-path=C:\Users\match\.m2\repository\org\codehaus\woodstox\stax2-api\4.2.1\stax2-api-4.2.1.jar;C:\Users\match\.m2\repository\org\openjfx\javafx-fxml\21\javafx-fxml-21-win.jar;C:\Users\match\.m2\repository\org\bouncycastle\bcprov-jdk15on\1.70\bcprov-jdk15on-1.70.jar;C:\Users\match\.m2\repository\org\openjfx\javafx-base\21\javafx-base-21-win.jar;C:\Users\match\.m2\repository\org\openjfx\javafx-graphics\21\javafx-graphics-21-win.jar;C:\Users\match\.m2\repository\net\sf\jasperreports\jasperreports\6.20.0\jasperreports-6.20.0.jar;C:\Users\match\.m2\repository\com\fasterxml\woodstox\woodstox-core\6.2.7\woodstox-core-6.2.7.jar;C:\Users\match\OneDrive\Desktop\MovieTicketBookingManagement\target\classes;C:\Users\match\.m2\repository\org\openjfx\javafx-controls\21\javafx-controls-21-win.jar -Djdk.module.main=com.mycompany.movieticketbookingmanagement com.mycompany.movieticketbookingmanagement/com.mycompany.movieticketbookingmanagement.App

Host: 11th Gen Intel(R) Core(TM) i5-1135G7 @ 2.40GHz, 8 cores, 7G,  Windows 11 , 64 bit Build 22621 (10.0.22621.3672)
Time: Mon Jul  1 11:21:40 2024 SE Asia Standard Time elapsed time: 0.393928 seconds (0d 0h 0m 0s)

---------------  T H R E A D  ---------------

Current thread (0x0000020cb4c86590):  JavaThread "C2 CompilerThread1" daemon [_thread_in_native, id=11564, stack(0x0000009376400000,0x0000009376500000) (1024K)]


Current CompileTask:
C2:394  268       4       java.util.HashMap::put (13 bytes)

Stack: [0x0000009376400000,0x0000009376500000]
Native frames: (J=compiled Java code, j=interpreted, Vv=VM code, C=native code)
V  [jvm.dll+0x6e2279]  (no source info available)
V  [jvm.dll+0x874e33]  (no source info available)
V  [jvm.dll+0x87725e]  (no source info available)
V  [jvm.dll+0x877933]  (no source info available)
V  [jvm.dll+0x27fd76]  (no source info available)
V  [jvm.dll+0xc3d0f]  (no source info available)
V  [jvm.dll+0xc3f6b]  (no source info available)
V  [jvm.dll+0x1cb2f0]  (no source info available)
V  [jvm.dll+0x3977d3]  (no source info available)
V  [jvm.dll+0x39d778]  (no source info available)
V  [jvm.dll+0x3a301f]  (no source info available)
V  [jvm.dll+0x1c8f4b]  (no source info available)
V  [jvm.dll+0x1c8b1d]  (no source info available)
V  [jvm.dll+0x1c8b1d]  (no source info available)
V  [jvm.dll+0x2f2e3f]  (no source info available)
V  [jvm.dll+0x6fcc87]  (no source info available)
V  [jvm.dll+0x6f4fcf]  (no source info available)
V  [jvm.dll+0x6f4587]  (no source info available)
V  [jvm.dll+0x6f2764]  (no source info available)
V  [jvm.dll+0x1c805c]  (no source info available)
V  [jvm.dll+0x1c8bdb]  (no source info available)
V  [jvm.dll+0x2f2e3f]  (no source info available)
V  [jvm.dll+0x6fcc87]  (no source info available)
V  [jvm.dll+0x6f4fcf]  (no source info available)
V  [jvm.dll+0x6f4587]  (no source info available)
V  [jvm.dll+0x6f2764]  (no source info available)
V  [jvm.dll+0x1c805c]  (no source info available)
V  [jvm.dll+0x246c2b]  (no source info available)
V  [jvm.dll+0x1c4e90]  (no source info available)
V  [jvm.dll+0x2569fe]  (no source info available)
V  [jvm.dll+0x254cba]  (no source info available)
V  [jvm.dll+0x3f5336]  (no source info available)
V  [jvm.dll+0x81d44b]  (no source info available)
V  [jvm.dll+0x6e0915]  (no source info available)
C  [ucrtbase.dll+0x29333]  (no source info available)
C  [KERNEL32.DLL+0x1257d]  (no source info available)
C  [ntdll.dll+0x5af28]  (no source info available)


---------------  P R O C E S S  ---------------

Threads class SMR info:
_java_thread_list=0x0000020cb4c51b30, length=12, elements={
0x0000020c962bc630, 0x0000020cb4c63630, 0x0000020cb4c645f0, 0x0000020cb4c68eb0,
0x0000020cb4c69e90, 0x0000020cb4c6b3b0, 0x0000020cb4c6eef0, 0x0000020cb4c83260,
0x0000020cb4c880d0, 0x0000020cfa0dd440, 0x0000020cb4c86590, 0x0000020cb4c887a0
}

Java Threads: ( => current thread )
  0x0000020c962bc630 JavaThread "main"                              [_thread_in_vm, id=13704, stack(0x0000009375300000,0x0000009375400000) (1024K)]
  0x0000020cb4c63630 JavaThread "Reference Handler"          daemon [_thread_blocked, id=14032, stack(0x0000009375b00000,0x0000009375c00000) (1024K)]
  0x0000020cb4c645f0 JavaThread "Finalizer"                  daemon [_thread_blocked, id=14512, stack(0x0000009375c00000,0x0000009375d00000) (1024K)]
  0x0000020cb4c68eb0 JavaThread "Signal Dispatcher"          daemon [_thread_blocked, id=14364, stack(0x0000009375d00000,0x0000009375e00000) (1024K)]
  0x0000020cb4c69e90 JavaThread "Attach Listener"            daemon [_thread_blocked, id=11940, stack(0x0000009375e00000,0x0000009375f00000) (1024K)]
  0x0000020cb4c6b3b0 JavaThread "Service Thread"             daemon [_thread_blocked, id=3716, stack(0x0000009375f00000,0x0000009376000000) (1024K)]
  0x0000020cb4c6eef0 JavaThread "Monitor Deflation Thread"   daemon [_thread_blocked, id=12688, stack(0x0000009376000000,0x0000009376100000) (1024K)]
  0x0000020cb4c83260 JavaThread "C2 CompilerThread0"         daemon [_thread_in_native, id=3144, stack(0x0000009376100000,0x0000009376200000) (1024K)]
  0x0000020cb4c880d0 JavaThread "C1 CompilerThread0"         daemon [_thread_blocked, id=8060, stack(0x0000009376200000,0x0000009376300000) (1024K)]
  0x0000020cfa0dd440 JavaThread "Common-Cleaner"             daemon [_thread_blocked, id=8220, stack(0x0000009376300000,0x0000009376400000) (1024K)]
=>0x0000020cb4c86590 JavaThread "C2 CompilerThread1"         daemon [_thread_in_native, id=11564, stack(0x0000009376400000,0x0000009376500000) (1024K)]
  0x0000020cb4c887a0 JavaThread "C2 CompilerThread2"         daemon [_thread_blocked, id=6372, stack(0x0000009376500000,0x0000009376600000) (1024K)]
Total: 12

Other Threads:
  0x0000020cb4c4a930 VMThread "VM Thread"                           [id=13480, stack(0x0000009375a00000,0x0000009375b00000) (1024K)]
  0x0000020cb4c2f850 WatcherThread "VM Periodic Task Thread"        [id=15024, stack(0x0000009375900000,0x0000009375a00000) (1024K)]
  0x0000020c965d0190 WorkerThread "GC Thread#0"                     [id=12760, stack(0x0000009375400000,0x0000009375500000) (1024K)]
  0x0000020c965e11d0 ConcurrentGCThread "G1 Main Marker"            [id=14580, stack(0x0000009375500000,0x0000009375600000) (1024K)]
  0x0000020c965e3640 WorkerThread "G1 Conc#0"                       [id=4744, stack(0x0000009375600000,0x0000009375700000) (1024K)]
  0x0000020c9662eaf0 ConcurrentGCThread "G1 Refine#0"               [id=9616, stack(0x0000009375700000,0x0000009375800000) (1024K)]
  0x0000020cb4affca0 ConcurrentGCThread "G1 Service"                [id=6880, stack(0x0000009375800000,0x0000009375900000) (1024K)]
Total: 7

Threads with active compile tasks:
C2 CompilerThread0  540  259   !   4       java.util.jar.Attributes::read (494 bytes)
C2 CompilerThread1  540  268       4       java.util.HashMap::put (13 bytes)
Total: 2

VM state: not at safepoint (normal execution)

VM Mutex/Monitor currently owned by a thread: None

Heap address: 0x0000000084c00000, size: 1972 MB, Compressed Oops mode: 32-bit

CDS archive(s) mapped at: [0x0000020cb5000000-0x0000020cb5c50000-0x0000020cb5c50000), size 12910592, SharedBaseAddress: 0x0000020cb5000000, ArchiveRelocationMode: 1.
Compressed class space mapped at: 0x0000020cb6000000-0x0000020cf6000000, reserved size: 1073741824
Narrow klass base: 0x0000020cb5000000, Narrow klass shift: 0, Narrow klass range: 0x41000000

GC Precious Log:
 CardTable entry size: 512
 Card Set container configuration: InlinePtr #cards 5 size 8 Array Of Cards #cards 12 size 40 Howl #buckets 4 coarsen threshold 1843 Howl Bitmap #cards 512 size 80 coarsen threshold 460 Card regions per heap region 1 cards per card region 2048
 CPUs: 8 total, 8 available
 Memory: 7884M
 Large Page Support: Disabled
 NUMA Support: Disabled
 Compressed Oops: Enabled (32-bit)
 Heap Region Size: 1M
 Heap Min Capacity: 8M
 Heap Initial Capacity: 124M
 Heap Max Capacity: 1972M
 Pre-touch: Disabled
 Parallel Workers: 8
 Concurrent Workers: 2
 Concurrent Refinement Workers: 8
 Periodic GC: Disabled

Heap:
 garbage-first heap   total reserved 2019328K, committed 126976K, used 14336K [0x0000000084c00000, 0x0000000100000000)
  region size 1024K, 10 young (10240K), 0 survivors (0K)
 Metaspace       used 1014K, committed 1216K, reserved 1114112K
  class space    used 77K, committed 192K, reserved 1048576K

Heap Regions: E=young(eden), S=young(survivor), O=old, HS=humongous(starts), HC=humongous(continues), CS=collection set, F=free, TAMS=top-at-mark-start, PB=parsable bottom
|   0|0x0000000084c00000, 0x0000000084d00000, 0x0000000084d00000|100%|HS|  |TAMS 0x0000000084c00000| PB 0x0000000084c00000| Complete |  0
|   1|0x0000000084d00000, 0x0000000084e00000, 0x0000000084e00000|100%|HS|  |TAMS 0x0000000084d00000| PB 0x0000000084d00000| Complete |  0
|   2|0x0000000084e00000, 0x0000000084f00000, 0x0000000084f00000|100%|HS|  |TAMS 0x0000000084e00000| PB 0x0000000084e00000| Complete |  0
|   3|0x0000000084f00000, 0x0000000085000000, 0x0000000085000000|100%|HS|  |TAMS 0x0000000084f00000| PB 0x0000000084f00000| Complete |  0
|   4|0x0000000085000000, 0x0000000085100000, 0x0000000085100000|100%|HS|  |TAMS 0x0000000085000000| PB 0x0000000085000000| Complete |  0
|   5|0x0000000085100000, 0x0000000085100000, 0x0000000085200000|  0%| F|  |TAMS 0x0000000085100000| PB 0x0000000085100000| Untracked |  0
|   6|0x0000000085200000, 0x0000000085200000, 0x0000000085300000|  0%| F|  |TAMS 0x0000000085200000| PB 0x0000000085200000| Untracked |  0
|   7|0x0000000085300000, 0x0000000085300000, 0x0000000085400000|  0%| F|  |TAMS 0x0000000085300000| PB 0x0000000085300000| Untracked |  0
|   8|0x0000000085400000, 0x0000000085400000, 0x0000000085500000|  0%| F|  |TAMS 0x0000000085400000| PB 0x0000000085400000| Untracked |  0
|   9|0x0000000085500000, 0x0000000085500000, 0x0000000085600000|  0%| F|  |TAMS 0x0000000085500000| PB 0x0000000085500000| Untracked |  0
|  10|0x0000000085600000, 0x0000000085600000, 0x0000000085700000|  0%| F|  |TAMS 0x0000000085600000| PB 0x0000000085600000| Untracked |  0
|  11|0x0000000085700000, 0x0000000085700000, 0x0000000085800000|  0%| F|  |TAMS 0x0000000085700000| PB 0x0000000085700000| Untracked |  0
|  12|0x0000000085800000, 0x0000000085800000, 0x0000000085900000|  0%| F|  |TAMS 0x0000000085800000| PB 0x0000000085800000| Untracked |  0
|  13|0x0000000085900000, 0x0000000085900000, 0x0000000085a00000|  0%| F|  |TAMS 0x0000000085900000| PB 0x0000000085900000| Untracked |  0
|  14|0x0000000085a00000, 0x0000000085a00000, 0x0000000085b00000|  0%| F|  |TAMS 0x0000000085a00000| PB 0x0000000085a00000| Untracked |  0
|  15|0x0000000085b00000, 0x0000000085b00000, 0x0000000085c00000|  0%| F|  |TAMS 0x0000000085b00000| PB 0x0000000085b00000| Untracked |  0
|  16|0x0000000085c00000, 0x0000000085c00000, 0x0000000085d00000|  0%| F|  |TAMS 0x0000000085c00000| PB 0x0000000085c00000| Untracked |  0
|  17|0x0000000085d00000, 0x0000000085d00000, 0x0000000085e00000|  0%| F|  |TAMS 0x0000000085d00000| PB 0x0000000085d00000| Untracked |  0
|  18|0x0000000085e00000, 0x0000000085e00000, 0x0000000085f00000|  0%| F|  |TAMS 0x0000000085e00000| PB 0x0000000085e00000| Untracked |  0
|  19|0x0000000085f00000, 0x0000000085f00000, 0x0000000086000000|  0%| F|  |TAMS 0x0000000085f00000| PB 0x0000000085f00000| Untracked |  0
|  20|0x0000000086000000, 0x0000000086000000, 0x0000000086100000|  0%| F|  |TAMS 0x0000000086000000| PB 0x0000000086000000| Untracked |  0
|  21|0x0000000086100000, 0x0000000086100000, 0x0000000086200000|  0%| F|  |TAMS 0x0000000086100000| PB 0x0000000086100000| Untracked |  0
|  22|0x0000000086200000, 0x0000000086200000, 0x0000000086300000|  0%| F|  |TAMS 0x0000000086200000| PB 0x0000000086200000| Untracked |  0
|  23|0x0000000086300000, 0x0000000086300000, 0x0000000086400000|  0%| F|  |TAMS 0x0000000086300000| PB 0x0000000086300000| Untracked |  0
|  24|0x0000000086400000, 0x0000000086400000, 0x0000000086500000|  0%| F|  |TAMS 0x0000000086400000| PB 0x0000000086400000| Untracked |  0
|  25|0x0000000086500000, 0x0000000086500000, 0x0000000086600000|  0%| F|  |TAMS 0x0000000086500000| PB 0x0000000086500000| Untracked |  0
|  26|0x0000000086600000, 0x0000000086600000, 0x0000000086700000|  0%| F|  |TAMS 0x0000000086600000| PB 0x0000000086600000| Untracked |  0
|  27|0x0000000086700000, 0x0000000086700000, 0x0000000086800000|  0%| F|  |TAMS 0x0000000086700000| PB 0x0000000086700000| Untracked |  0
|  28|0x0000000086800000, 0x0000000086800000, 0x0000000086900000|  0%| F|  |TAMS 0x0000000086800000| PB 0x0000000086800000| Untracked |  0
|  29|0x0000000086900000, 0x0000000086900000, 0x0000000086a00000|  0%| F|  |TAMS 0x0000000086900000| PB 0x0000000086900000| Untracked |  0
|  30|0x0000000086a00000, 0x0000000086a00000, 0x0000000086b00000|  0%| F|  |TAMS 0x0000000086a00000| PB 0x0000000086a00000| Untracked |  0
|  31|0x0000000086b00000, 0x0000000086b00000, 0x0000000086c00000|  0%| F|  |TAMS 0x0000000086b00000| PB 0x0000000086b00000| Untracked |  0
|  32|0x0000000086c00000, 0x0000000086c00000, 0x0000000086d00000|  0%| F|  |TAMS 0x0000000086c00000| PB 0x0000000086c00000| Untracked |  0
|  33|0x0000000086d00000, 0x0000000086d00000, 0x0000000086e00000|  0%| F|  |TAMS 0x0000000086d00000| PB 0x0000000086d00000| Untracked |  0
|  34|0x0000000086e00000, 0x0000000086e00000, 0x0000000086f00000|  0%| F|  |TAMS 0x0000000086e00000| PB 0x0000000086e00000| Untracked |  0
|  35|0x0000000086f00000, 0x0000000086f00000, 0x0000000087000000|  0%| F|  |TAMS 0x0000000086f00000| PB 0x0000000086f00000| Untracked |  0
|  36|0x0000000087000000, 0x0000000087000000, 0x0000000087100000|  0%| F|  |TAMS 0x0000000087000000| PB 0x0000000087000000| Untracked |  0
|  37|0x0000000087100000, 0x0000000087100000, 0x0000000087200000|  0%| F|  |TAMS 0x0000000087100000| PB 0x0000000087100000| Untracked |  0
|  38|0x0000000087200000, 0x0000000087200000, 0x0000000087300000|  0%| F|  |TAMS 0x0000000087200000| PB 0x0000000087200000| Untracked |  0
|  39|0x0000000087300000, 0x0000000087300000, 0x0000000087400000|  0%| F|  |TAMS 0x0000000087300000| PB 0x0000000087300000| Untracked |  0
|  40|0x0000000087400000, 0x0000000087400000, 0x0000000087500000|  0%| F|  |TAMS 0x0000000087400000| PB 0x0000000087400000| Untracked |  0
|  41|0x0000000087500000, 0x0000000087500000, 0x0000000087600000|  0%| F|  |TAMS 0x0000000087500000| PB 0x0000000087500000| Untracked |  0
|  42|0x0000000087600000, 0x0000000087600000, 0x0000000087700000|  0%| F|  |TAMS 0x0000000087600000| PB 0x0000000087600000| Untracked |  0
|  43|0x0000000087700000, 0x0000000087700000, 0x0000000087800000|  0%| F|  |TAMS 0x0000000087700000| PB 0x0000000087700000| Untracked |  0
|  44|0x0000000087800000, 0x0000000087800000, 0x0000000087900000|  0%| F|  |TAMS 0x0000000087800000| PB 0x0000000087800000| Untracked |  0
|  45|0x0000000087900000, 0x0000000087900000, 0x0000000087a00000|  0%| F|  |TAMS 0x0000000087900000| PB 0x0000000087900000| Untracked |  0
|  46|0x0000000087a00000, 0x0000000087a00000, 0x0000000087b00000|  0%| F|  |TAMS 0x0000000087a00000| PB 0x0000000087a00000| Untracked |  0
|  47|0x0000000087b00000, 0x0000000087b00000, 0x0000000087c00000|  0%| F|  |TAMS 0x0000000087b00000| PB 0x0000000087b00000| Untracked |  0
|  48|0x0000000087c00000, 0x0000000087c00000, 0x0000000087d00000|  0%| F|  |TAMS 0x0000000087c00000| PB 0x0000000087c00000| Untracked |  0
|  49|0x0000000087d00000, 0x0000000087d00000, 0x0000000087e00000|  0%| F|  |TAMS 0x0000000087d00000| PB 0x0000000087d00000| Untracked |  0
|  50|0x0000000087e00000, 0x0000000087e00000, 0x0000000087f00000|  0%| F|  |TAMS 0x0000000087e00000| PB 0x0000000087e00000| Untracked |  0
|  51|0x0000000087f00000, 0x0000000087f00000, 0x0000000088000000|  0%| F|  |TAMS 0x0000000087f00000| PB 0x0000000087f00000| Untracked |  0
|  52|0x0000000088000000, 0x0000000088000000, 0x0000000088100000|  0%| F|  |TAMS 0x0000000088000000| PB 0x0000000088000000| Untracked |  0
|  53|0x0000000088100000, 0x0000000088100000, 0x0000000088200000|  0%| F|  |TAMS 0x0000000088100000| PB 0x0000000088100000| Untracked |  0
|  54|0x0000000088200000, 0x0000000088200000, 0x0000000088300000|  0%| F|  |TAMS 0x0000000088200000| PB 0x0000000088200000| Untracked |  0
|  55|0x0000000088300000, 0x0000000088300000, 0x0000000088400000|  0%| F|  |TAMS 0x0000000088300000| PB 0x0000000088300000| Untracked |  0
|  56|0x0000000088400000, 0x0000000088400000, 0x0000000088500000|  0%| F|  |TAMS 0x0000000088400000| PB 0x0000000088400000| Untracked |  0
|  57|0x0000000088500000, 0x0000000088500000, 0x0000000088600000|  0%| F|  |TAMS 0x0000000088500000| PB 0x0000000088500000| Untracked |  0
|  58|0x0000000088600000, 0x0000000088600000, 0x0000000088700000|  0%| F|  |TAMS 0x0000000088600000| PB 0x0000000088600000| Untracked |  0
|  59|0x0000000088700000, 0x0000000088700000, 0x0000000088800000|  0%| F|  |TAMS 0x0000000088700000| PB 0x0000000088700000| Untracked |  0
|  60|0x0000000088800000, 0x0000000088800000, 0x0000000088900000|  0%| F|  |TAMS 0x0000000088800000| PB 0x0000000088800000| Untracked |  0
|  61|0x0000000088900000, 0x0000000088900000, 0x0000000088a00000|  0%| F|  |TAMS 0x0000000088900000| PB 0x0000000088900000| Untracked |  0
|  62|0x0000000088a00000, 0x0000000088a00000, 0x0000000088b00000|  0%| F|  |TAMS 0x0000000088a00000| PB 0x0000000088a00000| Untracked |  0
|  63|0x0000000088b00000, 0x0000000088b00000, 0x0000000088c00000|  0%| F|  |TAMS 0x0000000088b00000| PB 0x0000000088b00000| Untracked |  0
|  64|0x0000000088c00000, 0x0000000088c00000, 0x0000000088d00000|  0%| F|  |TAMS 0x0000000088c00000| PB 0x0000000088c00000| Untracked |  0
|  65|0x0000000088d00000, 0x0000000088d00000, 0x0000000088e00000|  0%| F|  |TAMS 0x0000000088d00000| PB 0x0000000088d00000| Untracked |  0
|  66|0x0000000088e00000, 0x0000000088e00000, 0x0000000088f00000|  0%| F|  |TAMS 0x0000000088e00000| PB 0x0000000088e00000| Untracked |  0
|  67|0x0000000088f00000, 0x0000000088f00000, 0x0000000089000000|  0%| F|  |TAMS 0x0000000088f00000| PB 0x0000000088f00000| Untracked |  0
|  68|0x0000000089000000, 0x0000000089000000, 0x0000000089100000|  0%| F|  |TAMS 0x0000000089000000| PB 0x0000000089000000| Untracked |  0
|  69|0x0000000089100000, 0x0000000089100000, 0x0000000089200000|  0%| F|  |TAMS 0x0000000089100000| PB 0x0000000089100000| Untracked |  0
|  70|0x0000000089200000, 0x0000000089200000, 0x0000000089300000|  0%| F|  |TAMS 0x0000000089200000| PB 0x0000000089200000| Untracked |  0
|  71|0x0000000089300000, 0x0000000089300000, 0x0000000089400000|  0%| F|  |TAMS 0x0000000089300000| PB 0x0000000089300000| Untracked |  0
|  72|0x0000000089400000, 0x0000000089400000, 0x0000000089500000|  0%| F|  |TAMS 0x0000000089400000| PB 0x0000000089400000| Untracked |  0
|  73|0x0000000089500000, 0x0000000089500000, 0x0000000089600000|  0%| F|  |TAMS 0x0000000089500000| PB 0x0000000089500000| Untracked |  0
|  74|0x0000000089600000, 0x0000000089600000, 0x0000000089700000|  0%| F|  |TAMS 0x0000000089600000| PB 0x0000000089600000| Untracked |  0
|  75|0x0000000089700000, 0x0000000089700000, 0x0000000089800000|  0%| F|  |TAMS 0x0000000089700000| PB 0x0000000089700000| Untracked |  0
|  76|0x0000000089800000, 0x0000000089800000, 0x0000000089900000|  0%| F|  |TAMS 0x0000000089800000| PB 0x0000000089800000| Untracked |  0
|  77|0x0000000089900000, 0x0000000089900000, 0x0000000089a00000|  0%| F|  |TAMS 0x0000000089900000| PB 0x0000000089900000| Untracked |  0
|  78|0x0000000089a00000, 0x0000000089a00000, 0x0000000089b00000|  0%| F|  |TAMS 0x0000000089a00000| PB 0x0000000089a00000| Untracked |  0
|  79|0x0000000089b00000, 0x0000000089b00000, 0x0000000089c00000|  0%| F|  |TAMS 0x0000000089b00000| PB 0x0000000089b00000| Untracked |  0
|  80|0x0000000089c00000, 0x0000000089c00000, 0x0000000089d00000|  0%| F|  |TAMS 0x0000000089c00000| PB 0x0000000089c00000| Untracked |  0
|  81|0x0000000089d00000, 0x0000000089d00000, 0x0000000089e00000|  0%| F|  |TAMS 0x0000000089d00000| PB 0x0000000089d00000| Untracked |  0
|  82|0x0000000089e00000, 0x0000000089e00000, 0x0000000089f00000|  0%| F|  |TAMS 0x0000000089e00000| PB 0x0000000089e00000| Untracked |  0
|  83|0x0000000089f00000, 0x0000000089f00000, 0x000000008a000000|  0%| F|  |TAMS 0x0000000089f00000| PB 0x0000000089f00000| Untracked |  0
|  84|0x000000008a000000, 0x000000008a000000, 0x000000008a100000|  0%| F|  |TAMS 0x000000008a000000| PB 0x000000008a000000| Untracked |  0
|  85|0x000000008a100000, 0x000000008a100000, 0x000000008a200000|  0%| F|  |TAMS 0x000000008a100000| PB 0x000000008a100000| Untracked |  0
|  86|0x000000008a200000, 0x000000008a200000, 0x000000008a300000|  0%| F|  |TAMS 0x000000008a200000| PB 0x000000008a200000| Untracked |  0
|  87|0x000000008a300000, 0x000000008a300000, 0x000000008a400000|  0%| F|  |TAMS 0x000000008a300000| PB 0x000000008a300000| Untracked |  0
|  88|0x000000008a400000, 0x000000008a400000, 0x000000008a500000|  0%| F|  |TAMS 0x000000008a400000| PB 0x000000008a400000| Untracked |  0
|  89|0x000000008a500000, 0x000000008a500000, 0x000000008a600000|  0%| F|  |TAMS 0x000000008a500000| PB 0x000000008a500000| Untracked |  0
|  90|0x000000008a600000, 0x000000008a600000, 0x000000008a700000|  0%| F|  |TAMS 0x000000008a600000| PB 0x000000008a600000| Untracked |  0
|  91|0x000000008a700000, 0x000000008a700000, 0x000000008a800000|  0%| F|  |TAMS 0x000000008a700000| PB 0x000000008a700000| Untracked |  0
|  92|0x000000008a800000, 0x000000008a800000, 0x000000008a900000|  0%| F|  |TAMS 0x000000008a800000| PB 0x000000008a800000| Untracked |  0
|  93|0x000000008a900000, 0x000000008a900000, 0x000000008aa00000|  0%| F|  |TAMS 0x000000008a900000| PB 0x000000008a900000| Untracked |  0
|  94|0x000000008aa00000, 0x000000008aa00000, 0x000000008ab00000|  0%| F|  |TAMS 0x000000008aa00000| PB 0x000000008aa00000| Untracked |  0
|  95|0x000000008ab00000, 0x000000008ab00000, 0x000000008ac00000|  0%| F|  |TAMS 0x000000008ab00000| PB 0x000000008ab00000| Untracked |  0
|  96|0x000000008ac00000, 0x000000008ac00000, 0x000000008ad00000|  0%| F|  |TAMS 0x000000008ac00000| PB 0x000000008ac00000| Untracked |  0
|  97|0x000000008ad00000, 0x000000008ad00000, 0x000000008ae00000|  0%| F|  |TAMS 0x000000008ad00000| PB 0x000000008ad00000| Untracked |  0
|  98|0x000000008ae00000, 0x000000008ae00000, 0x000000008af00000|  0%| F|  |TAMS 0x000000008ae00000| PB 0x000000008ae00000| Untracked |  0
|  99|0x000000008af00000, 0x000000008af00000, 0x000000008b000000|  0%| F|  |TAMS 0x000000008af00000| PB 0x000000008af00000| Untracked |  0
| 100|0x000000008b000000, 0x000000008b000000, 0x000000008b100000|  0%| F|  |TAMS 0x000000008b000000| PB 0x000000008b000000| Untracked |  0
| 101|0x000000008b100000, 0x000000008b100000, 0x000000008b200000|  0%| F|  |TAMS 0x000000008b100000| PB 0x000000008b100000| Untracked |  0
| 102|0x000000008b200000, 0x000000008b200000, 0x000000008b300000|  0%| F|  |TAMS 0x000000008b200000| PB 0x000000008b200000| Untracked |  0
| 103|0x000000008b300000, 0x000000008b300000, 0x000000008b400000|  0%| F|  |TAMS 0x000000008b300000| PB 0x000000008b300000| Untracked |  0
| 104|0x000000008b400000, 0x000000008b400000, 0x000000008b500000|  0%| F|  |TAMS 0x000000008b400000| PB 0x000000008b400000| Untracked |  0
| 105|0x000000008b500000, 0x000000008b500000, 0x000000008b600000|  0%| F|  |TAMS 0x000000008b500000| PB 0x000000008b500000| Untracked |  0
| 106|0x000000008b600000, 0x000000008b600000, 0x000000008b700000|  0%| F|  |TAMS 0x000000008b600000| PB 0x000000008b600000| Untracked |  0
| 107|0x000000008b700000, 0x000000008b700000, 0x000000008b800000|  0%| F|  |TAMS 0x000000008b700000| PB 0x000000008b700000| Untracked |  0
| 108|0x000000008b800000, 0x000000008b800000, 0x000000008b900000|  0%| F|  |TAMS 0x000000008b800000| PB 0x000000008b800000| Untracked |  0
| 109|0x000000008b900000, 0x000000008b900000, 0x000000008ba00000|  0%| F|  |TAMS 0x000000008b900000| PB 0x000000008b900000| Untracked |  0
| 110|0x000000008ba00000, 0x000000008ba00000, 0x000000008bb00000|  0%| F|  |TAMS 0x000000008ba00000| PB 0x000000008ba00000| Untracked |  0
| 111|0x000000008bb00000, 0x000000008bb00000, 0x000000008bc00000|  0%| F|  |TAMS 0x000000008bb00000| PB 0x000000008bb00000| Untracked |  0
| 112|0x000000008bc00000, 0x000000008bc00000, 0x000000008bd00000|  0%| F|  |TAMS 0x000000008bc00000| PB 0x000000008bc00000| Untracked |  0
| 113|0x000000008bd00000, 0x000000008bd00000, 0x000000008be00000|  0%| F|  |TAMS 0x000000008bd00000| PB 0x000000008bd00000| Untracked |  0
| 114|0x000000008be00000, 0x000000008bef5c70, 0x000000008bf00000| 96%| E|  |TAMS 0x000000008be00000| PB 0x000000008be00000| Complete |  0
| 115|0x000000008bf00000, 0x000000008c000000, 0x000000008c000000|100%| E|CS|TAMS 0x000000008bf00000| PB 0x000000008bf00000| Complete |  0
| 116|0x000000008c000000, 0x000000008c100000, 0x000000008c100000|100%| E|CS|TAMS 0x000000008c000000| PB 0x000000008c000000| Complete |  0
| 117|0x000000008c100000, 0x000000008c200000, 0x000000008c200000|100%| E|CS|TAMS 0x000000008c100000| PB 0x000000008c100000| Complete |  0
| 118|0x000000008c200000, 0x000000008c300000, 0x000000008c300000|100%| E|CS|TAMS 0x000000008c200000| PB 0x000000008c200000| Complete |  0
| 119|0x000000008c300000, 0x000000008c400000, 0x000000008c400000|100%| E|CS|TAMS 0x000000008c300000| PB 0x000000008c300000| Complete |  0
| 120|0x000000008c400000, 0x000000008c500000, 0x000000008c500000|100%| E|CS|TAMS 0x000000008c400000| PB 0x000000008c400000| Complete |  0
| 121|0x000000008c500000, 0x000000008c600000, 0x000000008c600000|100%| E|CS|TAMS 0x000000008c500000| PB 0x000000008c500000| Complete |  0
| 122|0x000000008c600000, 0x000000008c700000, 0x000000008c700000|100%| E|CS|TAMS 0x000000008c600000| PB 0x000000008c600000| Complete |  0
| 123|0x000000008c700000, 0x000000008c800000, 0x000000008c800000|100%| E|CS|TAMS 0x000000008c700000| PB 0x000000008c700000| Complete |  0

Card table byte_map: [0x0000020caff00000,0x0000020cb02e0000] _byte_map_base: 0x0000020cafada000

Marking Bits: (CMBitMap*) 0x0000020c965d08a0
 Bits: [0x0000020cb02e0000, 0x0000020cb21b0000)

Polling page: 0x0000020c96630000

Metaspace:

Usage:
  Non-class:   1008.25 KB used.
      Class:     85.02 KB used.
       Both:      1.07 MB used.

Virtual space:
  Non-class space:       64.00 MB reserved,       1.06 MB (  2%) committed,  1 nodes.
      Class space:        1.00 GB reserved,     192.00 KB ( <1%) committed,  1 nodes.
             Both:        1.06 GB reserved,       1.25 MB ( <1%) committed. 

Chunk freelists:
   Non-Class:  11.99 MB
       Class:  15.75 MB
        Both:  27.74 MB

MaxMetaspaceSize: unlimited
CompressedClassSpaceSize: 1.00 GB
Initial GC threshold: 21.00 MB
Current GC threshold: 21.00 MB
CDS: on
 - commit_granule_bytes: 65536.
 - commit_granule_words: 8192.
 - virtual_space_node_default_size: 8388608.
 - enlarge_chunks_in_place: 1.
 - use_allocation_guard: 0.


Internal statistics:

num_allocs_failed_limit: 0.
num_arena_births: 8.
num_arena_deaths: 0.
num_vsnodes_births: 2.
num_vsnodes_deaths: 0.
num_space_committed: 20.
num_space_uncommitted: 0.
num_chunks_returned_to_freelist: 0.
num_chunks_taken_from_freelist: 9.
num_chunk_merges: 0.
num_chunk_splits: 6.
num_chunks_enlarged: 3.
num_inconsistent_stats: 0.

CodeHeap 'non-profiled nmethods': size=120000Kb used=108Kb max_used=108Kb free=119891Kb
 bounds [0x0000020ca7b70000, 0x0000020ca7de0000, 0x0000020caf0a0000]
CodeHeap 'profiled nmethods': size=120000Kb used=553Kb max_used=553Kb free=119446Kb
 bounds [0x0000020ca00a0000, 0x0000020ca0310000, 0x0000020ca75d0000]
CodeHeap 'non-nmethods': size=5760Kb used=1496Kb max_used=1499Kb free=4263Kb
 bounds [0x0000020ca75d0000, 0x0000020ca7840000, 0x0000020ca7b70000]
 total_blobs=765 nmethods=344 adapters=326
 compilation: enabled
              stopped_count=0, restarted_count=0
 full_count=0

Compilation events (20 events):
Event: 0.361 Thread 0x0000020cb4c880d0 nmethod 256 0x0000020ca0104390 code [0x0000020ca0104540, 0x0000020ca0104720]
Event: 0.361 Thread 0x0000020cb4c887a0 nmethod 217 0x0000020ca7b7ef90 code [0x0000020ca7b7f100, 0x0000020ca7b7f188]
Event: 0.361 Thread 0x0000020cb4c887a0  230       4       java.lang.String::hashCode (60 bytes)
Event: 0.364 Thread 0x0000020cb4c887a0 nmethod 230 0x0000020ca7b7f290 code [0x0000020ca7b7f440, 0x0000020ca7b7f748]
Event: 0.364 Thread 0x0000020cb4c887a0  257       4       java.util.Arrays::copyOfRange (82 bytes)
Event: 0.370 Thread 0x0000020cb4c887a0 nmethod 257 0x0000020ca7b7f890 code [0x0000020ca7b7fa40, 0x0000020ca7b7fe68]
Event: 0.370 Thread 0x0000020cb4c887a0  263       4       java.util.jar.Manifest$FastInputStream::readLine (9 bytes)
Event: 0.374 Thread 0x0000020cb4c86590 nmethod 258 0x0000020ca7b80090 code [0x0000020ca7b80260, 0x0000020ca7b80c00]
Event: 0.374 Thread 0x0000020cb4c86590  265   !   4       java.lang.String::<init> (880 bytes)
Event: 0.376 Thread 0x0000020cb4c880d0  269       3       java.util.zip.Inflater::ensureOpen (47 bytes)
Event: 0.376 Thread 0x0000020cb4c880d0 nmethod 269 0x0000020ca0104810 code [0x0000020ca01049c0, 0x0000020ca0104c28]
Event: 0.384 Thread 0x0000020cb4c86590 nmethod 265 0x0000020ca7b81590 code [0x0000020ca7b81740, 0x0000020ca7b81ea8]
Event: 0.385 Thread 0x0000020cb4c86590  267       4       java.util.jar.Manifest$FastInputStream::peek (38 bytes)
Event: 0.386 Thread 0x0000020cb4c86590 nmethod 267 0x0000020ca7b82190 code [0x0000020ca7b82320, 0x0000020ca7b82468]
Event: 0.386 Thread 0x0000020cb4c86590  271       4       jdk.internal.util.Preconditions::checkFromIndexSize (25 bytes)
Event: 0.387 Thread 0x0000020cb4c880d0  272       3       java.lang.invoke.MemberName::initResolved (53 bytes)
Event: 0.387 Thread 0x0000020cb4c880d0 nmethod 272 0x0000020ca0104d90 code [0x0000020ca0104f20, 0x0000020ca01050c8]
Event: 0.387 Thread 0x0000020cb4c86590 nmethod 271 0x0000020ca7b82590 code [0x0000020ca7b82700, 0x0000020ca7b827d0]
Event: 0.387 Thread 0x0000020cb4c86590  268       4       java.util.HashMap::put (13 bytes)
Event: 0.388 Thread 0x0000020cb4c880d0  273       3       java.util.ArrayList::add (25 bytes)

GC Heap History (0 events):
No events

Dll operation events (6 events):
Event: 0.026 Loaded shared library C:\Users\match\.jdks\openjdk-22.0.1\bin\java.dll
Event: 0.028 Loaded shared library C:\Users\match\.jdks\openjdk-22.0.1\bin\zip.dll
Event: 0.106 Loaded shared library C:\Users\match\.jdks\openjdk-22.0.1\bin\jsvml.dll
Event: 0.225 Loaded shared library C:\Users\match\.jdks\openjdk-22.0.1\bin\net.dll
Event: 0.229 Loaded shared library C:\Users\match\.jdks\openjdk-22.0.1\bin\nio.dll
Event: 0.239 Loaded shared library C:\Users\match\.jdks\openjdk-22.0.1\bin\zip.dll

Deoptimization events (20 events):
Event: 0.368 Thread 0x0000020c962bc630 DEOPT PACKING pc=0x0000020ca00e1607 sp=0x00000093753fe7b0
Event: 0.368 Thread 0x0000020c962bc630 DEOPT UNPACKING pc=0x0000020ca76288e2 sp=0x00000093753fdc50 mode 0
Event: 0.369 Thread 0x0000020c962bc630 DEOPT PACKING pc=0x0000020ca00e1607 sp=0x00000093753fe5c0
Event: 0.369 Thread 0x0000020c962bc630 DEOPT UNPACKING pc=0x0000020ca76288e2 sp=0x00000093753fda60 mode 0
Event: 0.369 Thread 0x0000020c962bc630 DEOPT PACKING pc=0x0000020ca00e1607 sp=0x00000093753fe7b0
Event: 0.369 Thread 0x0000020c962bc630 DEOPT UNPACKING pc=0x0000020ca76288e2 sp=0x00000093753fdc50 mode 0
Event: 0.369 Thread 0x0000020c962bc630 DEOPT PACKING pc=0x0000020ca00e1607 sp=0x00000093753fe5c0
Event: 0.369 Thread 0x0000020c962bc630 DEOPT UNPACKING pc=0x0000020ca76288e2 sp=0x00000093753fda60 mode 0
Event: 0.370 Thread 0x0000020c962bc630 DEOPT PACKING pc=0x0000020ca00e1607 sp=0x00000093753fe7b0
Event: 0.370 Thread 0x0000020c962bc630 DEOPT UNPACKING pc=0x0000020ca76288e2 sp=0x00000093753fdc50 mode 0
Event: 0.370 Thread 0x0000020c962bc630 DEOPT PACKING pc=0x0000020ca00e1607 sp=0x00000093753fe5c0
Event: 0.370 Thread 0x0000020c962bc630 DEOPT UNPACKING pc=0x0000020ca76288e2 sp=0x00000093753fda60 mode 0
Event: 0.371 Thread 0x0000020c962bc630 DEOPT PACKING pc=0x0000020ca00e1607 sp=0x00000093753fe5c0
Event: 0.371 Thread 0x0000020c962bc630 DEOPT UNPACKING pc=0x0000020ca76288e2 sp=0x00000093753fda60 mode 0
Event: 0.372 Thread 0x0000020c962bc630 DEOPT PACKING pc=0x0000020ca00e1607 sp=0x00000093753fe7b0
Event: 0.372 Thread 0x0000020c962bc630 DEOPT UNPACKING pc=0x0000020ca76288e2 sp=0x00000093753fdc50 mode 0
Event: 0.372 Thread 0x0000020c962bc630 DEOPT PACKING pc=0x0000020ca00e1607 sp=0x00000093753fe5c0
Event: 0.372 Thread 0x0000020c962bc630 DEOPT UNPACKING pc=0x0000020ca76288e2 sp=0x00000093753fda60 mode 0
Event: 0.372 Thread 0x0000020c962bc630 DEOPT PACKING pc=0x0000020ca00e1607 sp=0x00000093753fe5c0
Event: 0.372 Thread 0x0000020c962bc630 DEOPT UNPACKING pc=0x0000020ca76288e2 sp=0x00000093753fda60 mode 0

Classes loaded (20 events):
Event: 0.248 Loading class jdk/internal/module/ModuleInfo$ConstantPool$Entry
Event: 0.248 Loading class jdk/internal/module/ModuleInfo$ConstantPool$Entry done
Event: 0.248 Loading class jdk/internal/module/ModuleInfo$ConstantPool$ValueEntry
Event: 0.248 Loading class jdk/internal/module/ModuleInfo$ConstantPool$ValueEntry done
Event: 0.248 Loading class jdk/internal/module/ModuleInfo$ConstantPool$IndexEntry
Event: 0.248 Loading class jdk/internal/module/ModuleInfo$ConstantPool$IndexEntry done
Event: 0.269 Loading class java/util/WeakHashMap$KeyIterator
Event: 0.269 Loading class java/util/WeakHashMap$HashIterator
Event: 0.270 Loading class java/util/WeakHashMap$HashIterator done
Event: 0.270 Loading class java/util/WeakHashMap$KeyIterator done
Event: 0.373 Loading class sun/security/util/ManifestEntryVerifier
Event: 0.373 Loading class sun/security/util/ManifestEntryVerifier done
Event: 0.383 Loading class sun/security/util/ManifestDigester
Event: 0.383 Loading class sun/security/util/ManifestDigester done
Event: 0.383 Loading class sun/security/util/ManifestDigester$Position
Event: 0.383 Loading class sun/security/util/ManifestDigester$Position done
Event: 0.385 Loading class sun/security/util/ManifestDigester$Entry
Event: 0.385 Loading class sun/security/util/ManifestDigester$Entry done
Event: 0.385 Loading class sun/security/util/ManifestDigester$Section
Event: 0.385 Loading class sun/security/util/ManifestDigester$Section done

Classes unloaded (0 events):
No events

Classes redefined (0 events):
No events

Internal exceptions (0 events):
No events

ZGC Phase Switch (0 events):
No events

VM Operations (6 events):
Event: 0.308 Executing VM operation: HandshakeAllThreads (Deoptimize)
Event: 0.308 Executing VM operation: HandshakeAllThreads (Deoptimize) done
Event: 0.385 Executing VM operation: HandshakeAllThreads (Deoptimize)
Event: 0.386 Executing VM operation: HandshakeAllThreads (Deoptimize) done
Event: 0.386 Executing VM operation: HandshakeAllThreads (Deoptimize)
Event: 0.386 Executing VM operation: HandshakeAllThreads (Deoptimize) done

Events (12 events):
Event: 0.067 Thread 0x0000020c962bc630 Thread added: 0x0000020c962bc630
Event: 0.098 Thread 0x0000020cb4c63630 Thread added: 0x0000020cb4c63630
Event: 0.098 Thread 0x0000020cb4c645f0 Thread added: 0x0000020cb4c645f0
Event: 0.099 Thread 0x0000020cb4c68eb0 Thread added: 0x0000020cb4c68eb0
Event: 0.099 Thread 0x0000020cb4c69e90 Thread added: 0x0000020cb4c69e90
Event: 0.099 Thread 0x0000020cb4c6b3b0 Thread added: 0x0000020cb4c6b3b0
Event: 0.099 Thread 0x0000020cb4c6eef0 Thread added: 0x0000020cb4c6eef0
Event: 0.100 Thread 0x0000020cb4c83260 Thread added: 0x0000020cb4c83260
Event: 0.100 Thread 0x0000020cb4c880d0 Thread added: 0x0000020cb4c880d0
Event: 0.215 Thread 0x0000020cfa0dd440 Thread added: 0x0000020cfa0dd440
Event: 0.343 Thread 0x0000020cb4c86590 Thread added: 0x0000020cb4c86590
Event: 0.360 Thread 0x0000020cb4c887a0 Thread added: 0x0000020cb4c887a0


Dynamic libraries:
0x00007ff7fd590000 - 0x00007ff7fd59e000 	C:\Users\match\.jdks\openjdk-22.0.1\bin\java.exe
0x00007ffef14f0000 - 0x00007ffef1707000 	C:\WINDOWS\SYSTEM32\ntdll.dll
0x00007ffef0060000 - 0x00007ffef0124000 	C:\WINDOWS\System32\KERNEL32.DLL
0x00007ffeeeb50000 - 0x00007ffeeeefd000 	C:\WINDOWS\System32\KERNELBASE.dll
0x00007ffeee990000 - 0x00007ffeeeaa1000 	C:\WINDOWS\System32\ucrtbase.dll
0x00007ffee68f0000 - 0x00007ffee690b000 	C:\Users\match\.jdks\openjdk-22.0.1\bin\VCRUNTIME140.dll
0x00007ffee5770000 - 0x00007ffee5787000 	C:\Users\match\.jdks\openjdk-22.0.1\bin\jli.dll
0x00007ffeefb00000 - 0x00007ffeefcae000 	C:\WINDOWS\System32\USER32.dll
0x00007ffed5eb0000 - 0x00007ffed6143000 	C:\WINDOWS\WinSxS\amd64_microsoft.windows.common-controls_6595b64144ccf1df_6.0.22621.3672_none_2713b9d173822955\COMCTL32.dll
0x00007ffeef200000 - 0x00007ffeef226000 	C:\WINDOWS\System32\win32u.dll
0x00007ffef02d0000 - 0x00007ffef0377000 	C:\WINDOWS\System32\msvcrt.dll
0x00007ffef0380000 - 0x00007ffef03a9000 	C:\WINDOWS\System32\GDI32.dll
0x00007ffeeefb0000 - 0x00007ffeef0c9000 	C:\WINDOWS\System32\gdi32full.dll
0x00007ffeeeab0000 - 0x00007ffeeeb4a000 	C:\WINDOWS\System32\msvcp_win.dll
0x00007ffef1300000 - 0x00007ffef1331000 	C:\WINDOWS\System32\IMM32.DLL
0x00007ffee62d0000 - 0x00007ffee62dc000 	C:\Users\match\.jdks\openjdk-22.0.1\bin\vcruntime140_1.dll
0x00007ffed1a80000 - 0x00007ffed1b0e000 	C:\Users\match\.jdks\openjdk-22.0.1\bin\msvcp140.dll
0x00007ffe78ea0000 - 0x00007ffe79be7000 	C:\Users\match\.jdks\openjdk-22.0.1\bin\server\jvm.dll
0x00007ffef0710000 - 0x00007ffef07c2000 	C:\WINDOWS\System32\ADVAPI32.dll
0x00007ffef07d0000 - 0x00007ffef0879000 	C:\WINDOWS\System32\sechost.dll
0x00007ffeeef00000 - 0x00007ffeeef28000 	C:\WINDOWS\System32\bcrypt.dll
0x00007ffef01b0000 - 0x00007ffef02c4000 	C:\WINDOWS\System32\RPCRT4.dll
0x00007ffef0130000 - 0x00007ffef01a1000 	C:\WINDOWS\System32\WS2_32.dll
0x00007ffeed6b0000 - 0x00007ffeed6fd000 	C:\WINDOWS\SYSTEM32\POWRPROF.dll
0x00007ffee67e0000 - 0x00007ffee6814000 	C:\WINDOWS\SYSTEM32\WINMM.dll
0x00007ffee6740000 - 0x00007ffee674a000 	C:\WINDOWS\SYSTEM32\VERSION.dll
0x00007ffeed690000 - 0x00007ffeed6a3000 	C:\WINDOWS\SYSTEM32\UMPDC.dll
0x00007ffeed8e0000 - 0x00007ffeed8f8000 	C:\WINDOWS\SYSTEM32\kernel.appcore.dll
0x00007ffee5810000 - 0x00007ffee581a000 	C:\Users\match\.jdks\openjdk-22.0.1\bin\jimage.dll
0x00007ffeec2f0000 - 0x00007ffeec522000 	C:\WINDOWS\SYSTEM32\DBGHELP.DLL
0x00007ffeefcb0000 - 0x00007ffef0038000 	C:\WINDOWS\System32\combase.dll
0x00007ffef0e40000 - 0x00007ffef0f17000 	C:\WINDOWS\System32\OLEAUT32.dll
0x00007ffebb6b0000 - 0x00007ffebb6e2000 	C:\WINDOWS\SYSTEM32\dbgcore.DLL
0x00007ffeeef30000 - 0x00007ffeeefab000 	C:\WINDOWS\System32\bcryptPrimitives.dll
0x00007ffecfde0000 - 0x00007ffecfe1c000 	C:\Users\match\.jdks\openjdk-22.0.1\bin\jdwp.dll
0x00007ffee74b0000 - 0x00007ffee74bf000 	C:\Users\match\.jdks\openjdk-22.0.1\bin\instrument.dll
0x00007ffee5750000 - 0x00007ffee576e000 	C:\Users\match\.jdks\openjdk-22.0.1\bin\java.dll
0x00007ffeef230000 - 0x00007ffeefa8f000 	C:\WINDOWS\System32\SHELL32.dll
0x00007ffef0f80000 - 0x00007ffef1125000 	C:\WINDOWS\System32\ole32.dll
0x00007ffee36c0000 - 0x00007ffee36d7000 	C:\Users\match\.jdks\openjdk-22.0.1\bin\zip.dll
0x00007ffeec770000 - 0x00007ffeed06c000 	C:\WINDOWS\SYSTEM32\windows.storage.dll
0x00007ffeec630000 - 0x00007ffeec76f000 	C:\WINDOWS\SYSTEM32\wintypes.dll
0x00007ffef03b0000 - 0x00007ffef04a4000 	C:\WINDOWS\System32\SHCORE.dll
0x00007ffeefa90000 - 0x00007ffeefaee000 	C:\WINDOWS\System32\shlwapi.dll
0x00007ffeee750000 - 0x00007ffeee771000 	C:\WINDOWS\SYSTEM32\profapi.dll
0x00007ffeb2e00000 - 0x00007ffeb2ed7000 	C:\Users\match\.jdks\openjdk-22.0.1\bin\jsvml.dll
0x00007ffee5740000 - 0x00007ffee5750000 	C:\Users\match\.jdks\openjdk-22.0.1\bin\net.dll
0x00007ffeeddb0000 - 0x00007ffeede19000 	C:\WINDOWS\system32\mswsock.dll
0x00007ffee3af0000 - 0x00007ffee3b06000 	C:\Users\match\.jdks\openjdk-22.0.1\bin\nio.dll

dbghelp: loaded successfully - version: 4.0.5 - missing functions: none
symbol engine: initialized successfully - sym options: 0x614 - pdb path: .;C:\Users\match\.jdks\openjdk-22.0.1\bin;C:\WINDOWS\SYSTEM32;C:\WINDOWS\WinSxS\amd64_microsoft.windows.common-controls_6595b64144ccf1df_6.0.22621.3672_none_2713b9d173822955;C:\Users\match\.jdks\openjdk-22.0.1\bin\server

VM Arguments:
jvm_args: -agentlib:jdwp=transport=dt_socket,address=127.0.0.1:51954,suspend=y,server=n -javaagent:C:\Users\match\AppData\Local\JetBrains\IntelliJIdea2024.1\captureAgent\debugger-agent.jar -Dfile.encoding=UTF-8 -Dsun.stdout.encoding=UTF-8 -Dsun.stderr.encoding=UTF-8 --module-path=C:\Users\match\.m2\repository\org\codehaus\woodstox\stax2-api\4.2.1\stax2-api-4.2.1.jar;C:\Users\match\.m2\repository\org\openjfx\javafx-fxml\21\javafx-fxml-21-win.jar;C:\Users\match\.m2\repository\org\bouncycastle\bcprov-jdk15on\1.70\bcprov-jdk15on-1.70.jar;C:\Users\match\.m2\repository\org\openjfx\javafx-base\21\javafx-base-21-win.jar;C:\Users\match\.m2\repository\org\openjfx\javafx-graphics\21\javafx-graphics-21-win.jar;C:\Users\match\.m2\repository\net\sf\jasperreports\jasperreports\6.20.0\jasperreports-6.20.0.jar;C:\Users\match\.m2\repository\com\fasterxml\woodstox\woodstox-core\6.2.7\woodstox-core-6.2.7.jar;C:\Users\match\OneDrive\Desktop\MovieTicketBookingManagement\target\classes;C:\Users\match\.m2\repository\org\openjfx\javafx-controls\21\javafx-controls-21-win.jar -Djdk.module.main=com.mycompany.movieticketbookingmanagement 
java_command: com.mycompany.movieticketbookingmanagement/com.mycompany.movieticketbookingmanagement.App
java_class_path (initial): C:\Users\match\.m2\repository\commons-beanutils\commons-beanutils\1.9.4\commons-beanutils-1.9.4.jar;C:\Users\match\.m2\repository\commons-collections\commons-collections\3.2.2\commons-collections-3.2.2.jar;C:\Users\match\.m2\repository\commons-digester\commons-digester\2.1\commons-digester-2.1.jar;C:\Users\match\.m2\repository\org\apache\commons\commons-collections4\4.2\commons-collections4-4.2.jar;C:\Users\match\.m2\repository\com\lowagie\itext\2.1.7.js10\itext-2.1.7.js10.jar;C:\Users\match\.m2\repository\org\bouncycastle\bcutil-jdk15on\1.70\bcutil-jdk15on-1.70.jar;C:\Users\match\.m2\repository\org\jfree\jcommon\1.0.23\jcommon-1.0.23.jar;C:\Users\match\.m2\repository\org\jfree\jfreechart\1.0.19\jfreechart-1.0.19.jar;C:\Users\match\.m2\repository\org\eclipse\jdt\ecj\3.21.0\ecj-3.21.0.jar;C:\Users\match\.m2\repository\com\fasterxml\jackson\core\jackson-core\2.13.3\jackson-core-2.13.3.jar;C:\Users\match\.m2\repository\com\fasterxml\jackson\core\jackson-databind\2.13.3\jackson-databind-2.13.3.jar;C:\Users\match\.m2\repository\com\fasterxml\jackson\core\jackson-annotations\2.13.3\jackson-annotations-2.13.3.jar;C:\Users\match\.m2\repository\com\fasterxml\jackson\dataformat\jackson-dataformat-xml\2.13.3\jackson-dataformat-xml-2.13.3.jar;C:\Users\match\.m2\repository\net\sf\jasperreports\jasperreports-fonts\6.20.0\jasperreports-fonts-6.20.0.jar;C:\Users\match\.m2\repository\net\sf\jasperreports\jasperreports-excel-poi\7.0.0\jasperreports-excel-poi-7.0.0.jar;C:\Users\match\.m2\repository\org\apache\poi\poi\5.2.2\poi-5.2.2.jar;C:\Users\match\.m2\repository\commons-codec\commons-codec\1.15\commons-codec-1.15.jar;C:\Users\match\.m2\repository\org\apache\commons\commons-math3\3.6.1\commons-math3-3.6.1.jar;C:\Users\match\.m2\repository\commons-io\commons-io\2.11.0\commons-io-2.11.0.jar;C:\Users\match\.m2\repository\com\zaxxer\SparseBitSet\1.2\SparseBitSet-1.2.jar;C:\Users\match\.m2\repository\org\apache\poi\poi-ooxml\5.2.2\poi-ooxml-5.2.2.jar;C:\Users\match\.m2\repository\org\apache\poi\poi-ooxml-lite\5.2.2\poi-ooxml-lite-5.2.2.jar;C:\Users\match\.m2\repository\org\apache\xmlbeans\xmlbeans\5.0.3\xmlbeans-5.0.3.jar;C:\Users\match\.m2\repository\org\apache\commons\commons-compress\1.21\commons-compress-1.21.jar;C:\Users\match\.m2\repository\com\github\virtuald\curvesapi\1.07\curvesapi-1.07.jar;C:\Users\match\.m2\repository\net\sf\jasperreports\jasperreports-data-adapters\7.0.0\jasperreports-data-adapters-7.0.0.jar;C:\Users\match\.m2\repository\net\sf\jasperreports\jasperreports-json\7.0.0\jasperreports-json-7.0.0.jar;C:\Users\match\.m2\repository\antlr\antlr\2.7.7\antlr-2.7.7.jar;C:\Users\match\.m2\repository\org\apache\pdfbox\pdfbox\2.0.24\pdfbox-2.0.24.jar;C:\Users\match\.m2\repository\org\apache\pdfbox\fontbox\2.0.24\fontbox-2.0.24.jar;C:\Users\match\.m2\repository\net\sf\jasperreports\jasperreports-pdf\7.0.0\jasperreports-pdf-7.0.0.jar;C:\Users\match\.m2\repository\com\github\librepdf\openpdf\1.3.32\openpdf-1.3.32.jar;C:\Users\match\.m2\repository\com\adobe\xmp\xmpcore\6.1.11\xmpcore-6.1.11.jar;C:\Users\match\.m2\repository\commons-logging\commons-logging\1.2\commons-logging-1.2.jar;C:\Users\match\.m2\repository\org\apache\logging\log4j\log4j-core\2.17.1\log4j-core-2.17.1.jar;C:\Users\match\.m2\repository\org\apache\logging\log4j\log4j-api\2.17.1\log4j-api-2.17.1.jar;C:\Users\match\.m2\repository\de\jensd\fontawesomefx-fontawesome\4.7.0-9.1.2\fontawesomefx-fontawesome-4.7.0-9.1.2.jar;C:\Users\match\.m2\repository\de\jensd\fontawesomefx-commons\9.1.2\fontawesomefx-commons-9.1.2.jar;C:\Users\match\.m2\repository\org\openjfx\javafx-controls\21\javafx-controls-21.jar;C:\Users\match\.m2\repository\org\openjfx\javafx-graphics\21\javafx-graphics-21.jar;C:\Users\match\.m2\repository\org\openjfx\javafx-base\21\javafx-base-21.jar;C:\Users\match\.m2\repository\org\openjfx\javafx-fxml\21\javafx-fxml-21.jar;C:\Users\match\.m2\repository\org\openjfx\javafx-web\21\javafx-web-21.jar;C:\Users\match\.m2\repository\org\openjfx\javafx-web\21\javafx-web-21-win.jar;C:\Users\match\.m2\repository\org\openjfx\javafx-swing\21\javafx-swing-21.jar;C:\Users\match\.m2\repository\org\openjfx\javafx-swing\21\javafx-swing-21-win.jar;C:\Users\match\.m2\repository\org\openjfx\javafx-media\21\javafx-media-21.jar;C:\Users\match\.m2\repository\org\openjfx\javafx-media\21\javafx-media-21-win.jar;C:\Users\match\.m2\repository\org\controlsfx\controlsfx\11.1.2\controlsfx-11.1.2.jar;C:\Users\match\.m2\repository\com\dlsc\formsfx\formsfx-core\11.6.0\formsfx-core-11.6.0.jar;C:\Users\match\.m2\repository\net\synedra\validatorfx\0.4.0\validatorfx-0.4.0.jar;C:\Users\match\.m2\repository\org\kordamp\ikonli\ikonli-javafx\12.3.1\ikonli-javafx-12.3.1.jar;C:\Users\match\.m2\repository\org\kordamp\ikonli\ikonli-core\12.3.1\ikonli-core-12.3.1.jar;C:\Users\match\.m2\repository\org\kordamp\bootstrapfx\bootstrapfx-core\0.4.0\bootstrapfx-core-0.4.0.jar;C:\Users\match\.m2\repository\eu\hansolo\tilesfx\11.48\tilesfx-11.48.jar;C:\Users\match\.m2\repository\com\github\almasb\fxgl\17.3\fxgl-17.3.jar;C:\Users\match\.m2\repository\com\github\almasb\fxgl-core\17.3\fxgl-core-17.3.jar;C:\Users\match\.m2\repository\com\gluonhq\attach\audio\4.0.17\audio-4.0.17.jar;C:\Users\match\.m2\repository\com\github\almasb\fxgl-io\17.3\fxgl-io-17.3.jar;C:\Users\match\.m2\repository\com\gluonhq\attach\storage\4.0.17\storage-4.0.17.jar;C:\Users\match\.m2\repository\com\gluonhq\attach\util\4.0.17\util-4.0.17.jar;C:\Users\match\.m2\repository\com\github\almasb\fxgl-entity\17.3\fxgl-entity-17.3.jar;C:\Users\match\.m2\repository\com\github\almasb\fxgl-scene\17.3\fxgl-scene-17.3.jar;C:\Users\match\.m2\repository\com\github\almasb\fxgl-gameplay\17.3\fxgl-gameplay-17.3.jar;C:\Users\match\.m2\repository\com\gluonhq\attach\lifecycle\4.0.17\lifecycle-4.0.17.jar;C:\Users\match\.m2\repository\org\jetbrains\kotlin\kotlin-stdlib\1.8.10\kotlin-stdlib-1.8.10.jar;C:\Users\match\.m2\repository\org\jetbrains\kotlin\kotlin-stdlib-common\1.8.10\kotlin-stdlib-common-1.8.10.jar;C:\Users\match\.m2\repository\org\jetbrains\annotations\13.0\annotations-13.0.jar;C:\Users\match\.m2\repository\mysql\mysql-connector-java\8.0.30\mysql-connector-java-8.0.30.jar;C:\Users\match\.m2\repository\com\google\protobuf\protobuf-java\3.19.4\protobuf-java-3.19.4.jar;C:\Users\match\.m2\repository\com\oracle\database\jdbc\ojdbc8\19.8.0.0\ojdbc8-19.8.0.0.jar;C:\Program Files\JetBrains\IntelliJ IDEA 2024.1.2\lib\idea_rt.jar
Launcher Type: SUN_STANDARD

[Global flags]
     intx CICompilerCount                          = 4                                         {product} {ergonomic}
     uint ConcGCThreads                            = 2                                         {product} {ergonomic}
     uint G1ConcRefinementThreads                  = 8                                         {product} {ergonomic}
   size_t G1HeapRegionSize                         = 1048576                                   {product} {ergonomic}
   size_t InitialHeapSize                          = 130023424                                 {product} {ergonomic}
   size_t MarkStackSize                            = 4194304                                   {product} {ergonomic}
   size_t MaxHeapSize                              = 2067791872                                {product} {ergonomic}
   size_t MaxNewSize                               = 1240465408                                {product} {ergonomic}
   size_t MinHeapDeltaBytes                        = 1048576                                   {product} {ergonomic}
   size_t MinHeapSize                              = 8388608                                   {product} {ergonomic}
    uintx NonNMethodCodeHeapSize                   = 5839372                                {pd product} {ergonomic}
    uintx NonProfiledCodeHeapSize                  = 122909434                              {pd product} {ergonomic}
    uintx ProfiledCodeHeapSize                     = 122909434                              {pd product} {ergonomic}
    uintx ReservedCodeCacheSize                    = 251658240                              {pd product} {ergonomic}
     bool SegmentedCodeCache                       = true                                      {product} {ergonomic}
   size_t SoftMaxHeapSize                          = 2067791872                             {manageable} {ergonomic}
     bool UseCompressedOops                        = true                           {product lp64_product} {ergonomic}
     bool UseG1GC                                  = true                                      {product} {ergonomic}
     bool UseLargePagesIndividualAllocation        = false                                  {pd product} {ergonomic}

Logging:
Log output configuration:
 #0: stdout all=warning uptime,level,tags foldmultilines=false
 #1: stderr all=off uptime,level,tags foldmultilines=false

Environment Variables:
JAVA_HOME=C:\Program Files\Java\jdk-22
PATH=C:\Program Files\Common Files\Oracle\Java\javapath;C:\Program Files (x86)\Common Files\Oracle\Java\javapath;c:\Users\match\AppData\Local\Programs\cursor\resources\app\bin;C:\Program Files (x86)\Falcon\MinGW\bin;C:\Windows\system32;C:\Windows;C:\Windows\System32\Wbem;C:\Windows\System32\WindowsPowerShell\v1.0\;C:\Windows\System32\OpenSSH\;C:\WINDOWS\system32;C:\WINDOWS;C:\WINDOWS\System32\Wbem;C:\WINDOWS\System32\WindowsPowerShell\v1.0\;C:\WINDOWS\System32\OpenSSH\;C:\MinGW\bin;C:\Users\match\AppData\Local\Microsoft\WindowsApps;C:\Program Files (x86)\Nmap;C:\adb;C:\Users\match\AppData\Local\Programs\Python\Python37\;C:\Users\match\AppData\Local\Programs\Python\Python37\Scripts\;C:\Users\match\AppData\Local\Programs\Python\Python37\;C:\Users\match\AppData\Local\Microsoft\WindowsApps;C:\MinGW\bin;C:\Program;c:\Users\match\AppData\Local\Programs\cursor\resources\app\bin;C:\Program Files\Git\cmd;C:\Program Files\Maven\apache-maven-3.9.7\bin;C:\Program Files\Java\jdk-22\bin;C:\Program Files\Java\javafx-sdk-22.0.1\bin;C:\Users\match\AppData\Local\Programs\Python\Python37\Scripts\;C:\Users\match\AppData\Local\Programs\Python\Python37\;C:\Users\match\AppData\Local\Microsoft\WindowsApps;C:\MinGW\bin;C:\Program Files (x86)\Nmap;C:\Users\match\AppData\Local\spicetify;;C:\Program Files\JetBrains\IntelliJ IDEA 2024.1.2\bin;
USERNAME=match
OS=Windows_NT
PROCESSOR_IDENTIFIER=Intel64 Family 6 Model 140 Stepping 1, GenuineIntel
TMP=C:\Users\match\AppData\Local\Temp
TEMP=C:\Users\match\AppData\Local\Temp




Periodic native trim disabled

---------------  S Y S T E M  ---------------

OS:
 Windows 11 , 64 bit Build 22621 (10.0.22621.3672)
OS uptime: 0 days 2:56 hours

CPU: total 8 (initial active 8) (4 cores per cpu, 2 threads per core) family 6 model 140 stepping 1 microcode 0x86, cx8, cmov, fxsr, ht, mmx, 3dnowpref, sse, sse2, sse3, ssse3, sse4.1, sse4.2, popcnt, lzcnt, tsc, tscinvbit, avx, avx2, aes, erms, clmul, bmi1, bmi2, adx, avx512f, avx512dq, avx512cd, avx512bw, avx512vl, sha, fma, vzeroupper, avx512_vpopcntdq, avx512_vpclmulqdq, avx512_vaes, avx512_vnni, clflush, clflushopt, clwb, avx512_vbmi2, avx512_vbmi, rdtscp, rdpid, fsrm, gfni, avx512_bitalg, f16c, pku, cet_ibt, cet_ss, avx512_ifma
Processor Information for all 8 processors :
  Max Mhz: 2419, Current Mhz: 2419, Mhz Limit: 2419

Memory: 4k page, system-wide physical 7884M (950M free)
TotalPageFile size 16076M (AvailPageFile size 0M)
current process WorkingSet (physical memory assigned to process): 57M, peak: 57M
current process commit charge ("private bytes"): 213M, peak: 213M

vm_info: OpenJDK 64-Bit Server VM (22.0.1+8-16) for windows-amd64 JRE (22.0.1+8-16), built on 2024-03-12T10:33:16Z by "mach5one" with MS VC++ 17.6 (VS2022)

END.
