#
# There is insufficient memory for the Java Runtime Environment to continue.
# Native memory allocation (malloc) failed to allocate 1185536 bytes. Error detail: Chunk::new
# Possible reasons:
#   The system is out of physical RAM or swap space
#   This process is running with CompressedOops enabled, and the Java Heap may be blocking the growth of the native heap
# Possible solutions:
#   Reduce memory load on the system
#   Increase physical memory or swap space
#   Check if swap backing store is full
#   Decrease Java heap size (-Xmx/-Xms)
#   Decrease number of Java threads
#   Decrease Java thread stack sizes (-Xss)
#   Set larger code cache with -XX:ReservedCodeCacheSize=
#   JVM is running with Unscaled Compressed Oops mode in which the Java heap is
#     placed in the first 4GB address space. The Java Heap base address is the
#     maximum limit for the native heap growth. Please use -XX:HeapBaseMinAddress
#     to set the Java Heap base and to place the Java Heap above 4GB virtual address.
# This output file may be truncated or incomplete.
#
#  Out of Memory Error (arena.cpp:150), pid=3892, tid=11788
#
# JRE version: OpenJDK Runtime Environment (22.0.1+8) (build 22.0.1+8-16)
# Java VM: OpenJDK 64-Bit Server VM (22.0.1+8-16, mixed mode, sharing, tiered, compressed oops, compressed class ptrs, g1 gc, windows-amd64)
# No core dump will be written. Minidumps are not enabled by default on client versions of Windows
#

---------------  S U M M A R Y ------------

Command Line: -agentlib:jdwp=transport=dt_socket,address=127.0.0.1:62443,suspend=y,server=n -javaagent:C:\Users\match\AppData\Local\JetBrains\IntelliJIdea2024.1\captureAgent\debugger-agent.jar -Dfile.encoding=UTF-8 -Dsun.stdout.encoding=UTF-8 -Dsun.stderr.encoding=UTF-8 --module-path=C:\Users\match\.m2\repository\org\openjfx\javafx-graphics\13\javafx-graphics-13-win.jar;C:\Users\match\.m2\repository\org\openjfx\javafx-base\13\javafx-base-13-win.jar;C:\Users\match\OneDrive\Desktop\MovieTicketBookingManagement\target\classes;C:\Users\match\.m2\repository\org\openjfx\javafx-controls\13\javafx-controls-13-win.jar;C:\Users\match\.m2\repository\org\openjfx\javafx-fxml\13\javafx-fxml-13-win.jar -Djdk.module.main=com.mycompany.movieticketbookingmanagement com.mycompany.movieticketbookingmanagement/com.mycompany.movieticketbookingmanagement.App

Host: 11th Gen Intel(R) Core(TM) i5-1135G7 @ 2.40GHz, 8 cores, 7G,  Windows 11 , 64 bit Build 22621 (10.0.22621.3672)
Time: Sat Jun 29 19:18:32 2024 SE Asia Standard Time elapsed time: 17.808181 seconds (0d 0h 0m 17s)

---------------  T H R E A D  ---------------

Current thread (0x00000219f0bd1bf0):  JavaThread "C2 CompilerThread0" daemon [_thread_in_native, id=11788, stack(0x0000009cc3500000,0x0000009cc3600000) (1024K)]


Current CompileTask:
C2:17808 2355       4       java.lang.invoke.MethodType::makeImpl (109 bytes)

Stack: [0x0000009cc3500000,0x0000009cc3600000]
Native frames: (J=compiled Java code, j=interpreted, Vv=VM code, C=native code)
V  [jvm.dll+0x6e2279]  (no source info available)
V  [jvm.dll+0x874e33]  (no source info available)
V  [jvm.dll+0x87725e]  (no source info available)
V  [jvm.dll+0x877933]  (no source info available)
V  [jvm.dll+0x27fd76]  (no source info available)
V  [jvm.dll+0xc3d0f]  (no source info available)
V  [jvm.dll+0xc3f6b]  (no source info available)
V  [jvm.dll+0x2f3c2f]  (no source info available)
V  [jvm.dll+0x60bc9a]  (no source info available)
V  [jvm.dll+0x249a35]  (no source info available)
V  [jvm.dll+0x246ec6]  (no source info available)
V  [jvm.dll+0x1c4e90]  (no source info available)
V  [jvm.dll+0x2569fe]  (no source info available)
V  [jvm.dll+0x254cba]  (no source info available)
V  [jvm.dll+0x3f5336]  (no source info available)
V  [jvm.dll+0x81d44b]  (no source info available)
V  [jvm.dll+0x6e0915]  (no source info available)
C  [ucrtbase.dll+0x29333]  (no source info available)
C  [KERNEL32.DLL+0x1257d]  (no source info available)
C  [ntdll.dll+0x5af28]  (no source info available)


---------------  P R O C E S S  ---------------

Threads class SMR info:
_java_thread_list=0x00000219c693b9d0, length=21, elements={
0x00000219d22451a0, 0x00000219f0bbe920, 0x00000219f0bbf640, 0x00000219f0bc1c90,
0x00000219f0bc26f0, 0x00000219f0bcb160, 0x00000219f0bcdd00, 0x00000219f0bd1bf0,
0x00000219f0c01670, 0x00000219f0b95570, 0x00000219c5410330, 0x00000219c54109c0,
0x00000219c5465a60, 0x00000219c53c0a90, 0x00000219c581bf60, 0x00000219c5f815a0,
0x00000219c5e768a0, 0x00000219c65d1820, 0x00000219c6661470, 0x00000219c696d030,
0x00000219c6c436f0
}

Java Threads: ( => current thread )
  0x00000219d22451a0 JavaThread "main"                              [_thread_blocked, id=14296, stack(0x0000009cc2700000,0x0000009cc2800000) (1024K)]
  0x00000219f0bbe920 JavaThread "Reference Handler"          daemon [_thread_blocked, id=4740, stack(0x0000009cc2f00000,0x0000009cc3000000) (1024K)]
  0x00000219f0bbf640 JavaThread "Finalizer"                  daemon [_thread_blocked, id=8300, stack(0x0000009cc3000000,0x0000009cc3100000) (1024K)]
  0x00000219f0bc1c90 JavaThread "Signal Dispatcher"          daemon [_thread_blocked, id=3980, stack(0x0000009cc3100000,0x0000009cc3200000) (1024K)]
  0x00000219f0bc26f0 JavaThread "Attach Listener"            daemon [_thread_blocked, id=6076, stack(0x0000009cc3200000,0x0000009cc3300000) (1024K)]
  0x00000219f0bcb160 JavaThread "Service Thread"             daemon [_thread_blocked, id=3316, stack(0x0000009cc3300000,0x0000009cc3400000) (1024K)]
  0x00000219f0bcdd00 JavaThread "Monitor Deflation Thread"   daemon [_thread_blocked, id=6536, stack(0x0000009cc3400000,0x0000009cc3500000) (1024K)]
=>0x00000219f0bd1bf0 JavaThread "C2 CompilerThread0"         daemon [_thread_in_native, id=11788, stack(0x0000009cc3500000,0x0000009cc3600000) (1024K)]
  0x00000219f0c01670 JavaThread "C1 CompilerThread0"         daemon [_thread_blocked, id=13616, stack(0x0000009cc3600000,0x0000009cc3700000) (1024K)]
  0x00000219f0b95570 JavaThread "Common-Cleaner"             daemon [_thread_blocked, id=12784, stack(0x0000009cc3700000,0x0000009cc3800000) (1024K)]
  0x00000219c5410330 JavaThread "JDWP Transport Listener: dt_socket" daemon [_thread_blocked, id=1464, stack(0x0000009cc3900000,0x0000009cc3a00000) (1024K)]
  0x00000219c54109c0 JavaThread "JDWP Event Helper Thread"   daemon [_thread_blocked, id=2100, stack(0x0000009cc3a00000,0x0000009cc3b00000) (1024K)]
  0x00000219c5465a60 JavaThread "JDWP Command Reader"        daemon [_thread_in_native, id=14348, stack(0x0000009cc3b00000,0x0000009cc3c00000) (1024K)]
  0x00000219c53c0a90 JavaThread "Notification Thread"        daemon [_thread_blocked, id=14220, stack(0x0000009cc3c00000,0x0000009cc3d00000) (1024K)]
  0x00000219c581bf60 JavaThread "QuantumRenderer-0"          daemon [_thread_blocked, id=12688, stack(0x0000009cc3800000,0x0000009cc3900000) (1024K)]
  0x00000219c5f815a0 JavaThread "InvokeLaterDispatcher"      daemon [_thread_blocked, id=15576, stack(0x0000009cc3f00000,0x0000009cc4000000) (1024K)]
  0x00000219c5e768a0 JavaThread "JavaFX Application Thread"         [_thread_in_native, id=14724, stack(0x0000009cc4000000,0x0000009cc4100000) (1024K)]
  0x00000219c65d1820 JavaThread "Thread-1"                   daemon [_thread_in_native, id=10592, stack(0x0000009cc4200000,0x0000009cc4300000) (1024K)]
  0x00000219c6661470 JavaThread "JavaFX-Launcher"                   [_thread_blocked, id=1472, stack(0x0000009cc4300000,0x0000009cc4400000) (1024K)]
  0x00000219c696d030 JavaThread "Prism Font Disposer"        daemon [_thread_blocked, id=8340, stack(0x0000009cc4c00000,0x0000009cc4d00000) (1024K)]
  0x00000219c6c436f0 JavaThread "Cleaner-0"                  daemon [_thread_blocked, id=9424, stack(0x0000009cc4b00000,0x0000009cc4c00000) (1024K)]
Total: 21

Other Threads:
  0x00000219f0ba9f90 VMThread "VM Thread"                           [id=11672, stack(0x0000009cc2e00000,0x0000009cc2f00000) (1024K)]
  0x00000219f0b94b70 WatcherThread "VM Periodic Task Thread"        [id=5540, stack(0x0000009cc2d00000,0x0000009cc2e00000) (1024K)]
  0x00000219d44e6b20 WorkerThread "GC Thread#0"                     [id=13280, stack(0x0000009cc2800000,0x0000009cc2900000) (1024K)]
  0x00000219c65e7b90 WorkerThread "GC Thread#1"                     [id=2712, stack(0x0000009cc4400000,0x0000009cc4500000) (1024K)]
  0x00000219c660eb80 WorkerThread "GC Thread#2"                     [id=11152, stack(0x0000009cc4500000,0x0000009cc4600000) (1024K)]
  0x00000219c660ef30 WorkerThread "GC Thread#3"                     [id=1988, stack(0x0000009cc4600000,0x0000009cc4700000) (1024K)]
  0x00000219c660ff00 WorkerThread "GC Thread#4"                     [id=11540, stack(0x0000009cc4700000,0x0000009cc4800000) (1024K)]
  0x00000219c66102b0 WorkerThread "GC Thread#5"                     [id=13652, stack(0x0000009cc4800000,0x0000009cc4900000) (1024K)]
  0x00000219c664b2e0 WorkerThread "GC Thread#6"                     [id=13948, stack(0x0000009cc4900000,0x0000009cc4a00000) (1024K)]
  0x00000219c664b690 WorkerThread "GC Thread#7"                     [id=1028, stack(0x0000009cc4a00000,0x0000009cc4b00000) (1024K)]
  0x00000219d44f7250 ConcurrentGCThread "G1 Main Marker"            [id=12580, stack(0x0000009cc2900000,0x0000009cc2a00000) (1024K)]
  0x00000219d44f7c70 WorkerThread "G1 Conc#0"                       [id=14360, stack(0x0000009cc2a00000,0x0000009cc2b00000) (1024K)]
  0x00000219f0a685a0 ConcurrentGCThread "G1 Refine#0"               [id=12628, stack(0x0000009cc2b00000,0x0000009cc2c00000) (1024K)]
  0x00000219f0a69030 ConcurrentGCThread "G1 Service"                [id=12372, stack(0x0000009cc2c00000,0x0000009cc2d00000) (1024K)]
Total: 14

Threads with active compile tasks:
C2 CompilerThread0  17951 2355       4       java.lang.invoke.MethodType::makeImpl (109 bytes)
Total: 1

VM state: not at safepoint (normal execution)

VM Mutex/Monitor currently owned by a thread: None

Heap address: 0x0000000084c00000, size: 1972 MB, Compressed Oops mode: 32-bit

CDS archive(s) mapped at: [0x0000021980000000-0x0000021980c50000-0x0000021980c50000), size 12910592, SharedBaseAddress: 0x0000021980000000, ArchiveRelocationMode: 1.
Compressed class space mapped at: 0x0000021981000000-0x00000219c1000000, reserved size: 1073741824
Narrow klass base: 0x0000021980000000, Narrow klass shift: 0, Narrow klass range: 0x41000000

GC Precious Log:
 CardTable entry size: 512
 Card Set container configuration: InlinePtr #cards 5 size 8 Array Of Cards #cards 12 size 40 Howl #buckets 4 coarsen threshold 1843 Howl Bitmap #cards 512 size 80 coarsen threshold 460 Card regions per heap region 1 cards per card region 2048
 CPUs: 8 total, 8 available
 Memory: 7884M
 Large Page Support: Disabled
 NUMA Support: Disabled
 Compressed Oops: Enabled (32-bit)
 Heap Region Size: 1M
 Heap Min Capacity: 8M
 Heap Initial Capacity: 124M
 Heap Max Capacity: 1972M
 Pre-touch: Disabled
 Parallel Workers: 8
 Concurrent Workers: 2
 Concurrent Refinement Workers: 8
 Periodic GC: Disabled

Heap:
 garbage-first heap   total reserved 2019328K, committed 126976K, used 40790K [0x0000000084c00000, 0x0000000100000000)
  region size 1024K, 36 young (36864K), 5 survivors (5120K)
 Metaspace       used 16784K, committed 17152K, reserved 1114112K
  class space    used 2396K, committed 2560K, reserved 1048576K

Heap Regions: E=young(eden), S=young(survivor), O=old, HS=humongous(starts), HC=humongous(continues), CS=collection set, F=free, TAMS=top-at-mark-start, PB=parsable bottom
|   0|0x0000000084c00000, 0x0000000084d00000, 0x0000000084d00000|100%| O|  |TAMS 0x0000000084c00000| PB 0x0000000084c00000| Untracked |  0
|   1|0x0000000084d00000, 0x0000000084e00000, 0x0000000084e00000|100%|HS|  |TAMS 0x0000000084d00000| PB 0x0000000084d00000| Complete |  0
|   2|0x0000000084e00000, 0x0000000084f00000, 0x0000000084f00000|100%|HC|  |TAMS 0x0000000084e00000| PB 0x0000000084e00000| Complete |  0
|   3|0x0000000084f00000, 0x0000000084fd5a80, 0x0000000085000000| 83%| O|  |TAMS 0x0000000084f00000| PB 0x0000000084f00000| Untracked |  0
|   4|0x0000000085000000, 0x0000000085100000, 0x0000000085100000|100%|HS|  |TAMS 0x0000000085000000| PB 0x0000000085000000| Complete |  0
|   5|0x0000000085100000, 0x0000000085200000, 0x0000000085200000|100%|HC|  |TAMS 0x0000000085100000| PB 0x0000000085100000| Complete |  0
|   6|0x0000000085200000, 0x0000000085200000, 0x0000000085300000|  0%| F|  |TAMS 0x0000000085200000| PB 0x0000000085200000| Untracked |  0
|   7|0x0000000085300000, 0x0000000085300000, 0x0000000085400000|  0%| F|  |TAMS 0x0000000085300000| PB 0x0000000085300000| Untracked |  0
|   8|0x0000000085400000, 0x0000000085400000, 0x0000000085500000|  0%| F|  |TAMS 0x0000000085400000| PB 0x0000000085400000| Untracked |  0
|   9|0x0000000085500000, 0x0000000085500000, 0x0000000085600000|  0%| F|  |TAMS 0x0000000085500000| PB 0x0000000085500000| Untracked |  0
|  10|0x0000000085600000, 0x0000000085600000, 0x0000000085700000|  0%| F|  |TAMS 0x0000000085600000| PB 0x0000000085600000| Untracked |  0
|  11|0x0000000085700000, 0x0000000085700000, 0x0000000085800000|  0%| F|  |TAMS 0x0000000085700000| PB 0x0000000085700000| Untracked |  0
|  12|0x0000000085800000, 0x0000000085800000, 0x0000000085900000|  0%| F|  |TAMS 0x0000000085800000| PB 0x0000000085800000| Untracked |  0
|  13|0x0000000085900000, 0x0000000085900000, 0x0000000085a00000|  0%| F|  |TAMS 0x0000000085900000| PB 0x0000000085900000| Untracked |  0
|  14|0x0000000085a00000, 0x0000000085a00000, 0x0000000085b00000|  0%| F|  |TAMS 0x0000000085a00000| PB 0x0000000085a00000| Untracked |  0
|  15|0x0000000085b00000, 0x0000000085b00000, 0x0000000085c00000|  0%| F|  |TAMS 0x0000000085b00000| PB 0x0000000085b00000| Untracked |  0
|  16|0x0000000085c00000, 0x0000000085c00000, 0x0000000085d00000|  0%| F|  |TAMS 0x0000000085c00000| PB 0x0000000085c00000| Untracked |  0
|  17|0x0000000085d00000, 0x0000000085d00000, 0x0000000085e00000|  0%| F|  |TAMS 0x0000000085d00000| PB 0x0000000085d00000| Untracked |  0
|  18|0x0000000085e00000, 0x0000000085e00000, 0x0000000085f00000|  0%| F|  |TAMS 0x0000000085e00000| PB 0x0000000085e00000| Untracked |  0
|  19|0x0000000085f00000, 0x0000000085f00000, 0x0000000086000000|  0%| F|  |TAMS 0x0000000085f00000| PB 0x0000000085f00000| Untracked |  0
|  20|0x0000000086000000, 0x0000000086000000, 0x0000000086100000|  0%| F|  |TAMS 0x0000000086000000| PB 0x0000000086000000| Untracked |  0
|  21|0x0000000086100000, 0x0000000086100000, 0x0000000086200000|  0%| F|  |TAMS 0x0000000086100000| PB 0x0000000086100000| Untracked |  0
|  22|0x0000000086200000, 0x0000000086200000, 0x0000000086300000|  0%| F|  |TAMS 0x0000000086200000| PB 0x0000000086200000| Untracked |  0
|  23|0x0000000086300000, 0x0000000086300000, 0x0000000086400000|  0%| F|  |TAMS 0x0000000086300000| PB 0x0000000086300000| Untracked |  0
|  24|0x0000000086400000, 0x0000000086400000, 0x0000000086500000|  0%| F|  |TAMS 0x0000000086400000| PB 0x0000000086400000| Untracked |  0
|  25|0x0000000086500000, 0x0000000086500000, 0x0000000086600000|  0%| F|  |TAMS 0x0000000086500000| PB 0x0000000086500000| Untracked |  0
|  26|0x0000000086600000, 0x0000000086600000, 0x0000000086700000|  0%| F|  |TAMS 0x0000000086600000| PB 0x0000000086600000| Untracked |  0
|  27|0x0000000086700000, 0x0000000086700000, 0x0000000086800000|  0%| F|  |TAMS 0x0000000086700000| PB 0x0000000086700000| Untracked |  0
|  28|0x0000000086800000, 0x0000000086800000, 0x0000000086900000|  0%| F|  |TAMS 0x0000000086800000| PB 0x0000000086800000| Untracked |  0
|  29|0x0000000086900000, 0x0000000086900000, 0x0000000086a00000|  0%| F|  |TAMS 0x0000000086900000| PB 0x0000000086900000| Untracked |  0
|  30|0x0000000086a00000, 0x0000000086a00000, 0x0000000086b00000|  0%| F|  |TAMS 0x0000000086a00000| PB 0x0000000086a00000| Untracked |  0
|  31|0x0000000086b00000, 0x0000000086b00000, 0x0000000086c00000|  0%| F|  |TAMS 0x0000000086b00000| PB 0x0000000086b00000| Untracked |  0
|  32|0x0000000086c00000, 0x0000000086c00000, 0x0000000086d00000|  0%| F|  |TAMS 0x0000000086c00000| PB 0x0000000086c00000| Untracked |  0
|  33|0x0000000086d00000, 0x0000000086d00000, 0x0000000086e00000|  0%| F|  |TAMS 0x0000000086d00000| PB 0x0000000086d00000| Untracked |  0
|  34|0x0000000086e00000, 0x0000000086e00000, 0x0000000086f00000|  0%| F|  |TAMS 0x0000000086e00000| PB 0x0000000086e00000| Untracked |  0
|  35|0x0000000086f00000, 0x0000000086f00000, 0x0000000087000000|  0%| F|  |TAMS 0x0000000086f00000| PB 0x0000000086f00000| Untracked |  0
|  36|0x0000000087000000, 0x0000000087000000, 0x0000000087100000|  0%| F|  |TAMS 0x0000000087000000| PB 0x0000000087000000| Untracked |  0
|  37|0x0000000087100000, 0x0000000087100000, 0x0000000087200000|  0%| F|  |TAMS 0x0000000087100000| PB 0x0000000087100000| Untracked |  0
|  38|0x0000000087200000, 0x0000000087200000, 0x0000000087300000|  0%| F|  |TAMS 0x0000000087200000| PB 0x0000000087200000| Untracked |  0
|  39|0x0000000087300000, 0x0000000087300000, 0x0000000087400000|  0%| F|  |TAMS 0x0000000087300000| PB 0x0000000087300000| Untracked |  0
|  40|0x0000000087400000, 0x0000000087400000, 0x0000000087500000|  0%| F|  |TAMS 0x0000000087400000| PB 0x0000000087400000| Untracked |  0
|  41|0x0000000087500000, 0x0000000087500000, 0x0000000087600000|  0%| F|  |TAMS 0x0000000087500000| PB 0x0000000087500000| Untracked |  0
|  42|0x0000000087600000, 0x0000000087600000, 0x0000000087700000|  0%| F|  |TAMS 0x0000000087600000| PB 0x0000000087600000| Untracked |  0
|  43|0x0000000087700000, 0x0000000087700000, 0x0000000087800000|  0%| F|  |TAMS 0x0000000087700000| PB 0x0000000087700000| Untracked |  0
|  44|0x0000000087800000, 0x0000000087800000, 0x0000000087900000|  0%| F|  |TAMS 0x0000000087800000| PB 0x0000000087800000| Untracked |  0
|  45|0x0000000087900000, 0x0000000087900000, 0x0000000087a00000|  0%| F|  |TAMS 0x0000000087900000| PB 0x0000000087900000| Untracked |  0
|  46|0x0000000087a00000, 0x0000000087a00000, 0x0000000087b00000|  0%| F|  |TAMS 0x0000000087a00000| PB 0x0000000087a00000| Untracked |  0
|  47|0x0000000087b00000, 0x0000000087b00000, 0x0000000087c00000|  0%| F|  |TAMS 0x0000000087b00000| PB 0x0000000087b00000| Untracked |  0
|  48|0x0000000087c00000, 0x0000000087c00000, 0x0000000087d00000|  0%| F|  |TAMS 0x0000000087c00000| PB 0x0000000087c00000| Untracked |  0
|  49|0x0000000087d00000, 0x0000000087d00000, 0x0000000087e00000|  0%| F|  |TAMS 0x0000000087d00000| PB 0x0000000087d00000| Untracked |  0
|  50|0x0000000087e00000, 0x0000000087e00000, 0x0000000087f00000|  0%| F|  |TAMS 0x0000000087e00000| PB 0x0000000087e00000| Untracked |  0
|  51|0x0000000087f00000, 0x0000000087f00000, 0x0000000088000000|  0%| F|  |TAMS 0x0000000087f00000| PB 0x0000000087f00000| Untracked |  0
|  52|0x0000000088000000, 0x0000000088000000, 0x0000000088100000|  0%| F|  |TAMS 0x0000000088000000| PB 0x0000000088000000| Untracked |  0
|  53|0x0000000088100000, 0x0000000088100000, 0x0000000088200000|  0%| F|  |TAMS 0x0000000088100000| PB 0x0000000088100000| Untracked |  0
|  54|0x0000000088200000, 0x0000000088200000, 0x0000000088300000|  0%| F|  |TAMS 0x0000000088200000| PB 0x0000000088200000| Untracked |  0
|  55|0x0000000088300000, 0x0000000088300000, 0x0000000088400000|  0%| F|  |TAMS 0x0000000088300000| PB 0x0000000088300000| Untracked |  0
|  56|0x0000000088400000, 0x0000000088400000, 0x0000000088500000|  0%| F|  |TAMS 0x0000000088400000| PB 0x0000000088400000| Untracked |  0
|  57|0x0000000088500000, 0x0000000088500000, 0x0000000088600000|  0%| F|  |TAMS 0x0000000088500000| PB 0x0000000088500000| Untracked |  0
|  58|0x0000000088600000, 0x0000000088600000, 0x0000000088700000|  0%| F|  |TAMS 0x0000000088600000| PB 0x0000000088600000| Untracked |  0
|  59|0x0000000088700000, 0x0000000088700000, 0x0000000088800000|  0%| F|  |TAMS 0x0000000088700000| PB 0x0000000088700000| Untracked |  0
|  60|0x0000000088800000, 0x0000000088800000, 0x0000000088900000|  0%| F|  |TAMS 0x0000000088800000| PB 0x0000000088800000| Untracked |  0
|  61|0x0000000088900000, 0x0000000088900000, 0x0000000088a00000|  0%| F|  |TAMS 0x0000000088900000| PB 0x0000000088900000| Untracked |  0
|  62|0x0000000088a00000, 0x0000000088a00000, 0x0000000088b00000|  0%| F|  |TAMS 0x0000000088a00000| PB 0x0000000088a00000| Untracked |  0
|  63|0x0000000088b00000, 0x0000000088b00000, 0x0000000088c00000|  0%| F|  |TAMS 0x0000000088b00000| PB 0x0000000088b00000| Untracked |  0
|  64|0x0000000088c00000, 0x0000000088c00000, 0x0000000088d00000|  0%| F|  |TAMS 0x0000000088c00000| PB 0x0000000088c00000| Untracked |  0
|  65|0x0000000088d00000, 0x0000000088d00000, 0x0000000088e00000|  0%| F|  |TAMS 0x0000000088d00000| PB 0x0000000088d00000| Untracked |  0
|  66|0x0000000088e00000, 0x0000000088e00000, 0x0000000088f00000|  0%| F|  |TAMS 0x0000000088e00000| PB 0x0000000088e00000| Untracked |  0
|  67|0x0000000088f00000, 0x0000000088f00000, 0x0000000089000000|  0%| F|  |TAMS 0x0000000088f00000| PB 0x0000000088f00000| Untracked |  0
|  68|0x0000000089000000, 0x0000000089000000, 0x0000000089100000|  0%| F|  |TAMS 0x0000000089000000| PB 0x0000000089000000| Untracked |  0
|  69|0x0000000089100000, 0x0000000089100000, 0x0000000089200000|  0%| F|  |TAMS 0x0000000089100000| PB 0x0000000089100000| Untracked |  0
|  70|0x0000000089200000, 0x0000000089200000, 0x0000000089300000|  0%| F|  |TAMS 0x0000000089200000| PB 0x0000000089200000| Untracked |  0
|  71|0x0000000089300000, 0x0000000089300000, 0x0000000089400000|  0%| F|  |TAMS 0x0000000089300000| PB 0x0000000089300000| Untracked |  0
|  72|0x0000000089400000, 0x0000000089400000, 0x0000000089500000|  0%| F|  |TAMS 0x0000000089400000| PB 0x0000000089400000| Untracked |  0
|  73|0x0000000089500000, 0x0000000089500000, 0x0000000089600000|  0%| F|  |TAMS 0x0000000089500000| PB 0x0000000089500000| Untracked |  0
|  74|0x0000000089600000, 0x0000000089600000, 0x0000000089700000|  0%| F|  |TAMS 0x0000000089600000| PB 0x0000000089600000| Untracked |  0
|  75|0x0000000089700000, 0x0000000089700000, 0x0000000089800000|  0%| F|  |TAMS 0x0000000089700000| PB 0x0000000089700000| Untracked |  0
|  76|0x0000000089800000, 0x0000000089800000, 0x0000000089900000|  0%| F|  |TAMS 0x0000000089800000| PB 0x0000000089800000| Untracked |  0
|  77|0x0000000089900000, 0x0000000089900000, 0x0000000089a00000|  0%| F|  |TAMS 0x0000000089900000| PB 0x0000000089900000| Untracked |  0
|  78|0x0000000089a00000, 0x0000000089a00000, 0x0000000089b00000|  0%| F|  |TAMS 0x0000000089a00000| PB 0x0000000089a00000| Untracked |  0
|  79|0x0000000089b00000, 0x0000000089b00000, 0x0000000089c00000|  0%| F|  |TAMS 0x0000000089b00000| PB 0x0000000089b00000| Untracked |  0
|  80|0x0000000089c00000, 0x0000000089c00000, 0x0000000089d00000|  0%| F|  |TAMS 0x0000000089c00000| PB 0x0000000089c00000| Untracked |  0
|  81|0x0000000089d00000, 0x0000000089d00000, 0x0000000089e00000|  0%| F|  |TAMS 0x0000000089d00000| PB 0x0000000089d00000| Untracked |  0
|  82|0x0000000089e00000, 0x0000000089f00000, 0x0000000089f00000|100%| S|CS|TAMS 0x0000000089e00000| PB 0x0000000089e00000| Complete |  0
|  83|0x0000000089f00000, 0x000000008a000000, 0x000000008a000000|100%| S|CS|TAMS 0x0000000089f00000| PB 0x0000000089f00000| Complete |  0
|  84|0x000000008a000000, 0x000000008a100000, 0x000000008a100000|100%| S|CS|TAMS 0x000000008a000000| PB 0x000000008a000000| Complete |  0
|  85|0x000000008a100000, 0x000000008a200000, 0x000000008a200000|100%| S|CS|TAMS 0x000000008a100000| PB 0x000000008a100000| Complete |  0
|  86|0x000000008a200000, 0x000000008a300000, 0x000000008a300000|100%| S|CS|TAMS 0x000000008a200000| PB 0x000000008a200000| Complete |  0
|  87|0x000000008a300000, 0x000000008a300000, 0x000000008a400000|  0%| F|  |TAMS 0x000000008a300000| PB 0x000000008a300000| Untracked |  0
|  88|0x000000008a400000, 0x000000008a400000, 0x000000008a500000|  0%| F|  |TAMS 0x000000008a400000| PB 0x000000008a400000| Untracked |  0
|  89|0x000000008a500000, 0x000000008a500000, 0x000000008a600000|  0%| F|  |TAMS 0x000000008a500000| PB 0x000000008a500000| Untracked |  0
|  90|0x000000008a600000, 0x000000008a600000, 0x000000008a700000|  0%| F|  |TAMS 0x000000008a600000| PB 0x000000008a600000| Untracked |  0
|  91|0x000000008a700000, 0x000000008a700000, 0x000000008a800000|  0%| F|  |TAMS 0x000000008a700000| PB 0x000000008a700000| Untracked |  0
|  92|0x000000008a800000, 0x000000008a800000, 0x000000008a900000|  0%| F|  |TAMS 0x000000008a800000| PB 0x000000008a800000| Untracked |  0
|  93|0x000000008a900000, 0x000000008a9eb710, 0x000000008aa00000| 91%| E|  |TAMS 0x000000008a900000| PB 0x000000008a900000| Complete |  0
|  94|0x000000008aa00000, 0x000000008ab00000, 0x000000008ab00000|100%| E|CS|TAMS 0x000000008aa00000| PB 0x000000008aa00000| Complete |  0
|  95|0x000000008ab00000, 0x000000008ac00000, 0x000000008ac00000|100%| E|CS|TAMS 0x000000008ab00000| PB 0x000000008ab00000| Complete |  0
|  96|0x000000008ac00000, 0x000000008ad00000, 0x000000008ad00000|100%| E|CS|TAMS 0x000000008ac00000| PB 0x000000008ac00000| Complete |  0
|  97|0x000000008ad00000, 0x000000008ae00000, 0x000000008ae00000|100%| E|CS|TAMS 0x000000008ad00000| PB 0x000000008ad00000| Complete |  0
|  98|0x000000008ae00000, 0x000000008af00000, 0x000000008af00000|100%| E|CS|TAMS 0x000000008ae00000| PB 0x000000008ae00000| Complete |  0
|  99|0x000000008af00000, 0x000000008b000000, 0x000000008b000000|100%| E|CS|TAMS 0x000000008af00000| PB 0x000000008af00000| Complete |  0
| 100|0x000000008b000000, 0x000000008b100000, 0x000000008b100000|100%| E|CS|TAMS 0x000000008b000000| PB 0x000000008b000000| Complete |  0
| 101|0x000000008b100000, 0x000000008b200000, 0x000000008b200000|100%| E|CS|TAMS 0x000000008b100000| PB 0x000000008b100000| Complete |  0
| 102|0x000000008b200000, 0x000000008b300000, 0x000000008b300000|100%| E|CS|TAMS 0x000000008b200000| PB 0x000000008b200000| Complete |  0
| 103|0x000000008b300000, 0x000000008b400000, 0x000000008b400000|100%| E|CS|TAMS 0x000000008b300000| PB 0x000000008b300000| Complete |  0
| 104|0x000000008b400000, 0x000000008b500000, 0x000000008b500000|100%| E|CS|TAMS 0x000000008b400000| PB 0x000000008b400000| Complete |  0
| 105|0x000000008b500000, 0x000000008b600000, 0x000000008b600000|100%| E|CS|TAMS 0x000000008b500000| PB 0x000000008b500000| Complete |  0
| 106|0x000000008b600000, 0x000000008b700000, 0x000000008b700000|100%| E|CS|TAMS 0x000000008b600000| PB 0x000000008b600000| Complete |  0
| 107|0x000000008b700000, 0x000000008b800000, 0x000000008b800000|100%| E|CS|TAMS 0x000000008b700000| PB 0x000000008b700000| Complete |  0
| 108|0x000000008b800000, 0x000000008b900000, 0x000000008b900000|100%| E|CS|TAMS 0x000000008b800000| PB 0x000000008b800000| Complete |  0
| 109|0x000000008b900000, 0x000000008ba00000, 0x000000008ba00000|100%| E|CS|TAMS 0x000000008b900000| PB 0x000000008b900000| Complete |  0
| 110|0x000000008ba00000, 0x000000008bb00000, 0x000000008bb00000|100%| E|CS|TAMS 0x000000008ba00000| PB 0x000000008ba00000| Complete |  0
| 111|0x000000008bb00000, 0x000000008bc00000, 0x000000008bc00000|100%| E|CS|TAMS 0x000000008bb00000| PB 0x000000008bb00000| Complete |  0
| 112|0x000000008bc00000, 0x000000008bd00000, 0x000000008bd00000|100%| E|CS|TAMS 0x000000008bc00000| PB 0x000000008bc00000| Complete |  0
| 113|0x000000008bd00000, 0x000000008be00000, 0x000000008be00000|100%| E|CS|TAMS 0x000000008bd00000| PB 0x000000008bd00000| Complete |  0
| 114|0x000000008be00000, 0x000000008bf00000, 0x000000008bf00000|100%| E|CS|TAMS 0x000000008be00000| PB 0x000000008be00000| Complete |  0
| 115|0x000000008bf00000, 0x000000008c000000, 0x000000008c000000|100%| E|  |TAMS 0x000000008bf00000| PB 0x000000008bf00000| Complete |  0
| 116|0x000000008c000000, 0x000000008c100000, 0x000000008c100000|100%| E|CS|TAMS 0x000000008c000000| PB 0x000000008c000000| Complete |  0
| 117|0x000000008c100000, 0x000000008c200000, 0x000000008c200000|100%| E|CS|TAMS 0x000000008c100000| PB 0x000000008c100000| Complete |  0
| 118|0x000000008c200000, 0x000000008c300000, 0x000000008c300000|100%| E|CS|TAMS 0x000000008c200000| PB 0x000000008c200000| Complete |  0
| 119|0x000000008c300000, 0x000000008c400000, 0x000000008c400000|100%| E|CS|TAMS 0x000000008c300000| PB 0x000000008c300000| Complete |  0
| 120|0x000000008c400000, 0x000000008c500000, 0x000000008c500000|100%| E|CS|TAMS 0x000000008c400000| PB 0x000000008c400000| Complete |  0
| 121|0x000000008c500000, 0x000000008c600000, 0x000000008c600000|100%| E|CS|TAMS 0x000000008c500000| PB 0x000000008c500000| Complete |  0
| 122|0x000000008c600000, 0x000000008c700000, 0x000000008c700000|100%| E|CS|TAMS 0x000000008c600000| PB 0x000000008c600000| Complete |  0
| 123|0x000000008c700000, 0x000000008c800000, 0x000000008c800000|100%| E|CS|TAMS 0x000000008c700000| PB 0x000000008c700000| Complete |  0

Card table byte_map: [0x00000219ebee0000,0x00000219ec2c0000] _byte_map_base: 0x00000219ebaba000

Marking Bits: (CMBitMap*) 0x00000219d44e7140
 Bits: [0x00000219ec2c0000, 0x00000219ee190000)

Polling page: 0x00000219d2450000

Metaspace:

Usage:
  Non-class:     14.05 MB used.
      Class:      2.34 MB used.
       Both:     16.39 MB used.

Virtual space:
  Non-class space:       64.00 MB reserved,      14.25 MB ( 22%) committed,  1 nodes.
      Class space:        1.00 GB reserved,       2.50 MB ( <1%) committed,  1 nodes.
             Both:        1.06 GB reserved,      16.75 MB (  2%) committed. 

Chunk freelists:
   Non-Class:  1.03 MB
       Class:  13.45 MB
        Both:  14.48 MB

MaxMetaspaceSize: unlimited
CompressedClassSpaceSize: 1.00 GB
Initial GC threshold: 21.00 MB
Current GC threshold: 21.00 MB
CDS: on
 - commit_granule_bytes: 65536.
 - commit_granule_words: 8192.
 - virtual_space_node_default_size: 8388608.
 - enlarge_chunks_in_place: 1.
 - use_allocation_guard: 0.


Internal statistics:

num_allocs_failed_limit: 0.
num_arena_births: 380.
num_arena_deaths: 0.
num_vsnodes_births: 2.
num_vsnodes_deaths: 0.
num_space_committed: 268.
num_space_uncommitted: 0.
num_chunks_returned_to_freelist: 0.
num_chunks_taken_from_freelist: 896.
num_chunk_merges: 0.
num_chunk_splits: 607.
num_chunks_enlarged: 432.
num_inconsistent_stats: 0.

CodeHeap 'non-profiled nmethods': size=120000Kb used=968Kb max_used=968Kb free=119031Kb
 bounds [0x00000219e42a0000, 0x00000219e4510000, 0x00000219eb7d0000]
CodeHeap 'profiled nmethods': size=120000Kb used=4877Kb max_used=4877Kb free=115122Kb
 bounds [0x00000219dc7d0000, 0x00000219dcca0000, 0x00000219e3d00000]
CodeHeap 'non-nmethods': size=5760Kb used=2129Kb max_used=2129Kb free=3630Kb
 bounds [0x00000219e3d00000, 0x00000219e3f70000, 0x00000219e42a0000]
 total_blobs=3428 nmethods=2599 adapters=733
 compilation: enabled
              stopped_count=0, restarted_count=0
 full_count=0

Compilation events (20 events):
Event: 17.799 Thread 0x00000219f0c01670 nmethod 2592 0x00000219dcc8ce10 code [0x00000219dcc8cfc0, 0x00000219dcc8d130]
Event: 17.799 Thread 0x00000219f0c01670 2593       3       javafx.scene.layout.Region::getBorder (11 bytes)
Event: 17.800 Thread 0x00000219f0c01670 nmethod 2593 0x00000219dcc8d210 code [0x00000219dcc8d3c0, 0x00000219dcc8d7b8]
Event: 17.800 Thread 0x00000219f0c01670 2591       1       javafx.scene.layout.Background::getOutsets (5 bytes)
Event: 17.800 Thread 0x00000219f0c01670 nmethod 2591 0x00000219e4391790 code [0x00000219e4391920, 0x00000219e43919e8]
Event: 17.800 Thread 0x00000219f0c01670 2594       3       com.sun.javafx.scene.NodeHelper::isDirty (11 bytes)
Event: 17.801 Thread 0x00000219f0c01670 nmethod 2594 0x00000219dcc8d910 code [0x00000219dcc8dac0, 0x00000219dcc8dd60]
Event: 17.801 Thread 0x00000219f0c01670 2595       3       javafx.scene.Node$1::isDirty (6 bytes)
Event: 17.801 Thread 0x00000219f0c01670 nmethod 2595 0x00000219dcc8df10 code [0x00000219dcc8e0c0, 0x00000219dcc8e2b0]
Event: 17.801 Thread 0x00000219f0c01670 2596       3       com.sun.javafx.util.Utils::assertionEnabled (24 bytes)
Event: 17.801 Thread 0x00000219f0c01670 nmethod 2596 0x00000219dcc8e390 code [0x00000219dcc8e520, 0x00000219dcc8e620]
Event: 17.801 Thread 0x00000219f0c01670 2590       1       com.sun.javafx.sg.prism.NGNode::hasVisuals (2 bytes)
Event: 17.802 Thread 0x00000219f0c01670 nmethod 2590 0x00000219e4391a90 code [0x00000219e4391c20, 0x00000219e4391ce8]
Event: 17.802 Thread 0x00000219f0c01670 2597       3       javafx.scene.layout.Region::getWidth (22 bytes)
Event: 17.802 Thread 0x00000219f0c01670 nmethod 2597 0x00000219dcc8e690 code [0x00000219dcc8e860, 0x00000219dcc8ec08]
Event: 17.802 Thread 0x00000219f0c01670 2599       3       javafx.scene.layout.Region::getHeight (22 bytes)
Event: 17.802 Thread 0x00000219f0c01670 nmethod 2599 0x00000219dcc8ed10 code [0x00000219dcc8eee0, 0x00000219dcc8f288]
Event: 17.803 Thread 0x00000219f0c01670 2598       1       javafx.scene.layout.Background::getFills (5 bytes)
Event: 17.803 Thread 0x00000219f0c01670 nmethod 2598 0x00000219e4391d90 code [0x00000219e4391f20, 0x00000219e4391fe8]
Event: 17.803 Thread 0x00000219f0c01670 2601       3       javafx.scene.Node::getPeer (57 bytes)

GC Heap History (4 events):
Event: 1.968 GC heap before
{Heap before GC invocations=0 (full 0):
 garbage-first heap   total reserved 2019328K, committed 126976K, used 23552K [0x0000000084c00000, 0x0000000100000000)
  region size 1024K, 24 young (24576K), 0 survivors (0K)
 Metaspace       used 4759K, committed 5056K, reserved 1114112K
  class space    used 511K, committed 640K, reserved 1048576K
}
Event: 1.977 GC heap after
{Heap after GC invocations=1 (full 0):
 garbage-first heap   total reserved 2019328K, committed 126976K, used 3114K [0x0000000084c00000, 0x0000000100000000)
  region size 1024K, 3 young (3072K), 3 survivors (3072K)
 Metaspace       used 4759K, committed 5056K, reserved 1114112K
  class space    used 511K, committed 640K, reserved 1048576K
}
Event: 3.548 GC heap before
{Heap before GC invocations=1 (full 0):
 garbage-first heap   total reserved 2019328K, committed 126976K, used 38954K [0x0000000084c00000, 0x0000000100000000)
  region size 1024K, 37 young (37888K), 3 survivors (3072K)
 Metaspace       used 11788K, committed 12096K, reserved 1114112K
  class space    used 1535K, committed 1664K, reserved 1048576K
}
Event: 3.565 GC heap after
{Heap after GC invocations=2 (full 0):
 garbage-first heap   total reserved 2019328K, committed 126976K, used 9046K [0x0000000084c00000, 0x0000000100000000)
  region size 1024K, 5 young (5120K), 5 survivors (5120K)
 Metaspace       used 11788K, committed 12096K, reserved 1114112K
  class space    used 1535K, committed 1664K, reserved 1048576K
}

Dll operation events (20 events):
Event: 0.906 Loaded shared library C:\Users\match\.openjfx\cache\13\api-ms-win-crt-filesystem-l1-1-0.dll
Event: 0.912 Loaded shared library C:\Users\match\.openjfx\cache\13\api-ms-win-crt-heap-l1-1-0.dll
Event: 0.917 Loaded shared library C:\Users\match\.openjfx\cache\13\api-ms-win-crt-locale-l1-1-0.dll
Event: 0.923 Loaded shared library C:\Users\match\.openjfx\cache\13\api-ms-win-crt-math-l1-1-0.dll
Event: 0.930 Loaded shared library C:\Users\match\.openjfx\cache\13\api-ms-win-crt-multibyte-l1-1-0.dll
Event: 0.937 Loaded shared library C:\Users\match\.openjfx\cache\13\api-ms-win-crt-private-l1-1-0.dll
Event: 0.942 Loaded shared library C:\Users\match\.openjfx\cache\13\api-ms-win-crt-process-l1-1-0.dll
Event: 0.947 Loaded shared library C:\Users\match\.openjfx\cache\13\api-ms-win-crt-runtime-l1-1-0.dll
Event: 0.954 Loaded shared library C:\Users\match\.openjfx\cache\13\api-ms-win-crt-stdio-l1-1-0.dll
Event: 0.959 Loaded shared library C:\Users\match\.openjfx\cache\13\api-ms-win-crt-string-l1-1-0.dll
Event: 0.965 Loaded shared library C:\Users\match\.openjfx\cache\13\api-ms-win-crt-time-l1-1-0.dll
Event: 0.971 Loaded shared library C:\Users\match\.openjfx\cache\13\api-ms-win-crt-utility-l1-1-0.dll
Event: 1.001 Loaded shared library C:\Users\match\.openjfx\cache\13\ucrtbase.dll
Event: 1.008 Loaded shared library C:\Users\match\.openjfx\cache\13\vcruntime140.dll
Event: 1.027 Loaded shared library C:\Users\match\.openjfx\cache\13\msvcp140.dll
Event: 1.040 Loaded shared library C:\Users\match\.openjfx\cache\13\concrt140.dll
Event: 1.149 Loaded shared library C:\Users\match\.openjfx\cache\13\prism_d3d.dll
Event: 1.385 Loaded shared library C:\Users\match\.openjfx\cache\13\glass.dll
Event: 2.025 Loaded shared library C:\Users\match\.jdks\openjdk-22.0.1\bin\jimage.dll
Event: 2.859 Loaded shared library C:\Users\match\.openjfx\cache\13\javafx_font.dll

Deoptimization events (20 events):
Event: 17.345 Thread 0x00000219c5e768a0 DEOPT PACKING pc=0x00000219dcbb7bc4 sp=0x0000009cc40fc050
Event: 17.345 Thread 0x00000219c5e768a0 DEOPT UNPACKING pc=0x00000219e3d588e2 sp=0x0000009cc40fb548 mode 1
Event: 17.346 Thread 0x00000219c5e768a0 DEOPT PACKING pc=0x00000219dcbb416c sp=0x0000009cc40fc190
Event: 17.346 Thread 0x00000219c5e768a0 DEOPT UNPACKING pc=0x00000219e3d588e2 sp=0x0000009cc40fb6f0 mode 1
Event: 17.346 Thread 0x00000219c5e768a0 DEOPT PACKING pc=0x00000219dcbb7bc4 sp=0x0000009cc40fc2b0
Event: 17.346 Thread 0x00000219c5e768a0 DEOPT UNPACKING pc=0x00000219e3d588e2 sp=0x0000009cc40fb7a8 mode 1
Event: 17.346 Thread 0x00000219c5e768a0 DEOPT PACKING pc=0x00000219dcbb416c sp=0x0000009cc40fc0f0
Event: 17.346 Thread 0x00000219c5e768a0 DEOPT UNPACKING pc=0x00000219e3d588e2 sp=0x0000009cc40fb650 mode 1
Event: 17.346 Thread 0x00000219c5e768a0 DEOPT PACKING pc=0x00000219dcbb7bc4 sp=0x0000009cc40fc210
Event: 17.346 Thread 0x00000219c5e768a0 DEOPT UNPACKING pc=0x00000219e3d588e2 sp=0x0000009cc40fb708 mode 1
Event: 17.346 Thread 0x00000219c5e768a0 DEOPT PACKING pc=0x00000219dcbb416c sp=0x0000009cc40fc050
Event: 17.346 Thread 0x00000219c5e768a0 DEOPT UNPACKING pc=0x00000219e3d588e2 sp=0x0000009cc40fb5b0 mode 1
Event: 17.346 Thread 0x00000219c5e768a0 DEOPT PACKING pc=0x00000219dcbb7bc4 sp=0x0000009cc40fc170
Event: 17.346 Thread 0x00000219c5e768a0 DEOPT UNPACKING pc=0x00000219e3d588e2 sp=0x0000009cc40fb668 mode 1
Event: 17.346 Thread 0x00000219c5e768a0 DEOPT PACKING pc=0x00000219dcbb416c sp=0x0000009cc40fbfb0
Event: 17.346 Thread 0x00000219c5e768a0 DEOPT UNPACKING pc=0x00000219e3d588e2 sp=0x0000009cc40fb510 mode 1
Event: 17.346 Thread 0x00000219c5e768a0 DEOPT PACKING pc=0x00000219dcbb7bc4 sp=0x0000009cc40fc0d0
Event: 17.346 Thread 0x00000219c5e768a0 DEOPT UNPACKING pc=0x00000219e3d588e2 sp=0x0000009cc40fb5c8 mode 1
Event: 17.347 Thread 0x00000219c5e768a0 DEOPT PACKING pc=0x00000219dcb8a21c sp=0x0000009cc40fc460
Event: 17.347 Thread 0x00000219c5e768a0 DEOPT UNPACKING pc=0x00000219e3d588e2 sp=0x0000009cc40fb938 mode 1

Classes loaded (20 events):
Event: 17.587 Loading class javafx/scene/control/skin/TextFieldSkin
Event: 17.587 Loading class javafx/scene/control/skin/TextFieldSkin done
Event: 17.587 Loading class javafx/scene/control/TextField
Event: 17.587 Loading class javafx/scene/control/TextField done
Event: 17.588 Loading class javafx/scene/control/skin/TextFieldSkin
Event: 17.588 Loading class javafx/scene/control/skin/TextFieldSkin done
Event: 17.588 Loading class javafx/beans/Observable
Event: 17.588 Loading class javafx/beans/Observable done
Event: 17.589 Loading class javafx/scene/control/skin/TextFieldSkin
Event: 17.589 Loading class javafx/scene/control/skin/TextFieldSkin done
Event: 17.589 Loading class javafx/beans/Observable
Event: 17.589 Loading class javafx/beans/Observable done
Event: 17.591 Loading class javafx/scene/control/skin/TextFieldSkin
Event: 17.591 Loading class javafx/scene/control/skin/TextFieldSkin done
Event: 17.591 Loading class javafx/scene/control/TextField
Event: 17.591 Loading class javafx/scene/control/TextField done
Event: 17.605 Loading class java/lang/FdLibm$Hypot
Event: 17.605 Loading class java/lang/FdLibm$Hypot done
Event: 17.605 Loading class java/lang/FdLibm
Event: 17.606 Loading class java/lang/FdLibm done

Classes unloaded (0 events):
No events

Classes redefined (0 events):
No events

Internal exceptions (20 events):
Event: 3.920 Thread 0x00000219c5e768a0 Exception <a 'java/io/FileNotFoundException'{0x000000008bf664f0}> (0x000000008bf664f0) 
thrown [s\open\src\hotspot\share\prims\jni.cpp, line 520]
Event: 3.920 Thread 0x00000219c5e768a0 Exception <a 'java/io/FileNotFoundException'{0x000000008bf680e0}> (0x000000008bf680e0) 
thrown [s\open\src\hotspot\share\prims\jni.cpp, line 520]
Event: 3.924 Thread 0x00000219c5e768a0 Exception <a 'java/io/FileNotFoundException'{0x000000008bf6ca88}> (0x000000008bf6ca88) 
thrown [s\open\src\hotspot\share\prims\jni.cpp, line 520]
Event: 3.924 Thread 0x00000219c5e768a0 Exception <a 'java/io/FileNotFoundException'{0x000000008bf6e0d8}> (0x000000008bf6e0d8) 
thrown [s\open\src\hotspot\share\prims\jni.cpp, line 520]
Event: 3.946 Thread 0x00000219c5e768a0 Exception <a 'java/io/FileNotFoundException'{0x000000008be67070}> (0x000000008be67070) 
thrown [s\open\src\hotspot\share\prims\jni.cpp, line 520]
Event: 3.946 Thread 0x00000219c5e768a0 Exception <a 'java/io/FileNotFoundException'{0x000000008be68aa8}> (0x000000008be68aa8) 
thrown [s\open\src\hotspot\share\prims\jni.cpp, line 520]
Event: 3.946 Thread 0x00000219c5e768a0 Exception <a 'java/io/FileNotFoundException'{0x000000008be6a1f0}> (0x000000008be6a1f0) 
thrown [s\open\src\hotspot\share\prims\jni.cpp, line 520]
Event: 4.000 Thread 0x00000219c5e768a0 Exception <a 'java/lang/NoSuchMethodError'{0x000000008bd4e838}: 'java.lang.Object java.lang.invoke.DirectMethodHandle$Holder.newInvokeSpecial(java.lang.Object, java.lang.Object, int)'> (0x000000008bd4e838) 
thrown [s\open\src\hotspot\share\interpreter\linkResolver.cpp, line 774]
Event: 4.032 Thread 0x00000219c581bf60 Exception <a 'java/lang/NoSuchMethodError'{0x000000008bca1228}: 'int java.lang.invoke.DirectMethodHandle$Holder.invokeStaticInit(java.lang.Object, java.lang.Object)'> (0x000000008bca1228) 
thrown [s\open\src\hotspot\share\interpreter\linkResolver.cpp, line 774]
Event: 4.084 Thread 0x00000219c581bf60 Exception <a 'java/lang/NullPointerException'{0x000000008bb72b78}> (0x000000008bb72b78) 
thrown [s\open\src\hotspot\share\interpreter\linkResolver.cpp, line 1458]
Event: 5.548 Thread 0x00000219c581bf60 Exception <a 'java/lang/NullPointerException'{0x000000008bbcbc68}> (0x000000008bbcbc68) 
thrown [s\open\src\hotspot\share\interpreter\linkResolver.cpp, line 1458]
Event: 5.551 Thread 0x00000219c581bf60 Exception <a 'java/lang/NullPointerException'{0x000000008bbd1960}> (0x000000008bbd1960) 
thrown [s\open\src\hotspot\share\interpreter\linkResolver.cpp, line 1458]
Event: 17.103 Thread 0x00000219c5e768a0 Exception <a 'java/lang/NoSuchMethodError'{0x000000008b7e9738}: 'long java.lang.invoke.DirectMethodHandle$Holder.invokeStatic(java.lang.Object, java.lang.Object, java.lang.Object)'> (0x000000008b7e9738) 
thrown [s\open\src\hotspot\share\interpreter\linkResolver.cpp, line 774]
Event: 17.104 Thread 0x00000219c5e768a0 Exception <a 'java/lang/NoSuchMethodError'{0x000000008b7ecb38}: 'long java.lang.invoke.DirectMethodHandle$Holder.invokeStaticInit(java.lang.Object, java.lang.Object, java.lang.Object)'> (0x000000008b7ecb38) 
thrown [s\open\src\hotspot\share\interpreter\linkResolver.cpp, line 774]
Event: 17.111 Thread 0x00000219c5e768a0 Exception <a 'java/lang/NoSuchMethodError'{0x000000008b601c50}: 'java.lang.Object java.lang.invoke.DirectMethodHandle$Holder.newInvokeSpecial(java.lang.Object, java.lang.Object, long)'> (0x000000008b601c50) 
thrown [s\open\src\hotspot\share\interpreter\linkResolver.cpp, line 774]
Event: 17.111 Thread 0x00000219c5e768a0 Exception <a 'java/lang/NoSuchMethodError'{0x000000008b605598}: 'java.lang.Object java.lang.invoke.Invokers$Holder.linkToTargetMethod(java.lang.Object, long, java.lang.Object)'> (0x000000008b605598) 
thrown [s\open\src\hotspot\share\interpreter\linkResolver.cpp, line 774]
Event: 17.450 Thread 0x00000219c5e768a0 Exception <a 'java/lang/ClassNotFoundException'{0x000000008b1bbd70}: com/sun/javafx/scene/control/skin/resources/controls> (0x000000008b1bbd70) 
thrown [s\open\src\hotspot\share\prims\jni.cpp, line 539]
Event: 17.452 Thread 0x00000219c5e768a0 Exception <a 'java/lang/ClassNotFoundException'{0x000000008b1c9bf0}: com/sun/javafx/scene/control/skin/resources/controls_id> (0x000000008b1c9bf0) 
thrown [s\open\src\hotspot\share\prims\jni.cpp, line 539]
Event: 17.452 Thread 0x00000219c5e768a0 Exception <a 'java/lang/ClassNotFoundException'{0x000000008b1cb148}: com/sun/javafx/scene/control/skin/resources/controls_id_ID> (0x000000008b1cb148) 
thrown [s\open\src\hotspot\share\prims\jni.cpp, line 539]
Event: 17.529 Thread 0x00000219c5e768a0 Exception <a 'java/lang/NoSuchMethodError'{0x000000008afe04e8}: 'void java.lang.invoke.DirectMethodHandle$Holder.invokeSpecial(java.lang.Object, java.lang.Object, java.lang.Object, java.lang.Object, java.lang.Object, java.lang.Object)'> (0x000000008afe04e8) 
thrown [s\open\src\hotspot\share\interpreter\linkResolver.cpp, line 774]

ZGC Phase Switch (0 events):
No events

VM Operations (20 events):
Event: 3.208 Executing VM operation: Cleanup
Event: 3.208 Executing VM operation: Cleanup done
Event: 3.548 Executing VM operation: G1CollectForAllocation (G1 Evacuation Pause)
Event: 3.565 Executing VM operation: G1CollectForAllocation (G1 Evacuation Pause) done
Event: 3.986 Executing VM operation: HandshakeAllThreads (Deoptimize)
Event: 3.986 Executing VM operation: HandshakeAllThreads (Deoptimize) done
Event: 4.985 Executing VM operation: Cleanup
Event: 4.986 Executing VM operation: Cleanup done
Event: 6.986 Executing VM operation: Cleanup
Event: 6.986 Executing VM operation: Cleanup done
Event: 9.988 Executing VM operation: Cleanup
Event: 9.988 Executing VM operation: Cleanup done
Event: 16.000 Executing VM operation: Cleanup
Event: 16.000 Executing VM operation: Cleanup done
Event: 17.007 Executing VM operation: Cleanup
Event: 17.007 Executing VM operation: Cleanup done
Event: 17.525 Executing VM operation: HandshakeAllThreads (Deoptimize)
Event: 17.525 Executing VM operation: HandshakeAllThreads (Deoptimize) done
Event: 17.675 Executing VM operation: ICBufferFull
Event: 17.675 Executing VM operation: ICBufferFull done

Events (20 events):
Event: 0.070 Thread 0x00000219f0bd1bf0 Thread added: 0x00000219f0bd1bf0
Event: 0.071 Thread 0x00000219f0c01670 Thread added: 0x00000219f0c01670
Event: 0.122 Thread 0x00000219f0b95570 Thread added: 0x00000219f0b95570
Event: 0.201 Thread 0x00000219c52ed840 Thread added: 0x00000219c52ed840
Event: 0.386 Thread 0x00000219c5410330 Thread added: 0x00000219c5410330
Event: 0.386 Thread 0x00000219c54109c0 Thread added: 0x00000219c54109c0
Event: 0.386 Thread 0x00000219c5465a60 Thread added: 0x00000219c5465a60
Event: 0.477 Thread 0x00000219c53c0a90 Thread added: 0x00000219c53c0a90
Event: 1.006 Thread 0x00000219c52ed840 Thread exited: 0x00000219c52ed840
Event: 1.126 Thread 0x00000219c581bf60 Thread added: 0x00000219c581bf60
Event: 1.391 Thread 0x00000219c5f815a0 Thread added: 0x00000219c5f815a0
Event: 1.399 Thread 0x00000219c5e768a0 Thread added: 0x00000219c5e768a0
Event: 1.908 Thread 0x00000219c65d1820 Thread added: 0x00000219c65d1820
Event: 1.940 Thread 0x00000219c6661470 Thread added: 0x00000219c6661470
Event: 2.048 Thread 0x00000219c65b9b60 Thread added: 0x00000219c65b9b60
Event: 2.326 Thread 0x00000219c65b9b60 Thread exited: 0x00000219c65b9b60
Event: 2.385 Thread 0x00000219c6774200 Thread added: 0x00000219c6774200
Event: 3.300 Thread 0x00000219c696d030 Thread added: 0x00000219c696d030
Event: 4.563 Thread 0x00000219c6774200 Thread exited: 0x00000219c6774200
Event: 9.720 Thread 0x00000219c6c436f0 Thread added: 0x00000219c6c436f0


Dynamic libraries:
0x00007ff7ab3c0000 - 0x00007ff7ab3ce000 	C:\Users\match\.jdks\openjdk-22.0.1\bin\java.exe
0x00007ffc71290000 - 0x00007ffc714a7000 	C:\WINDOWS\SYSTEM32\ntdll.dll
0x00007ffc701a0000 - 0x00007ffc70264000 	C:\WINDOWS\System32\KERNEL32.DLL
0x00007ffc6e700000 - 0x00007ffc6eaad000 	C:\WINDOWS\System32\KERNELBASE.dll
0x00007ffc6ed90000 - 0x00007ffc6eea1000 	C:\WINDOWS\System32\ucrtbase.dll
0x00007ffc5e8e0000 - 0x00007ffc5e8f7000 	C:\Users\match\.jdks\openjdk-22.0.1\bin\jli.dll
0x00007ffc581b0000 - 0x00007ffc581cb000 	C:\Users\match\.jdks\openjdk-22.0.1\bin\VCRUNTIME140.dll
0x00007ffc70910000 - 0x00007ffc70abe000 	C:\WINDOWS\System32\USER32.dll
0x00007ffc6ed60000 - 0x00007ffc6ed86000 	C:\WINDOWS\System32\win32u.dll
0x00007ffc5d8e0000 - 0x00007ffc5db73000 	C:\WINDOWS\WinSxS\amd64_microsoft.windows.common-controls_6595b64144ccf1df_6.0.22621.3672_none_2713b9d173822955\COMCTL32.dll
0x00007ffc70160000 - 0x00007ffc70189000 	C:\WINDOWS\System32\GDI32.dll
0x00007ffc6eeb0000 - 0x00007ffc6efc9000 	C:\WINDOWS\System32\gdi32full.dll
0x00007ffc70ac0000 - 0x00007ffc70b67000 	C:\WINDOWS\System32\msvcrt.dll
0x00007ffc6e5c0000 - 0x00007ffc6e65a000 	C:\WINDOWS\System32\msvcp_win.dll
0x00007ffc70120000 - 0x00007ffc70151000 	C:\WINDOWS\System32\IMM32.DLL
0x00007ffc5e720000 - 0x00007ffc5e72c000 	C:\Users\match\.jdks\openjdk-22.0.1\bin\vcruntime140_1.dll
0x00007ffc4d2a0000 - 0x00007ffc4d32e000 	C:\Users\match\.jdks\openjdk-22.0.1\bin\msvcp140.dll
0x00007ffc05430000 - 0x00007ffc06177000 	C:\Users\match\.jdks\openjdk-22.0.1\bin\server\jvm.dll
0x00007ffc6efd0000 - 0x00007ffc6f082000 	C:\WINDOWS\System32\ADVAPI32.dll
0x00007ffc6fbb0000 - 0x00007ffc6fc59000 	C:\WINDOWS\System32\sechost.dll
0x00007ffc6e660000 - 0x00007ffc6e688000 	C:\WINDOWS\System32\bcrypt.dll
0x00007ffc70bb0000 - 0x00007ffc70cc4000 	C:\WINDOWS\System32\RPCRT4.dll
0x00007ffc6fb30000 - 0x00007ffc6fba1000 	C:\WINDOWS\System32\WS2_32.dll
0x00007ffc6d450000 - 0x00007ffc6d49d000 	C:\WINDOWS\SYSTEM32\POWRPROF.dll
0x00007ffc66410000 - 0x00007ffc66444000 	C:\WINDOWS\SYSTEM32\WINMM.dll
0x00007ffc66400000 - 0x00007ffc6640a000 	C:\WINDOWS\SYSTEM32\VERSION.dll
0x00007ffc6d430000 - 0x00007ffc6d443000 	C:\WINDOWS\SYSTEM32\UMPDC.dll
0x00007ffc6d680000 - 0x00007ffc6d698000 	C:\WINDOWS\SYSTEM32\kernel.appcore.dll
0x00007ffc5e510000 - 0x00007ffc5e51a000 	C:\Users\match\.jdks\openjdk-22.0.1\bin\jimage.dll
0x00007ffc6bf00000 - 0x00007ffc6c132000 	C:\WINDOWS\SYSTEM32\DBGHELP.DLL
0x00007ffc70270000 - 0x00007ffc705f8000 	C:\WINDOWS\System32\combase.dll
0x00007ffc6fa50000 - 0x00007ffc6fb27000 	C:\WINDOWS\System32\OLEAUT32.dll
0x00007ffc5c450000 - 0x00007ffc5c482000 	C:\WINDOWS\SYSTEM32\dbgcore.DLL
0x00007ffc6ece0000 - 0x00007ffc6ed5b000 	C:\WINDOWS\System32\bcryptPrimitives.dll
0x00007ffc27770000 - 0x00007ffc277ac000 	C:\Users\match\.jdks\openjdk-22.0.1\bin\jdwp.dll
0x00007ffc5cfa0000 - 0x00007ffc5cfaf000 	C:\Users\match\.jdks\openjdk-22.0.1\bin\instrument.dll
0x00007ffc58190000 - 0x00007ffc581ae000 	C:\Users\match\.jdks\openjdk-22.0.1\bin\java.dll
0x00007ffc6f090000 - 0x00007ffc6f8ef000 	C:\WINDOWS\System32\SHELL32.dll
0x00007ffc6fec0000 - 0x00007ffc70065000 	C:\WINDOWS\System32\ole32.dll
0x00007ffc57e30000 - 0x00007ffc57e47000 	C:\Users\match\.jdks\openjdk-22.0.1\bin\zip.dll
0x00007ffc6c510000 - 0x00007ffc6ce0c000 	C:\WINDOWS\SYSTEM32\windows.storage.dll
0x00007ffc6c3d0000 - 0x00007ffc6c50f000 	C:\WINDOWS\SYSTEM32\wintypes.dll
0x00007ffc70cd0000 - 0x00007ffc70dc4000 	C:\WINDOWS\System32\SHCORE.dll
0x00007ffc6fe50000 - 0x00007ffc6feae000 	C:\WINDOWS\System32\shlwapi.dll
0x00007ffc6e4f0000 - 0x00007ffc6e511000 	C:\WINDOWS\SYSTEM32\profapi.dll
0x00007ffc23380000 - 0x00007ffc23457000 	C:\Users\match\.jdks\openjdk-22.0.1\bin\jsvml.dll
0x00007ffc5e4a0000 - 0x00007ffc5e4b0000 	C:\Users\match\.jdks\openjdk-22.0.1\bin\net.dll
0x00007ffc6db50000 - 0x00007ffc6dbb9000 	C:\WINDOWS\system32\mswsock.dll
0x00007ffc57e50000 - 0x00007ffc57e66000 	C:\Users\match\.jdks\openjdk-22.0.1\bin\nio.dll
0x00007ffc5cf90000 - 0x00007ffc5cf9c000 	C:\Users\match\.jdks\openjdk-22.0.1\bin\dt_socket.dll
0x00007ffc6d0e0000 - 0x00007ffc6d10d000 	C:\WINDOWS\SYSTEM32\IPHLPAPI.DLL
0x00000219c6ce0000 - 0x00000219c6ce3000 	C:\Users\match\.openjfx\cache\13\api-ms-win-core-console-l1-1-0.dll
0x00000219c6cf0000 - 0x00000219c6cf3000 	C:\Users\match\.openjfx\cache\13\api-ms-win-core-datetime-l1-1-0.dll
0x00000219c6d00000 - 0x00000219c6d03000 	C:\Users\match\.openjfx\cache\13\api-ms-win-core-debug-l1-1-0.dll
0x00000219c6d10000 - 0x00000219c6d13000 	C:\Users\match\.openjfx\cache\13\api-ms-win-core-errorhandling-l1-1-0.dll
0x00000219c6d20000 - 0x00000219c6d24000 	C:\Users\match\.openjfx\cache\13\api-ms-win-core-file-l1-1-0.dll
0x00000219c6d30000 - 0x00000219c6d33000 	C:\Users\match\.openjfx\cache\13\api-ms-win-core-file-l1-2-0.dll
0x00000219c6d40000 - 0x00000219c6d43000 	C:\Users\match\.openjfx\cache\13\api-ms-win-core-file-l2-1-0.dll
0x00000219c6d50000 - 0x00000219c6d53000 	C:\Users\match\.openjfx\cache\13\api-ms-win-core-handle-l1-1-0.dll
0x00000219c6d60000 - 0x00000219c6d63000 	C:\Users\match\.openjfx\cache\13\api-ms-win-core-heap-l1-1-0.dll
0x00000219c6d70000 - 0x00000219c6d73000 	C:\Users\match\.openjfx\cache\13\api-ms-win-core-interlocked-l1-1-0.dll
0x00000219c6d80000 - 0x00000219c6d83000 	C:\Users\match\.openjfx\cache\13\api-ms-win-core-libraryloader-l1-1-0.dll
0x00000219c6d90000 - 0x00000219c6d93000 	C:\Users\match\.openjfx\cache\13\api-ms-win-core-localization-l1-2-0.dll
0x00000219c6da0000 - 0x00000219c6da3000 	C:\Users\match\.openjfx\cache\13\api-ms-win-core-memory-l1-1-0.dll
0x00000219c6db0000 - 0x00000219c6db3000 	C:\Users\match\.openjfx\cache\13\api-ms-win-core-namedpipe-l1-1-0.dll
0x00000219c6dc0000 - 0x00000219c6dc3000 	C:\Users\match\.openjfx\cache\13\api-ms-win-core-processenvironment-l1-1-0.dll
0x00000219c6dd0000 - 0x00000219c6dd3000 	C:\Users\match\.openjfx\cache\13\api-ms-win-core-processthreads-l1-1-0.dll
0x00000219c6de0000 - 0x00000219c6de3000 	C:\Users\match\.openjfx\cache\13\api-ms-win-core-processthreads-l1-1-1.dll
0x00000219c6df0000 - 0x00000219c6df3000 	C:\Users\match\.openjfx\cache\13\api-ms-win-core-profile-l1-1-0.dll
0x00000219c6e00000 - 0x00000219c6e03000 	C:\Users\match\.openjfx\cache\13\api-ms-win-core-rtlsupport-l1-1-0.dll
0x00000219c6e10000 - 0x00000219c6e13000 	C:\Users\match\.openjfx\cache\13\api-ms-win-core-string-l1-1-0.dll
0x00000219c6e20000 - 0x00000219c6e23000 	C:\Users\match\.openjfx\cache\13\api-ms-win-core-synch-l1-1-0.dll
0x00000219c6e30000 - 0x00000219c6e33000 	C:\Users\match\.openjfx\cache\13\api-ms-win-core-synch-l1-2-0.dll
0x00000219c6e40000 - 0x00000219c6e43000 	C:\Users\match\.openjfx\cache\13\api-ms-win-core-sysinfo-l1-1-0.dll
0x00000219c6e50000 - 0x00000219c6e53000 	C:\Users\match\.openjfx\cache\13\api-ms-win-core-timezone-l1-1-0.dll
0x00000219c6e60000 - 0x00000219c6e63000 	C:\Users\match\.openjfx\cache\13\api-ms-win-core-util-l1-1-0.dll
0x00000219c6e70000 - 0x00000219c6e73000 	C:\Users\match\.openjfx\cache\13\api-ms-win-crt-conio-l1-1-0.dll
0x00000219c6e80000 - 0x00000219c6e84000 	C:\Users\match\.openjfx\cache\13\api-ms-win-crt-convert-l1-1-0.dll
0x00000219c6e90000 - 0x00000219c6e93000 	C:\Users\match\.openjfx\cache\13\api-ms-win-crt-environment-l1-1-0.dll
0x00000219c6ea0000 - 0x00000219c6ea3000 	C:\Users\match\.openjfx\cache\13\api-ms-win-crt-filesystem-l1-1-0.dll
0x00000219c6eb0000 - 0x00000219c6eb3000 	C:\Users\match\.openjfx\cache\13\api-ms-win-crt-heap-l1-1-0.dll
0x00000219c6ec0000 - 0x00000219c6ec3000 	C:\Users\match\.openjfx\cache\13\api-ms-win-crt-locale-l1-1-0.dll
0x00000219c6ed0000 - 0x00000219c6ed5000 	C:\Users\match\.openjfx\cache\13\api-ms-win-crt-math-l1-1-0.dll
0x00000219c6ee0000 - 0x00000219c6ee5000 	C:\Users\match\.openjfx\cache\13\api-ms-win-crt-multibyte-l1-1-0.dll
0x00000219c6ef0000 - 0x00000219c6f00000 	C:\Users\match\.openjfx\cache\13\api-ms-win-crt-private-l1-1-0.dll
0x00000219c6f00000 - 0x00000219c6f03000 	C:\Users\match\.openjfx\cache\13\api-ms-win-crt-process-l1-1-0.dll
0x00000219c6f10000 - 0x00000219c6f14000 	C:\Users\match\.openjfx\cache\13\api-ms-win-crt-runtime-l1-1-0.dll
0x00000219c6f20000 - 0x00000219c6f24000 	C:\Users\match\.openjfx\cache\13\api-ms-win-crt-stdio-l1-1-0.dll
0x00000219c6f30000 - 0x00000219c6f34000 	C:\Users\match\.openjfx\cache\13\api-ms-win-crt-string-l1-1-0.dll
0x00000219c6f40000 - 0x00000219c6f43000 	C:\Users\match\.openjfx\cache\13\api-ms-win-crt-time-l1-1-0.dll
0x00000219c6f50000 - 0x00000219c6f53000 	C:\Users\match\.openjfx\cache\13\api-ms-win-crt-utility-l1-1-0.dll
0x00007ffc0a410000 - 0x00007ffc0a50c000 	C:\Users\match\.openjfx\cache\13\ucrtbase.dll
0x00007ffc56ea0000 - 0x00007ffc56eb5000 	C:\Users\match\.openjfx\cache\13\vcruntime140.dll
0x00007ffc08590000 - 0x00007ffc0862b000 	C:\Users\match\.openjfx\cache\13\msvcp140.dll
0x00007ffc17550000 - 0x00007ffc175a1000 	C:\Users\match\.openjfx\cache\13\concrt140.dll
0x00007ffc35380000 - 0x00007ffc353a3000 	C:\Users\match\.openjfx\cache\13\prism_d3d.dll
0x00007ffc5d2b0000 - 0x00007ffc5d458000 	C:\WINDOWS\system32\d3d9.dll
0x00007ffc6b870000 - 0x00007ffc6b89b000 	C:\WINDOWS\SYSTEM32\dwmapi.dll
0x00007ffc6b620000 - 0x00007ffc6b659000 	C:\WINDOWS\SYSTEM32\dxcore.dll
0x00007ffc6b520000 - 0x00007ffc6b5cf000 	C:\WINDOWS\system32\uxtheme.dll
0x00007ffc63190000 - 0x00007ffc631d9000 	C:\WINDOWS\SYSTEM32\directxdatabasehelper.dll
0x00007ffc6de10000 - 0x00007ffc6de22000 	C:\WINDOWS\SYSTEM32\msasn1.dll
0x00007ffc638b0000 - 0x00007ffc638e2000 	C:\WINDOWS\SYSTEM32\cryptnet.dll
0x00007ffc6eb70000 - 0x00007ffc6ecd7000 	C:\WINDOWS\System32\CRYPT32.dll
0x00007ffc6ddd0000 - 0x00007ffc6dddc000 	C:\WINDOWS\SYSTEM32\cryptbase.dll
0x00007ffc6e690000 - 0x00007ffc6e6fb000 	C:\WINDOWS\System32\WINTRUST.DLL
0x00007ffc70b80000 - 0x00007ffc70b9f000 	C:\WINDOWS\System32\imagehlp.dll
0x00007ffc6ddb0000 - 0x00007ffc6ddcb000 	C:\WINDOWS\SYSTEM32\CRYPTSP.dll
0x00007ffc6d640000 - 0x00007ffc6d675000 	C:\WINDOWS\system32\rsaenh.dll
0x00007ffc11310000 - 0x00007ffc11355000 	C:\Users\match\.openjfx\cache\13\glass.dll
0x00007ffc6f8f0000 - 0x00007ffc6f9e8000 	C:\WINDOWS\System32\COMDLG32.dll
0x00007ffc6fcf0000 - 0x00007ffc6fe43000 	C:\WINDOWS\System32\MSCTF.dll
0x00007ffc38ae0000 - 0x00007ffc38be7000 	C:\WINDOWS\System32\DriverStore\FileRepository\nvam.inf_amd64_73ddbc5a9852db46\nvldumdx.dll
0x00007ffc5f010000 - 0x00007ffc5f168000 	C:\WINDOWS\SYSTEM32\drvstore.dll
0x00007ffc6e270000 - 0x00007ffc6e29c000 	C:\WINDOWS\SYSTEM32\devobj.dll
0x00007ffc6e2a0000 - 0x00007ffc6e2ee000 	C:\WINDOWS\SYSTEM32\cfgmgr32.dll
0x00007ffc6de80000 - 0x00007ffc6dec9000 	C:\WINDOWS\SYSTEM32\wldp.dll
0x00007ffbda780000 - 0x00007ffbdbf0a000 	C:\WINDOWS\System32\DriverStore\FileRepository\nvam.inf_amd64_73ddbc5a9852db46\nvd3dumx.dll
0x00007ffc6dbe0000 - 0x00007ffc6dc06000 	C:\WINDOWS\SYSTEM32\gpapi.dll
0x00007ffc1c130000 - 0x00007ffc1c294000 	C:\WINDOWS\System32\DriverStore\FileRepository\iigd_dch.inf_amd64_044fd6f0c2ae28a8\igdumdim64.dll
0x00007ffbbdeb0000 - 0x00007ffbc27dc000 	C:\WINDOWS\System32\DriverStore\FileRepository\iigd_dch.inf_amd64_044fd6f0c2ae28a8\igd9dxva64.dll
0x00007ffc70dd0000 - 0x00007ffc71244000 	C:\WINDOWS\System32\SETUPAPI.dll
0x00007ffc5ed20000 - 0x00007ffc5efe4000 	C:\WINDOWS\System32\DriverStore\FileRepository\iigd_dch.inf_amd64_044fd6f0c2ae28a8\igdgmm64.dll
0x00007ffc583c0000 - 0x00007ffc583e7000 	C:\WINDOWS\System32\DriverStore\FileRepository\iigd_dch.inf_amd64_044fd6f0c2ae28a8\igdinfo64.dll
0x00007ffc58aa0000 - 0x00007ffc5b634000 	C:\WINDOWS\System32\DriverStore\FileRepository\iigd_dch.inf_amd64_044fd6f0c2ae28a8\igc64.dll
0x00007ffc56c40000 - 0x00007ffc56c54000 	C:\Users\match\.openjfx\cache\13\javafx_font.dll
0x00007ffc64170000 - 0x00007ffc643e3000 	C:\WINDOWS\SYSTEM32\dwrite.dll
0x00007ffc6dc50000 - 0x00007ffc6dc78000 	C:\WINDOWS\SYSTEM32\USERENV.dll

dbghelp: loaded successfully - version: 4.0.5 - missing functions: none
symbol engine: initialized successfully - sym options: 0x614 - pdb path: .;C:\Users\match\.jdks\openjdk-22.0.1\bin;C:\WINDOWS\SYSTEM32;C:\WINDOWS\WinSxS\amd64_microsoft.windows.common-controls_6595b64144ccf1df_6.0.22621.3672_none_2713b9d173822955;C:\Users\match\.jdks\openjdk-22.0.1\bin\server;C:\Users\match\.openjfx\cache\13;C:\WINDOWS\System32\DriverStore\FileRepository\nvam.inf_amd64_73ddbc5a9852db46;C:\WINDOWS\System32\DriverStore\FileRepository\iigd_dch.inf_amd64_044fd6f0c2ae28a8;C:\Program Files\Common Files\Microsoft Shared\Ink

VM Arguments:
jvm_args: -agentlib:jdwp=transport=dt_socket,address=127.0.0.1:62443,suspend=y,server=n -javaagent:C:\Users\match\AppData\Local\JetBrains\IntelliJIdea2024.1\captureAgent\debugger-agent.jar -Dfile.encoding=UTF-8 -Dsun.stdout.encoding=UTF-8 -Dsun.stderr.encoding=UTF-8 --module-path=C:\Users\match\.m2\repository\org\openjfx\javafx-graphics\13\javafx-graphics-13-win.jar;C:\Users\match\.m2\repository\org\openjfx\javafx-base\13\javafx-base-13-win.jar;C:\Users\match\OneDrive\Desktop\MovieTicketBookingManagement\target\classes;C:\Users\match\.m2\repository\org\openjfx\javafx-controls\13\javafx-controls-13-win.jar;C:\Users\match\.m2\repository\org\openjfx\javafx-fxml\13\javafx-fxml-13-win.jar -Djdk.module.main=com.mycompany.movieticketbookingmanagement 
java_command: com.mycompany.movieticketbookingmanagement/com.mycompany.movieticketbookingmanagement.App
java_class_path (initial): C:\Users\match\.m2\repository\de\jensd\fontawesomefx-fontawesome\4.7.0-9.1.2\fontawesomefx-fontawesome-4.7.0-9.1.2.jar;C:\Users\match\.m2\repository\de\jensd\fontawesomefx-commons\9.1.2\fontawesomefx-commons-9.1.2.jar;C:\Users\match\.m2\repository\org\openjfx\javafx-controls\13\javafx-controls-13.jar;C:\Users\match\.m2\repository\org\openjfx\javafx-graphics\13\javafx-graphics-13.jar;C:\Users\match\.m2\repository\org\openjfx\javafx-base\13\javafx-base-13.jar;C:\Users\match\.m2\repository\org\openjfx\javafx-fxml\13\javafx-fxml-13.jar;C:\Users\match\.m2\repository\mysql\mysql-connector-java\8.0.30\mysql-connector-java-8.0.30.jar;C:\Users\match\.m2\repository\com\google\protobuf\protobuf-java\3.19.4\protobuf-java-3.19.4.jar;C:\Program Files\JetBrains\IntelliJ IDEA 2024.1.2\lib\idea_rt.jar
Launcher Type: SUN_STANDARD

[Global flags]
     intx CICompilerCount                          = 4                                         {product} {ergonomic}
     uint ConcGCThreads                            = 2                                         {product} {ergonomic}
     uint G1ConcRefinementThreads                  = 8                                         {product} {ergonomic}
   size_t G1HeapRegionSize                         = 1048576                                   {product} {ergonomic}
   size_t InitialHeapSize                          = 130023424                                 {product} {ergonomic}
   size_t MarkStackSize                            = 4194304                                   {product} {ergonomic}
   size_t MaxHeapSize                              = 2067791872                                {product} {ergonomic}
   size_t MaxNewSize                               = 1240465408                                {product} {ergonomic}
   size_t MinHeapDeltaBytes                        = 1048576                                   {product} {ergonomic}
   size_t MinHeapSize                              = 8388608                                   {product} {ergonomic}
    uintx NonNMethodCodeHeapSize                   = 5839372                                {pd product} {ergonomic}
    uintx NonProfiledCodeHeapSize                  = 122909434                              {pd product} {ergonomic}
    uintx ProfiledCodeHeapSize                     = 122909434                              {pd product} {ergonomic}
    uintx ReservedCodeCacheSize                    = 251658240                              {pd product} {ergonomic}
     bool SegmentedCodeCache                       = true                                      {product} {ergonomic}
   size_t SoftMaxHeapSize                          = 2067791872                             {manageable} {ergonomic}
     bool UseCompressedOops                        = true                           {product lp64_product} {ergonomic}
     bool UseG1GC                                  = true                                      {product} {ergonomic}
     bool UseLargePagesIndividualAllocation        = false                                  {pd product} {ergonomic}

Logging:
Log output configuration:
 #0: stdout all=warning uptime,level,tags foldmultilines=false
 #1: stderr all=off uptime,level,tags foldmultilines=false

Environment Variables:
JAVA_HOME=C:\Program Files\Java\jdk-22
PATH=C:\Program Files\Common Files\Oracle\Java\javapath;c:\Users\match\AppData\Local\Programs\cursor\resources\app\bin;C:\Program Files (x86)\Falcon\MinGW\bin;C:\Windows\system32;C:\Windows;C:\Windows\System32\Wbem;C:\Windows\System32\WindowsPowerShell\v1.0\;C:\Windows\System32\OpenSSH\;C:\WINDOWS\system32;C:\WINDOWS;C:\WINDOWS\System32\Wbem;C:\WINDOWS\System32\WindowsPowerShell\v1.0\;C:\WINDOWS\System32\OpenSSH\;C:\MinGW\bin;C:\Users\match\AppData\Local\Microsoft\WindowsApps;C:\Program Files (x86)\Nmap;C:\adb;C:\Users\match\AppData\Local\Programs\Python\Python37\;C:\Users\match\AppData\Local\Programs\Python\Python37\Scripts\;C:\Users\match\AppData\Local\Programs\Python\Python37\;C:\Users\match\AppData\Local\Microsoft\WindowsApps;C:\MinGW\bin;C:\Program;c:\Users\match\AppData\Local\Programs\cursor\resources\app\bin;C:\Program Files\Git\cmd;C:\Program Files\Maven\apache-maven-3.9.7\bin;C:\Program Files\Java\jdk-22\bin;C:\Program Files\Java\javafx-sdk-22.0.1\bin;C:\Users\match\AppData\Local\Programs\Python\Python37\Scripts\;C:\Users\match\AppData\Local\Programs\Python\Python37\;C:\Users\match\AppData\Local\Microsoft\WindowsApps;C:\MinGW\bin;C:\Program Files (x86)\Nmap;C:\Users\match\AppData\Local\spicetify;;C:\Program Files\JetBrains\IntelliJ IDEA 2024.1.2\bin;
USERNAME=match
OS=Windows_NT
PROCESSOR_IDENTIFIER=Intel64 Family 6 Model 140 Stepping 1, GenuineIntel
TMP=C:\Users\match\AppData\Local\Temp
TEMP=C:\Users\match\AppData\Local\Temp




Periodic native trim disabled

---------------  S Y S T E M  ---------------

OS:
 Windows 11 , 64 bit Build 22621 (10.0.22621.3672)
OS uptime: 1 days 18:46 hours

CPU: total 8 (initial active 8) (4 cores per cpu, 2 threads per core) family 6 model 140 stepping 1 microcode 0x86, cx8, cmov, fxsr, ht, mmx, 3dnowpref, sse, sse2, sse3, ssse3, sse4.1, sse4.2, popcnt, lzcnt, tsc, tscinvbit, avx, avx2, aes, erms, clmul, bmi1, bmi2, adx, avx512f, avx512dq, avx512cd, avx512bw, avx512vl, sha, fma, vzeroupper, avx512_vpopcntdq, avx512_vpclmulqdq, avx512_vaes, avx512_vnni, clflush, clflushopt, clwb, avx512_vbmi2, avx512_vbmi, rdtscp, rdpid, fsrm, gfni, avx512_bitalg, f16c, pku, cet_ibt, cet_ss, avx512_ifma
Processor Information for all 8 processors :
  Max Mhz: 2419, Current Mhz: 2419, Mhz Limit: 2419

Memory: 4k page, system-wide physical 7884M (391M free)
TotalPageFile size 16076M (AvailPageFile size 217M)
current process WorkingSet (physical memory assigned to process): 179M, peak: 179M
current process commit charge ("private bytes"): 312M, peak: 315M

vm_info: OpenJDK 64-Bit Server VM (22.0.1+8-16) for windows-amd64 JRE (22.0.1+8-16), built on 2024-03-12T10:33:16Z by "mach5one" with MS VC++ 17.6 (VS2022)

END.
