#
# There is insufficient memory for the Java Runtime Environment to continue.
# Native memory allocation (malloc) failed to allocate 1878896 bytes. Error detail: Chunk::new
# Possible reasons:
#   The system is out of physical RAM or swap space
#   This process is running with CompressedOops enabled, and the Java Heap may be blocking the growth of the native heap
# Possible solutions:
#   Reduce memory load on the system
#   Increase physical memory or swap space
#   Check if swap backing store is full
#   Decrease Java heap size (-Xmx/-Xms)
#   Decrease number of Java threads
#   Decrease Java thread stack sizes (-Xss)
#   Set larger code cache with -XX:ReservedCodeCacheSize=
#   JVM is running with Unscaled Compressed Oops mode in which the Java heap is
#     placed in the first 4GB address space. The Java Heap base address is the
#     maximum limit for the native heap growth. Please use -XX:HeapBaseMinAddress
#     to set the Java Heap base and to place the Java Heap above 4GB virtual address.
# This output file may be truncated or incomplete.
#
#  Out of Memory Error (arena.cpp:150), pid=17612, tid=12060
#
# JRE version: OpenJDK Runtime Environment (22.0.1+8) (build 22.0.1+8-16)
# Java VM: OpenJDK 64-Bit Server VM (22.0.1+8-16, mixed mode, sharing, tiered, compressed oops, compressed class ptrs, g1 gc, windows-amd64)
# No core dump will be written. Minidumps are not enabled by default on client versions of Windows
#

---------------  S U M M A R Y ------------

Command Line: -javaagent:C:\Program Files\JetBrains\IntelliJ IDEA 2024.1.2\lib\idea_rt.jar=55128:C:\Program Files\JetBrains\IntelliJ IDEA 2024.1.2\bin -Dfile.encoding=UTF-8 -Dsun.stdout.encoding=UTF-8 -Dsun.stderr.encoding=UTF-8 --module-path=C:\Users\match\.m2\repository\org\openjfx\javafx-graphics\21\javafx-graphics-21-win.jar;C:\Users\match\.m2\repository\org\openjfx\javafx-controls\21\javafx-controls-21-win.jar;C:\Users\match\OneDrive\Desktop\MovieTicketBookingManagement\target\classes;C:\Users\match\.m2\repository\org\openjfx\javafx-fxml\21\javafx-fxml-21-win.jar;C:\Users\match\.m2\repository\org\openjfx\javafx-base\21\javafx-base-21-win.jar -Djdk.module.main=com.mycompany.movieticketbookingmanagement com.mycompany.movieticketbookingmanagement/com.mycompany.movieticketbookingmanagement.App

Host: 11th Gen Intel(R) Core(TM) i5-1135G7 @ 2.40GHz, 8 cores, 7G,  Windows 11 , 64 bit Build 22621 (10.0.22621.3672)
Time: Sun Jun 30 17:34:21 2024 SE Asia Standard Time elapsed time: 4.538222 seconds (0d 0h 0m 4s)

---------------  T H R E A D  ---------------

Current thread (0x0000023529ebd280):  JavaThread "C2 CompilerThread0" daemon [_thread_in_native, id=12060, stack(0x000000506ef00000,0x000000506f000000) (1024K)]


Current CompileTask:
C2:4538 2250       4       java.lang.invoke.MethodType::makeImpl (109 bytes)

Stack: [0x000000506ef00000,0x000000506f000000]
Native frames: (J=compiled Java code, j=interpreted, Vv=VM code, C=native code)
V  [jvm.dll+0x6e2279]  (no source info available)
V  [jvm.dll+0x874e33]  (no source info available)
V  [jvm.dll+0x87725e]  (no source info available)
V  [jvm.dll+0x877933]  (no source info available)
V  [jvm.dll+0x27fd76]  (no source info available)
V  [jvm.dll+0xc3d0f]  (no source info available)
V  [jvm.dll+0xc3f6b]  (no source info available)
V  [jvm.dll+0x3bb0d2]  (no source info available)
V  [jvm.dll+0x387b6b]  (no source info available)
V  [jvm.dll+0x386fda]  (no source info available)
V  [jvm.dll+0x247918]  (no source info available)
V  [jvm.dll+0x246fbf]  (no source info available)
V  [jvm.dll+0x1c4e90]  (no source info available)
V  [jvm.dll+0x2569fe]  (no source info available)
V  [jvm.dll+0x254cba]  (no source info available)
V  [jvm.dll+0x3f5336]  (no source info available)
V  [jvm.dll+0x81d44b]  (no source info available)
V  [jvm.dll+0x6e0915]  (no source info available)
C  [ucrtbase.dll+0x29333]  (no source info available)
C  [KERNEL32.DLL+0x1257d]  (no source info available)
C  [ntdll.dll+0x5af28]  (no source info available)


---------------  P R O C E S S  ---------------

Threads class SMR info:
_java_thread_list=0x0000023570dda1c0, length=19, elements={
0x000002350b5b7f60, 0x0000023529e9ee40, 0x0000023529ea1f10, 0x0000023529ea6730,
0x0000023529ea7280, 0x0000023529ea7f80, 0x0000023529ea8db0, 0x0000023529ebd280,
0x0000023529ebf260, 0x000002356f096a20, 0x000002356fac7370, 0x000002356fb07900,
0x000002356f7a3750, 0x000002356f2aaa70, 0x000002356f2ab0e0, 0x0000023570878330,
0x00000235708805a0, 0x0000023570baf810, 0x0000023570bad740
}

Java Threads: ( => current thread )
  0x000002350b5b7f60 JavaThread "main"                              [_thread_blocked, id=3576, stack(0x000000506e100000,0x000000506e200000) (1024K)]
  0x0000023529e9ee40 JavaThread "Reference Handler"          daemon [_thread_blocked, id=7484, stack(0x000000506e900000,0x000000506ea00000) (1024K)]
  0x0000023529ea1f10 JavaThread "Finalizer"                  daemon [_thread_blocked, id=16304, stack(0x000000506ea00000,0x000000506eb00000) (1024K)]
  0x0000023529ea6730 JavaThread "Signal Dispatcher"          daemon [_thread_blocked, id=10440, stack(0x000000506eb00000,0x000000506ec00000) (1024K)]
  0x0000023529ea7280 JavaThread "Attach Listener"            daemon [_thread_blocked, id=288, stack(0x000000506ec00000,0x000000506ed00000) (1024K)]
  0x0000023529ea7f80 JavaThread "Service Thread"             daemon [_thread_blocked, id=17992, stack(0x000000506ed00000,0x000000506ee00000) (1024K)]
  0x0000023529ea8db0 JavaThread "Monitor Deflation Thread"   daemon [_thread_blocked, id=18144, stack(0x000000506ee00000,0x000000506ef00000) (1024K)]
=>0x0000023529ebd280 JavaThread "C2 CompilerThread0"         daemon [_thread_in_native, id=12060, stack(0x000000506ef00000,0x000000506f000000) (1024K)]
  0x0000023529ebf260 JavaThread "C1 CompilerThread0"         daemon [_thread_blocked, id=16456, stack(0x000000506f000000,0x000000506f100000) (1024K)]
  0x000002356f096a20 JavaThread "Common-Cleaner"             daemon [_thread_blocked, id=9696, stack(0x000000506f100000,0x000000506f200000) (1024K)]
  0x000002356fac7370 JavaThread "Monitor Ctrl-Break"         daemon [_thread_in_native, id=7004, stack(0x000000506f200000,0x000000506f300000) (1024K)]
  0x000002356fb07900 JavaThread "Notification Thread"        daemon [_thread_blocked, id=17152, stack(0x000000506f300000,0x000000506f400000) (1024K)]
  0x000002356f7a3750 JavaThread "QuantumRenderer-0"          daemon [_thread_blocked, id=4140, stack(0x000000506f400000,0x000000506f500000) (1024K)]
  0x000002356f2aaa70 JavaThread "InvokeLaterDispatcher"      daemon [_thread_blocked, id=16172, stack(0x000000506f700000,0x000000506f800000) (1024K)]
  0x000002356f2ab0e0 JavaThread "JavaFX Application Thread"         [_thread_in_native, id=17716, stack(0x000000506f800000,0x000000506f900000) (1024K)]
  0x0000023570878330 JavaThread "Thread-1"                   daemon [_thread_in_native, id=6984, stack(0x000000506fa00000,0x000000506fb00000) (1024K)]
  0x00000235708805a0 JavaThread "JavaFX-Launcher"                   [_thread_blocked, id=16276, stack(0x000000506fb00000,0x000000506fc00000) (1024K)]
  0x0000023570baf810 JavaThread "Prism Font Disposer"        daemon [_thread_blocked, id=9280, stack(0x0000005070100000,0x0000005070200000) (1024K)]
  0x0000023570bad740 JavaThread "Cleaner-0"                  daemon [_thread_blocked, id=1896, stack(0x0000005070700000,0x0000005070800000) (1024K)]
Total: 19

Other Threads:
  0x0000023529e8bb90 VMThread "VM Thread"                           [id=6692, stack(0x000000506e800000,0x000000506e900000) (1024K)]
  0x0000023529e73570 WatcherThread "VM Periodic Task Thread"        [id=10576, stack(0x000000506e700000,0x000000506e800000) (1024K)]
  0x000002350d7d49b0 WorkerThread "GC Thread#0"                     [id=1388, stack(0x000000506e200000,0x000000506e300000) (1024K)]
  0x0000023570881630 WorkerThread "GC Thread#1"                     [id=1900, stack(0x000000506fc00000,0x000000506fd00000) (1024K)]
  0x00000235708819e0 WorkerThread "GC Thread#2"                     [id=5772, stack(0x000000506fd00000,0x000000506fe00000) (1024K)]
  0x0000023570881d90 WorkerThread "GC Thread#3"                     [id=16528, stack(0x000000506fe00000,0x000000506ff00000) (1024K)]
  0x00000235708d6470 WorkerThread "GC Thread#4"                     [id=3652, stack(0x000000506ff00000,0x0000005070000000) (1024K)]
  0x00000235708d6a30 WorkerThread "GC Thread#5"                     [id=16684, stack(0x0000005070000000,0x0000005070100000) (1024K)]
  0x00000235711187f0 WorkerThread "GC Thread#6"                     [id=14692, stack(0x0000005070500000,0x0000005070600000) (1024K)]
  0x000002357100e6c0 WorkerThread "GC Thread#7"                     [id=18096, stack(0x0000005070600000,0x0000005070700000) (1024K)]
  0x000002350d7e51d0 ConcurrentGCThread "G1 Main Marker"            [id=1488, stack(0x000000506e300000,0x000000506e400000) (1024K)]
  0x000002350d7e5ce0 WorkerThread "G1 Conc#0"                       [id=17764, stack(0x000000506e400000,0x000000506e500000) (1024K)]
  0x000002350d83e860 ConcurrentGCThread "G1 Refine#0"               [id=10152, stack(0x000000506e500000,0x000000506e600000) (1024K)]
  0x0000023529d416b0 ConcurrentGCThread "G1 Service"                [id=11756, stack(0x000000506e600000,0x000000506e700000) (1024K)]
Total: 14

Threads with active compile tasks:
C2 CompilerThread0  4625 2250       4       java.lang.invoke.MethodType::makeImpl (109 bytes)
Total: 1

VM state: not at safepoint (normal execution)

VM Mutex/Monitor currently owned by a thread: None

Heap address: 0x0000000084c00000, size: 1972 MB, Compressed Oops mode: 32-bit

CDS archive(s) mapped at: [0x000002352a000000-0x000002352ac50000-0x000002352ac50000), size 12910592, SharedBaseAddress: 0x000002352a000000, ArchiveRelocationMode: 1.
Compressed class space mapped at: 0x000002352b000000-0x000002356b000000, reserved size: 1073741824
Narrow klass base: 0x000002352a000000, Narrow klass shift: 0, Narrow klass range: 0x41000000

GC Precious Log:
 CardTable entry size: 512
 Card Set container configuration: InlinePtr #cards 5 size 8 Array Of Cards #cards 12 size 40 Howl #buckets 4 coarsen threshold 1843 Howl Bitmap #cards 512 size 80 coarsen threshold 460 Card regions per heap region 1 cards per card region 2048
 CPUs: 8 total, 8 available
 Memory: 7884M
 Large Page Support: Disabled
 NUMA Support: Disabled
 Compressed Oops: Enabled (32-bit)
 Heap Region Size: 1M
 Heap Min Capacity: 8M
 Heap Initial Capacity: 124M
 Heap Max Capacity: 1972M
 Pre-touch: Disabled
 Parallel Workers: 8
 Concurrent Workers: 2
 Concurrent Refinement Workers: 8
 Periodic GC: Disabled

Heap:
 garbage-first heap   total reserved 2019328K, committed 126976K, used 36990K [0x0000000084c00000, 0x0000000100000000)
  region size 1024K, 31 young (31744K), 5 survivors (5120K)
 Metaspace       used 17332K, committed 17728K, reserved 1114112K
  class space    used 2610K, committed 2816K, reserved 1048576K

Heap Regions: E=young(eden), S=young(survivor), O=old, HS=humongous(starts), HC=humongous(continues), CS=collection set, F=free, TAMS=top-at-mark-start, PB=parsable bottom
|   0|0x0000000084c00000, 0x0000000084d00000, 0x0000000084d00000|100%| O|  |TAMS 0x0000000084c00000| PB 0x0000000084c00000| Untracked |  0
|   1|0x0000000084d00000, 0x0000000084e00000, 0x0000000084e00000|100%|HS|  |TAMS 0x0000000084d00000| PB 0x0000000084d00000| Complete |  0
|   2|0x0000000084e00000, 0x0000000084f00000, 0x0000000084f00000|100%|HC|  |TAMS 0x0000000084e00000| PB 0x0000000084e00000| Complete |  0
|   3|0x0000000084f00000, 0x0000000085000000, 0x0000000085000000|100%| O|  |TAMS 0x0000000084f00000| PB 0x0000000084f00000| Untracked |  0
|   4|0x0000000085000000, 0x0000000085100000, 0x0000000085100000|100%| O|  |TAMS 0x0000000085000000| PB 0x0000000085000000| Untracked |  0
|   5|0x0000000085100000, 0x00000000851bd0d8, 0x0000000085200000| 73%| O|  |TAMS 0x0000000085100000| PB 0x0000000085100000| Untracked |  0
|   6|0x0000000085200000, 0x0000000085300000, 0x0000000085300000|100%|HS|  |TAMS 0x0000000085200000| PB 0x0000000085200000| Complete |  0
|   7|0x0000000085300000, 0x0000000085400000, 0x0000000085400000|100%|HC|  |TAMS 0x0000000085300000| PB 0x0000000085300000| Complete |  0
|   8|0x0000000085400000, 0x0000000085400000, 0x0000000085500000|  0%| F|  |TAMS 0x0000000085400000| PB 0x0000000085400000| Untracked |  0
|   9|0x0000000085500000, 0x0000000085500000, 0x0000000085600000|  0%| F|  |TAMS 0x0000000085500000| PB 0x0000000085500000| Untracked |  0
|  10|0x0000000085600000, 0x0000000085600000, 0x0000000085700000|  0%| F|  |TAMS 0x0000000085600000| PB 0x0000000085600000| Untracked |  0
|  11|0x0000000085700000, 0x0000000085700000, 0x0000000085800000|  0%| F|  |TAMS 0x0000000085700000| PB 0x0000000085700000| Untracked |  0
|  12|0x0000000085800000, 0x0000000085800000, 0x0000000085900000|  0%| F|  |TAMS 0x0000000085800000| PB 0x0000000085800000| Untracked |  0
|  13|0x0000000085900000, 0x0000000085900000, 0x0000000085a00000|  0%| F|  |TAMS 0x0000000085900000| PB 0x0000000085900000| Untracked |  0
|  14|0x0000000085a00000, 0x0000000085a00000, 0x0000000085b00000|  0%| F|  |TAMS 0x0000000085a00000| PB 0x0000000085a00000| Untracked |  0
|  15|0x0000000085b00000, 0x0000000085b00000, 0x0000000085c00000|  0%| F|  |TAMS 0x0000000085b00000| PB 0x0000000085b00000| Untracked |  0
|  16|0x0000000085c00000, 0x0000000085c00000, 0x0000000085d00000|  0%| F|  |TAMS 0x0000000085c00000| PB 0x0000000085c00000| Untracked |  0
|  17|0x0000000085d00000, 0x0000000085d00000, 0x0000000085e00000|  0%| F|  |TAMS 0x0000000085d00000| PB 0x0000000085d00000| Untracked |  0
|  18|0x0000000085e00000, 0x0000000085e00000, 0x0000000085f00000|  0%| F|  |TAMS 0x0000000085e00000| PB 0x0000000085e00000| Untracked |  0
|  19|0x0000000085f00000, 0x0000000085f00000, 0x0000000086000000|  0%| F|  |TAMS 0x0000000085f00000| PB 0x0000000085f00000| Untracked |  0
|  20|0x0000000086000000, 0x0000000086000000, 0x0000000086100000|  0%| F|  |TAMS 0x0000000086000000| PB 0x0000000086000000| Untracked |  0
|  21|0x0000000086100000, 0x0000000086100000, 0x0000000086200000|  0%| F|  |TAMS 0x0000000086100000| PB 0x0000000086100000| Untracked |  0
|  22|0x0000000086200000, 0x0000000086200000, 0x0000000086300000|  0%| F|  |TAMS 0x0000000086200000| PB 0x0000000086200000| Untracked |  0
|  23|0x0000000086300000, 0x0000000086300000, 0x0000000086400000|  0%| F|  |TAMS 0x0000000086300000| PB 0x0000000086300000| Untracked |  0
|  24|0x0000000086400000, 0x0000000086400000, 0x0000000086500000|  0%| F|  |TAMS 0x0000000086400000| PB 0x0000000086400000| Untracked |  0
|  25|0x0000000086500000, 0x0000000086500000, 0x0000000086600000|  0%| F|  |TAMS 0x0000000086500000| PB 0x0000000086500000| Untracked |  0
|  26|0x0000000086600000, 0x0000000086600000, 0x0000000086700000|  0%| F|  |TAMS 0x0000000086600000| PB 0x0000000086600000| Untracked |  0
|  27|0x0000000086700000, 0x0000000086700000, 0x0000000086800000|  0%| F|  |TAMS 0x0000000086700000| PB 0x0000000086700000| Untracked |  0
|  28|0x0000000086800000, 0x0000000086800000, 0x0000000086900000|  0%| F|  |TAMS 0x0000000086800000| PB 0x0000000086800000| Untracked |  0
|  29|0x0000000086900000, 0x0000000086900000, 0x0000000086a00000|  0%| F|  |TAMS 0x0000000086900000| PB 0x0000000086900000| Untracked |  0
|  30|0x0000000086a00000, 0x0000000086a00000, 0x0000000086b00000|  0%| F|  |TAMS 0x0000000086a00000| PB 0x0000000086a00000| Untracked |  0
|  31|0x0000000086b00000, 0x0000000086b00000, 0x0000000086c00000|  0%| F|  |TAMS 0x0000000086b00000| PB 0x0000000086b00000| Untracked |  0
|  32|0x0000000086c00000, 0x0000000086c00000, 0x0000000086d00000|  0%| F|  |TAMS 0x0000000086c00000| PB 0x0000000086c00000| Untracked |  0
|  33|0x0000000086d00000, 0x0000000086d00000, 0x0000000086e00000|  0%| F|  |TAMS 0x0000000086d00000| PB 0x0000000086d00000| Untracked |  0
|  34|0x0000000086e00000, 0x0000000086e00000, 0x0000000086f00000|  0%| F|  |TAMS 0x0000000086e00000| PB 0x0000000086e00000| Untracked |  0
|  35|0x0000000086f00000, 0x0000000086f00000, 0x0000000087000000|  0%| F|  |TAMS 0x0000000086f00000| PB 0x0000000086f00000| Untracked |  0
|  36|0x0000000087000000, 0x0000000087000000, 0x0000000087100000|  0%| F|  |TAMS 0x0000000087000000| PB 0x0000000087000000| Untracked |  0
|  37|0x0000000087100000, 0x0000000087100000, 0x0000000087200000|  0%| F|  |TAMS 0x0000000087100000| PB 0x0000000087100000| Untracked |  0
|  38|0x0000000087200000, 0x0000000087200000, 0x0000000087300000|  0%| F|  |TAMS 0x0000000087200000| PB 0x0000000087200000| Untracked |  0
|  39|0x0000000087300000, 0x0000000087300000, 0x0000000087400000|  0%| F|  |TAMS 0x0000000087300000| PB 0x0000000087300000| Untracked |  0
|  40|0x0000000087400000, 0x0000000087400000, 0x0000000087500000|  0%| F|  |TAMS 0x0000000087400000| PB 0x0000000087400000| Untracked |  0
|  41|0x0000000087500000, 0x0000000087500000, 0x0000000087600000|  0%| F|  |TAMS 0x0000000087500000| PB 0x0000000087500000| Untracked |  0
|  42|0x0000000087600000, 0x0000000087600000, 0x0000000087700000|  0%| F|  |TAMS 0x0000000087600000| PB 0x0000000087600000| Untracked |  0
|  43|0x0000000087700000, 0x0000000087700000, 0x0000000087800000|  0%| F|  |TAMS 0x0000000087700000| PB 0x0000000087700000| Untracked |  0
|  44|0x0000000087800000, 0x0000000087800000, 0x0000000087900000|  0%| F|  |TAMS 0x0000000087800000| PB 0x0000000087800000| Untracked |  0
|  45|0x0000000087900000, 0x0000000087900000, 0x0000000087a00000|  0%| F|  |TAMS 0x0000000087900000| PB 0x0000000087900000| Untracked |  0
|  46|0x0000000087a00000, 0x0000000087a00000, 0x0000000087b00000|  0%| F|  |TAMS 0x0000000087a00000| PB 0x0000000087a00000| Untracked |  0
|  47|0x0000000087b00000, 0x0000000087b00000, 0x0000000087c00000|  0%| F|  |TAMS 0x0000000087b00000| PB 0x0000000087b00000| Untracked |  0
|  48|0x0000000087c00000, 0x0000000087c00000, 0x0000000087d00000|  0%| F|  |TAMS 0x0000000087c00000| PB 0x0000000087c00000| Untracked |  0
|  49|0x0000000087d00000, 0x0000000087d00000, 0x0000000087e00000|  0%| F|  |TAMS 0x0000000087d00000| PB 0x0000000087d00000| Untracked |  0
|  50|0x0000000087e00000, 0x0000000087e00000, 0x0000000087f00000|  0%| F|  |TAMS 0x0000000087e00000| PB 0x0000000087e00000| Untracked |  0
|  51|0x0000000087f00000, 0x0000000087f00000, 0x0000000088000000|  0%| F|  |TAMS 0x0000000087f00000| PB 0x0000000087f00000| Untracked |  0
|  52|0x0000000088000000, 0x0000000088000000, 0x0000000088100000|  0%| F|  |TAMS 0x0000000088000000| PB 0x0000000088000000| Untracked |  0
|  53|0x0000000088100000, 0x0000000088100000, 0x0000000088200000|  0%| F|  |TAMS 0x0000000088100000| PB 0x0000000088100000| Untracked |  0
|  54|0x0000000088200000, 0x0000000088200000, 0x0000000088300000|  0%| F|  |TAMS 0x0000000088200000| PB 0x0000000088200000| Untracked |  0
|  55|0x0000000088300000, 0x0000000088300000, 0x0000000088400000|  0%| F|  |TAMS 0x0000000088300000| PB 0x0000000088300000| Untracked |  0
|  56|0x0000000088400000, 0x0000000088400000, 0x0000000088500000|  0%| F|  |TAMS 0x0000000088400000| PB 0x0000000088400000| Untracked |  0
|  57|0x0000000088500000, 0x0000000088500000, 0x0000000088600000|  0%| F|  |TAMS 0x0000000088500000| PB 0x0000000088500000| Untracked |  0
|  58|0x0000000088600000, 0x0000000088600000, 0x0000000088700000|  0%| F|  |TAMS 0x0000000088600000| PB 0x0000000088600000| Untracked |  0
|  59|0x0000000088700000, 0x0000000088700000, 0x0000000088800000|  0%| F|  |TAMS 0x0000000088700000| PB 0x0000000088700000| Untracked |  0
|  60|0x0000000088800000, 0x0000000088800000, 0x0000000088900000|  0%| F|  |TAMS 0x0000000088800000| PB 0x0000000088800000| Untracked |  0
|  61|0x0000000088900000, 0x0000000088900000, 0x0000000088a00000|  0%| F|  |TAMS 0x0000000088900000| PB 0x0000000088900000| Untracked |  0
|  62|0x0000000088a00000, 0x0000000088a00000, 0x0000000088b00000|  0%| F|  |TAMS 0x0000000088a00000| PB 0x0000000088a00000| Untracked |  0
|  63|0x0000000088b00000, 0x0000000088b00000, 0x0000000088c00000|  0%| F|  |TAMS 0x0000000088b00000| PB 0x0000000088b00000| Untracked |  0
|  64|0x0000000088c00000, 0x0000000088c00000, 0x0000000088d00000|  0%| F|  |TAMS 0x0000000088c00000| PB 0x0000000088c00000| Untracked |  0
|  65|0x0000000088d00000, 0x0000000088d00000, 0x0000000088e00000|  0%| F|  |TAMS 0x0000000088d00000| PB 0x0000000088d00000| Untracked |  0
|  66|0x0000000088e00000, 0x0000000088e00000, 0x0000000088f00000|  0%| F|  |TAMS 0x0000000088e00000| PB 0x0000000088e00000| Untracked |  0
|  67|0x0000000088f00000, 0x0000000088f00000, 0x0000000089000000|  0%| F|  |TAMS 0x0000000088f00000| PB 0x0000000088f00000| Untracked |  0
|  68|0x0000000089000000, 0x0000000089000000, 0x0000000089100000|  0%| F|  |TAMS 0x0000000089000000| PB 0x0000000089000000| Untracked |  0
|  69|0x0000000089100000, 0x0000000089100000, 0x0000000089200000|  0%| F|  |TAMS 0x0000000089100000| PB 0x0000000089100000| Untracked |  0
|  70|0x0000000089200000, 0x0000000089200000, 0x0000000089300000|  0%| F|  |TAMS 0x0000000089200000| PB 0x0000000089200000| Untracked |  0
|  71|0x0000000089300000, 0x0000000089300000, 0x0000000089400000|  0%| F|  |TAMS 0x0000000089300000| PB 0x0000000089300000| Untracked |  0
|  72|0x0000000089400000, 0x0000000089400000, 0x0000000089500000|  0%| F|  |TAMS 0x0000000089400000| PB 0x0000000089400000| Untracked |  0
|  73|0x0000000089500000, 0x0000000089500000, 0x0000000089600000|  0%| F|  |TAMS 0x0000000089500000| PB 0x0000000089500000| Untracked |  0
|  74|0x0000000089600000, 0x0000000089600000, 0x0000000089700000|  0%| F|  |TAMS 0x0000000089600000| PB 0x0000000089600000| Untracked |  0
|  75|0x0000000089700000, 0x0000000089700000, 0x0000000089800000|  0%| F|  |TAMS 0x0000000089700000| PB 0x0000000089700000| Untracked |  0
|  76|0x0000000089800000, 0x0000000089800000, 0x0000000089900000|  0%| F|  |TAMS 0x0000000089800000| PB 0x0000000089800000| Untracked |  0
|  77|0x0000000089900000, 0x0000000089900000, 0x0000000089a00000|  0%| F|  |TAMS 0x0000000089900000| PB 0x0000000089900000| Untracked |  0
|  78|0x0000000089a00000, 0x0000000089a00000, 0x0000000089b00000|  0%| F|  |TAMS 0x0000000089a00000| PB 0x0000000089a00000| Untracked |  0
|  79|0x0000000089b00000, 0x0000000089b00000, 0x0000000089c00000|  0%| F|  |TAMS 0x0000000089b00000| PB 0x0000000089b00000| Untracked |  0
|  80|0x0000000089c00000, 0x0000000089c00000, 0x0000000089d00000|  0%| F|  |TAMS 0x0000000089c00000| PB 0x0000000089c00000| Untracked |  0
|  81|0x0000000089d00000, 0x0000000089d00000, 0x0000000089e00000|  0%| F|  |TAMS 0x0000000089d00000| PB 0x0000000089d00000| Untracked |  0
|  82|0x0000000089e00000, 0x0000000089e62b10, 0x0000000089f00000| 38%| S|CS|TAMS 0x0000000089e00000| PB 0x0000000089e00000| Complete |  0
|  83|0x0000000089f00000, 0x000000008a000000, 0x000000008a000000|100%| S|CS|TAMS 0x0000000089f00000| PB 0x0000000089f00000| Complete |  0
|  84|0x000000008a000000, 0x000000008a100000, 0x000000008a100000|100%| S|CS|TAMS 0x000000008a000000| PB 0x000000008a000000| Complete |  0
|  85|0x000000008a100000, 0x000000008a200000, 0x000000008a200000|100%| S|CS|TAMS 0x000000008a100000| PB 0x000000008a100000| Complete |  0
|  86|0x000000008a200000, 0x000000008a300000, 0x000000008a300000|100%| S|CS|TAMS 0x000000008a200000| PB 0x000000008a200000| Complete |  0
|  87|0x000000008a300000, 0x000000008a300000, 0x000000008a400000|  0%| F|  |TAMS 0x000000008a300000| PB 0x000000008a300000| Untracked |  0
|  88|0x000000008a400000, 0x000000008a400000, 0x000000008a500000|  0%| F|  |TAMS 0x000000008a400000| PB 0x000000008a400000| Untracked |  0
|  89|0x000000008a500000, 0x000000008a500000, 0x000000008a600000|  0%| F|  |TAMS 0x000000008a500000| PB 0x000000008a500000| Untracked |  0
|  90|0x000000008a600000, 0x000000008a600000, 0x000000008a700000|  0%| F|  |TAMS 0x000000008a600000| PB 0x000000008a600000| Untracked |  0
|  91|0x000000008a700000, 0x000000008a700000, 0x000000008a800000|  0%| F|  |TAMS 0x000000008a700000| PB 0x000000008a700000| Untracked |  0
|  92|0x000000008a800000, 0x000000008a800000, 0x000000008a900000|  0%| F|  |TAMS 0x000000008a800000| PB 0x000000008a800000| Untracked |  0
|  93|0x000000008a900000, 0x000000008a900000, 0x000000008aa00000|  0%| F|  |TAMS 0x000000008a900000| PB 0x000000008a900000| Untracked |  0
|  94|0x000000008aa00000, 0x000000008aa00000, 0x000000008ab00000|  0%| F|  |TAMS 0x000000008aa00000| PB 0x000000008aa00000| Untracked |  0
|  95|0x000000008ab00000, 0x000000008ab00000, 0x000000008ac00000|  0%| F|  |TAMS 0x000000008ab00000| PB 0x000000008ab00000| Untracked |  0
|  96|0x000000008ac00000, 0x000000008ac00000, 0x000000008ad00000|  0%| F|  |TAMS 0x000000008ac00000| PB 0x000000008ac00000| Untracked |  0
|  97|0x000000008ad00000, 0x000000008ad00000, 0x000000008ae00000|  0%| F|  |TAMS 0x000000008ad00000| PB 0x000000008ad00000| Untracked |  0
|  98|0x000000008ae00000, 0x000000008aea8aa0, 0x000000008af00000| 65%| E|  |TAMS 0x000000008ae00000| PB 0x000000008ae00000| Complete |  0
|  99|0x000000008af00000, 0x000000008b000000, 0x000000008b000000|100%| E|CS|TAMS 0x000000008af00000| PB 0x000000008af00000| Complete |  0
| 100|0x000000008b000000, 0x000000008b100000, 0x000000008b100000|100%| E|CS|TAMS 0x000000008b000000| PB 0x000000008b000000| Complete |  0
| 101|0x000000008b100000, 0x000000008b200000, 0x000000008b200000|100%| E|CS|TAMS 0x000000008b100000| PB 0x000000008b100000| Complete |  0
| 102|0x000000008b200000, 0x000000008b300000, 0x000000008b300000|100%| E|CS|TAMS 0x000000008b200000| PB 0x000000008b200000| Complete |  0
| 103|0x000000008b300000, 0x000000008b400000, 0x000000008b400000|100%| E|CS|TAMS 0x000000008b300000| PB 0x000000008b300000| Complete |  0
| 104|0x000000008b400000, 0x000000008b500000, 0x000000008b500000|100%| E|CS|TAMS 0x000000008b400000| PB 0x000000008b400000| Complete |  0
| 105|0x000000008b500000, 0x000000008b600000, 0x000000008b600000|100%| E|  |TAMS 0x000000008b500000| PB 0x000000008b500000| Complete |  0
| 106|0x000000008b600000, 0x000000008b700000, 0x000000008b700000|100%| E|CS|TAMS 0x000000008b600000| PB 0x000000008b600000| Complete |  0
| 107|0x000000008b700000, 0x000000008b800000, 0x000000008b800000|100%| E|CS|TAMS 0x000000008b700000| PB 0x000000008b700000| Complete |  0
| 108|0x000000008b800000, 0x000000008b900000, 0x000000008b900000|100%| E|CS|TAMS 0x000000008b800000| PB 0x000000008b800000| Complete |  0
| 109|0x000000008b900000, 0x000000008ba00000, 0x000000008ba00000|100%| E|CS|TAMS 0x000000008b900000| PB 0x000000008b900000| Complete |  0
| 110|0x000000008ba00000, 0x000000008bb00000, 0x000000008bb00000|100%| E|CS|TAMS 0x000000008ba00000| PB 0x000000008ba00000| Complete |  0
| 111|0x000000008bb00000, 0x000000008bc00000, 0x000000008bc00000|100%| E|CS|TAMS 0x000000008bb00000| PB 0x000000008bb00000| Complete |  0
| 112|0x000000008bc00000, 0x000000008bd00000, 0x000000008bd00000|100%| E|CS|TAMS 0x000000008bc00000| PB 0x000000008bc00000| Complete |  0
| 113|0x000000008bd00000, 0x000000008be00000, 0x000000008be00000|100%| E|CS|TAMS 0x000000008bd00000| PB 0x000000008bd00000| Complete |  0
| 114|0x000000008be00000, 0x000000008bf00000, 0x000000008bf00000|100%| E|CS|TAMS 0x000000008be00000| PB 0x000000008be00000| Complete |  0
| 115|0x000000008bf00000, 0x000000008c000000, 0x000000008c000000|100%| E|CS|TAMS 0x000000008bf00000| PB 0x000000008bf00000| Complete |  0
| 116|0x000000008c000000, 0x000000008c100000, 0x000000008c100000|100%| E|CS|TAMS 0x000000008c000000| PB 0x000000008c000000| Complete |  0
| 117|0x000000008c100000, 0x000000008c200000, 0x000000008c200000|100%| E|CS|TAMS 0x000000008c100000| PB 0x000000008c100000| Complete |  0
| 118|0x000000008c200000, 0x000000008c300000, 0x000000008c300000|100%| E|CS|TAMS 0x000000008c200000| PB 0x000000008c200000| Complete |  0
| 119|0x000000008c300000, 0x000000008c400000, 0x000000008c400000|100%| E|CS|TAMS 0x000000008c300000| PB 0x000000008c300000| Complete |  0
| 120|0x000000008c400000, 0x000000008c500000, 0x000000008c500000|100%| E|CS|TAMS 0x000000008c400000| PB 0x000000008c400000| Complete |  0
| 121|0x000000008c500000, 0x000000008c600000, 0x000000008c600000|100%| E|CS|TAMS 0x000000008c500000| PB 0x000000008c500000| Complete |  0
| 122|0x000000008c600000, 0x000000008c700000, 0x000000008c700000|100%| E|CS|TAMS 0x000000008c600000| PB 0x000000008c600000| Complete |  0
| 123|0x000000008c700000, 0x000000008c800000, 0x000000008c800000|100%| E|CS|TAMS 0x000000008c700000| PB 0x000000008c700000| Complete |  0

Card table byte_map: [0x00000235251d0000,0x00000235255b0000] _byte_map_base: 0x0000023524daa000

Marking Bits: (CMBitMap*) 0x000002350d7d50c0
 Bits: [0x00000235255b0000, 0x0000023527480000)

Polling page: 0x000002350b710000

Metaspace:

Usage:
  Non-class:     14.38 MB used.
      Class:      2.55 MB used.
       Both:     16.93 MB used.

Virtual space:
  Non-class space:       64.00 MB reserved,      14.56 MB ( 23%) committed,  1 nodes.
      Class space:        1.00 GB reserved,       2.75 MB ( <1%) committed,  1 nodes.
             Both:        1.06 GB reserved,      17.31 MB (  2%) committed. 

Chunk freelists:
   Non-Class:  512.00 KB
       Class:  13.11 MB
        Both:  13.61 MB

MaxMetaspaceSize: unlimited
CompressedClassSpaceSize: 1.00 GB
Initial GC threshold: 21.00 MB
Current GC threshold: 21.00 MB
CDS: on
 - commit_granule_bytes: 65536.
 - commit_granule_words: 8192.
 - virtual_space_node_default_size: 8388608.
 - enlarge_chunks_in_place: 1.
 - use_allocation_guard: 0.


Internal statistics:

num_allocs_failed_limit: 0.
num_arena_births: 392.
num_arena_deaths: 0.
num_vsnodes_births: 2.
num_vsnodes_deaths: 0.
num_space_committed: 277.
num_space_uncommitted: 0.
num_chunks_returned_to_freelist: 0.
num_chunks_taken_from_freelist: 925.
num_chunk_merges: 0.
num_chunk_splits: 630.
num_chunks_enlarged: 462.
num_inconsistent_stats: 0.

CodeHeap 'non-profiled nmethods': size=120000Kb used=831Kb max_used=831Kb free=119168Kb
 bounds [0x000002351d590000, 0x000002351d800000, 0x0000023524ac0000]
CodeHeap 'profiled nmethods': size=120000Kb used=4736Kb max_used=4736Kb free=115264Kb
 bounds [0x0000023515ac0000, 0x0000023515f60000, 0x000002351cff0000]
CodeHeap 'non-nmethods': size=5760Kb used=2077Kb max_used=2077Kb free=3682Kb
 bounds [0x000002351cff0000, 0x000002351d260000, 0x000002351d590000]
 total_blobs=3454 nmethods=2615 adapters=743
 compilation: enabled
              stopped_count=0, restarted_count=0
 full_count=0

Compilation events (20 events):
Event: 4.523 Thread 0x0000023529ebf260 2555       1       javafx.scene.layout.BackgroundFill::getInsets (5 bytes)
Event: 4.523 Thread 0x0000023529ebf260 nmethod 2555 0x000002351d65a410 code [0x000002351d65a5a0, 0x000002351d65a668]
Event: 4.524 Thread 0x0000023529ebf260 2556       3       java.io.BufferedInputStream::read1 (121 bytes)
Event: 4.525 Thread 0x0000023529ebf260 nmethod 2556 0x0000023515f39c90 code [0x0000023515f39ec0, 0x0000023515f3a650]
Event: 4.525 Thread 0x0000023529ebf260 2557       3       com.sun.prism.paint.Color::getBluePremult (10 bytes)
Event: 4.525 Thread 0x0000023529ebf260 nmethod 2557 0x0000023515f3a910 code [0x0000023515f3aaa0, 0x0000023515f3abb8]
Event: 4.525 Thread 0x0000023529ebf260 2559       3       com.sun.prism.paint.Color::getRedPremult (10 bytes)
Event: 4.525 Thread 0x0000023529ebf260 nmethod 2559 0x0000023515f3ac90 code [0x0000023515f3ae20, 0x0000023515f3af38]
Event: 4.525 Thread 0x0000023529ebf260 2558       3       com.sun.prism.paint.Color::getGreenPremult (10 bytes)
Event: 4.525 Thread 0x0000023529ebf260 nmethod 2558 0x0000023515f3b010 code [0x0000023515f3b1a0, 0x0000023515f3b2b8]
Event: 4.526 Thread 0x0000023529ebf260 2560       1       javafx.scene.layout.BackgroundFill::getRadii (5 bytes)
Event: 4.526 Thread 0x0000023529ebf260 nmethod 2560 0x000002351d65a710 code [0x000002351d65a8a0, 0x000002351d65a968]
Event: 4.527 Thread 0x0000023529ebf260 2561       1       com.sun.prism.impl.BaseTexture::getPixelFormat (5 bytes)
Event: 4.527 Thread 0x0000023529ebf260 nmethod 2561 0x000002351d65aa10 code [0x000002351d65aba0, 0x000002351d65ac68]
Event: 4.527 Thread 0x0000023529ebf260 2562       1       com.sun.prism.impl.BaseTexture::getContentWidth (5 bytes)
Event: 4.527 Thread 0x0000023529ebf260 nmethod 2562 0x000002351d65ad10 code [0x000002351d65aea0, 0x000002351d65af68]
Event: 4.527 Thread 0x0000023529ebf260 2563       3       com.sun.javafx.geom.Point2D::setLocation (11 bytes)
Event: 4.528 Thread 0x0000023529ebf260 nmethod 2563 0x0000023515f3b390 code [0x0000023515f3b520, 0x0000023515f3b638]
Event: 4.532 Thread 0x0000023529ebf260 2564       3       java.lang.invoke.LambdaFormEditor::bindArgumentForm (255 bytes)
Event: 4.534 Thread 0x0000023529ebf260 nmethod 2564 0x0000023515f3b710 code [0x0000023515f3bac0, 0x0000023515f3ced8]

GC Heap History (4 events):
Event: 1.175 GC heap before
{Heap before GC invocations=0 (full 0):
 garbage-first heap   total reserved 2019328K, committed 126976K, used 23552K [0x0000000084c00000, 0x0000000100000000)
  region size 1024K, 24 young (24576K), 0 survivors (0K)
 Metaspace       used 4880K, committed 5120K, reserved 1114112K
  class space    used 548K, committed 640K, reserved 1048576K
}
Event: 1.179 GC heap after
{Heap after GC invocations=1 (full 0):
 garbage-first heap   total reserved 2019328K, committed 126976K, used 3823K [0x0000000084c00000, 0x0000000100000000)
  region size 1024K, 3 young (3072K), 3 survivors (3072K)
 Metaspace       used 4880K, committed 5120K, reserved 1114112K
  class space    used 548K, committed 640K, reserved 1048576K
}
Event: 2.722 GC heap before
{Heap before GC invocations=1 (full 0):
 garbage-first heap   total reserved 2019328K, committed 126976K, used 39663K [0x0000000084c00000, 0x0000000100000000)
  region size 1024K, 37 young (37888K), 3 survivors (3072K)
 Metaspace       used 13016K, committed 13312K, reserved 1114112K
  class space    used 1797K, committed 1920K, reserved 1048576K
}
Event: 2.730 GC heap after
{Heap after GC invocations=2 (full 0):
 garbage-first heap   total reserved 2019328K, committed 126976K, used 10366K [0x0000000084c00000, 0x0000000100000000)
  region size 1024K, 5 young (5120K), 5 survivors (5120K)
 Metaspace       used 13016K, committed 13312K, reserved 1114112K
  class space    used 1797K, committed 1920K, reserved 1048576K
}

Dll operation events (20 events):
Event: 0.501 Loaded shared library C:\Users\match\.openjfx\cache\21+31\amd64\api-ms-win-crt-locale-l1-1-0.dll
Event: 0.504 Loaded shared library C:\Users\match\.openjfx\cache\21+31\amd64\api-ms-win-crt-math-l1-1-0.dll
Event: 0.507 Loaded shared library C:\Users\match\.openjfx\cache\21+31\amd64\api-ms-win-crt-multibyte-l1-1-0.dll
Event: 0.510 Loaded shared library C:\Users\match\.openjfx\cache\21+31\amd64\api-ms-win-crt-private-l1-1-0.dll
Event: 0.514 Loaded shared library C:\Users\match\.openjfx\cache\21+31\amd64\api-ms-win-crt-process-l1-1-0.dll
Event: 0.517 Loaded shared library C:\Users\match\.openjfx\cache\21+31\amd64\api-ms-win-crt-runtime-l1-1-0.dll
Event: 0.519 Loaded shared library C:\Users\match\.openjfx\cache\21+31\amd64\api-ms-win-crt-stdio-l1-1-0.dll
Event: 0.522 Loaded shared library C:\Users\match\.openjfx\cache\21+31\amd64\api-ms-win-crt-string-l1-1-0.dll
Event: 0.524 Loaded shared library C:\Users\match\.openjfx\cache\21+31\amd64\api-ms-win-crt-time-l1-1-0.dll
Event: 0.527 Loaded shared library C:\Users\match\.openjfx\cache\21+31\amd64\api-ms-win-crt-utility-l1-1-0.dll
Event: 0.543 Loaded shared library C:\Users\match\.openjfx\cache\21+31\amd64\ucrtbase.dll
Event: 0.548 Loaded shared library C:\Users\match\.openjfx\cache\21+31\amd64\vcruntime140.dll
Event: 0.551 Loaded shared library C:\Users\match\.openjfx\cache\21+31\amd64\vcruntime140_1.dll
Event: 0.561 Loaded shared library C:\Users\match\.openjfx\cache\21+31\amd64\msvcp140.dll
Event: 0.565 Loaded shared library C:\Users\match\.openjfx\cache\21+31\amd64\msvcp140_1.dll
Event: 0.571 Loaded shared library C:\Users\match\.openjfx\cache\21+31\amd64\msvcp140_2.dll
Event: 0.618 Loaded shared library C:\Users\match\.openjfx\cache\21+31\amd64\prism_d3d.dll
Event: 0.782 Loaded shared library C:\Users\match\.openjfx\cache\21+31\amd64\glass.dll
Event: 1.212 Loaded shared library C:\Users\match\.jdks\openjdk-22.0.1\bin\jimage.dll
Event: 1.981 Loaded shared library C:\Users\match\.openjfx\cache\21+31\amd64\javafx_font.dll

Deoptimization events (20 events):
Event: 2.764 Thread 0x000002356f2ab0e0 Uncommon trap: trap_request=0xffffff45 fr.pc=0x000002351d605914 relative=0x00000000000001f4
Event: 2.764 Thread 0x000002356f2ab0e0 Uncommon trap: reason=unstable_if action=reinterpret pc=0x000002351d605914 method=java.io.ByteArrayInputStream.read()I @ 8 c2
Event: 2.764 Thread 0x000002356f2ab0e0 DEOPT PACKING pc=0x000002351d605914 sp=0x000000506f8fc610
Event: 2.764 Thread 0x000002356f2ab0e0 DEOPT UNPACKING pc=0x000002351d047da2 sp=0x000000506f8fc5b8 mode 2
Event: 2.791 Thread 0x000002356f2ab0e0 Uncommon trap: trap_request=0xffffff45 fr.pc=0x000002351d5e6188 relative=0x00000000000001e8
Event: 2.791 Thread 0x000002356f2ab0e0 Uncommon trap: reason=unstable_if action=reinterpret pc=0x000002351d5e6188 method=java.lang.StringUTF16.compress([CI[BII)I @ 20 c2
Event: 2.791 Thread 0x000002356f2ab0e0 DEOPT PACKING pc=0x000002351d5e6188 sp=0x000000506f8fca10
Event: 2.791 Thread 0x000002356f2ab0e0 DEOPT UNPACKING pc=0x000002351d047da2 sp=0x000000506f8fc980 mode 2
Event: 2.815 Thread 0x000002356f2ab0e0 Uncommon trap: trap_request=0xffffff45 fr.pc=0x000002351d59bc54 relative=0x0000000000000054
Event: 2.815 Thread 0x000002356f2ab0e0 Uncommon trap: reason=unstable_if action=reinterpret pc=0x000002351d59bc54 method=java.lang.CharacterData.of(I)Ljava/lang/CharacterData; @ 4 c2
Event: 2.815 Thread 0x000002356f2ab0e0 DEOPT PACKING pc=0x000002351d59bc54 sp=0x000000506f8fd0e0
Event: 2.815 Thread 0x000002356f2ab0e0 DEOPT UNPACKING pc=0x000002351d047da2 sp=0x000000506f8fd080 mode 2
Event: 4.326 Thread 0x000002356f2ab0e0 DEOPT PACKING pc=0x0000023515d6b2ef sp=0x000000506f8fbe00
Event: 4.326 Thread 0x000002356f2ab0e0 DEOPT UNPACKING pc=0x000002351d0488e2 sp=0x000000506f8fb2e8 mode 0
Event: 4.334 Thread 0x000002356f2ab0e0 DEOPT PACKING pc=0x0000023515d6b2ef sp=0x000000506f8fbf40
Event: 4.334 Thread 0x000002356f2ab0e0 DEOPT UNPACKING pc=0x000002351d0488e2 sp=0x000000506f8fb428 mode 0
Event: 4.334 Thread 0x000002356f2ab0e0 DEOPT PACKING pc=0x0000023515d6b2ef sp=0x000000506f8fbe00
Event: 4.334 Thread 0x000002356f2ab0e0 DEOPT UNPACKING pc=0x000002351d0488e2 sp=0x000000506f8fb2e8 mode 0
Event: 4.335 Thread 0x000002356f2ab0e0 DEOPT PACKING pc=0x0000023515d6b2ef sp=0x000000506f8fbf40
Event: 4.335 Thread 0x000002356f2ab0e0 DEOPT UNPACKING pc=0x000002351d0488e2 sp=0x000000506f8fb428 mode 0

Classes loaded (20 events):
Event: 2.931 Loading class java/util/concurrent/ConcurrentLinkedQueue$Node
Event: 2.931 Loading class java/util/concurrent/ConcurrentLinkedQueue$Node done
Event: 2.933 Loading class jdk/internal/ref/CleanerImpl$InnocuousThreadFactory
Event: 2.933 Loading class jdk/internal/ref/CleanerImpl$InnocuousThreadFactory done
Event: 2.939 Loading class sun/misc/Unsafe
Event: 2.939 Loading class sun/misc/Unsafe done
Event: 2.939 Loading class java/lang/invoke/DirectMethodHandle$StaticAccessor
Event: 2.939 Loading class java/lang/invoke/DirectMethodHandle$StaticAccessor done
Event: 4.192 Loading class java/io/UnsupportedEncodingException
Event: 4.192 Loading class java/io/UnsupportedEncodingException done
Event: 4.289 Loading class java/util/regex/Pattern$Loop
Event: 4.289 Loading class java/util/regex/Pattern$Loop done
Event: 4.289 Loading class java/util/regex/Pattern$Prolog
Event: 4.289 Loading class java/util/regex/Pattern$Prolog done
Event: 4.438 Loading class java/lang/FdLibm$Hypot
Event: 4.439 Loading class java/lang/FdLibm$Hypot done
Event: 4.439 Loading class java/lang/FdLibm
Event: 4.439 Loading class java/lang/FdLibm done
Event: 4.522 Loading class java/lang/FdLibm$Atan2
Event: 4.522 Loading class java/lang/FdLibm$Atan2 done

Classes unloaded (0 events):
No events

Classes redefined (0 events):
No events

Internal exceptions (20 events):
Event: 2.549 Thread 0x000002356f2ab0e0 Exception <a 'sun/nio/fs/WindowsException'{0x000000008aae43a8}> (0x000000008aae43a8) 
thrown [s\open\src\hotspot\share\prims\jni.cpp, line 520]
Event: 2.560 Thread 0x000002356f2ab0e0 Exception <a 'java/io/FileNotFoundException'{0x000000008a933f58}> (0x000000008a933f58) 
thrown [s\open\src\hotspot\share\prims\jni.cpp, line 520]
Event: 2.602 Thread 0x000002356f2ab0e0 Exception <a 'java/io/FileNotFoundException'{0x000000008a72c540}> (0x000000008a72c540) 
thrown [s\open\src\hotspot\share\prims\jni.cpp, line 520]
Event: 2.719 Thread 0x000002356f2ab0e0 Exception <a 'java/lang/IncompatibleClassChangeError'{0x000000008a3e9e98}: Found class java.lang.Object, but interface was expected> (0x000000008a3e9e98) 
thrown [s\open\src\hotspot\share\interpreter\linkResolver.cpp, line 841]
Event: 2.778 Thread 0x000002356f2ab0e0 Exception <a 'java/io/FileNotFoundException'{0x000000008c53bcc8}> (0x000000008c53bcc8) 
thrown [s\open\src\hotspot\share\prims\jni.cpp, line 520]
Event: 2.778 Thread 0x000002356f2ab0e0 Exception <a 'java/io/FileNotFoundException'{0x000000008c53d8b8}> (0x000000008c53d8b8) 
thrown [s\open\src\hotspot\share\prims\jni.cpp, line 520]
Event: 2.783 Thread 0x000002356f2ab0e0 Exception <a 'java/io/FileNotFoundException'{0x000000008c543a18}> (0x000000008c543a18) 
thrown [s\open\src\hotspot\share\prims\jni.cpp, line 520]
Event: 2.783 Thread 0x000002356f2ab0e0 Exception <a 'java/io/FileNotFoundException'{0x000000008c545068}> (0x000000008c545068) 
thrown [s\open\src\hotspot\share\prims\jni.cpp, line 520]
Event: 2.813 Thread 0x000002356f2ab0e0 Exception <a 'java/lang/NoSuchMethodError'{0x000000008c447060}: 'int java.lang.invoke.DirectMethodHandle$Holder.invokeSpecial(java.lang.Object, java.lang.Object, int)'> (0x000000008c447060) 
thrown [s\open\src\hotspot\share\interpreter\linkResolver.cpp, line 774]
Event: 2.837 Thread 0x000002356f2ab0e0 Exception <a 'java/lang/NoSuchMethodError'{0x000000008c346b68}: 'java.lang.Object java.lang.invoke.DirectMethodHandle$Holder.newInvokeSpecial(java.lang.Object, java.lang.Object, int)'> (0x000000008c346b68) 
thrown [s\open\src\hotspot\share\interpreter\linkResolver.cpp, line 774]
Event: 2.888 Thread 0x000002356f7a3750 Exception <a 'java/lang/NoSuchMethodError'{0x000000008c292618}: 'int java.lang.invoke.DirectMethodHandle$Holder.invokeStaticInit(java.lang.Object, java.lang.Object)'> (0x000000008c292618) 
thrown [s\open\src\hotspot\share\interpreter\linkResolver.cpp, line 774]
Event: 4.214 Thread 0x000002356f2ab0e0 Exception <a 'java/lang/NoSuchMethodError'{0x000000008bdacd58}: 'long java.lang.invoke.DirectMethodHandle$Holder.invokeStatic(java.lang.Object, java.lang.Object, java.lang.Object)'> (0x000000008bdacd58) 
thrown [s\open\src\hotspot\share\interpreter\linkResolver.cpp, line 774]
Event: 4.214 Thread 0x000002356f2ab0e0 Exception <a 'java/lang/NoSuchMethodError'{0x000000008bdb0158}: 'long java.lang.invoke.DirectMethodHandle$Holder.invokeStaticInit(java.lang.Object, java.lang.Object, java.lang.Object)'> (0x000000008bdb0158) 
thrown [s\open\src\hotspot\share\interpreter\linkResolver.cpp, line 774]
Event: 4.217 Thread 0x000002356f2ab0e0 Exception <a 'java/lang/NoSuchMethodError'{0x000000008bdc4dd0}: 'java.lang.Object java.lang.invoke.DirectMethodHandle$Holder.newInvokeSpecial(java.lang.Object, java.lang.Object, long)'> (0x000000008bdc4dd0) 
thrown [s\open\src\hotspot\share\interpreter\linkResolver.cpp, line 774]
Event: 4.217 Thread 0x000002356f2ab0e0 Exception <a 'java/lang/NoSuchMethodError'{0x000000008bdc8718}: 'java.lang.Object java.lang.invoke.Invokers$Holder.linkToTargetMethod(java.lang.Object, long, java.lang.Object)'> (0x000000008bdc8718) 
thrown [s\open\src\hotspot\share\interpreter\linkResolver.cpp, line 774]
Event: 4.383 Thread 0x000002356f2ab0e0 Exception <a 'java/lang/ClassNotFoundException'{0x000000008b704bf0}: com/sun/javafx/scene/control/skin/resources/controls> (0x000000008b704bf0) 
thrown [s\open\src\hotspot\share\prims\jni.cpp, line 539]
Event: 4.384 Thread 0x000002356f2ab0e0 Exception <a 'java/lang/ClassNotFoundException'{0x000000008b7135d8}: com/sun/javafx/scene/control/skin/resources/controls_id> (0x000000008b7135d8) 
thrown [s\open\src\hotspot\share\prims\jni.cpp, line 539]
Event: 4.384 Thread 0x000002356f2ab0e0 Exception <a 'java/lang/ClassNotFoundException'{0x000000008b715170}: com/sun/javafx/scene/control/skin/resources/controls_id_ID> (0x000000008b715170) 
thrown [s\open\src\hotspot\share\prims\jni.cpp, line 539]
Event: 4.408 Thread 0x000002356f2ab0e0 Exception <a 'java/lang/NoSuchMethodError'{0x000000008b6bba60}: 'void java.lang.invoke.DirectMethodHandle$Holder.invokeSpecial(java.lang.Object, java.lang.Object, java.lang.Object, java.lang.Object, java.lang.Object, java.lang.Object)'> (0x000000008b6bba60) 
thrown [s\open\src\hotspot\share\interpreter\linkResolver.cpp, line 774]
Event: 4.529 Thread 0x000002356f7a3750 Exception <a 'java/lang/NoSuchMethodError'{0x000000008af36d98}: 'java.lang.Object java.lang.invoke.DirectMethodHandle$Holder.invokeStaticInit(java.lang.Object, int)'> (0x000000008af36d98) 
thrown [s\open\src\hotspot\share\interpreter\linkResolver.cpp, line 774]

ZGC Phase Switch (0 events):
No events

VM Operations (20 events):
Event: 0.770 Executing VM operation: HandshakeAllThreads (Deoptimize)
Event: 0.770 Executing VM operation: HandshakeAllThreads (Deoptimize) done
Event: 1.175 Executing VM operation: G1CollectForAllocation (G1 Evacuation Pause)
Event: 1.179 Executing VM operation: G1CollectForAllocation (G1 Evacuation Pause) done
Event: 1.988 Executing VM operation: HandshakeAllThreads (Deoptimize)
Event: 1.989 Executing VM operation: HandshakeAllThreads (Deoptimize) done
Event: 2.308 Executing VM operation: HandshakeAllThreads (Deoptimize)
Event: 2.308 Executing VM operation: HandshakeAllThreads (Deoptimize) done
Event: 2.308 Executing VM operation: Cleanup
Event: 2.308 Executing VM operation: Cleanup done
Event: 2.722 Executing VM operation: G1CollectForAllocation (G1 Evacuation Pause)
Event: 2.730 Executing VM operation: G1CollectForAllocation (G1 Evacuation Pause) done
Event: 2.815 Executing VM operation: HandshakeAllThreads (Deoptimize)
Event: 2.815 Executing VM operation: HandshakeAllThreads (Deoptimize) done
Event: 3.815 Executing VM operation: Cleanup
Event: 3.815 Executing VM operation: Cleanup done
Event: 4.407 Executing VM operation: HandshakeAllThreads (Deoptimize)
Event: 4.407 Executing VM operation: HandshakeAllThreads (Deoptimize) done
Event: 4.500 Executing VM operation: ICBufferFull
Event: 4.500 Executing VM operation: ICBufferFull done

Events (19 events):
Event: 0.028 Thread 0x000002350b5b7f60 Thread added: 0x000002350b5b7f60
Event: 0.044 Thread 0x0000023529e9ee40 Thread added: 0x0000023529e9ee40
Event: 0.044 Thread 0x0000023529ea1f10 Thread added: 0x0000023529ea1f10
Event: 0.045 Thread 0x0000023529ea6730 Thread added: 0x0000023529ea6730
Event: 0.045 Thread 0x0000023529ea7280 Thread added: 0x0000023529ea7280
Event: 0.045 Thread 0x0000023529ea7f80 Thread added: 0x0000023529ea7f80
Event: 0.045 Thread 0x0000023529ea8db0 Thread added: 0x0000023529ea8db0
Event: 0.045 Thread 0x0000023529ebd280 Thread added: 0x0000023529ebd280
Event: 0.045 Thread 0x0000023529ebf260 Thread added: 0x0000023529ebf260
Event: 0.091 Thread 0x000002356f096a20 Thread added: 0x000002356f096a20
Event: 0.280 Thread 0x000002356fac7370 Thread added: 0x000002356fac7370
Event: 0.280 Thread 0x000002356fb07900 Thread added: 0x000002356fb07900
Event: 0.603 Thread 0x000002356f7a3750 Thread added: 0x000002356f7a3750
Event: 0.785 Thread 0x000002356f2aaa70 Thread added: 0x000002356f2aaa70
Event: 0.789 Thread 0x000002356f2ab0e0 Thread added: 0x000002356f2ab0e0
Event: 1.141 Thread 0x0000023570878330 Thread added: 0x0000023570878330
Event: 1.153 Thread 0x00000235708805a0 Thread added: 0x00000235708805a0
Event: 2.386 Thread 0x0000023570baf810 Thread added: 0x0000023570baf810
Event: 2.934 Thread 0x0000023570bad740 Thread added: 0x0000023570bad740


Dynamic libraries:
0x00007ff7ea2f0000 - 0x00007ff7ea2fe000 	C:\Users\match\.jdks\openjdk-22.0.1\bin\java.exe
0x00007fffe3330000 - 0x00007fffe3547000 	C:\WINDOWS\SYSTEM32\ntdll.dll
0x00007fffe2540000 - 0x00007fffe2604000 	C:\WINDOWS\System32\KERNEL32.DLL
0x00007fffe0b10000 - 0x00007fffe0ebd000 	C:\WINDOWS\System32\KERNELBASE.dll
0x00007fffe0660000 - 0x00007fffe0771000 	C:\WINDOWS\System32\ucrtbase.dll
0x00007fffc2c60000 - 0x00007fffc2c7b000 	C:\Users\match\.jdks\openjdk-22.0.1\bin\VCRUNTIME140.dll
0x00007fffc11f0000 - 0x00007fffc1207000 	C:\Users\match\.jdks\openjdk-22.0.1\bin\jli.dll
0x00007fffe1150000 - 0x00007fffe12fe000 	C:\WINDOWS\System32\USER32.dll
0x00007fffc9790000 - 0x00007fffc9a23000 	C:\WINDOWS\WinSxS\amd64_microsoft.windows.common-controls_6595b64144ccf1df_6.0.22621.3672_none_2713b9d173822955\COMCTL32.dll
0x00007fffe0920000 - 0x00007fffe0946000 	C:\WINDOWS\System32\win32u.dll
0x00007fffe2310000 - 0x00007fffe23b7000 	C:\WINDOWS\System32\msvcrt.dll
0x00007fffe2c00000 - 0x00007fffe2c29000 	C:\WINDOWS\System32\GDI32.dll
0x00007fffe09f0000 - 0x00007fffe0b09000 	C:\WINDOWS\System32\gdi32full.dll
0x00007fffe0950000 - 0x00007fffe09ea000 	C:\WINDOWS\System32\msvcp_win.dll
0x00007fffe28b0000 - 0x00007fffe28e1000 	C:\WINDOWS\System32\IMM32.DLL
0x00007fffc4f10000 - 0x00007fffc4f1c000 	C:\Users\match\.jdks\openjdk-22.0.1\bin\vcruntime140_1.dll
0x00007fffa6dd0000 - 0x00007fffa6e5e000 	C:\Users\match\.jdks\openjdk-22.0.1\bin\msvcp140.dll
0x00007fff541a0000 - 0x00007fff54ee7000 	C:\Users\match\.jdks\openjdk-22.0.1\bin\server\jvm.dll
0x00007fffe1830000 - 0x00007fffe18e2000 	C:\WINDOWS\System32\ADVAPI32.dll
0x00007fffe2c30000 - 0x00007fffe2cd9000 	C:\WINDOWS\System32\sechost.dll
0x00007fffe08f0000 - 0x00007fffe0918000 	C:\WINDOWS\System32\bcrypt.dll
0x00007fffe21f0000 - 0x00007fffe2304000 	C:\WINDOWS\System32\RPCRT4.dll
0x00007fffe2cf0000 - 0x00007fffe2d61000 	C:\WINDOWS\System32\WS2_32.dll
0x00007fffd85f0000 - 0x00007fffd8624000 	C:\WINDOWS\SYSTEM32\WINMM.dll
0x00007fffd85a0000 - 0x00007fffd85aa000 	C:\WINDOWS\SYSTEM32\VERSION.dll
0x00007fffdf4f0000 - 0x00007fffdf53d000 	C:\WINDOWS\SYSTEM32\POWRPROF.dll
0x00007fffdf4d0000 - 0x00007fffdf4e3000 	C:\WINDOWS\SYSTEM32\UMPDC.dll
0x00007fffdf720000 - 0x00007fffdf738000 	C:\WINDOWS\SYSTEM32\kernel.appcore.dll
0x00007fffc33f0000 - 0x00007fffc33fa000 	C:\Users\match\.jdks\openjdk-22.0.1\bin\jimage.dll
0x00007fffddfd0000 - 0x00007fffde202000 	C:\WINDOWS\SYSTEM32\DBGHELP.DLL
0x00007fffe1300000 - 0x00007fffe1688000 	C:\WINDOWS\System32\combase.dll
0x00007fffe1070000 - 0x00007fffe1147000 	C:\WINDOWS\System32\OLEAUT32.dll
0x00007fffaed20000 - 0x00007fffaed52000 	C:\WINDOWS\SYSTEM32\dbgcore.DLL
0x00007fffe0ff0000 - 0x00007fffe106b000 	C:\WINDOWS\System32\bcryptPrimitives.dll
0x00007fffc2ca0000 - 0x00007fffc2caf000 	C:\Users\match\.jdks\openjdk-22.0.1\bin\instrument.dll
0x00007fffaea10000 - 0x00007fffaea2e000 	C:\Users\match\.jdks\openjdk-22.0.1\bin\java.dll
0x00007fffe18f0000 - 0x00007fffe214f000 	C:\WINDOWS\System32\SHELL32.dll
0x00007fffe2640000 - 0x00007fffe27e5000 	C:\WINDOWS\System32\ole32.dll
0x00007fffde5b0000 - 0x00007fffdeeac000 	C:\WINDOWS\SYSTEM32\windows.storage.dll
0x00007fffde470000 - 0x00007fffde5af000 	C:\WINDOWS\SYSTEM32\wintypes.dll
0x00007fffe28f0000 - 0x00007fffe29e4000 	C:\WINDOWS\System32\SHCORE.dll
0x00007fffe2850000 - 0x00007fffe28ae000 	C:\WINDOWS\System32\shlwapi.dll
0x00007fffe0590000 - 0x00007fffe05b1000 	C:\WINDOWS\SYSTEM32\profapi.dll
0x00007fff7e830000 - 0x00007fff7e907000 	C:\Users\match\.jdks\openjdk-22.0.1\bin\jsvml.dll
0x00007fffc2030000 - 0x00007fffc2040000 	C:\Users\match\.jdks\openjdk-22.0.1\bin\net.dll
0x00007fffdfbf0000 - 0x00007fffdfc59000 	C:\WINDOWS\system32\mswsock.dll
0x00007fffae9f0000 - 0x00007fffaea06000 	C:\Users\match\.jdks\openjdk-22.0.1\bin\nio.dll
0x00007fffae7c0000 - 0x00007fffae7d7000 	C:\Users\match\.jdks\openjdk-22.0.1\bin\zip.dll
0x00007fffae690000 - 0x00007fffae6aa000 	C:\Program Files\JetBrains\IntelliJ IDEA 2024.1.2\bin\breakgen64.dll
0x000002350b780000 - 0x000002350b783000 	C:\Users\match\.openjfx\cache\21+31\amd64\api-ms-win-core-console-l1-1-0.dll
0x000002350d6f0000 - 0x000002350d6f3000 	C:\Users\match\.openjfx\cache\21+31\amd64\api-ms-win-core-console-l1-2-0.dll
0x000002350d700000 - 0x000002350d703000 	C:\Users\match\.openjfx\cache\21+31\amd64\api-ms-win-core-datetime-l1-1-0.dll
0x000002350d710000 - 0x000002350d713000 	C:\Users\match\.openjfx\cache\21+31\amd64\api-ms-win-core-debug-l1-1-0.dll
0x000002350d720000 - 0x000002350d723000 	C:\Users\match\.openjfx\cache\21+31\amd64\api-ms-win-core-errorhandling-l1-1-0.dll
0x000002350d730000 - 0x000002350d734000 	C:\Users\match\.openjfx\cache\21+31\amd64\api-ms-win-core-file-l1-1-0.dll
0x000002356fc00000 - 0x000002356fc03000 	C:\Users\match\.openjfx\cache\21+31\amd64\api-ms-win-core-file-l1-2-0.dll
0x000002356fc10000 - 0x000002356fc13000 	C:\Users\match\.openjfx\cache\21+31\amd64\api-ms-win-core-file-l2-1-0.dll
0x000002356fc20000 - 0x000002356fc23000 	C:\Users\match\.openjfx\cache\21+31\amd64\api-ms-win-core-handle-l1-1-0.dll
0x000002356fc30000 - 0x000002356fc33000 	C:\Users\match\.openjfx\cache\21+31\amd64\api-ms-win-core-heap-l1-1-0.dll
0x000002356fc40000 - 0x000002356fc43000 	C:\Users\match\.openjfx\cache\21+31\amd64\api-ms-win-core-interlocked-l1-1-0.dll
0x000002356fc50000 - 0x000002356fc53000 	C:\Users\match\.openjfx\cache\21+31\amd64\api-ms-win-core-libraryloader-l1-1-0.dll
0x000002356fc60000 - 0x000002356fc63000 	C:\Users\match\.openjfx\cache\21+31\amd64\api-ms-win-core-localization-l1-2-0.dll
0x000002356fc70000 - 0x000002356fc73000 	C:\Users\match\.openjfx\cache\21+31\amd64\api-ms-win-core-memory-l1-1-0.dll
0x000002356fc80000 - 0x000002356fc83000 	C:\Users\match\.openjfx\cache\21+31\amd64\api-ms-win-core-namedpipe-l1-1-0.dll
0x000002356fc90000 - 0x000002356fc93000 	C:\Users\match\.openjfx\cache\21+31\amd64\api-ms-win-core-processenvironment-l1-1-0.dll
0x000002356fca0000 - 0x000002356fca3000 	C:\Users\match\.openjfx\cache\21+31\amd64\api-ms-win-core-processthreads-l1-1-0.dll
0x000002356fcb0000 - 0x000002356fcb3000 	C:\Users\match\.openjfx\cache\21+31\amd64\api-ms-win-core-processthreads-l1-1-1.dll
0x000002356fcc0000 - 0x000002356fcc3000 	C:\Users\match\.openjfx\cache\21+31\amd64\api-ms-win-core-profile-l1-1-0.dll
0x000002356fcd0000 - 0x000002356fcd3000 	C:\Users\match\.openjfx\cache\21+31\amd64\api-ms-win-core-rtlsupport-l1-1-0.dll
0x000002356fce0000 - 0x000002356fce3000 	C:\Users\match\.openjfx\cache\21+31\amd64\api-ms-win-core-string-l1-1-0.dll
0x000002356fcf0000 - 0x000002356fcf3000 	C:\Users\match\.openjfx\cache\21+31\amd64\api-ms-win-core-synch-l1-1-0.dll
0x000002356fd00000 - 0x000002356fd03000 	C:\Users\match\.openjfx\cache\21+31\amd64\api-ms-win-core-synch-l1-2-0.dll
0x000002356fd10000 - 0x000002356fd13000 	C:\Users\match\.openjfx\cache\21+31\amd64\api-ms-win-core-sysinfo-l1-1-0.dll
0x000002356fd20000 - 0x000002356fd23000 	C:\Users\match\.openjfx\cache\21+31\amd64\api-ms-win-core-timezone-l1-1-0.dll
0x000002356fd30000 - 0x000002356fd33000 	C:\Users\match\.openjfx\cache\21+31\amd64\api-ms-win-core-util-l1-1-0.dll
0x000002356fd40000 - 0x000002356fd43000 	C:\Users\match\.openjfx\cache\21+31\amd64\api-ms-win-crt-conio-l1-1-0.dll
0x000002356fd50000 - 0x000002356fd54000 	C:\Users\match\.openjfx\cache\21+31\amd64\api-ms-win-crt-convert-l1-1-0.dll
0x000002356fd60000 - 0x000002356fd63000 	C:\Users\match\.openjfx\cache\21+31\amd64\api-ms-win-crt-environment-l1-1-0.dll
0x000002356fd70000 - 0x000002356fd73000 	C:\Users\match\.openjfx\cache\21+31\amd64\api-ms-win-crt-filesystem-l1-1-0.dll
0x000002356fd80000 - 0x000002356fd83000 	C:\Users\match\.openjfx\cache\21+31\amd64\api-ms-win-crt-heap-l1-1-0.dll
0x000002356fd90000 - 0x000002356fd93000 	C:\Users\match\.openjfx\cache\21+31\amd64\api-ms-win-crt-locale-l1-1-0.dll
0x000002356fda0000 - 0x000002356fda5000 	C:\Users\match\.openjfx\cache\21+31\amd64\api-ms-win-crt-math-l1-1-0.dll
0x000002356fdb0000 - 0x000002356fdb5000 	C:\Users\match\.openjfx\cache\21+31\amd64\api-ms-win-crt-multibyte-l1-1-0.dll
0x000002356fdc0000 - 0x000002356fdd0000 	C:\Users\match\.openjfx\cache\21+31\amd64\api-ms-win-crt-private-l1-1-0.dll
0x000002356fdd0000 - 0x000002356fdd3000 	C:\Users\match\.openjfx\cache\21+31\amd64\api-ms-win-crt-process-l1-1-0.dll
0x000002356fde0000 - 0x000002356fde4000 	C:\Users\match\.openjfx\cache\21+31\amd64\api-ms-win-crt-runtime-l1-1-0.dll
0x000002356fdf0000 - 0x000002356fdf4000 	C:\Users\match\.openjfx\cache\21+31\amd64\api-ms-win-crt-stdio-l1-1-0.dll
0x000002356fe00000 - 0x000002356fe04000 	C:\Users\match\.openjfx\cache\21+31\amd64\api-ms-win-crt-string-l1-1-0.dll
0x000002356fe10000 - 0x000002356fe13000 	C:\Users\match\.openjfx\cache\21+31\amd64\api-ms-win-crt-time-l1-1-0.dll
0x000002356fe20000 - 0x000002356fe23000 	C:\Users\match\.openjfx\cache\21+31\amd64\api-ms-win-crt-utility-l1-1-0.dll
0x00007fff6fad0000 - 0x00007fff6fbcc000 	C:\Users\match\.openjfx\cache\21+31\amd64\ucrtbase.dll
0x00007fffac740000 - 0x00007fffac75b000 	C:\Users\match\.openjfx\cache\21+31\amd64\vcruntime140.dll
0x00007fffb4480000 - 0x00007fffb448c000 	C:\Users\match\.openjfx\cache\21+31\amd64\vcruntime140_1.dll
0x00007fff92730000 - 0x00007fff927be000 	C:\Users\match\.openjfx\cache\21+31\amd64\msvcp140.dll
0x00007fffb43e0000 - 0x00007fffb43e9000 	C:\Users\match\.openjfx\cache\21+31\amd64\msvcp140_1.dll
0x00007fffac170000 - 0x00007fffac19f000 	C:\Users\match\.openjfx\cache\21+31\amd64\msvcp140_2.dll
0x00007fffac030000 - 0x00007fffac05f000 	C:\Users\match\.openjfx\cache\21+31\amd64\prism_d3d.dll
0x00007fffccdf0000 - 0x00007fffccf98000 	C:\WINDOWS\system32\d3d9.dll
0x00007fffdd910000 - 0x00007fffdd93b000 	C:\WINDOWS\SYSTEM32\dwmapi.dll
0x00007fffdd6a0000 - 0x00007fffdd6d9000 	C:\WINDOWS\SYSTEM32\dxcore.dll
0x00007fffdd590000 - 0x00007fffdd63f000 	C:\WINDOWS\system32\uxtheme.dll
0x00007fffd55a0000 - 0x00007fffd55e9000 	C:\WINDOWS\SYSTEM32\directxdatabasehelper.dll
0x00007fffdfeb0000 - 0x00007fffdfec2000 	C:\WINDOWS\SYSTEM32\msasn1.dll
0x00007fffd5be0000 - 0x00007fffd5c12000 	C:\WINDOWS\SYSTEM32\cryptnet.dll
0x00007fffe0780000 - 0x00007fffe08e7000 	C:\WINDOWS\System32\CRYPT32.dll
0x00007fffdfe70000 - 0x00007fffdfe7c000 	C:\WINDOWS\SYSTEM32\cryptbase.dll
0x00007fffe0ec0000 - 0x00007fffe0f2b000 	C:\WINDOWS\System32\WINTRUST.DLL
0x00007fffe23c0000 - 0x00007fffe23df000 	C:\WINDOWS\System32\imagehlp.dll
0x00007fffdfe50000 - 0x00007fffdfe6b000 	C:\WINDOWS\SYSTEM32\CRYPTSP.dll
0x00007fffdf6e0000 - 0x00007fffdf715000 	C:\WINDOWS\system32\rsaenh.dll
0x00007fffaad50000 - 0x00007fffaad92000 	C:\Users\match\.openjfx\cache\21+31\amd64\glass.dll
0x00007fffe31f0000 - 0x00007fffe32e8000 	C:\WINDOWS\System32\COMDLG32.dll
0x00007fffe23e0000 - 0x00007fffe2533000 	C:\WINDOWS\System32\MSCTF.dll
0x00007fffb3680000 - 0x00007fffb3787000 	C:\WINDOWS\System32\DriverStore\FileRepository\nvam.inf_amd64_73ddbc5a9852db46\nvldumdx.dll
0x00007fffce940000 - 0x00007fffcea98000 	C:\WINDOWS\SYSTEM32\drvstore.dll
0x00007fffe0360000 - 0x00007fffe038c000 	C:\WINDOWS\SYSTEM32\devobj.dll
0x00007fffe0310000 - 0x00007fffe035e000 	C:\WINDOWS\SYSTEM32\cfgmgr32.dll
0x00007fffdff20000 - 0x00007fffdff69000 	C:\WINDOWS\SYSTEM32\wldp.dll
0x00007fff31420000 - 0x00007fff32baa000 	C:\WINDOWS\System32\DriverStore\FileRepository\nvam.inf_amd64_73ddbc5a9852db46\nvd3dumx.dll
0x00007fffdfc80000 - 0x00007fffdfca6000 	C:\WINDOWS\SYSTEM32\gpapi.dll
0x00007fff6e0a0000 - 0x00007fff6e204000 	C:\WINDOWS\System32\DriverStore\FileRepository\iigd_dch.inf_amd64_044fd6f0c2ae28a8\igdumdim64.dll
0x00007fff27fa0000 - 0x00007fff2c8cc000 	C:\WINDOWS\System32\DriverStore\FileRepository\iigd_dch.inf_amd64_044fd6f0c2ae28a8\igd9dxva64.dll
0x00007fffe2d70000 - 0x00007fffe31e4000 	C:\WINDOWS\System32\SETUPAPI.dll
0x00007fffd18d0000 - 0x00007fffd1b94000 	C:\WINDOWS\System32\DriverStore\FileRepository\iigd_dch.inf_amd64_044fd6f0c2ae28a8\igdgmm64.dll
0x00007fffc6b10000 - 0x00007fffc6b37000 	C:\WINDOWS\System32\DriverStore\FileRepository\iigd_dch.inf_amd64_044fd6f0c2ae28a8\igdinfo64.dll
0x00007fffced30000 - 0x00007fffd18c4000 	C:\WINDOWS\System32\DriverStore\FileRepository\iigd_dch.inf_amd64_044fd6f0c2ae28a8\igc64.dll
0x00007fffabf50000 - 0x00007fffabf64000 	C:\Users\match\.openjfx\cache\21+31\amd64\javafx_font.dll
0x00007fffd6820000 - 0x00007fffd6a93000 	C:\WINDOWS\SYSTEM32\dwrite.dll

dbghelp: loaded successfully - version: 4.0.5 - missing functions: none
symbol engine: initialized successfully - sym options: 0x614 - pdb path: .;C:\Users\match\.jdks\openjdk-22.0.1\bin;C:\WINDOWS\SYSTEM32;C:\WINDOWS\WinSxS\amd64_microsoft.windows.common-controls_6595b64144ccf1df_6.0.22621.3672_none_2713b9d173822955;C:\Users\match\.jdks\openjdk-22.0.1\bin\server;C:\Program Files\JetBrains\IntelliJ IDEA 2024.1.2\bin;C:\Users\match\.openjfx\cache\21+31\amd64;C:\WINDOWS\System32\DriverStore\FileRepository\nvam.inf_amd64_73ddbc5a9852db46;C:\WINDOWS\System32\DriverStore\FileRepository\iigd_dch.inf_amd64_044fd6f0c2ae28a8;C:\Program Files\Common Files\Microsoft Shared\Ink

VM Arguments:
jvm_args: -javaagent:C:\Program Files\JetBrains\IntelliJ IDEA 2024.1.2\lib\idea_rt.jar=55128:C:\Program Files\JetBrains\IntelliJ IDEA 2024.1.2\bin -Dfile.encoding=UTF-8 -Dsun.stdout.encoding=UTF-8 -Dsun.stderr.encoding=UTF-8 --module-path=C:\Users\match\.m2\repository\org\openjfx\javafx-graphics\21\javafx-graphics-21-win.jar;C:\Users\match\.m2\repository\org\openjfx\javafx-controls\21\javafx-controls-21-win.jar;C:\Users\match\OneDrive\Desktop\MovieTicketBookingManagement\target\classes;C:\Users\match\.m2\repository\org\openjfx\javafx-fxml\21\javafx-fxml-21-win.jar;C:\Users\match\.m2\repository\org\openjfx\javafx-base\21\javafx-base-21-win.jar -Djdk.module.main=com.mycompany.movieticketbookingmanagement 
java_command: com.mycompany.movieticketbookingmanagement/com.mycompany.movieticketbookingmanagement.App
java_class_path (initial): C:\Users\match\.m2\repository\de\jensd\fontawesomefx-fontawesome\4.7.0-9.1.2\fontawesomefx-fontawesome-4.7.0-9.1.2.jar;C:\Users\match\.m2\repository\de\jensd\fontawesomefx-commons\9.1.2\fontawesomefx-commons-9.1.2.jar;C:\Users\match\.m2\repository\org\openjfx\javafx-controls\21\javafx-controls-21.jar;C:\Users\match\.m2\repository\org\openjfx\javafx-graphics\21\javafx-graphics-21.jar;C:\Users\match\.m2\repository\org\openjfx\javafx-base\21\javafx-base-21.jar;C:\Users\match\.m2\repository\org\openjfx\javafx-fxml\21\javafx-fxml-21.jar;C:\Users\match\.m2\repository\mysql\mysql-connector-java\8.0.30\mysql-connector-java-8.0.30.jar;C:\Users\match\.m2\repository\com\google\protobuf\protobuf-java\3.19.4\protobuf-java-3.19.4.jar;C:\Users\match\.m2\repository\org\openjfx\javafx-web\21\javafx-web-21.jar;C:\Users\match\.m2\repository\org\openjfx\javafx-web\21\javafx-web-21-win.jar;C:\Users\match\.m2\repository\org\openjfx\javafx-swing\21\javafx-swing-21.jar;C:\Users\match\.m2\repository\org\openjfx\javafx-swing\21\javafx-swing-21-win.jar;C:\Users\match\.m2\repository\org\openjfx\javafx-media\21\javafx-media-21.jar;C:\Users\match\.m2\repository\org\openjfx\javafx-media\21\javafx-media-21-win.jar;C:\Users\match\.m2\repository\org\controlsfx\controlsfx\11.1.2\controlsfx-11.1.2.jar;C:\Users\match\.m2\repository\com\dlsc\formsfx\formsfx-core\11.6.0\formsfx-core-11.6.0.jar;C:\Users\match\.m2\repository\net\synedra\validatorfx\0.4.0\validatorfx-0.4.0.jar;C:\Users\match\.m2\repository\org\kordamp\ikonli\ikonli-javafx\12.3.1\ikonli-javafx-12.3.1.jar;C:\Users\match\.m2\repository\org\kordamp\ikonli\ikonli-core\12.3.1\ikonli-core-12.3.1.jar;C:\Users\match\.m2\repository\org\kordamp\bootstrapfx\bootstrapfx-core\0.4.0\bootstrapfx-core-0.4.0.jar;C:\Users\match\.m2\repository\eu\hansolo\tilesfx\11.48\tilesfx-11.48.jar;C:\Users\match\.m2\repository\com\github\almasb\fxgl\17.3\fxgl-17.3.jar;C:\Users\match\.m2\repository\com\github\almasb\fxgl-core\17.3\fxgl-core-17.3.jar;C:\Users\match\.m2\repository\com\gluonhq\attach\audio\4.0.17\audio-4.0.17.jar;C:\Users\match\.m2\repository\com\github\almasb\fxgl-io\17.3\fxgl-io-17.3.jar;C:\Users\match\.m2\repository\com\gluonhq\attach\storage\4.0.17\storage-4.0.17.jar;C:\Users\match\.m2\repository\com\gluonhq\attach\util\4.0.17\util-4.0.17.jar;C:\Users\match\.m2\repository\com\github\almasb\fxgl-entity\17.3\fxgl-entity-17.3.jar;C:\Users\match\.m2\repository\com\github\almasb\fxgl-scene\17.3\fxgl-scene-17.3.jar;C:\Users\match\.m2\repository\com\github\almasb\fxgl-gameplay\17.3\fxgl-gameplay-17.3.jar;C:\Users\match\.m2\repository\com\fasterxml\jackson\core\jackson-annotations\2.14.2\jackson-annotations-2.14.2.jar;C:\Users\match\.m2\repository\com\fasterxml\jackson\core\jackson-databind\2.14.2\jackson-databind-2.14.2.jar;C:\Users\match\.m2\repository\com\fasterxml\jackson\core\jackson-core\2.14.2\jackson-core-2.14.2.jar;C:\Users\match\.m2\repository\com\gluonhq\attach\lifecycle\4.0.17\lifecycle-4.0.17.jar;C:\Users\match\.m2\repository\org\jetbrains\kotlin\kotlin-stdlib\1.8.10\kotlin-stdlib-1.8.10.jar;C:\Users\match\.m2\repository\org\jetbrains\kotlin\kotlin-stdlib-common\1.8.10\kotlin-stdlib-common-1.8.10.jar;C:\Users\match\.m2\repository\org\jetbrains\annotations\13.0\annotations-13.0.jar;C:\Users\match\.m2\repository\com\oracle\database\jdbc\ojdbc8\19.8.0.0\ojdbc8-19.8.0.0.jar
Launcher Type: SUN_STANDARD

[Global flags]
     intx CICompilerCount                          = 4                                         {product} {ergonomic}
     uint ConcGCThreads                            = 2                                         {product} {ergonomic}
     uint G1ConcRefinementThreads                  = 8                                         {product} {ergonomic}
   size_t G1HeapRegionSize                         = 1048576                                   {product} {ergonomic}
   size_t InitialHeapSize                          = 130023424                                 {product} {ergonomic}
   size_t MarkStackSize                            = 4194304                                   {product} {ergonomic}
   size_t MaxHeapSize                              = 2067791872                                {product} {ergonomic}
   size_t MaxNewSize                               = 1240465408                                {product} {ergonomic}
   size_t MinHeapDeltaBytes                        = 1048576                                   {product} {ergonomic}
   size_t MinHeapSize                              = 8388608                                   {product} {ergonomic}
    uintx NonNMethodCodeHeapSize                   = 5839372                                {pd product} {ergonomic}
    uintx NonProfiledCodeHeapSize                  = 122909434                              {pd product} {ergonomic}
    uintx ProfiledCodeHeapSize                     = 122909434                              {pd product} {ergonomic}
    uintx ReservedCodeCacheSize                    = 251658240                              {pd product} {ergonomic}
     bool SegmentedCodeCache                       = true                                      {product} {ergonomic}
   size_t SoftMaxHeapSize                          = 2067791872                             {manageable} {ergonomic}
     bool UseCompressedOops                        = true                           {product lp64_product} {ergonomic}
     bool UseG1GC                                  = true                                      {product} {ergonomic}
     bool UseLargePagesIndividualAllocation        = false                                  {pd product} {ergonomic}

Logging:
Log output configuration:
 #0: stdout all=warning uptime,level,tags foldmultilines=false
 #1: stderr all=off uptime,level,tags foldmultilines=false

Environment Variables:
JAVA_HOME=C:\Program Files\Java\jdk-22
PATH=C:\Program Files\Common Files\Oracle\Java\javapath;c:\Users\match\AppData\Local\Programs\cursor\resources\app\bin;C:\Program Files (x86)\Falcon\MinGW\bin;C:\Windows\system32;C:\Windows;C:\Windows\System32\Wbem;C:\Windows\System32\WindowsPowerShell\v1.0\;C:\Windows\System32\OpenSSH\;C:\WINDOWS\system32;C:\WINDOWS;C:\WINDOWS\System32\Wbem;C:\WINDOWS\System32\WindowsPowerShell\v1.0\;C:\WINDOWS\System32\OpenSSH\;C:\MinGW\bin;C:\Users\match\AppData\Local\Microsoft\WindowsApps;C:\Program Files (x86)\Nmap;C:\adb;C:\Users\match\AppData\Local\Programs\Python\Python37\;C:\Users\match\AppData\Local\Programs\Python\Python37\Scripts\;C:\Users\match\AppData\Local\Programs\Python\Python37\;C:\Users\match\AppData\Local\Microsoft\WindowsApps;C:\MinGW\bin;C:\Program;c:\Users\match\AppData\Local\Programs\cursor\resources\app\bin;C:\Program Files\Git\cmd;C:\Program Files\Maven\apache-maven-3.9.7\bin;C:\Program Files\Java\jdk-22\bin;C:\Program Files\Java\javafx-sdk-22.0.1\bin;C:\Users\match\AppData\Local\Programs\Python\Python37\Scripts\;C:\Users\match\AppData\Local\Programs\Python\Python37\;C:\Users\match\AppData\Local\Microsoft\WindowsApps;C:\MinGW\bin;C:\Program Files (x86)\Nmap;C:\Users\match\AppData\Local\spicetify;;C:\Program Files\JetBrains\IntelliJ IDEA 2024.1.2\bin;
USERNAME=match
OS=Windows_NT
PROCESSOR_IDENTIFIER=Intel64 Family 6 Model 140 Stepping 1, GenuineIntel
TMP=C:\Users\match\AppData\Local\Temp
TEMP=C:\Users\match\AppData\Local\Temp




Periodic native trim disabled

---------------  S Y S T E M  ---------------

OS:
 Windows 11 , 64 bit Build 22621 (10.0.22621.3672)
OS uptime: 0 days 7:10 hours

CPU: total 8 (initial active 8) (4 cores per cpu, 2 threads per core) family 6 model 140 stepping 1 microcode 0x86, cx8, cmov, fxsr, ht, mmx, 3dnowpref, sse, sse2, sse3, ssse3, sse4.1, sse4.2, popcnt, lzcnt, tsc, tscinvbit, avx, avx2, aes, erms, clmul, bmi1, bmi2, adx, avx512f, avx512dq, avx512cd, avx512bw, avx512vl, sha, fma, vzeroupper, avx512_vpopcntdq, avx512_vpclmulqdq, avx512_vaes, avx512_vnni, clflush, clflushopt, clwb, avx512_vbmi2, avx512_vbmi, rdtscp, rdpid, fsrm, gfni, avx512_bitalg, f16c, pku, cet_ibt, cet_ss, avx512_ifma
Processor Information for all 8 processors :
  Max Mhz: 2419, Current Mhz: 2419, Mhz Limit: 2419

Memory: 4k page, system-wide physical 7884M (198M free)
TotalPageFile size 16076M (AvailPageFile size 4M)
current process WorkingSet (physical memory assigned to process): 181M, peak: 181M
current process commit charge ("private bytes"): 317M, peak: 321M

vm_info: OpenJDK 64-Bit Server VM (22.0.1+8-16) for windows-amd64 JRE (22.0.1+8-16), built on 2024-03-12T10:33:16Z by "mach5one" with MS VC++ 17.6 (VS2022)

END.
